1 27 7965 12
2 27 2081 4
3 27 7983 9
4 27 23982 449
5 27 18517 72
6 27 2474 4
7 27 31863 7071
8 27 19105 124
9 27 8910 19
10 27 17748 92
11 27 7864 7
12 27 18699 409
13 27 27095 867
14 27 8499 8
15 27 28117 1250
16 27 13552 14
17 27 5319 6
18 27 13426 27
19 27 33484 2057
20 27 30770 3279
21 27 12859 13
22 27 26842 1186
23 27 12457 12
24 27 28536 941
25 27 27464 1577
26 27 24302 1495
27 27 1118 4
28 27 5611 6
29 27 1573 4
30 27 29915 2922
31 27 30535 1844
32 27 23687 395
33 27 39920 5877
34 27 23681 779
35 27 16294 70
36 27 12105 10
37 27 4792 5
38 27 34239 3328
39 27 5642 5
40 27 26947 3464
41 27 29200 2066
42 27 3340 5
43 27 28344 5987
44 27 35037 5721
45 27 25569 1648
46 27 5773 5
47 27 24288 527
48 27 3648 5
49 27 29646 2785
50 27 30483 1527
51 27 23751 1003
52 27 18757 77
53 27 8795 9
54 27 1924 4
55 27 32424 4364
56 27 19935 135
57 27 9245 10
58 27 23684 228
59 27 20927 614
60 27 8812 8
61 27 8073 7
62 27 24588 2179
63 27 32401 16439
64 27 37448 4652
65 27 35988 3410
66 27 12869 28
67 27 12078 11
68 27 3641 4
69 27 32851 1777
70 27 31266 1269
71 27 4088 5
72 27 25724 1145
73 27 16941 115
74 27 26344 904
75 27 25334 222
76 27 8642 5
77 27 30278 5260
78 27 14810 73
79 27 16543 57
80 27 11979 11
81 27 24596 2273
82 27 22487 1330
83 27 23288 722
84 27 1200 5
85 27 32171 6911
86 27 28603 1592
87 27 2361 6
88 27 27351 1996
89 27 34117 16299
90 27 8908 20
91 27 12074 17
92 27 35545 23857
93 27 31249 2179
94 27 34201 1928
95 27 11175 14
96 27 15152 154
97 27 26481 5662
98 27 23784 665
99 27 11169 12
100 27 1937 5
101 27 6969 6
102 27 4095 5
103 27 17858 101
104 27 27269 12448
105 27 27273 7874
106 27 30427 718
107 27 28020 1539
108 27 16578 81
109 27 4919 8
110 27 23110 404
111 27 21395 218
112 27 28784 1607
113 27 33221 853
114 27 16079 62
115 27 5706 7
116 27 26467 597
117 27 26499 1603
118 27 16354 46
119 27 31412 2025
120 27 23617 639
121 27 4546 5
122 27 3687 5
123 27 12251 22
124 27 10268 11
125 27 8191 6
126 27 28758 3338
127 27 34388 2295
128 27 28627 6676
129 27 28714 1571
130 27 14001 25
131 27 27514 978
132 27 18888 104
133 27 19637 168
134 27 9553 27
135 27 28858 3154
136 27 19327 558
137 27 17288 36
138 27 4272 5
139 27 3632 4
140 27 13902 31
141 27 7301 6
142 27 12100 19
143 27 7468 8
144 27 12484 11
145 27 23855 1184
146 27 15284 41
147 27 32109 4935
148 27 25508 714
149 27 30487 4588
150 27 3053 4
151 27 3450 6
152 27 30523 4150
153 27 2451 5
154 27 25209 1393
155 27 21166 350
156 27 0 4
157 27 14973 55
158 27 7480 7
159 27 7411 6
160 27 24586 4159
161 27 24649 1950
162 27 16334 57
163 27 31450 3248
164 27 36028 14779
165 27 23979 753
166 27 27570 1362
167 27 11531 14
168 27 20477 729
169 27 23632 417
170 27 21006 144
171 27 29845 4680
172 27 28908 2170
173 27 1531 6
174 27 8923 7
175 27 8533 7
176 27 29372 1384
177 27 32134 1462
178 27 22714 202
179 27 27035 1015
180 27 22108 192
181 27 3940 5
182 27 32017 3744
183 27 6130 5
184 27 36149 5066
185 27 22821 298
186 27 4374 5
187 27 36675 6252
188 27 29999 2814
189 27 10929 12
190 27 33977 2160
191 27 32883 12673
192 27 26202 370
193 27 5275 6
194 27 14513 35
195 27 19205 258
196 27 29392 3727
197 27 19328 62
198 27 5487 5
199 27 4500 4
200 27 18937 32
201 27 5564 5
202 27 14538 31
203 27 7186 5
204 27 28443 3728
205 27 20035 96
206 27 29433 7519
207 27 13256 34
208 27 21196 78
209 27 26214 870
210 27 25774 546
211 27 3168 5
212 27 7276 6
213 27 23800 675
214 27 11344 10
215 27 13930 20
216 27 31468 6787
217 27 15024 20
218 27 15051 66
219 27 30551 11150
220 27 31009 6076
221 27 17345 42
222 27 27705 1704
223 27 9982 29
224 27 7674 14
225 27 26062 2365
226 27 25334 787
227 27 16179 92
228 27 4101 6
229 27 21483 1434
230 27 20417 120
231 27 436 6
232 27 6571 7
233 27 8822 13
234 27 2930 6
235 27 2782 6
236 27 32260 7562
237 27 22248 1145
238 27 14544 70
239 27 28278 1250
240 27 2435 6
241 27 23831 277
242 27 20367 79
243 27 28492 1039
244 27 25794 1197
245 27 4424 5
246 27 27885 1791
247 27 31631 1703
248 27 20754 350
249 27 15629 44
250 27 4879 4
251 27 29827 2699
252 27 5077 5
253 27 33530 2518
254 27 36389 1583
255 27 26243 714
256 27 9954 10
257 27 14569 32
258 27 19159 151
259 27 4635 5
260 27 21660 263
261 27 11491 13
262 27 2942 6
263 27 30017 2160
264 27 15059 147
265 27 33757 743
266 27 33434 2496
267 27 27244 389
268 27 12584 80
269 27 18736 112
270 27 28926 1008
271 27 27096 992
272 27 22900 1115
273 27 21960 319
274 27 21047 1290
275 27 18586 106
276 27 4203 8
277 27 7643 6
278 27 30286 6505
279 27 30613 1376
280 27 6358 8
281 27 21021 75
282 27 0 4
283 27 6681 6
284 27 33741 9245
285 27 23828 3472
286 27 16773 175
287 27 34688 2751
288 27 23239 765
289 27 25420 660
290 27 14135 18
291 27 11060 9
292 27 33846 1524
293 27 31325 752
294 27 5865 7
295 27 15422 34
296 27 12654 31
297 27 7676 5
298 27 4854 5
299 27 19239 598
300 27 27744 1358
301 27 16370 200
302 27 26811 1165
303 27 16836 22
304 27 15656 172
305 27 28243 747
306 27 22553 1153
307 27 14656 13
308 27 17981 27
309 27 5562 5
310 27 15982 89
311 27 15578 73
312 27 21570 215
313 27 35888 5845
314 27 23488 2925
315 27 6669 5
316 27 5701 4
317 27 15198 79
318 27 24174 2431
319 27 26098 1657
320 27 2147 4
321 27 8169 6
322 27 31669 5858
323 27 38754 18639
324 27 13940 22
325 27 31087 1006
326 27 28029 4198
327 27 7296 10
328 27 29647 2449
329 27 4929 7
330 27 26547 1547
331 27 4701 5
332 27 10494 36
333 27 2250 6
334 27 3205 5
335 27 16576 87
336 27 5412 5
337 27 32734 3501
338 27 13094 13
339 27 13271 20
340 27 11644 27
341 27 16457 55
342 27 25012 591
343 27 26732 5732
344 27 8328 5
345 27 7969 8
346 27 41140 24027
347 27 13486 32
348 27 27411 519
349 27 21544 741
350 27 22103 852
351 27 32287 4799
352 27 5037 5
353 27 7787 6
354 27 34545 5655
355 27 13147 18
356 27 39872 16235
357 27 29533 1381
358 27 13623 20
359 27 3857 5
360 27 30848 3237
361 27 2413 5
362 27 21895 173
363 27 30946 2004
364 27 16381 64
365 27 31691 2665
366 27 17002 75
367 27 37840 4523
368 27 32593 1932
369 27 5430 6
370 27 3540 6
371 27 39137 22699
372 27 28097 4028
373 27 36080 15504
374 27 34714 4442
375 27 25556 2444
376 27 8850 5
377 27 15688 55
378 27 25382 1134
379 27 16827 98
380 27 8328 6
381 27 6997 5
382 27 29684 4438
383 27 35012 5324
384 27 22452 1113
385 27 14761 18
386 27 9054 6
387 27 17295 297
388 27 10301 11
389 27 4206 5
390 27 16942 63
391 27 29729 4952
392 27 1185 4
393 27 7230 8
394 27 35417 3967
395 27 27302 3798
396 27 30570 1708
397 27 23347 330
398 27 24193 314
399 27 22788 301
400 27 25760 337
401 27 30758 8000
402 27 16355 16
403 27 32256 6982
404 27 13057 33
405 27 18477 76
406 27 4678 4
407 27 10613 12
408 27 2453 4
409 27 14230 16
410 27 28658 1454
411 27 2485 4
412 27 39445 4508
413 27 4542 4
414 27 18552 45
415 27 35461 5265
416 27 14804 45
417 27 14351 44
418 27 23912 210
419 27 2393 4
420 27 25591 277
421 27 20102 239
422 27 20764 358
423 27 20770 186
424 27 25880 433
425 27 14751 19
426 27 2243 4
427 27 28568 1005
428 27 1880 4
429 27 37304 2371
430 27 14000 185
431 27 13893 24
432 27 20417 318
433 27 9880 6
434 27 16299 53
435 27 27872 4927
436 27 14313 23
437 27 18032 62
438 27 2055 7
439 27 17373 299
440 27 20543 181
441 27 3421 5
442 27 1413 4
443 27 18085 115
444 27 23000 459
445 27 33307 4198
446 27 11075 9
447 27 18287 79
448 27 12294 12
449 27 7455 7
450 27 6973 6
451 27 30063 1395
452 27 22937 153
453 27 27109 857
454 27 2293 4
455 27 17165 354
456 27 12844 35
457 27 5688 5
458 27 2785 5
459 27 1696 4
460 27 8095 5
461 27 17353 37
462 27 24627 1384
463 27 12399 18
464 27 14524 37
465 27 1460 4
466 27 17964 79
467 27 11908 31
468 27 33616 3386
469 27 8850 8
470 27 25742 714
471 27 11963 33
472 27 10570 7
473 27 2370 4
474 27 28479 5406
475 27 22654 241
476 27 20732 166
477 27 24338 478
478 27 13907 85
479 27 5407 4
480 27 34664 1067
481 27 5206 5
482 27 32554 3731
483 27 17887 283
484 27 31544 3199
485 27 2260 4
486 27 16919 247
487 27 19698 208
488 27 18569 55
489 27 9432 8
490 27 12302 11
491 27 37018 3319
492 27 16128 35
493 27 2325 4
494 27 14997 54
495 27 29885 546
496 27 16737 82
497 27 32083 2933
498 27 4733 6
499 27 5274 4
500 27 14466 38
