1 27 26663 710
2 27 36477 1007
3 27 20393 479
4 27 26081 457
5 27 18517 269
6 27 27706 480
7 27 31863 581
8 27 19105 301
9 27 33080 867
10 27 30885 683
11 27 15465 138
12 27 31677 501
13 27 27095 307
14 27 32012 463
15 27 28117 733
16 27 23400 406
17 27 33324 338
18 27 13426 78
19 27 33484 850
20 27 32922 872
21 27 23063 321
22 27 26842 675
23 27 12457 133
24 27 28536 538
25 27 27464 618
26 27 24302 707
27 27 17807 218
28 27 29720 1353
29 27 21077 188
30 27 29915 724
31 27 30535 690
32 27 23687 389
33 27 39920 788
34 27 24617 689
35 27 16294 329
36 27 28277 615
37 27 4792 8
38 27 34239 819
39 27 27497 726
40 27 32459 910
41 27 29200 829
42 27 12671 224
43 27 28344 997
44 27 35037 988
45 27 25569 470
46 27 8322 55
47 27 24288 396
48 27 22504 340
49 27 29646 507
50 27 30483 536
51 27 23751 677
52 27 26024 485
53 27 31600 1106
54 27 30037 864
55 27 32424 1002
56 27 19935 455
57 27 25367 740
58 27 23684 208
59 27 20927 506
60 27 12240 180
61 27 18779 400
62 27 24588 503
63 27 32401 1152
64 27 37448 1130
65 27 35988 827
66 27 32993 882
67 27 12078 79
68 27 26924 610
69 27 32851 1122
70 27 31266 760
71 27 21308 515
72 27 35668 982
73 27 26636 970
74 27 26344 523
75 27 25334 408
76 27 20768 332
77 27 30278 749
78 27 14810 319
79 27 31342 1015
80 27 29451 637
81 27 24596 595
82 27 32280 855
83 27 37404 1084
84 27 1200 2
85 27 32171 551
86 27 28603 985
87 27 2361 13
88 27 27351 374
89 27 34117 862
90 27 19653 413
91 27 12074 67
92 27 35545 1147
93 27 31249 1027
94 27 34201 1102
95 27 23045 397
96 27 34214 1007
97 27 26481 764
98 27 25631 486
99 27 11169 169
100 27 10490 164
101 27 8883 96
102 27 19530 399
103 27 30937 838
104 27 27269 832
105 27 27273 844
106 27 30427 759
107 27 28020 568
108 27 29683 641
109 27 28345 771
110 27 23110 656
111 27 22343 501
112 27 28784 575
113 27 33221 804
114 27 16329 194
115 27 5706 17
116 27 26467 489
117 27 26499 952
118 27 22835 738
119 27 31412 1394
120 27 23617 409
121 27 39212 984
122 27 3687 29
123 27 12251 117
124 27 33599 840
125 27 28399 635
126 27 28758 1055
127 27 34388 1263
128 27 28627 931
129 27 30524 1077
130 27 14001 245
131 27 27514 694
132 27 18888 219
133 27 27059 649
134 27 20901 729
135 27 28858 769
136 27 26737 756
137 27 17288 293
138 27 6618 24
139 27 6108 73
140 27 13902 263
141 27 24052 879
142 27 15259 255
143 27 25212 1005
144 27 13191 199
145 27 23855 435
146 27 23327 436
147 27 32109 1070
148 27 25508 491
149 27 30487 973
150 27 7691 69
151 27 3450 11
152 27 30523 628
153 27 23574 427
154 27 38577 1032
155 27 21166 568
156 27 0 1
157 27 14973 277
158 27 14459 107
159 27 35152 944
160 27 24586 1021
161 27 29796 919
162 27 31023 972
163 27 31450 668
164 27 36028 648
165 27 38078 665
166 27 27570 858
167 27 11531 49
168 27 20477 449
169 27 26998 451
170 27 21006 154
171 27 29845 743
172 27 28908 559
173 27 1531 1
174 27 17969 171
175 27 19549 346
176 27 29372 737
177 27 32134 779
178 27 22714 355
179 27 27035 523
180 27 22108 156
181 27 22597 465
182 27 32017 756
183 27 10804 59
184 27 36149 546
185 27 23348 254
186 27 15561 58
187 27 36675 354
188 27 29999 426
189 27 36134 597
190 27 33977 463
191 27 32883 312
192 27 26202 206
193 27 26080 213
194 27 14513 109
195 27 19205 107
196 27 34880 556
197 27 19328 108
198 27 12487 38
199 27 4500 6
200 27 20596 222
201 27 14198 168
202 27 14538 210
203 27 20364 227
204 27 28443 415
205 27 35985 504
206 27 37656 666
207 27 13256 126
208 27 21196 252
209 27 26214 414
210 27 25774 398
211 27 19879 226
212 27 32021 367
213 27 24658 475
214 27 27312 351
215 27 13930 81
216 27 31468 313
217 27 15024 74
218 27 15051 78
219 27 30551 458
220 27 32256 406
221 27 17345 121
222 27 33335 236
223 27 9982 65
224 27 23510 239
225 27 26062 200
226 27 25334 199
227 27 16179 104
228 27 22592 222
229 27 25972 282
230 27 20417 94
231 27 436 0
232 27 19679 75
233 27 8822 11
234 27 2930 6
235 27 4713 13
236 27 32260 362
237 27 37292 395
238 27 15648 81
239 27 28278 223
240 27 14838 97
241 27 23831 153
242 27 20367 82
243 27 28492 366
244 27 25794 375
245 27 8099 22
246 27 27885 245
247 27 31631 534
248 27 20754 245
249 27 21916 114
250 27 30381 256
251 27 29827 276
252 27 12041 60
253 27 33530 366
254 27 36389 422
255 27 26243 276
256 27 9954 21
257 27 29038 412
258 27 27341 352
259 27 13547 102
260 27 21660 214
261 27 11491 49
262 27 2942 5
263 27 30017 223
264 27 15059 106
265 27 33757 334
266 27 33434 410
267 27 27244 308
268 27 19787 271
269 27 18736 169
270 27 28926 300
271 27 27681 223
272 27 29064 333
273 27 25004 234
274 27 29146 442
275 27 33013 350
276 27 4203 10
277 27 19829 159
278 27 30286 358
279 27 30613 489
280 27 15763 98
281 27 21021 119
282 27 0 0
283 27 11526 75
284 27 33741 478
285 27 29882 445
286 27 16773 54
287 27 34688 467
288 27 23239 211
289 27 25951 240
290 27 14135 66
291 27 25948 227
292 27 33846 230
293 27 31325 303
294 27 5865 42
295 27 16966 196
296 27 33589 568
297 27 13309 75
298 27 9127 21
299 27 30803 270
300 27 29715 655
301 27 32726 925
302 27 30624 518
303 27 16836 102
304 27 31204 336
305 27 28243 224
306 27 25024 271
307 27 26631 187
308 27 17981 88
309 27 30115 466
310 27 15982 204
311 27 22032 201
312 27 21570 484
313 27 35888 591
314 27 23488 464
315 27 18612 164
316 27 28623 425
317 27 23503 300
318 27 29736 570
319 27 26098 266
320 27 4213 10
321 27 17080 187
322 27 31669 395
323 27 38754 596
324 27 23226 298
325 27 31087 349
326 27 35648 472
327 27 7296 35
328 27 29647 318
329 27 4929 6
330 27 28202 504
331 27 4701 14
332 27 12534 57
333 27 35564 367
334 27 19824 159
335 27 16576 83
336 27 17840 142
337 27 32734 460
338 27 18490 170
339 27 18250 59
340 27 11644 55
341 27 34898 423
342 27 26505 251
343 27 26732 400
344 27 20645 98
345 27 13288 38
346 27 41140 523
347 27 32283 374
348 27 27411 295
349 27 35992 611
350 27 24562 349
351 27 32287 452
352 27 28375 383
353 27 29606 429
354 27 34545 643
355 27 34806 614
356 27 40520 742
357 27 29533 334
358 27 13623 118
359 27 20697 409
360 27 31076 551
361 27 20193 255
362 27 21895 492
363 27 30946 503
364 27 19004 217
365 27 33745 486
366 27 18168 146
367 27 37840 521
368 27 32593 366
369 27 18306 140
370 27 3540 3
371 27 39137 517
372 27 34927 773
373 27 36080 924
374 27 34714 964
375 27 28515 805
376 27 16344 192
377 27 31710 908
378 27 33862 663
379 27 27682 1105
380 27 8328 73
381 27 9361 33
382 27 29684 1037
383 27 35012 1272
384 27 22452 527
385 27 14761 280
386 27 9054 68
387 27 27707 553
388 27 27329 791
389 27 19126 328
390 27 33674 1025
391 27 37762 1359
392 27 3206 12
393 27 26330 570
394 27 35417 943
395 27 27302 735
396 27 30570 715
397 27 34843 634
398 27 24193 420
399 27 26342 347
400 27 25760 733
401 27 34874 921
402 27 16355 194
403 27 32256 1158
404 27 16328 326
405 27 18477 232
406 27 15385 176
407 27 17162 202
408 27 10089 25
409 27 14468 222
410 27 28658 442
411 27 2840 6
412 27 39445 850
413 27 18455 214
414 27 31683 352
415 27 35461 853
416 27 17964 121
417 27 28467 295
418 27 23912 336
419 27 2800 4
420 27 25591 235
421 27 24224 322
422 27 20764 184
423 27 20770 275
424 27 26446 213
425 27 14751 124
426 27 12621 70
427 27 28568 406
428 27 4534 30
429 27 37304 575
430 27 27377 626
431 27 25070 336
432 27 30508 623
433 27 13563 140
434 27 16299 148
435 27 27872 511
436 27 22813 271
437 27 33653 883
438 27 2055 11
439 27 25081 550
440 27 29727 986
441 27 17488 234
442 27 31790 810
443 27 18085 268
444 27 23000 257
445 27 33307 619
446 27 16647 249
447 27 18287 314
448 27 34176 926
449 27 21033 344
450 27 12044 162
451 27 30063 1061
452 27 22937 283
453 27 27109 610
454 27 9848 39
455 27 27421 498
456 27 12844 126
457 27 28789 392
458 27 23862 441
459 27 10888 64
460 27 15788 172
461 27 17353 205
462 27 38298 573
463 27 15233 132
464 27 14524 115
465 27 29907 678
466 27 29729 454
467 27 30871 866
468 27 33616 635
469 27 8850 45
470 27 25742 271
471 27 11963 69
472 27 13575 38
473 27 27064 494
474 27 28479 490
475 27 26378 283
476 27 20732 185
477 27 32069 679
478 27 26352 452
479 27 8132 36
480 27 34664 969
481 27 21184 383
482 27 32554 1165
483 27 24603 593
484 27 31544 831
485 27 34470 1175
486 27 23851 365
487 27 22866 482
488 27 18569 241
489 27 13246 161
490 27 15869 210
491 27 37018 1288
492 27 16128 104
493 27 31090 904
494 27 34652 892
495 27 29885 590
496 27 16737 299
497 27 32390 876
498 27 22669 327
499 27 15839 162
500 27 14466 155
