1 27 9908 76898
2 27 2444 0
3 27 9157 14538
4 27 25791 833576
5 27 18517 46839
6 27 4532 51
7 27 31863 1537110
8 27 19105 120406
9 27 9478 18186
10 27 18357 754622
11 27 9069 1212
12 27 21009 1350581
13 27 27095 662381
14 27 9985 26306
15 27 28117 1534497
16 27 13806 298827
17 27 6473 516
18 27 13426 361
19 27 33484 1545532
20 27 32527 1552835
21 27 14703 75025
22 27 26842 1164949
23 27 12457 276
24 27 28536 810536
25 27 27464 986021
26 27 24302 1092902
27 27 3458 3
28 27 7575 9302
29 27 3558 10
30 27 29915 1516753
31 27 30535 1470267
32 27 23687 175156
33 27 39920 1537956
34 27 24617 1374670
35 27 16294 45505
36 27 13726 340649
37 27 4792 1
38 27 34239 1526632
39 27 7210 1088
40 27 28474 1541560
41 27 29200 1491878
42 27 4691 280
43 27 28344 1541980
44 27 35037 1610504
45 27 25569 1159347
46 27 7214 89
47 27 24288 630206
48 27 3673 15
49 27 29646 1541165
50 27 30483 635599
51 27 23751 848610
52 27 19748 256930
53 27 10569 52221
54 27 4184 23
55 27 32424 1548837
56 27 19935 121229
57 27 11075 22980
58 27 23684 24680
59 27 20927 627371
60 27 10537 2550
61 27 9476 11374
62 27 24588 1268329
63 27 32401 1547294
64 27 37448 1552425
65 27 35988 1442554
66 27 13131 158399
67 27 12078 121
68 27 5522 134
69 27 32851 1546438
70 27 31266 1281308
71 27 5283 387
72 27 27675 1516764
73 27 17864 1390584
74 27 26344 581102
75 27 25334 295710
76 27 9139 9744
77 27 30278 1549711
78 27 14810 30948
79 27 17088 823426
80 27 14064 403732
81 27 24596 1057111
82 27 24104 1465354
83 27 24381 1482512
84 27 1200 0
85 27 32171 1534325
86 27 28603 1545796
87 27 2361 3
88 27 27351 510315
89 27 34117 1540393
90 27 10663 42808
91 27 12074 43
92 27 35545 1631090
93 27 31249 1536349
94 27 34201 1543041
95 27 11542 62318
96 27 17094 606317
97 27 26481 1492673
98 27 23904 333741
99 27 11169 652
100 27 3872 42
101 27 7910 75
102 27 5248 161
103 27 18906 1073519
104 27 27269 1516633
105 27 27273 1542606
106 27 30427 1387392
107 27 28020 743735
108 27 17026 465122
109 27 7333 3062
110 27 23110 1286780
111 27 21898 285755
112 27 28784 868459
113 27 33221 1407032
114 27 16129 5815
115 27 5706 2
116 27 26467 642494
117 27 26499 1544208
118 27 16391 1268424
119 27 31412 1545711
120 27 23617 420624
121 27 5842 94
122 27 3687 7
123 27 12251 1621
124 27 12692 80785
125 27 10293 10086
126 27 28758 1545675
127 27 34388 1566902
128 27 28627 1544815
129 27 30524 1544545
130 27 14001 7738
131 27 27514 1157922
132 27 18888 8246
133 27 20457 1294984
134 27 10100 251218
135 27 28858 1560789
136 27 20950 1397300
137 27 17288 23455
138 27 5564 16
139 27 4343 7
140 27 13902 5685
141 27 7448 10557
142 27 12130 9509
143 27 9005 113270
144 27 13191 1001
145 27 23855 527218
146 27 16459 239047
147 27 32109 1547586
148 27 25508 191919
149 27 30487 1545254
150 27 3684 7
151 27 3450 1
152 27 30523 1203857
153 27 4670 53
154 27 27217 1499490
155 27 21166 666160
156 27 0 0
157 27 14973 10539
158 27 8761 331
159 27 9476 6184
160 27 24586 1536771
161 27 25412 1575829
162 27 18423 1338072
163 27 31450 1475008
164 27 36028 1534939
165 27 26265 1437057
166 27 27570 1586802
167 27 11531 64
168 27 20477 879654
169 27 25524 959211
170 27 21006 78311
171 27 29845 1579346
172 27 28908 1206882
173 27 1531 0
174 27 9831 4836
175 27 10281 15413
176 27 29372 1480753
177 27 32134 1533809
178 27 22714 319422
179 27 27035 1311061
180 27 22108 50374
181 27 4996 1063
182 27 32017 1540374
183 27 7348 35
184 27 36149 1560442
185 27 23348 203614
186 27 5518 87
187 27 36675 1544286
188 27 29999 1539886
189 27 12224 63267
190 27 33977 1531570
191 27 32883 1465796
192 27 26202 838892
193 27 7396 3101
194 27 14513 5355
195 27 19205 44470
196 27 30772 1702285
197 27 19328 16545
198 27 7034 40
199 27 4500 1
200 27 19359 151270
201 27 6783 721
202 27 14538 13911
203 27 8963 4566
204 27 28443 1218643
205 27 21700 960003
206 27 31155 1540449
207 27 13256 3988
208 27 21196 86663
209 27 26214 1097450
210 27 25774 1003297
211 27 4808 109
212 27 8802 5928
213 27 24658 1508570
214 27 12635 177285
215 27 13930 3489
216 27 31468 1318535
217 27 15024 2337
218 27 15051 5828
219 27 30551 1391221
220 27 32256 1386171
221 27 17345 8767
222 27 28994 995226
223 27 9982 331
224 27 8659 5186
225 27 26062 637341
226 27 25334 439321
227 27 16179 9121
228 27 5291 194
229 27 22078 1098779
230 27 20417 23491
231 27 436 0
232 27 7368 457
233 27 8822 10
234 27 2930 1
235 27 3905 3
236 27 32260 1416744
237 27 23197 1225984
238 27 14702 8190
239 27 28278 695423
240 27 3713 19
241 27 23831 176332
242 27 20367 6022
243 27 28492 1406363
244 27 25794 1258888
245 27 6206 17
246 27 27885 925835
247 27 31631 1423523
248 27 20754 713470
249 27 16646 19519
250 27 5855 256
251 27 29827 1167890
252 27 6486 247
253 27 33530 1360592
254 27 36389 1418674
255 27 26243 809572
256 27 9954 17
257 27 16452 947720
258 27 20968 951682
259 27 5392 227
260 27 21660 423460
261 27 11491 404
262 27 2942 1
263 27 30017 1063481
264 27 15059 19916
265 27 33757 1410796
266 27 33434 1420798
267 27 27244 1067585
268 27 14433 608902
269 27 18736 118084
270 27 28926 1100521
271 27 27681 342408
272 27 23617 1379541
273 27 23755 572766
274 27 21780 1416512
275 27 20966 1100808
276 27 4203 3
277 27 8964 9397
278 27 30286 1367129
279 27 30613 1419356
280 27 8580 3408
281 27 21021 21064
282 27 0 0
283 27 7956 577
284 27 33741 1447859
285 27 25740 1426911
286 27 16773 4991
287 27 34688 1411487
288 27 23239 359692
289 27 25951 628320
290 27 14135 714
291 27 12043 48320
292 27 33846 1165157
293 27 31325 1034861
294 27 5865 37
295 27 16715 56354
296 27 14854 314181
297 27 8651 553
298 27 6313 19
299 27 20905 694953
300 27 28762 1414778
301 27 16675 645041
302 27 28538 1416269
303 27 16836 2657
304 27 15959 321976
305 27 28243 629334
306 27 22754 657981
307 27 15508 91077
308 27 17981 4377
309 27 6923 1608
310 27 15982 35648
311 27 16153 327778
312 27 21570 751366
313 27 35888 1525720
314 27 23488 1448483
315 27 8347 3957
316 27 7061 777
317 27 16187 652573
318 27 25129 1411941
319 27 26098 908660
320 27 2747 1
321 27 8711 4138
322 27 31669 1341648
323 27 38754 1410302
324 27 15459 372631
325 27 31087 1088356
326 27 29445 1446275
327 27 7296 34
328 27 29647 1075899
329 27 4929 1
330 27 27868 1413036
331 27 4701 6
332 27 10432 1099
333 27 2854 2
334 27 5076 71
335 27 16576 4247
336 27 6042 672
337 27 32734 1426393
338 27 14605 16186
339 27 15293 2078
340 27 11644 290
341 27 17817 696065
342 27 25761 722724
343 27 26732 1440591
344 27 8819 5668
345 27 9938 201
346 27 41140 1429556
347 27 15581 570978
348 27 27411 689507
349 27 23179 1184181
350 27 23704 1332624
351 27 32287 1414730
352 27 6830 1337
353 27 9752 32161
354 27 34545 1482048
355 27 14042 165428
356 27 40520 1422157
357 27 29533 940057
358 27 13623 699
359 27 5168 470
360 27 30967 1355139
361 27 4486 51
362 27 21895 325924
363 27 30946 1440660
364 27 17647 107322
365 27 33496 1420720
366 27 17809 24898
367 27 37840 1426602
368 27 32593 912710
369 27 6745 1622
370 27 3540 1
371 27 39137 1512221
372 27 30308 1432104
373 27 36080 1393208
374 27 34714 1433857
375 27 27380 1413533
376 27 10755 2530
377 27 17048 738754
378 27 27093 1281251
379 27 18710 1343593
380 27 7586 67
381 27 6075 10
382 27 29684 1421002
383 27 35012 1414108
384 27 22452 887004
385 27 14761 2341
386 27 9054 26
387 27 19634 946057
388 27 11785 130413
389 27 4801 225
390 27 17264 749740
391 27 31051 1533256
392 27 2021 2
393 27 8688 39796
394 27 35417 1419546
395 27 27302 1519798
396 27 30570 1396380
397 27 25018 1258950
398 27 24193 413428
399 27 24637 346617
400 27 25760 1352863
401 27 32116 1410271
402 27 16355 2357
403 27 32256 1425855
404 27 14055 18111
405 27 18477 15267
406 27 5167 108
407 27 11758 12041
408 27 4823 5
409 27 14468 31836
410 27 28658 1053805
411 27 2485 0
412 27 39445 1410943
413 27 6474 663
414 27 19092 408924
415 27 35461 1403057
416 27 16291 7587
417 27 15448 133245
418 27 23912 444931
419 27 2393 0
420 27 25591 245805
421 27 20942 371283
422 27 20764 114395
423 27 20770 255866
424 27 25826 201983
425 27 14751 1190
426 27 3503 18
427 27 28568 1260094
428 27 2445 0
429 27 37304 1452002
430 27 15672 959921
431 27 15792 313839
432 27 22440 1163657
433 27 11586 426
434 27 16299 1947
435 27 27872 1428150
436 27 15407 94887
437 27 19586 1043757
438 27 2055 0
439 27 19247 861270
440 27 21269 1342795
441 27 5767 817
442 27 2495 1
443 27 18085 78642
444 27 23000 117356
445 27 33307 1426010
446 27 12980 9208
447 27 18287 55541
448 27 14022 136321
449 27 8348 3517
450 27 9257 786
451 27 30063 1433191
452 27 22937 141988
453 27 27109 1287218
454 27 2722 2
455 27 18121 1305924
456 27 12844 6847
457 27 7735 2620
458 27 4927 1365
459 27 3081 2
460 27 10449 7617
461 27 17353 38660
462 27 25962 1373063
463 27 13855 7561
464 27 14524 2295
465 27 3229 6
466 27 18849 706123
467 27 14038 385929
468 27 33616 1416336
469 27 8850 36
470 27 25742 802034
471 27 11963 861
472 27 10715 134
473 27 2529 2
474 27 28479 1461738
475 27 24678 485880
476 27 20732 67816
477 27 26644 1428978
478 27 15744 800506
479 27 5576 16
480 27 34664 1431896
481 27 6627 2036
482 27 32554 1434439
483 27 19712 1269737
484 27 31544 1434217
485 27 2906 2
486 27 18096 294704
487 27 21689 340296
488 27 18569 10749
489 27 10738 1020
490 27 12652 2333
491 27 37018 1403200
492 27 16128 387
493 27 2325 0
494 27 16805 397235
495 27 29885 1097280
496 27 16737 29346
497 27 32143 1409354
498 27 5587 234
499 27 7054 298
500 27 14466 3189
