1 27 7965 14
2 27 2081 4
3 27 7983 8
4 27 23982 396
5 27 18517 54
6 27 2474 4
7 27 31863 5807
8 27 19105 107
9 27 8910 17
10 27 17748 80
11 27 7864 6
12 27 18699 291
13 27 27095 736
14 27 8499 6
15 27 28117 946
16 27 13552 12
17 27 5319 5
18 27 13426 24
19 27 33484 1572
20 27 30770 2659
21 27 12859 11
22 27 26842 962
23 27 12457 14
24 27 28536 817
25 27 27464 1234
26 27 24302 1120
27 27 1118 3
28 27 5611 5
29 27 1573 3
30 27 29915 2426
31 27 30535 1602
32 27 23687 333
33 27 39920 4479
34 27 23681 627
35 27 16294 59
36 27 12105 9
37 27 4792 5
38 27 34239 2781
39 27 5642 4
40 27 26947 2788
41 27 29200 1863
42 27 3340 5
43 27 28344 6031
44 27 35037 4293
45 27 25569 1296
46 27 5773 4
47 27 24288 387
48 27 3648 3
49 27 29646 2593
50 27 30483 1455
51 27 23751 1770
52 27 18757 120
53 27 8795 14
54 27 1924 8
55 27 32424 8066
56 27 19935 198
57 27 9245 13
58 27 23684 317
59 27 20927 728
60 27 8812 10
61 27 8073 7
62 27 24588 2419
63 27 32401 14716
64 27 37448 3546
65 27 35988 2530
66 27 12869 21
67 27 12078 10
68 27 3641 3
69 27 32851 1322
70 27 31266 941
71 27 4088 3
72 27 25724 906
73 27 16941 94
74 27 26344 631
75 27 25334 186
76 27 8642 4
77 27 30278 4138
78 27 14810 68
79 27 16543 53
80 27 11979 10
81 27 24596 2206
82 27 22487 1281
83 27 23288 666
84 27 1200 5
85 27 32171 5708
86 27 28603 1371
87 27 2361 4
88 27 27351 1501
89 27 34117 9115
90 27 8908 10
91 27 12074 9
92 27 35545 6361
93 27 31249 1317
94 27 34201 923
95 27 11175 8
96 27 15152 73
97 27 26481 2722
98 27 23784 326
99 27 11169 8
100 27 1937 3
101 27 6969 5
102 27 4095 4
103 27 17858 85
104 27 27269 8259
105 27 27273 4366
106 27 30427 562
107 27 28020 1299
108 27 16578 69
109 27 4919 6
110 27 23110 318
111 27 21395 193
112 27 28784 1222
113 27 33221 661
114 27 16079 53
115 27 5706 5
116 27 26467 481
117 27 26499 1318
118 27 16354 43
119 27 31412 1755
120 27 23617 543
121 27 4546 5
122 27 3687 5
123 27 12251 20
124 27 10268 10
125 27 8191 5
126 27 28758 3206
127 27 34388 1801
128 27 28627 5469
129 27 28714 1192
130 27 14001 20
131 27 27514 853
132 27 18888 83
133 27 19637 127
134 27 9553 23
135 27 28858 2450
136 27 19327 475
137 27 17288 27
138 27 4272 4
139 27 3632 3
140 27 13902 27
141 27 7301 4
142 27 12100 14
143 27 7468 6
144 27 12484 9
145 27 23855 955
146 27 15284 30
147 27 32109 5165
148 27 25508 881
149 27 30487 5113
150 27 3053 6
151 27 3450 5
152 27 30523 3224
153 27 2451 4
154 27 25209 1054
155 27 21166 306
156 27 0 3
157 27 14973 40
158 27 7480 5
159 27 7411 4
160 27 24586 3467
161 27 24649 1520
162 27 16334 42
163 27 31450 2491
164 27 36028 11231
165 27 23979 559
166 27 27570 1075
167 27 11531 10
168 27 20477 447
169 27 23632 355
170 27 21006 108
171 27 29845 3781
172 27 28908 1882
173 27 1531 6
174 27 8923 6
175 27 8533 7
176 27 29372 1360
177 27 32134 1333
178 27 22714 174
179 27 27035 1147
180 27 22108 221
181 27 3940 5
182 27 32017 4132
183 27 6130 6
184 27 36149 3975
185 27 22821 227
186 27 4374 3
187 27 36675 5193
188 27 29999 2416
189 27 10929 13
190 27 33977 2553
191 27 32883 11657
192 27 26202 318
193 27 5275 5
194 27 14513 27
195 27 19205 196
196 27 29392 2935
197 27 19328 46
198 27 5487 4
199 27 4500 4
200 27 18937 27
201 27 5564 4
202 27 14538 25
203 27 7186 4
204 27 28443 3029
205 27 20035 81
206 27 29433 5909
207 27 13256 38
208 27 21196 66
209 27 26214 665
210 27 25774 419
211 27 3168 4
212 27 7276 5
213 27 23800 495
214 27 11344 9
215 27 13930 16
216 27 31468 5241
217 27 15024 17
218 27 15051 60
219 27 30551 9823
220 27 31009 5120
221 27 17345 36
222 27 27705 1500
223 27 9982 17
224 27 7674 9
225 27 26062 1420
226 27 25334 451
227 27 16179 52
228 27 4101 4
229 27 21483 838
230 27 20417 74
231 27 436 3
232 27 6571 4
233 27 8822 7
234 27 2930 4
235 27 2782 4
236 27 32260 4315
237 27 22248 620
238 27 14544 38
239 27 28278 681
240 27 2435 3
241 27 23831 163
242 27 20367 38
243 27 28492 564
244 27 25794 1010
245 27 4424 4
246 27 27885 1249
247 27 31631 1302
248 27 20754 254
249 27 15629 37
250 27 4879 4
251 27 29827 2326
252 27 5077 5
253 27 33530 1871
254 27 36389 1228
255 27 26243 581
256 27 9954 10
257 27 14569 29
258 27 19159 160
259 27 4635 5
260 27 21660 282
261 27 11491 14
262 27 2942 6
263 27 30017 2446
264 27 15059 151
265 27 33757 792
266 27 33434 2609
267 27 27244 440
268 27 12584 100
269 27 18736 143
270 27 28926 1321
271 27 27096 1098
272 27 22900 1125
273 27 21960 327
274 27 21047 1239
275 27 18586 89
276 27 4203 6
277 27 7643 5
278 27 30286 3661
279 27 30613 963
280 27 6358 4
281 27 21021 44
282 27 0 4
283 27 6681 5
284 27 33741 4486
285 27 23828 2569
286 27 16773 161
287 27 34688 2313
288 27 23239 581
289 27 25420 566
290 27 14135 16
291 27 11060 8
292 27 33846 1320
293 27 31325 699
294 27 5865 7
295 27 15422 31
296 27 12654 31
297 27 7676 5
298 27 4854 4
299 27 19239 604
300 27 27744 1398
301 27 16370 203
302 27 26811 1195
303 27 16836 23
304 27 15656 199
305 27 28243 837
306 27 22553 1640
307 27 14656 22
308 27 17981 45
309 27 5562 9
310 27 15982 144
311 27 15578 123
312 27 21570 399
313 27 35888 8573
314 27 23488 2639
315 27 6669 5
316 27 5701 4
317 27 15198 69
318 27 24174 2523
319 27 26098 1621
320 27 2147 5
321 27 8169 7
322 27 31669 7817
323 27 38754 18387
324 27 13940 18
325 27 31087 767
326 27 28029 3253
327 27 7296 9
328 27 29647 1939
329 27 4929 5
330 27 26547 1136
331 27 4701 4
332 27 10494 28
333 27 2250 4
334 27 3205 4
335 27 16576 77
336 27 5412 4
337 27 32734 2882
338 27 13094 11
339 27 13271 17
340 27 11644 26
341 27 16457 46
342 27 25012 475
343 27 26732 5273
344 27 8328 6
345 27 7969 7
346 27 41140 18782
347 27 13486 27
348 27 27411 419
349 27 21544 568
350 27 22103 657
351 27 32287 3766
352 27 5037 5
353 27 7787 5
354 27 34545 4389
355 27 13147 17
356 27 39872 12631
357 27 29533 1153
358 27 13623 15
359 27 3857 3
360 27 30848 2560
361 27 2413 4
362 27 21895 152
363 27 30946 1498
364 27 16381 54
365 27 31691 2021
366 27 17002 63
367 27 37840 3491
368 27 32593 1433
369 27 5430 5
370 27 3540 5
371 27 39137 17779
372 27 28097 3235
373 27 36080 11636
374 27 34714 3499
375 27 25556 1813
376 27 8850 5
377 27 15688 40
378 27 25382 871
379 27 16827 72
380 27 8328 5
381 27 6997 4
382 27 29684 3352
383 27 35012 4281
384 27 22452 893
385 27 14761 16
386 27 9054 4
387 27 17295 253
388 27 10301 8
389 27 4206 3
390 27 16942 52
391 27 29729 4049
392 27 1185 4
393 27 7230 6
394 27 35417 4569
395 27 27302 5142
396 27 30570 1938
397 27 23347 492
398 27 24193 463
399 27 22788 416
400 27 25760 466
401 27 30758 10022
402 27 16355 15
403 27 32256 8720
404 27 13057 45
405 27 18477 107
406 27 4678 8
407 27 10613 21
408 27 2453 7
409 27 14230 27
410 27 28658 2257
411 27 2485 7
412 27 39445 7397
413 27 4542 4
414 27 18552 44
415 27 35461 5118
416 27 14804 37
417 27 14351 32
418 27 23912 154
419 27 2393 4
420 27 25591 236
421 27 20102 211
422 27 20764 280
423 27 20770 165
424 27 25880 366
425 27 14751 14
426 27 2243 4
427 27 28568 844
428 27 1880 3
429 27 37304 1745
430 27 14000 177
431 27 13893 21
432 27 20417 280
433 27 9880 5
434 27 16299 45
435 27 27872 4108
436 27 14313 24
437 27 18032 70
438 27 2055 7
439 27 17373 334
440 27 20543 204
441 27 3421 5
442 27 1413 5
443 27 18085 132
444 27 23000 539
445 27 33307 4498
446 27 11075 10
447 27 18287 67
448 27 12294 9
449 27 7455 5
450 27 6973 5
451 27 30063 1251
452 27 22937 122
453 27 27109 735
454 27 2293 4
455 27 17165 282
456 27 12844 27
457 27 5688 4
458 27 2785 4
459 27 1696 4
460 27 8095 4
461 27 17353 32
462 27 24627 1203
463 27 12399 16
464 27 14524 39
465 27 1460 5
466 27 17964 82
467 27 11908 30
468 27 33616 3223
469 27 8850 7
470 27 25742 657
471 27 11963 31
472 27 10570 6
473 27 2370 4
474 27 28479 4563
475 27 22654 225
476 27 20732 167
477 27 24338 447
478 27 13907 78
479 27 5407 3
480 27 34664 876
481 27 5206 5
482 27 32554 3909
483 27 17887 387
484 27 31544 4699
485 27 2260 7
486 27 16919 391
487 27 19698 333
488 27 18569 88
489 27 9432 12
490 27 12302 17
491 27 37018 4302
492 27 16128 40
493 27 2325 4
494 27 14997 47
495 27 29885 465
496 27 16737 78
497 27 32083 2846
498 27 4733 6
499 27 5274 5
500 27 14466 47
