ID: 1   ANSWER: 26663   GOT: 7965
ID: 2   ANSWER: 36477   GOT: 2081
ID: 3   ANSWER: 20393   GOT: 7983
ID: 4   ANSWER: 26081   GOT: 23982
ID: 6   ANSWER: 27706   GOT: 2474
ID: 9   ANSWER: 33080   GOT: 8910
ID: 10   ANSWER: 30885   GOT: 17748
ID: 11   ANSWER: 15465   GOT: 7864
ID: 12   ANSWER: 31677   GOT: 18699
ID: 14   ANSWER: 32012   GOT: 8499
ID: 16   ANSWER: 23400   GOT: 13552
ID: 17   ANSWER: 33324   GOT: 5319
ID: 20   ANSWER: 32922   GOT: 30770
ID: 21   ANSWER: 23063   GOT: 12859
ID: 27   ANSWER: 17807   GOT: 1118
ID: 28   ANSWER: 29720   GOT: 5611
ID: 29   ANSWER: 21077   GOT: 1573
ID: 34   ANSWER: 24617   GOT: 23681
ID: 36   ANSWER: 28277   GOT: 12105
ID: 39   ANSWER: 27497   GOT: 5642
ID: 40   ANSWER: 32459   GOT: 26947
ID: 42   ANSWER: 12671   GOT: 3340
ID: 46   ANSWER: 8322   GOT: 5773
ID: 48   ANSWER: 22504   GOT: 3648
ID: 52   ANSWER: 26024   GOT: 18757
ID: 53   ANSWER: 31600   GOT: 8795
ID: 54   ANSWER: 30037   GOT: 1924
ID: 57   ANSWER: 25367   GOT: 9245
ID: 60   ANSWER: 12240   GOT: 8812
ID: 61   ANSWER: 18779   GOT: 8073
ID: 66   ANSWER: 32993   GOT: 12869
ID: 68   ANSWER: 26924   GOT: 3641
ID: 71   ANSWER: 21308   GOT: 4088
ID: 72   ANSWER: 35668   GOT: 25724
ID: 73   ANSWER: 26636   GOT: 16941
ID: 76   ANSWER: 20768   GOT: 8642
ID: 79   ANSWER: 31342   GOT: 16543
ID: 80   ANSWER: 29451   GOT: 11979
ID: 82   ANSWER: 32280   GOT: 22487
ID: 83   ANSWER: 37404   GOT: 23288
ID: 90   ANSWER: 19653   GOT: 8908
ID: 95   ANSWER: 23045   GOT: 11175
ID: 96   ANSWER: 34214   GOT: 15152
ID: 98   ANSWER: 25631   GOT: 23784
ID: 100   ANSWER: 10490   GOT: 1937
ID: 101   ANSWER: 8883   GOT: 6969
ID: 102   ANSWER: 19530   GOT: 4095
ID: 103   ANSWER: 30937   GOT: 17858
ID: 108   ANSWER: 29683   GOT: 16578
ID: 109   ANSWER: 28345   GOT: 4919
ID: 111   ANSWER: 22343   GOT: 21395
ID: 114   ANSWER: 16329   GOT: 16079
ID: 118   ANSWER: 22835   GOT: 16354
ID: 121   ANSWER: 39212   GOT: 4546
ID: 124   ANSWER: 33599   GOT: 10268
ID: 125   ANSWER: 28399   GOT: 8191
ID: 129   ANSWER: 30524   GOT: 28714
ID: 133   ANSWER: 27059   GOT: 19637
ID: 134   ANSWER: 20901   GOT: 9553
ID: 136   ANSWER: 26737   GOT: 19327
ID: 138   ANSWER: 6618   GOT: 4272
ID: 139   ANSWER: 6108   GOT: 3632
ID: 141   ANSWER: 24052   GOT: 7301
ID: 142   ANSWER: 15259   GOT: 12100
ID: 143   ANSWER: 25212   GOT: 7468
ID: 144   ANSWER: 13191   GOT: 12484
ID: 146   ANSWER: 23327   GOT: 15284
ID: 150   ANSWER: 7691   GOT: 3053
ID: 153   ANSWER: 23574   GOT: 2451
ID: 154   ANSWER: 38577   GOT: 25209
ID: 158   ANSWER: 14459   GOT: 7480
ID: 159   ANSWER: 35152   GOT: 7411
ID: 161   ANSWER: 29796   GOT: 24649
ID: 162   ANSWER: 31023   GOT: 16334
ID: 165   ANSWER: 38078   GOT: 23979
ID: 169   ANSWER: 26998   GOT: 23632
ID: 174   ANSWER: 17969   GOT: 8923
ID: 175   ANSWER: 19549   GOT: 8533
ID: 181   ANSWER: 22597   GOT: 3940
ID: 183   ANSWER: 10804   GOT: 6130
ID: 185   ANSWER: 23348   GOT: 22821
ID: 186   ANSWER: 15561   GOT: 4374
ID: 189   ANSWER: 36134   GOT: 10929
ID: 193   ANSWER: 26080   GOT: 5275
ID: 196   ANSWER: 34880   GOT: 29392
ID: 198   ANSWER: 12487   GOT: 5487
ID: 200   ANSWER: 20596   GOT: 18937
ID: 201   ANSWER: 14198   GOT: 5564
ID: 203   ANSWER: 20364   GOT: 7186
ID: 205   ANSWER: 35985   GOT: 20035
ID: 206   ANSWER: 37656   GOT: 29433
ID: 211   ANSWER: 19879   GOT: 3168
ID: 212   ANSWER: 32021   GOT: 7276
ID: 213   ANSWER: 24658   GOT: 23800
ID: 214   ANSWER: 27312   GOT: 11344
ID: 220   ANSWER: 32256   GOT: 31009
ID: 222   ANSWER: 33335   GOT: 27705
ID: 224   ANSWER: 23510   GOT: 7674
ID: 228   ANSWER: 22592   GOT: 4101
ID: 229   ANSWER: 25972   GOT: 21483
ID: 232   ANSWER: 19679   GOT: 6571
ID: 235   ANSWER: 4713   GOT: 2782
ID: 237   ANSWER: 37292   GOT: 22248
ID: 238   ANSWER: 15648   GOT: 14544
ID: 240   ANSWER: 14838   GOT: 2435
ID: 245   ANSWER: 8099   GOT: 4424
ID: 249   ANSWER: 21916   GOT: 15629
ID: 250   ANSWER: 30381   GOT: 4879
ID: 252   ANSWER: 12041   GOT: 5077
ID: 257   ANSWER: 29038   GOT: 14569
ID: 258   ANSWER: 27341   GOT: 19159
ID: 259   ANSWER: 13547   GOT: 4635
ID: 268   ANSWER: 19787   GOT: 12584
ID: 271   ANSWER: 27681   GOT: 27096
ID: 272   ANSWER: 29064   GOT: 22900
ID: 273   ANSWER: 25004   GOT: 21960
ID: 274   ANSWER: 29146   GOT: 21047
ID: 275   ANSWER: 33013   GOT: 18586
ID: 277   ANSWER: 19829   GOT: 7643
ID: 280   ANSWER: 15763   GOT: 6358
ID: 283   ANSWER: 11526   GOT: 6681
ID: 285   ANSWER: 29882   GOT: 23828
ID: 289   ANSWER: 25951   GOT: 25420
ID: 291   ANSWER: 25948   GOT: 11060
ID: 295   ANSWER: 16966   GOT: 15422
ID: 296   ANSWER: 33589   GOT: 12654
ID: 297   ANSWER: 13309   GOT: 7676
ID: 298   ANSWER: 9127   GOT: 4854
ID: 299   ANSWER: 30803   GOT: 19239
ID: 300   ANSWER: 29715   GOT: 27744
ID: 301   ANSWER: 32726   GOT: 16370
ID: 302   ANSWER: 30624   GOT: 26811
ID: 304   ANSWER: 31204   GOT: 15656
ID: 306   ANSWER: 25024   GOT: 22553
ID: 307   ANSWER: 26631   GOT: 14656
ID: 309   ANSWER: 30115   GOT: 5562
ID: 311   ANSWER: 22032   GOT: 15578
ID: 315   ANSWER: 18612   GOT: 6669
ID: 316   ANSWER: 28623   GOT: 5701
ID: 317   ANSWER: 23503   GOT: 15198
ID: 318   ANSWER: 29736   GOT: 24174
ID: 320   ANSWER: 4213   GOT: 2147
ID: 321   ANSWER: 17080   GOT: 8169
ID: 324   ANSWER: 23226   GOT: 13940
ID: 326   ANSWER: 35648   GOT: 28029
ID: 330   ANSWER: 28202   GOT: 26547
ID: 332   ANSWER: 12534   GOT: 10494
ID: 333   ANSWER: 35564   GOT: 2250
ID: 334   ANSWER: 19824   GOT: 3205
ID: 336   ANSWER: 17840   GOT: 5412
ID: 338   ANSWER: 18490   GOT: 13094
ID: 339   ANSWER: 18250   GOT: 13271
ID: 341   ANSWER: 34898   GOT: 16457
ID: 342   ANSWER: 26505   GOT: 25012
ID: 344   ANSWER: 20645   GOT: 8328
ID: 345   ANSWER: 13288   GOT: 7969
ID: 347   ANSWER: 32283   GOT: 13486
ID: 349   ANSWER: 35992   GOT: 21544
ID: 350   ANSWER: 24562   GOT: 22103
ID: 352   ANSWER: 28375   GOT: 5037
ID: 353   ANSWER: 29606   GOT: 7787
ID: 355   ANSWER: 34806   GOT: 13147
ID: 356   ANSWER: 40520   GOT: 39872
ID: 359   ANSWER: 20697   GOT: 3857
ID: 360   ANSWER: 31076   GOT: 30848
ID: 361   ANSWER: 20193   GOT: 2413
ID: 364   ANSWER: 19004   GOT: 16381
ID: 365   ANSWER: 33745   GOT: 31691
ID: 366   ANSWER: 18168   GOT: 17002
ID: 369   ANSWER: 18306   GOT: 5430
ID: 372   ANSWER: 34927   GOT: 28097
ID: 375   ANSWER: 28515   GOT: 25556
ID: 376   ANSWER: 16344   GOT: 8850
ID: 377   ANSWER: 31710   GOT: 15688
ID: 378   ANSWER: 33862   GOT: 25382
ID: 379   ANSWER: 27682   GOT: 16827
ID: 381   ANSWER: 9361   GOT: 6997
ID: 387   ANSWER: 27707   GOT: 17295
ID: 388   ANSWER: 27329   GOT: 10301
ID: 389   ANSWER: 19126   GOT: 4206
ID: 390   ANSWER: 33674   GOT: 16942
ID: 391   ANSWER: 37762   GOT: 29729
ID: 392   ANSWER: 3206   GOT: 1185
ID: 393   ANSWER: 26330   GOT: 7230
ID: 397   ANSWER: 34843   GOT: 23347
ID: 399   ANSWER: 26342   GOT: 22788
ID: 401   ANSWER: 34874   GOT: 30758
ID: 404   ANSWER: 16328   GOT: 13057
ID: 406   ANSWER: 15385   GOT: 4678
ID: 407   ANSWER: 17162   GOT: 10613
ID: 408   ANSWER: 10089   GOT: 2453
ID: 409   ANSWER: 14468   GOT: 14230
ID: 411   ANSWER: 2840   GOT: 2485
ID: 413   ANSWER: 18455   GOT: 4542
ID: 414   ANSWER: 31683   GOT: 18552
ID: 416   ANSWER: 17964   GOT: 14804
ID: 417   ANSWER: 28467   GOT: 14351
ID: 419   ANSWER: 2800   GOT: 2393
ID: 421   ANSWER: 24224   GOT: 20102
ID: 424   ANSWER: 26446   GOT: 25880
ID: 426   ANSWER: 12621   GOT: 2243
ID: 428   ANSWER: 4534   GOT: 1880
ID: 430   ANSWER: 27377   GOT: 14000
ID: 431   ANSWER: 25070   GOT: 13893
ID: 432   ANSWER: 30508   GOT: 20417
ID: 433   ANSWER: 13563   GOT: 9880
ID: 436   ANSWER: 22813   GOT: 14313
ID: 437   ANSWER: 33653   GOT: 18032
ID: 439   ANSWER: 25081   GOT: 17373
ID: 440   ANSWER: 29727   GOT: 20543
ID: 441   ANSWER: 17488   GOT: 3421
ID: 442   ANSWER: 31790   GOT: 1413
ID: 446   ANSWER: 16647   GOT: 11075
ID: 448   ANSWER: 34176   GOT: 12294
ID: 449   ANSWER: 21033   GOT: 7455
ID: 450   ANSWER: 12044   GOT: 6973
ID: 454   ANSWER: 9848   GOT: 2293
ID: 455   ANSWER: 27421   GOT: 17165
ID: 457   ANSWER: 28789   GOT: 5688
ID: 458   ANSWER: 23862   GOT: 2785
ID: 459   ANSWER: 10888   GOT: 1696
ID: 460   ANSWER: 15788   GOT: 8095
ID: 462   ANSWER: 38298   GOT: 24627
ID: 463   ANSWER: 15233   GOT: 12399
ID: 465   ANSWER: 29907   GOT: 1460
ID: 466   ANSWER: 29729   GOT: 17964
ID: 467   ANSWER: 30871   GOT: 11908
ID: 472   ANSWER: 13575   GOT: 10570
ID: 473   ANSWER: 27064   GOT: 2370
ID: 475   ANSWER: 26378   GOT: 22654
ID: 477   ANSWER: 32069   GOT: 24338
ID: 478   ANSWER: 26352   GOT: 13907
ID: 479   ANSWER: 8132   GOT: 5407
ID: 481   ANSWER: 21184   GOT: 5206
ID: 483   ANSWER: 24603   GOT: 17887
ID: 485   ANSWER: 34470   GOT: 2260
ID: 486   ANSWER: 23851   GOT: 16919
ID: 487   ANSWER: 22866   GOT: 19698
ID: 489   ANSWER: 13246   GOT: 9432
ID: 490   ANSWER: 15869   GOT: 12302
ID: 493   ANSWER: 31090   GOT: 2325
ID: 494   ANSWER: 34652   GOT: 14997
ID: 497   ANSWER: 32390   GOT: 32083
ID: 498   ANSWER: 22669   GOT: 4733
ID: 499   ANSWER: 15839   GOT: 5274
