1 25 21791 474
2 25 12808 55
3 25 7978 36
4 25 29755 883
5 25 28265 884
6 25 22270 479
7 25 28325 745
8 25 7616 125
9 25 3140 22
10 25 27494 855
11 25 35936 1007
12 25 30636 704
13 25 28592 970
14 25 28534 872
15 25 27910 695
16 25 5635 10
17 25 21038 246
18 25 21620 436
19 25 26843 527
20 25 27839 563
21 25 13374 165
22 25 21835 359
23 25 16213 183
24 25 22975 570
25 25 26288 766
26 25 11591 147
27 25 20546 349
28 25 6451 46
29 25 10236 56
30 25 21617 526
31 25 35515 735
32 25 23713 492
33 25 23041 479
34 25 24517 409
35 25 31220 609
36 25 5812 43
37 25 27549 880
38 25 19503 188
39 25 22699 359
40 25 25231 599
41 25 10795 101
42 25 29910 700
43 25 32675 1324
44 25 23710 550
45 25 909 2
46 25 28480 788
47 25 26880 817
48 25 18923 307
49 25 28227 1070
50 25 17468 223
51 25 27312 842
52 25 24724 664
53 25 27107 685
54 25 17855 184
55 25 22372 530
56 25 9930 60
57 25 29216 730
58 25 11366 140
59 25 23707 530
60 25 17706 402
61 25 30398 725
62 25 41411 470
63 25 19205 338
64 25 13229 71
65 25 29575 500
66 25 33335 532
67 25 23080 347
68 25 30952 707
69 25 30216 559
70 25 31058 581
71 25 17722 169
72 25 11568 52
73 25 24590 218
74 25 34697 709
75 25 33200 484
76 25 25704 233
77 25 20033 217
78 25 29186 303
79 25 6371 24
80 25 18038 216
81 25 14490 53
82 25 20010 171
83 25 20707 218
84 25 9132 62
85 25 24971 307
86 25 24733 504
87 25 25881 615
88 25 28919 551
89 25 19493 324
90 25 5755 33
91 25 15212 211
92 25 28381 778
93 25 22267 268
94 25 29620 593
95 25 17686 149
96 25 21147 254
97 25 32194 663
98 25 15737 143
99 25 20396 224
100 25 32048 620
101 25 19018 488
102 25 8613 76
103 25 24468 374
104 25 29041 651
105 25 28182 582
106 25 23272 326
107 25 29010 623
108 25 21305 263
109 25 10446 76
110 25 18534 246
111 25 31548 632
112 25 16461 156
113 25 22519 383
114 25 22357 304
115 25 4827 27
116 25 23039 409
117 25 27476 581
118 25 15383 159
119 25 27821 530
120 25 29106 595
121 25 28303 622
122 25 24422 436
123 25 9586 82
124 25 30269 654
125 25 24315 470
126 25 32295 558
127 25 18106 224
128 25 27412 483
129 25 23171 351
130 25 18778 232
131 25 37510 671
132 25 23870 495
133 25 18651 171
134 25 27928 453
135 25 34936 823
136 25 28188 700
137 25 26857 498
138 25 6601 37
139 25 27859 783
140 25 26517 606
141 25 27962 625
142 25 856 4
143 25 21073 363
144 25 19045 421
145 25 25596 559
146 25 16014 175
147 25 22113 337
148 25 27697 880
149 25 21446 1057
150 25 29828 395
151 25 33003 780
152 25 32229 565
153 25 3424 29
154 25 28988 574
155 25 26725 658
156 25 15557 181
157 25 26286 693
158 25 18013 470
159 25 30994 740
160 25 30865 438
161 25 17012 208
162 25 21981 278
163 25 31315 597
164 25 6676 18
165 25 22323 389
166 25 9700 67
167 25 17606 281
168 25 20203 236
169 25 9401 48
170 25 31920 487
171 25 22206 273
172 25 22650 350
173 25 29568 486
174 25 30357 533
175 25 27661 299
176 25 27479 503
177 25 31290 933
178 25 24408 831
179 25 1895 5
180 25 25473 889
181 25 3837 6
182 25 26799 821
183 25 20247 607
184 25 22016 356
185 25 8118 33
186 25 35066 804
187 25 15289 171
188 25 28918 437
189 25 26274 367
190 25 30668 416
191 25 27092 271
192 25 23961 254
193 25 22670 265
194 25 32533 294
195 25 16001 206
196 25 18549 119
197 25 32310 391
198 25 29194 264
199 25 17644 166
200 25 19193 188
201 25 29086 441
202 25 25731 433
203 25 20679 156
204 25 28265 333
205 25 21277 204
206 25 20247 218
207 25 22741 364
208 25 21297 265
209 25 33165 349
210 25 18308 142
211 25 31011 407
212 25 18550 126
213 25 4914 17
214 25 35222 417
215 25 19176 96
216 25 17475 163
217 25 3868 11
218 25 21451 229
219 25 10112 41
220 25 26456 286
221 25 27266 214
222 25 23258 189
223 25 31634 422
224 25 16382 114
225 25 14294 111
226 25 13589 84
227 25 28718 335
228 25 12868 66
229 25 29617 286
230 25 24787 121
231 25 25018 153
232 25 14926 82
233 25 26356 233
234 25 27550 284
235 25 25502 341
236 25 29498 315
237 25 25517 259
238 25 24156 240
239 25 28655 461
240 25 28358 301
241 25 25286 512
242 25 17516 294
243 25 11981 82
244 25 22696 195
245 25 21278 176
246 25 29691 476
247 25 14361 146
248 25 23935 200
249 25 27088 528
250 25 29153 239
251 25 29706 266
252 25 27548 352
253 25 14110 107
254 25 26452 262
255 25 23677 276
256 25 15425 115
257 25 28949 439
258 25 17658 178
259 25 8556 22
260 25 16348 248
261 25 25888 644
262 25 14463 72
263 25 15106 46
264 25 31707 448
265 25 16307 132
266 25 22016 230
267 25 24650 318
268 25 25131 308
269 25 33523 574
270 25 34099 598
271 25 27500 233
272 25 26086 544
273 25 33287 520
274 25 17176 154
275 25 23967 342
276 25 27982 447
277 25 26899 546
278 25 21361 359
279 25 17726 418
280 25 25483 585
281 25 12244 84
282 25 16450 172
283 25 17001 173
284 25 30291 655
285 25 16892 224
286 25 26670 751
287 25 28558 822
288 25 31815 665
289 25 30076 406
290 25 28859 528
291 25 13430 135
292 25 21046 336
293 25 4335 5
294 25 30378 501
295 25 20773 284
296 25 20067 312
297 25 23868 470
298 25 17187 332
299 25 15358 275
300 25 24983 757
301 25 7858 41
302 25 14688 178
303 25 31128 493
304 25 13026 118
305 25 25471 750
306 25 19030 236
307 25 30030 560
308 25 23966 235
309 25 30795 606
310 25 28124 481
311 25 10061 75
312 25 21778 249
313 25 18762 237
314 25 32730 691
315 25 23216 821
316 25 27323 654
317 25 15253 134
318 25 28195 387
319 25 31209 949
320 25 24300 340
321 25 15007 229
322 25 21478 544
323 25 29978 818
324 25 24254 799
325 25 9971 109
326 25 24416 719
327 25 25003 580
328 25 15532 201
329 25 26117 553
330 25 22278 481
331 25 33280 662
332 25 35082 787
333 25 11630 187
334 25 28782 811
335 25 13082 85
336 25 21073 646
337 25 21839 285
338 25 20847 525
339 25 21475 532
340 25 15165 181
341 25 7470 25
342 25 26308 477
343 25 19666 277
344 25 24482 396
345 25 22314 342
346 25 20404 197
347 25 20284 317
348 25 27574 953
349 25 14993 206
350 25 19581 707
351 25 28404 1014
352 25 19885 232
353 25 24736 652
354 25 18933 197
355 25 18138 161
356 25 15493 197
357 25 26197 344
358 25 17973 184
359 25 29283 534
360 25 27642 665
361 25 13301 163
362 25 13851 150
363 25 29932 650
364 25 13046 102
365 25 23941 215
366 25 28686 794
367 25 25270 378
368 25 958 4
369 25 28166 708
370 25 27494 305
371 25 27315 419
372 25 29736 590
373 25 35852 667
374 25 13991 166
375 25 24291 332
376 25 20463 208
377 25 17956 117
378 25 21191 196
379 25 19189 180
380 25 31174 515
381 25 4433 15
382 25 27533 591
383 25 4399 5
384 25 34112 815
385 25 24836 338
386 25 27720 367
387 25 26957 764
388 25 29407 519
389 25 22514 283
390 25 28210 754
391 25 16575 78
392 25 25804 411
393 25 28693 515
394 25 29634 398
395 25 6898 21
396 25 28979 429
397 25 14582 168
398 25 25466 429
399 25 23676 337
400 25 25592 475
401 25 29973 425
402 25 34395 618
403 25 17601 209
404 25 24681 523
405 25 31083 540
406 25 31176 495
407 25 27048 526
408 25 18978 232
409 25 11467 71
410 25 22316 450
411 25 16200 190
412 25 18371 321
413 25 31320 977
414 25 9789 89
415 25 9889 133
416 25 12349 156
417 25 11978 153
418 25 14543 280
419 25 20599 379
420 25 20905 370
421 25 29051 820
422 25 29499 528
423 25 21428 421
424 25 9056 30
425 25 36675 697
426 25 17480 201
427 25 13667 161
428 25 30023 1083
429 25 29237 527
430 25 5604 8
431 25 27791 575
432 25 30770 749
433 25 33213 955
434 25 10778 33
435 25 22040 424
436 25 25021 692
437 25 29386 543
438 25 19830 355
439 25 29795 865
440 25 7636 27
441 25 21251 650
442 25 27281 649
443 25 22541 529
444 25 21591 370
445 25 21612 409
446 25 27610 575
447 25 11260 173
448 25 7974 74
449 25 21397 638
450 25 20119 729
451 25 10120 115
452 25 31279 771
453 25 27852 775
454 25 33344 999
455 25 12874 113
456 25 27043 387
457 25 15748 279
458 25 27157 283
459 25 28010 437
460 25 25585 392
461 25 28134 470
462 25 31037 972
463 25 25251 422
464 25 15006 308
465 25 13342 113
466 25 16335 294
467 25 0 3
468 25 30449 572
469 25 2557 6
470 25 31465 918
471 25 29147 639
472 25 28326 530
473 25 23778 483
474 25 17536 229
475 25 1433 3
476 25 7709 21
477 25 28916 747
478 25 9157 46
479 25 22266 517
480 25 21445 465
481 25 28743 518
482 25 30495 426
483 25 30871 438
484 25 23201 224
485 25 27602 526
486 25 3913 15
487 25 18051 319
488 25 32831 710
489 25 25727 644
490 25 22201 366
491 25 12344 122
492 25 28697 618
493 25 29910 727
494 25 22575 659
495 25 10557 90
496 25 31212 1151
497 25 21951 669
498 25 28628 587
499 25 27139 926
500 25 25580 721
