1 25 8509 12603
2 25 2444 0
3 25 5040 3
4 25 29313 319204
5 25 28265 359447
6 25 4110 10
7 25 28325 323822
8 25 7616 142
9 25 2628 1
10 25 16697 253220
11 25 17949 119286
12 25 20350 256843
13 25 28592 324662
14 25 8978 6640
15 25 27910 415461
16 25 4453 2
17 25 4903 25
18 25 21620 71572
19 25 26843 182396
20 25 27669 321759
21 25 9664 630
22 25 21835 40725
23 25 16213 941
24 25 22975 250655
25 25 26288 463731
26 25 11591 240
27 25 3661 16
28 25 3013 3
29 25 2520 1
30 25 21617 150600
31 25 35515 382914
32 25 23713 266434
33 25 23041 167070
34 25 24285 123915
35 25 31220 370382
36 25 3996 5
37 25 27549 385866
38 25 19503 4506
39 25 6430 270
40 25 21856 381593
41 25 10795 142
42 25 7656 1152
43 25 32675 386217
44 25 23710 298654
45 25 909 0
46 25 19059 319592
47 25 26880 404874
48 25 3672 5
49 25 28227 388452
50 25 17468 9113
51 25 27312 422172
52 25 18743 281817
53 25 9132 14904
54 25 3356 3
55 25 22372 205309
56 25 9930 30
57 25 12276 55541
58 25 11366 670
59 25 23707 288758
60 25 14797 72458
61 25 13467 81069
62 25 41411 387090
63 25 19205 298618
64 25 13229 438
65 25 29575 383076
66 25 13508 32965
67 25 23080 306560
68 25 6034 339
69 25 30216 405424
70 25 31058 408972
71 25 4806 35
72 25 10194 211
73 25 16809 58471
74 25 34697 404598
75 25 33200 386994
76 25 10706 17440
77 25 20033 72428
78 25 29186 314538
79 25 4653 5
80 25 9461 2626
81 25 14490 286
82 25 16055 31057
83 25 14590 92969
84 25 9132 157
85 25 24971 159895
86 25 24733 382011
87 25 25881 384886
88 25 28919 386854
89 25 19493 41667
90 25 4779 9
91 25 15212 23215
92 25 28381 399493
93 25 22267 25349
94 25 29620 390652
95 25 9452 2591
96 25 11459 32925
97 25 32194 383577
98 25 15197 3014
99 25 20396 23875
100 25 6712 401
101 25 15498 315554
102 25 3605 6
103 25 15587 95989
104 25 29041 385089
105 25 28182 384762
106 25 23272 159451
107 25 29010 385802
108 25 13035 84725
109 25 4101 22
110 25 18534 23258
111 25 31031 386582
112 25 16461 9450
113 25 22519 385384
114 25 22250 70527
115 25 4827 5
116 25 23039 243593
117 25 27476 381919
118 25 11645 3703
119 25 27821 398091
120 25 29106 386803
121 25 5039 180
122 25 23839 143337
123 25 9586 327
124 25 11651 26181
125 25 8983 10480
126 25 32295 384959
127 25 18106 25142
128 25 27412 263787
129 25 23171 56959
130 25 18778 8873
131 25 37510 384057
132 25 23870 352077
133 25 14704 24848
134 25 13534 39687
135 25 34936 384114
136 25 22026 378978
137 25 26857 304529
138 25 6601 24
139 25 11948 98874
140 25 26517 317155
141 25 8355 3827
142 25 856 0
143 25 8252 3599
144 25 18860 197923
145 25 25596 381390
146 25 11950 3635
147 25 22113 157441
148 25 27697 384145
149 25 21446 461827
150 25 8491 678
151 25 33003 384653
152 25 32229 383542
153 25 2234 1
154 25 20452 358008
155 25 26725 289404
156 25 13705 3203
157 25 26286 363380
158 25 10314 27347
159 25 8402 3127
160 25 30865 377683
161 25 15083 35822
162 25 13816 36548
163 25 31315 382502
164 25 6676 9
165 25 16402 77591
166 25 9700 40
167 25 17606 12229
168 25 20203 17775
169 25 9401 28
170 25 31920 288948
171 25 22206 57962
172 25 22650 94016
173 25 29568 382970
174 25 15066 120516
175 25 13426 52293
176 25 27479 397475
177 25 31290 385466
178 25 24408 402064
179 25 1895 0
180 25 25473 360601
181 25 2104 0
182 25 26799 421243
183 25 11256 151122
184 25 22016 63324
185 25 8118 5
186 25 9441 3575
187 25 15289 10155
188 25 28918 354986
189 25 9625 4292
190 25 30668 348988
191 25 27092 209509
192 25 23961 201915
193 25 6577 1105
194 25 32533 388095
195 25 16001 71236
196 25 17106 24910
197 25 32310 419396
198 25 13169 55333
199 25 11647 9235
200 25 17500 37723
201 25 11659 53507
202 25 25731 382875
203 25 9013 4193
204 25 28265 326585
205 25 13809 50543
206 25 17684 59575
207 25 22741 411151
208 25 21297 379139
209 25 33165 385579
210 25 18308 44665
211 25 6404 611
212 25 5834 1121
213 25 4914 9
214 25 15543 86990
215 25 19176 16792
216 25 17475 47521
217 25 3868 3
218 25 21451 171638
219 25 10112 83
220 25 26456 320617
221 25 27266 219109
222 25 20991 119772
223 25 31634 404620
224 25 6416 1373
225 25 14294 5762
226 25 13589 7056
227 25 28718 384161
228 25 4062 26
229 25 25120 365987
230 25 24787 125153
231 25 15752 44339
232 25 6072 727
233 25 26356 213205
234 25 26778 385981
235 25 15731 251122
236 25 29498 381219
237 25 16617 125830
238 25 22583 81984
239 25 28655 382029
240 25 4909 100
241 25 25286 384361
242 25 17516 136499
243 25 11981 756
244 25 22696 38003
245 25 12249 20845
246 25 29691 366533
247 25 14361 10105
248 25 23935 63161
249 25 19502 381833
250 25 5726 77
251 25 29706 332059
252 25 11817 58361
253 25 14110 2837
254 25 26452 257618
255 25 23677 188030
256 25 15425 2784
257 25 16424 195603
258 25 14324 12844
259 25 4375 4
260 25 16348 35739
261 25 25888 386300
262 25 14463 612
263 25 15106 390
264 25 31707 391953
265 25 16307 17003
266 25 22016 69643
267 25 24650 298477
268 25 17447 182290
269 25 33523 383637
270 25 34099 386407
271 25 27500 266685
272 25 21749 383005
273 25 30872 384270
274 25 14201 4449
275 25 15843 157371
276 25 27982 251030
277 25 11380 57568
278 25 21361 53394
279 25 17726 146374
280 25 12364 51143
281 25 12244 150
282 25 16450 5794
283 25 11471 8968
284 25 30291 385006
285 25 15780 7431
286 25 26670 386855
287 25 28558 412054
288 25 31815 393820
289 25 29344 375772
290 25 28859 333030
291 25 7110 292
292 25 21046 41708
293 25 4335 1
294 25 30378 343726
295 25 19377 110866
296 25 9457 10700
297 25 13419 175434
298 25 10086 25855
299 25 11034 21140
300 25 23896 371855
301 25 5112 5
302 25 14688 4164
303 25 31128 407221
304 25 8057 135
305 25 25471 393589
306 25 17654 75926
307 25 17113 222440
308 25 23966 297065
309 25 7006 1210
310 25 28124 389919
311 25 8708 74
312 25 21778 43616
313 25 18762 17971
314 25 32730 399273
315 25 9953 30517
316 25 6792 337
317 25 11368 510
318 25 24069 122338
319 25 31209 386695
320 25 7197 680
321 25 7952 1784
322 25 21478 233908
323 25 29978 422533
324 25 15855 306084
325 25 9971 38
326 25 20771 382550
327 25 25003 281500
328 25 15532 4798
329 25 26117 307227
330 25 22278 185796
331 25 33280 378330
332 25 27263 382735
333 25 2646 1
334 25 6253 657
335 25 13082 587
336 25 6691 4161
337 25 21839 42398
338 25 15585 218053
339 25 17202 363861
340 25 15165 3306
341 25 5051 7
342 25 25881 285035
343 25 19666 30661
344 25 10174 15410
345 25 15362 92192
346 25 20404 6035
347 25 10330 27682
348 25 27574 382875
349 25 11002 1210
350 25 19140 375713
351 25 28404 397100
352 25 5768 114
353 25 8420 9237
354 25 18933 10069
355 25 8480 887
356 25 15493 8705
357 25 26197 298754
358 25 17973 38829
359 25 6506 297
360 25 27642 382278
361 25 3854 16
362 25 13851 1572
363 25 29932 381697
364 25 12646 347
365 25 23941 30399
366 25 28362 385441
367 25 25270 229626
368 25 958 0
369 25 8970 9281
370 25 27494 275173
371 25 27315 379961
372 25 26258 383260
373 25 35852 399138
374 25 13991 4784
375 25 23313 288096
376 25 12944 15208
377 25 10813 2409
378 25 17783 18635
379 25 13719 13189
380 25 27139 394443
381 25 3679 3
382 25 27533 379992
383 25 4399 0
384 25 34112 392744
385 25 24836 275826
386 25 27720 223298
387 25 18883 393200
388 25 12253 55251
389 25 5055 135
390 25 15028 227102
391 25 14981 475
392 25 9984 36645
393 25 8926 10619
394 25 29634 395386
395 25 6898 18
396 25 28979 392876
397 25 11659 7779
398 25 25466 393018
399 25 22399 246043
400 25 25592 394456
401 25 28326 394561
402 25 34395 392543
403 25 17601 26723
404 25 20929 425135
405 25 31083 385230
406 25 7908 1355
407 25 17133 275437
408 25 6923 626
409 25 11467 75
410 25 22316 315644
411 25 12016 2378
412 25 18371 41619
413 25 9109 4882
414 25 7385 202
415 25 9889 132
416 25 12179 358
417 25 7874 872
418 25 14543 27826
419 25 17948 48153
420 25 20905 163583
421 25 24735 378784
422 25 29499 293266
423 25 21428 49525
424 25 9056 30
425 25 36675 399860
426 25 3678 22
427 25 13667 1369
428 25 2298 3
429 25 29237 312322
430 25 4152 1
431 25 17249 266194
432 25 22696 352541
433 25 24972 380837
434 25 10778 7
435 25 22040 122574
436 25 16895 243491
437 25 17611 209255
438 25 19830 28362
439 25 22619 376721
440 25 6210 7
441 25 6646 6064
442 25 2524 1
443 25 22541 139973
444 25 21591 35447
445 25 21612 72970
446 25 20076 253657
447 25 11260 1059
448 25 5044 50
449 25 8519 38171
450 25 13696 298169
451 25 10120 411
452 25 31279 396990
453 25 27852 389957
454 25 5865 236
455 25 9708 699
456 25 27043 343784
457 25 5284 569
458 25 5608 67
459 25 4341 29
460 25 15292 134861
461 25 28134 333571
462 25 21864 349447
463 25 21941 124145
464 25 15006 17873
465 25 2751 2
466 25 11379 2829
467 25 0 0
468 25 30449 235907
469 25 2557 1
470 25 31465 384346
471 25 29147 341111
472 25 20723 315562
473 25 2559 1
474 25 17536 2612
475 25 1433 0
476 25 7709 15
477 25 24147 409287
478 25 7026 50
479 25 11572 105233
480 25 21445 352735
481 25 8067 1727
482 25 30495 409754
483 25 23852 410810
484 25 23201 76567
485 25 2269 1
486 25 3767 2
487 25 17776 21119
488 25 32831 444245
489 25 18373 344013
490 25 16552 125254
491 25 12344 627
492 25 28697 383320
493 25 2359 0
494 25 11425 159888
495 25 10557 101
496 25 31212 418766
497 25 21951 323396
498 25 6510 110
499 25 10380 30071
500 25 25580 384625
