1 25 6615 6
2 25 2130 4
3 25 3524 4
4 25 27339 913
5 25 28265 1346
6 25 2474 6
7 25 28325 1766
8 25 7616 8
9 25 2483 5
10 25 16306 50
11 25 16508 55
12 25 18132 51
13 25 28592 818
14 25 8044 7
15 25 27910 907
16 25 3366 4
17 25 3798 4
18 25 21620 97
19 25 26843 365
20 25 27025 959
21 25 7299 5
22 25 21835 111
23 25 16213 22
24 25 22975 300
25 25 26288 1678
26 25 11591 12
27 25 2446 4
28 25 1928 4
29 25 1118 4
30 25 21617 187
31 25 35515 3074
32 25 23713 528
33 25 23041 667
34 25 23057 369
35 25 31220 2377
36 25 4285 4
37 25 26763 9310
38 25 19503 96
39 25 4439 5
40 25 21451 1030
41 25 10795 12
42 25 5799 5
43 25 32675 1299
44 25 23710 224
45 25 909 6
46 25 16903 103
47 25 26880 2931
48 25 2052 4
49 25 28227 1945
50 25 17468 98
51 25 27312 1817
52 25 18021 79
53 25 7639 6
54 25 1867 3
55 25 22372 539
56 25 9930 10
57 25 10188 11
58 25 11366 39
59 25 23707 740
60 25 12487 30
61 25 12544 31
62 25 41411 14572
63 25 19205 363
64 25 13229 12
65 25 29575 2633
66 25 11521 10
67 25 23080 1765
68 25 5559 5
69 25 30216 1492
70 25 31058 947
71 25 3786 4
72 25 9346 11
73 25 15914 21
74 25 34697 2586
75 25 33200 2200
76 25 10297 9
77 25 20033 186
78 25 29186 1065
79 25 4763 4
80 25 7836 6
81 25 14490 13
82 25 15737 33
83 25 13342 22
84 25 9132 12
85 25 24971 296
86 25 24733 1206
87 25 25881 3507
88 25 28919 1952
89 25 19493 76
90 25 4587 4
91 25 15212 66
92 25 28381 663
93 25 22267 82
94 25 29620 1572
95 25 7767 5
96 25 11367 13
97 25 32194 1107
98 25 14630 21
99 25 20396 99
100 25 5802 6
101 25 14623 127
102 25 2285 4
103 25 14296 14
104 25 29041 1447
105 25 28182 1224
106 25 23272 403
107 25 29010 871
108 25 11153 22
109 25 1918 4
110 25 18534 76
111 25 30930 1957
112 25 16461 61
113 25 22519 2817
114 25 21827 146
115 25 4827 6
116 25 23039 318
117 25 27476 1992
118 25 11096 8
119 25 27821 4662
120 25 29106 3416
121 25 4257 5
122 25 22688 343
123 25 9586 13
124 25 10482 17
125 25 8100 77
126 25 32295 4735
127 25 18106 427
128 25 27412 540
129 25 22406 118
130 25 18778 105
131 25 37510 3130
132 25 23870 2327
133 25 13528 34
134 25 11346 15
135 25 34936 1468
136 25 21164 580
137 25 26857 407
138 25 5836 6
139 25 11060 11
140 25 26517 1262
141 25 7048 4
142 25 856 4
143 25 6880 5
144 25 18127 496
145 25 25596 1737
146 25 10165 11
147 25 22113 503
148 25 27697 4404
149 25 21446 662
150 25 6653 5
151 25 33003 3113
152 25 32229 1596
153 25 1641 4
154 25 19612 313
155 25 26725 812
156 25 13109 28
157 25 26286 754
158 25 9020 9
159 25 7074 7
160 25 30865 1041
161 25 14469 111
162 25 12178 20
163 25 31315 4049
164 25 6676 7
165 25 13953 20
166 25 9700 9
167 25 17606 48
168 25 20203 140
169 25 8830 7
170 25 31920 1382
171 25 22206 379
172 25 22650 216
173 25 29568 705
174 25 13184 27
175 25 12918 26
176 25 27479 1811
177 25 31290 3240
178 25 24408 355
179 25 1895 5
180 25 25473 391
181 25 864 4
182 25 26799 2069
183 25 9687 22
184 25 22016 128
185 25 8118 4
186 25 8210 5
187 25 15289 72
188 25 28918 2626
189 25 7953 6
190 25 30668 1701
191 25 27092 270
192 25 23961 156
193 25 5289 4
194 25 32533 5105
195 25 16001 154
196 25 16519 106
197 25 32310 4586
198 25 12408 23
199 25 10133 8
200 25 16998 49
201 25 10964 16
202 25 25731 780
203 25 7631 8
204 25 28265 1476
205 25 11524 19
206 25 15823 20
207 25 22741 1225
208 25 21297 451
209 25 33165 1608
210 25 18308 67
211 25 5772 5
212 25 4009 4
213 25 4767 5
214 25 14872 50
215 25 19176 102
216 25 17475 67
217 25 3868 7
218 25 21451 175
219 25 10112 10
220 25 25220 1100
221 25 27266 450
222 25 19048 218
223 25 31634 2249
224 25 5009 5
225 25 14294 23
226 25 13589 50
227 25 28718 2220
228 25 2067 4
229 25 23689 253
230 25 24787 355
231 25 14874 21
232 25 4085 4
233 25 26356 315
234 25 25700 2180
235 25 14573 27
236 25 29498 3394
237 25 15510 42
238 25 23050 281
239 25 28655 888
240 25 2465 4
241 25 25286 815
242 25 17516 148
243 25 11981 19
244 25 22696 168
245 25 10516 8
246 25 29691 767
247 25 14361 55
248 25 23935 137
249 25 17787 319
250 25 4288 4
251 25 29706 2468
252 25 10015 10
253 25 14110 37
254 25 26452 275
255 25 23677 350
256 25 15425 51
257 25 15571 88
258 25 12481 11
259 25 3571 4
260 25 16348 87
261 25 25888 905
262 25 14463 24
263 25 15106 34
264 25 31707 2158
265 25 16307 58
266 25 22016 120
267 25 24650 827
268 25 16422 68
269 25 33523 2949
270 25 34099 2222
271 25 27500 1131
272 25 19806 519
273 25 28602 2849
274 25 13764 11
275 25 13924 21
276 25 27982 243
277 25 10998 7
278 25 21361 123
279 25 17726 375
280 25 11054 13
281 25 12244 9
282 25 16450 51
283 25 11341 18
284 25 30291 3249
285 25 15075 32
286 25 26670 990
287 25 28558 632
288 25 31815 6789
289 25 29064 2146
290 25 28859 883
291 25 5433 5
292 25 21046 155
293 25 4335 5
294 25 30378 2086
295 25 18706 110
296 25 8164 6
297 25 13136 25
298 25 8245 6
299 25 10366 12
300 25 23690 4131
301 25 4556 4
302 25 14688 26
303 25 31128 1296
304 25 7034 4
305 25 25471 2075
306 25 15852 67
307 25 15404 102
308 25 23966 1310
309 25 6116 5
310 25 28124 3262
311 25 7144 5
312 25 21778 117
313 25 18762 94
314 25 32730 641
315 25 8413 10
316 25 5970 5
317 25 11252 8
318 25 23384 390
319 25 31209 3401
320 25 5689 5
321 25 5701 5
322 25 21478 562
323 25 29978 4400
324 25 14351 158
325 25 9971 8
326 25 19934 865
327 25 25003 258
328 25 15532 39
329 25 26117 341
330 25 21236 615
331 25 33280 788
332 25 24886 577
333 25 581 3
334 25 4921 4
335 25 13082 18
336 25 5334 4
337 25 21839 90
338 25 14290 39
339 25 15638 242
340 25 15165 18
341 25 5157 4
342 25 23605 1060
343 25 19666 145
344 25 8638 6
345 25 14585 42
346 25 20404 59
347 25 8784 8
348 25 27574 870
349 25 9233 6
350 25 17623 196
351 25 28404 587
352 25 4269 4
353 25 6951 5
354 25 18933 41
355 25 7044 4
356 25 15436 46
357 25 26197 1620
358 25 17973 1109
359 25 4734 4
360 25 26820 1391
361 25 2764 4
362 25 13851 13
363 25 29932 1135
364 25 10720 8
365 25 22504 123
366 25 26887 522
367 25 25270 655
368 25 958 5
369 25 6951 5
370 25 27494 464
371 25 27315 878
372 25 24604 444
373 25 35852 2357
374 25 13991 56
375 25 22874 391
376 25 11474 12
377 25 9978 8
378 25 16011 59
379 25 11568 20
380 25 26001 4425
381 25 3364 4
382 25 27533 1601
383 25 4399 8
384 25 34112 3909
385 25 24836 667
386 25 27720 405
387 25 18154 92
388 25 11007 10
389 25 2895 4
390 25 13361 23
391 25 14278 25
392 25 8611 9
393 25 8552 10
394 25 29634 1094
395 25 6898 7
396 25 28979 726
397 25 10569 26
398 25 25331 1893
399 25 20157 200
400 25 25592 957
401 25 27854 2050
402 25 34395 1031
403 25 17601 60
404 25 19602 427
405 25 31083 3967
406 25 6319 5
407 25 16938 82
408 25 5442 4
409 25 10164 5
410 25 22316 260
411 25 10681 8
412 25 18371 154
413 25 7512 5
414 25 5599 5
415 25 9889 13
416 25 10691 6
417 25 6249 6
418 25 14543 29
419 25 17304 118
420 25 20905 208
421 25 22974 494
422 25 29499 577
423 25 21428 291
424 25 9056 6
425 25 36667 5311
426 25 1986 3
427 25 13667 20
428 25 1749 4
429 25 29237 941
430 25 3916 4
431 25 15075 146
432 25 21790 154
433 25 24218 3825
434 25 10778 6
435 25 22040 370
436 25 15369 105
437 25 16564 78
438 25 19830 34
439 25 21481 594
440 25 6267 4
441 25 4687 4
442 25 1699 4
443 25 22541 520
444 25 21591 72
445 25 21612 100
446 25 18086 42
447 25 11260 16
448 25 3204 4
449 25 7484 5
450 25 12260 24
451 25 10120 17
452 25 31279 868
453 25 27852 747
454 25 4985 5
455 25 8976 7
456 25 27043 779
457 25 4268 5
458 25 5366 5
459 25 3718 4
460 25 13566 22
461 25 28134 666
462 25 20343 95
463 25 20291 122
464 25 15006 115
465 25 1736 4
466 25 9954 8
467 25 0 3
468 25 30449 925
469 25 2557 6
470 25 31465 2176
471 25 29147 395
472 25 20666 151
473 25 1341 4
474 25 17536 40
475 25 1433 4
476 25 7709 7
477 25 23038 594
478 25 5904 4
479 25 10616 9
480 25 21445 479
481 25 7629 5
482 25 30495 6326
483 25 22431 1090
484 25 23201 211
485 25 1904 4
486 25 3103 4
487 25 16018 58
488 25 32831 3842
489 25 17891 160
490 25 15680 67
491 25 12344 23
492 25 28697 2481
493 25 2082 4
494 25 9946 15
495 25 10557 9
496 25 31212 1457
497 25 21876 370
498 25 4718 4
499 25 9479 10
500 25 25580 1504
