ID: 1   ANSWER: 21791   GOT: 6615
ID: 2   ANSWER: 12808   GOT: 2130
ID: 3   ANSWER: 7978   GOT: 3524
ID: 4   ANSWER: 29755   GOT: 27339
ID: 6   ANSWER: 22270   GOT: 2474
ID: 9   ANSWER: 3140   GOT: 2483
ID: 10   ANSWER: 27494   GOT: 16306
ID: 11   ANSWER: 35936   GOT: 16508
ID: 12   ANSWER: 30636   GOT: 18132
ID: 14   ANSWER: 28534   GOT: 8044
ID: 16   ANSWER: 5635   GOT: 3366
ID: 17   ANSWER: 21038   GOT: 3798
ID: 20   ANSWER: 27839   GOT: 27025
ID: 21   ANSWER: 13374   GOT: 7299
ID: 27   ANSWER: 20546   GOT: 2446
ID: 28   ANSWER: 6451   GOT: 1928
ID: 29   ANSWER: 10236   GOT: 1118
ID: 34   ANSWER: 24517   GOT: 23057
ID: 36   ANSWER: 5812   GOT: 4285
ID: 37   ANSWER: 27549   GOT: 26763
ID: 39   ANSWER: 22699   GOT: 4439
ID: 40   ANSWER: 25231   GOT: 21451
ID: 42   ANSWER: 29910   GOT: 5799
ID: 46   ANSWER: 28480   GOT: 16903
ID: 48   ANSWER: 18923   GOT: 2052
ID: 52   ANSWER: 24724   GOT: 18021
ID: 53   ANSWER: 27107   GOT: 7639
ID: 54   ANSWER: 17855   GOT: 1867
ID: 57   ANSWER: 29216   GOT: 10188
ID: 60   ANSWER: 17706   GOT: 12487
ID: 61   ANSWER: 30398   GOT: 12544
ID: 66   ANSWER: 33335   GOT: 11521
ID: 68   ANSWER: 30952   GOT: 5559
ID: 71   ANSWER: 17722   GOT: 3786
ID: 72   ANSWER: 11568   GOT: 9346
ID: 73   ANSWER: 24590   GOT: 15914
ID: 76   ANSWER: 25704   GOT: 10297
ID: 79   ANSWER: 6371   GOT: 4763
ID: 80   ANSWER: 18038   GOT: 7836
ID: 82   ANSWER: 20010   GOT: 15737
ID: 83   ANSWER: 20707   GOT: 13342
ID: 90   ANSWER: 5755   GOT: 4587
ID: 95   ANSWER: 17686   GOT: 7767
ID: 96   ANSWER: 21147   GOT: 11367
ID: 98   ANSWER: 15737   GOT: 14630
ID: 100   ANSWER: 32048   GOT: 5802
ID: 101   ANSWER: 19018   GOT: 14623
ID: 102   ANSWER: 8613   GOT: 2285
ID: 103   ANSWER: 24468   GOT: 14296
ID: 108   ANSWER: 21305   GOT: 11153
ID: 109   ANSWER: 10446   GOT: 1918
ID: 111   ANSWER: 31548   GOT: 30930
ID: 114   ANSWER: 22357   GOT: 21827
ID: 118   ANSWER: 15383   GOT: 11096
ID: 121   ANSWER: 28303   GOT: 4257
ID: 122   ANSWER: 24422   GOT: 22688
ID: 124   ANSWER: 30269   GOT: 10482
ID: 125   ANSWER: 24315   GOT: 8100
ID: 129   ANSWER: 23171   GOT: 22406
ID: 133   ANSWER: 18651   GOT: 13528
ID: 134   ANSWER: 27928   GOT: 11346
ID: 136   ANSWER: 28188   GOT: 21164
ID: 138   ANSWER: 6601   GOT: 5836
ID: 139   ANSWER: 27859   GOT: 11060
ID: 141   ANSWER: 27962   GOT: 7048
ID: 143   ANSWER: 21073   GOT: 6880
ID: 144   ANSWER: 19045   GOT: 18127
ID: 146   ANSWER: 16014   GOT: 10165
ID: 150   ANSWER: 29828   GOT: 6653
ID: 153   ANSWER: 3424   GOT: 1641
ID: 154   ANSWER: 28988   GOT: 19612
ID: 156   ANSWER: 15557   GOT: 13109
ID: 158   ANSWER: 18013   GOT: 9020
ID: 159   ANSWER: 30994   GOT: 7074
ID: 161   ANSWER: 17012   GOT: 14469
ID: 162   ANSWER: 21981   GOT: 12178
ID: 165   ANSWER: 22323   GOT: 13953
ID: 169   ANSWER: 9401   GOT: 8830
ID: 174   ANSWER: 30357   GOT: 13184
ID: 175   ANSWER: 27661   GOT: 12918
ID: 181   ANSWER: 3837   GOT: 864
ID: 183   ANSWER: 20247   GOT: 9687
ID: 186   ANSWER: 35066   GOT: 8210
ID: 189   ANSWER: 26274   GOT: 7953
ID: 193   ANSWER: 22670   GOT: 5289
ID: 196   ANSWER: 18549   GOT: 16519
ID: 198   ANSWER: 29194   GOT: 12408
ID: 199   ANSWER: 17644   GOT: 10133
ID: 200   ANSWER: 19193   GOT: 16998
ID: 201   ANSWER: 29086   GOT: 10964
ID: 203   ANSWER: 20679   GOT: 7631
ID: 205   ANSWER: 21277   GOT: 11524
ID: 206   ANSWER: 20247   GOT: 15823
ID: 211   ANSWER: 31011   GOT: 5772
ID: 212   ANSWER: 18550   GOT: 4009
ID: 213   ANSWER: 4914   GOT: 4767
ID: 214   ANSWER: 35222   GOT: 14872
ID: 220   ANSWER: 26456   GOT: 25220
ID: 222   ANSWER: 23258   GOT: 19048
ID: 224   ANSWER: 16382   GOT: 5009
ID: 228   ANSWER: 12868   GOT: 2067
ID: 229   ANSWER: 29617   GOT: 23689
ID: 231   ANSWER: 25018   GOT: 14874
ID: 232   ANSWER: 14926   GOT: 4085
ID: 234   ANSWER: 27550   GOT: 25700
ID: 235   ANSWER: 25502   GOT: 14573
ID: 237   ANSWER: 25517   GOT: 15510
ID: 238   ANSWER: 24156   GOT: 23050
ID: 240   ANSWER: 28358   GOT: 2465
ID: 245   ANSWER: 21278   GOT: 10516
ID: 249   ANSWER: 27088   GOT: 17787
ID: 250   ANSWER: 29153   GOT: 4288
ID: 252   ANSWER: 27548   GOT: 10015
ID: 257   ANSWER: 28949   GOT: 15571
ID: 258   ANSWER: 17658   GOT: 12481
ID: 259   ANSWER: 8556   GOT: 3571
ID: 268   ANSWER: 25131   GOT: 16422
ID: 272   ANSWER: 26086   GOT: 19806
ID: 273   ANSWER: 33287   GOT: 28602
ID: 274   ANSWER: 17176   GOT: 13764
ID: 275   ANSWER: 23967   GOT: 13924
ID: 277   ANSWER: 26899   GOT: 10998
ID: 280   ANSWER: 25483   GOT: 11054
ID: 283   ANSWER: 17001   GOT: 11341
ID: 285   ANSWER: 16892   GOT: 15075
ID: 289   ANSWER: 30076   GOT: 29064
ID: 291   ANSWER: 13430   GOT: 5433
ID: 295   ANSWER: 20773   GOT: 18706
ID: 296   ANSWER: 20067   GOT: 8164
ID: 297   ANSWER: 23868   GOT: 13136
ID: 298   ANSWER: 17187   GOT: 8245
ID: 299   ANSWER: 15358   GOT: 10366
ID: 300   ANSWER: 24983   GOT: 23690
ID: 301   ANSWER: 7858   GOT: 4556
ID: 304   ANSWER: 13026   GOT: 7034
ID: 306   ANSWER: 19030   GOT: 15852
ID: 307   ANSWER: 30030   GOT: 15404
ID: 309   ANSWER: 30795   GOT: 6116
ID: 311   ANSWER: 10061   GOT: 7144
ID: 315   ANSWER: 23216   GOT: 8413
ID: 316   ANSWER: 27323   GOT: 5970
ID: 317   ANSWER: 15253   GOT: 11252
ID: 318   ANSWER: 28195   GOT: 23384
ID: 320   ANSWER: 24300   GOT: 5689
ID: 321   ANSWER: 15007   GOT: 5701
ID: 324   ANSWER: 24254   GOT: 14351
ID: 326   ANSWER: 24416   GOT: 19934
ID: 330   ANSWER: 22278   GOT: 21236
ID: 332   ANSWER: 35082   GOT: 24886
ID: 333   ANSWER: 11630   GOT: 581
ID: 334   ANSWER: 28782   GOT: 4921
ID: 336   ANSWER: 21073   GOT: 5334
ID: 338   ANSWER: 20847   GOT: 14290
ID: 339   ANSWER: 21475   GOT: 15638
ID: 341   ANSWER: 7470   GOT: 5157
ID: 342   ANSWER: 26308   GOT: 23605
ID: 344   ANSWER: 24482   GOT: 8638
ID: 345   ANSWER: 22314   GOT: 14585
ID: 347   ANSWER: 20284   GOT: 8784
ID: 349   ANSWER: 14993   GOT: 9233
ID: 350   ANSWER: 19581   GOT: 17623
ID: 352   ANSWER: 19885   GOT: 4269
ID: 353   ANSWER: 24736   GOT: 6951
ID: 355   ANSWER: 18138   GOT: 7044
ID: 356   ANSWER: 15493   GOT: 15436
ID: 359   ANSWER: 29283   GOT: 4734
ID: 360   ANSWER: 27642   GOT: 26820
ID: 361   ANSWER: 13301   GOT: 2764
ID: 364   ANSWER: 13046   GOT: 10720
ID: 365   ANSWER: 23941   GOT: 22504
ID: 366   ANSWER: 28686   GOT: 26887
ID: 369   ANSWER: 28166   GOT: 6951
ID: 372   ANSWER: 29736   GOT: 24604
ID: 375   ANSWER: 24291   GOT: 22874
ID: 376   ANSWER: 20463   GOT: 11474
ID: 377   ANSWER: 17956   GOT: 9978
ID: 378   ANSWER: 21191   GOT: 16011
ID: 379   ANSWER: 19189   GOT: 11568
ID: 380   ANSWER: 31174   GOT: 26001
ID: 381   ANSWER: 4433   GOT: 3364
ID: 387   ANSWER: 26957   GOT: 18154
ID: 388   ANSWER: 29407   GOT: 11007
ID: 389   ANSWER: 22514   GOT: 2895
ID: 390   ANSWER: 28210   GOT: 13361
ID: 391   ANSWER: 16575   GOT: 14278
ID: 392   ANSWER: 25804   GOT: 8611
ID: 393   ANSWER: 28693   GOT: 8552
ID: 397   ANSWER: 14582   GOT: 10569
ID: 398   ANSWER: 25466   GOT: 25331
ID: 399   ANSWER: 23676   GOT: 20157
ID: 401   ANSWER: 29973   GOT: 27854
ID: 404   ANSWER: 24681   GOT: 19602
ID: 406   ANSWER: 31176   GOT: 6319
ID: 407   ANSWER: 27048   GOT: 16938
ID: 408   ANSWER: 18978   GOT: 5442
ID: 409   ANSWER: 11467   GOT: 10164
ID: 411   ANSWER: 16200   GOT: 10681
ID: 413   ANSWER: 31320   GOT: 7512
ID: 414   ANSWER: 9789   GOT: 5599
ID: 416   ANSWER: 12349   GOT: 10691
ID: 417   ANSWER: 11978   GOT: 6249
ID: 419   ANSWER: 20599   GOT: 17304
ID: 421   ANSWER: 29051   GOT: 22974
ID: 425   ANSWER: 36675   GOT: 36667
ID: 426   ANSWER: 17480   GOT: 1986
ID: 428   ANSWER: 30023   GOT: 1749
ID: 430   ANSWER: 5604   GOT: 3916
ID: 431   ANSWER: 27791   GOT: 15075
ID: 432   ANSWER: 30770   GOT: 21790
ID: 433   ANSWER: 33213   GOT: 24218
ID: 436   ANSWER: 25021   GOT: 15369
ID: 437   ANSWER: 29386   GOT: 16564
ID: 439   ANSWER: 29795   GOT: 21481
ID: 440   ANSWER: 7636   GOT: 6267
ID: 441   ANSWER: 21251   GOT: 4687
ID: 442   ANSWER: 27281   GOT: 1699
ID: 446   ANSWER: 27610   GOT: 18086
ID: 448   ANSWER: 7974   GOT: 3204
ID: 449   ANSWER: 21397   GOT: 7484
ID: 450   ANSWER: 20119   GOT: 12260
ID: 454   ANSWER: 33344   GOT: 4985
ID: 455   ANSWER: 12874   GOT: 8976
ID: 457   ANSWER: 15748   GOT: 4268
ID: 458   ANSWER: 27157   GOT: 5366
ID: 459   ANSWER: 28010   GOT: 3718
ID: 460   ANSWER: 25585   GOT: 13566
ID: 462   ANSWER: 31037   GOT: 20343
ID: 463   ANSWER: 25251   GOT: 20291
ID: 465   ANSWER: 13342   GOT: 1736
ID: 466   ANSWER: 16335   GOT: 9954
ID: 472   ANSWER: 28326   GOT: 20666
ID: 473   ANSWER: 23778   GOT: 1341
ID: 477   ANSWER: 28916   GOT: 23038
ID: 478   ANSWER: 9157   GOT: 5904
ID: 479   ANSWER: 22266   GOT: 10616
ID: 481   ANSWER: 28743   GOT: 7629
ID: 483   ANSWER: 30871   GOT: 22431
ID: 485   ANSWER: 27602   GOT: 1904
ID: 486   ANSWER: 3913   GOT: 3103
ID: 487   ANSWER: 18051   GOT: 16018
ID: 489   ANSWER: 25727   GOT: 17891
ID: 490   ANSWER: 22201   GOT: 15680
ID: 493   ANSWER: 29910   GOT: 2082
ID: 494   ANSWER: 22575   GOT: 9946
ID: 497   ANSWER: 21951   GOT: 21876
ID: 498   ANSWER: 28628   GOT: 4718
ID: 499   ANSWER: 27139   GOT: 9479
