1 25 6615 8
2 25 2130 4
3 25 3524 6
4 25 27339 807
5 25 28265 1012
6 25 2474 4
7 25 28325 1492
8 25 7616 7
9 25 2483 3
10 25 16306 43
11 25 16508 47
12 25 18132 39
13 25 28592 735
14 25 8044 6
15 25 27910 806
16 25 3366 4
17 25 3798 4
18 25 21620 80
19 25 26843 308
20 25 27025 854
21 25 7299 4
22 25 21835 94
23 25 16213 20
24 25 22975 263
25 25 26288 1394
26 25 11591 11
27 25 2446 3
28 25 1928 3
29 25 1118 3
30 25 21617 139
31 25 35515 2539
32 25 23713 441
33 25 23041 675
34 25 23057 383
35 25 31220 2424
36 25 4285 6
37 25 26763 11405
38 25 19503 85
39 25 4439 4
40 25 21451 908
41 25 10795 14
42 25 5799 4
43 25 32675 1085
44 25 23710 190
45 25 909 5
46 25 16903 102
47 25 26880 2988
48 25 2052 4
49 25 28227 1803
50 25 17468 87
51 25 27312 1790
52 25 18021 106
53 25 7639 8
54 25 1867 5
55 25 22372 734
56 25 9930 14
57 25 10188 15
58 25 11366 39
59 25 23707 995
60 25 12487 31
61 25 12544 43
62 25 41411 12994
63 25 19205 320
64 25 13229 10
65 25 29575 1943
66 25 11521 8
67 25 23080 1284
68 25 5559 4
69 25 30216 1197
70 25 31058 714
71 25 3786 3
72 25 9346 9
73 25 15914 16
74 25 34697 2226
75 25 33200 1815
76 25 10297 8
77 25 20033 133
78 25 29186 784
79 25 4763 4
80 25 7836 5
81 25 14490 11
82 25 15737 29
83 25 13342 19
84 25 9132 10
85 25 24971 218
86 25 24733 906
87 25 25881 2684
88 25 28919 1648
89 25 19493 56
90 25 4587 3
91 25 15212 58
92 25 28381 562
93 25 22267 71
94 25 29620 1375
95 25 7767 3
96 25 11367 12
97 25 32194 940
98 25 14630 18
99 25 20396 84
100 25 5802 5
101 25 14623 109
102 25 2285 3
103 25 14296 12
104 25 29041 1241
105 25 28182 1084
106 25 23272 321
107 25 29010 751
108 25 11153 19
109 25 1918 4
110 25 18534 66
111 25 30930 1891
112 25 16461 63
113 25 22519 3496
114 25 21827 207
115 25 4827 10
116 25 23039 572
117 25 27476 3363
118 25 11096 13
119 25 27821 8496
120 25 29106 4756
121 25 4257 9
122 25 22688 521
123 25 9586 17
124 25 10482 24
125 25 8100 14
126 25 32295 7840
127 25 18106 485
128 25 27412 621
129 25 22406 132
130 25 18778 115
131 25 37510 3864
132 25 23870 2285
133 25 13528 34
134 25 11346 16
135 25 34936 1551
136 25 21164 613
137 25 26857 439
138 25 5836 5
139 25 11060 12
140 25 26517 1446
141 25 7048 5
142 25 856 5
143 25 6880 6
144 25 18127 549
145 25 25596 2340
146 25 10165 13
147 25 22113 541
148 25 27697 4072
149 25 21446 628
150 25 6653 4
151 25 33003 3123
152 25 32229 2144
153 25 1641 4
154 25 19612 319
155 25 26725 802
156 25 13109 27
157 25 26286 928
158 25 9020 8
159 25 7074 8
160 25 30865 1254
161 25 14469 166
162 25 12178 30
163 25 31315 5338
164 25 6676 6
165 25 13953 18
166 25 9700 8
167 25 17606 40
168 25 20203 116
169 25 8830 6
170 25 31920 1106
171 25 22206 309
172 25 22650 204
173 25 29568 645
174 25 13184 23
175 25 12918 18
176 25 27479 1538
177 25 31290 2865
178 25 24408 323
179 25 1895 4
180 25 25473 396
181 25 864 4
182 25 26799 1914
183 25 9687 24
184 25 22016 121
185 25 8118 4
186 25 8210 5
187 25 15289 65
188 25 28918 2728
189 25 7953 8
190 25 30668 1833
191 25 27092 277
192 25 23961 165
193 25 5289 5
194 25 32533 4852
195 25 16001 126
196 25 16519 77
197 25 32310 3637
198 25 12408 18
199 25 10133 7
200 25 16998 44
201 25 10964 13
202 25 25731 728
203 25 7631 8
204 25 28265 1240
205 25 11524 16
206 25 15823 17
207 25 22741 1191
208 25 21297 440
209 25 33165 1940
210 25 18308 66
211 25 5772 5
212 25 4009 4
213 25 4767 4
214 25 14872 50
215 25 19176 98
216 25 17475 59
217 25 3868 7
218 25 21451 165
219 25 10112 10
220 25 25220 1205
221 25 27266 540
222 25 19048 240
223 25 31634 2105
224 25 5009 6
225 25 14294 28
226 25 13589 66
227 25 28718 3349
228 25 2067 6
229 25 23689 329
230 25 24787 466
231 25 14874 35
232 25 4085 7
233 25 26356 506
234 25 25700 3125
235 25 14573 30
236 25 29498 3505
237 25 15510 33
238 25 23050 221
239 25 28655 807
240 25 2465 4
241 25 25286 756
242 25 17516 127
243 25 11981 17
244 25 22696 153
245 25 10516 7
246 25 29691 633
247 25 14361 51
248 25 23935 134
249 25 17787 259
250 25 4288 4
251 25 29706 2592
252 25 10015 11
253 25 14110 53
254 25 26452 395
255 25 23677 594
256 25 15425 85
257 25 15571 155
258 25 12481 20
259 25 3571 8
260 25 16348 169
261 25 25888 1771
262 25 14463 48
263 25 15106 69
264 25 31707 4140
265 25 16307 78
266 25 22016 168
267 25 24650 1017
268 25 16422 84
269 25 33523 2653
270 25 34099 2585
271 25 27500 2106
272 25 19806 695
273 25 28602 2618
274 25 13764 10
275 25 13924 19
276 25 27982 222
277 25 10998 6
278 25 21361 114
279 25 17726 366
280 25 11054 13
281 25 12244 9
282 25 16450 60
283 25 11341 21
284 25 30291 3670
285 25 15075 50
286 25 26670 1485
287 25 28558 930
288 25 31815 7761
289 25 29064 1760
290 25 28859 816
291 25 5433 4
292 25 21046 127
293 25 4335 5
294 25 30378 1845
295 25 18706 94
296 25 8164 7
297 25 13136 28
298 25 8245 7
299 25 10366 11
300 25 23690 5425
301 25 4556 6
302 25 14688 26
303 25 31128 1238
304 25 7034 4
305 25 25471 2126
306 25 15852 69
307 25 15404 141
308 25 23966 1870
309 25 6116 7
310 25 28124 6190
311 25 7144 10
312 25 21778 215
313 25 18762 192
314 25 32730 1217
315 25 8413 16
316 25 5970 9
317 25 11252 13
318 25 23384 787
319 25 31209 5418
320 25 5689 7
321 25 5701 7
322 25 21478 814
323 25 29978 5576
324 25 14351 141
325 25 9971 7
326 25 19934 838
327 25 25003 251
328 25 15532 40
329 25 26117 383
330 25 21236 600
331 25 33280 747
332 25 24886 686
333 25 581 5
334 25 4921 5
335 25 13082 20
336 25 5334 5
337 25 21839 108
338 25 14290 47
339 25 15638 301
340 25 15165 24
341 25 5157 5
342 25 23605 1537
343 25 19666 231
344 25 8638 9
345 25 14585 69
346 25 20404 103
347 25 8784 18
348 25 27574 1813
349 25 9233 11
350 25 17623 315
351 25 28404 946
352 25 4269 9
353 25 6951 12
354 25 18933 93
355 25 7044 11
356 25 15436 105
357 25 26197 3476
358 25 17973 2111
359 25 4734 10
360 25 26820 2567
361 25 2764 5
362 25 13851 18
363 25 29932 1695
364 25 10720 15
365 25 22504 292
366 25 26887 1346
367 25 25270 1440
368 25 958 13
369 25 6951 13
370 25 27494 1133
371 25 27315 2104
372 25 24604 941
373 25 35852 3474
374 25 13991 66
375 25 22874 436
376 25 11474 12
377 25 9978 8
378 25 16011 71
379 25 11568 24
380 25 26001 5155
381 25 3364 3
382 25 27533 1266
383 25 4399 4
384 25 34112 4098
385 25 24836 1051
386 25 27720 718
387 25 18154 183
388 25 11007 23
389 25 2895 9
390 25 13361 40
391 25 14278 37
392 25 8611 23
393 25 8552 23
394 25 29634 2559
395 25 6898 13
396 25 28979 1468
397 25 10569 43
398 25 25331 4391
399 25 20157 478
400 25 25592 1939
401 25 27854 2780
402 25 34395 1077
403 25 17601 49
404 25 19602 378
405 25 31083 3273
406 25 6319 4
407 25 16938 65
408 25 5442 4
409 25 10164 4
410 25 22316 239
411 25 10681 7
412 25 18371 147
413 25 7512 5
414 25 5599 4
415 25 9889 12
416 25 10691 5
417 25 6249 4
418 25 14543 23
419 25 17304 106
420 25 20905 175
421 25 22974 436
422 25 29499 517
423 25 21428 270
424 25 9056 6
425 25 36667 6058
426 25 1986 3
427 25 13667 17
428 25 1749 4
429 25 29237 826
430 25 3916 3
431 25 15075 132
432 25 21790 141
433 25 24218 3276
434 25 10778 4
435 25 22040 300
436 25 15369 69
437 25 16564 70
438 25 19830 27
439 25 21481 446
440 25 6267 4
441 25 4687 4
442 25 1699 4
443 25 22541 396
444 25 21591 64
445 25 21612 90
446 25 18086 45
447 25 11260 14
448 25 3204 4
449 25 7484 5
450 25 12260 25
451 25 10120 21
452 25 31279 1001
453 25 27852 1017
454 25 4985 7
455 25 8976 13
456 25 27043 1169
457 25 4268 7
458 25 5366 8
459 25 3718 7
460 25 13566 40
461 25 28134 1214
462 25 20343 194
463 25 20291 199
464 25 15006 185
465 25 1736 7
466 25 9954 13
467 25 0 7
468 25 30449 1690
469 25 2557 8
470 25 31465 3098
471 25 29147 466
472 25 20666 184
473 25 1341 5
474 25 17536 43
475 25 1433 4
476 25 7709 8
477 25 23038 794
478 25 5904 6
479 25 10616 15
480 25 21445 785
481 25 7629 12
482 25 30495 7871
483 25 22431 891
484 25 23201 159
485 25 1904 3
486 25 3103 4
487 25 16018 49
488 25 32831 3414
489 25 17891 126
490 25 15680 52
491 25 12344 21
492 25 28697 2142
493 25 2082 4
494 25 9946 13
495 25 10557 11
496 25 31212 1311
497 25 21876 339
498 25 4718 4
499 25 9479 9
500 25 25580 1379
