1 37 11779 85
2 37 2193 7
3 37 16099 85
4 37 32758 20155
5 37 36843 35723
6 37 2362 7
7 37 44786 261511
8 37 18551 35
9 37 10106 17
10 37 10341 12
11 37 19710 178
12 37 4118 7
13 37 33830 9092
14 37 14014 28
15 37 43568 92927
16 37 10791 10
17 37 6456 9
18 37 39827 74871
19 37 21816 1647
20 37 32712 27215
21 37 25868 1817
22 37 37179 105157
23 37 46145 139595
24 37 39008 72976
25 37 29649 1925
26 37 28176 1731
27 37 2472 8
28 37 7597 9
29 37 2332 7
30 37 37857 27801
31 37 21564 252
32 37 28902 1022
33 37 38674 197257
34 37 26546 3088
35 37 38515 281817
36 37 2753 9
37 37 44942 181915
38 37 43466 126692
39 37 7208 10
40 37 27645 10349
41 37 11251 22
42 37 7356 9
43 37 27174 3189
44 37 21351 229
45 37 9553 15
46 37 6829 8
47 37 48810 332485
48 37 4238 8
49 37 33999 11268
50 37 44639 106112
51 37 49161 264093
52 37 31686 57736
53 37 10918 15
54 37 2627 8
55 37 33306 3156
56 37 28639 11729
57 37 16370 179
58 37 38820 979300
59 37 36289 108875
60 37 30431 185022
61 37 10878 15
62 37 38038 199848
63 37 37397 16882
64 37 40626 204683
65 37 32843 9288
66 37 10900 58
67 37 50363 166381
68 37 6103 10
69 37 40934 143606
70 37 17330 77
71 37 5629 9
72 37 33817 144292
73 37 26587 9419
74 37 8354 17
75 37 49970 1078946
76 37 9994 15
77 37 40199 427816
78 37 38340 21192
79 37 12048 18
80 37 8559 11
81 37 37273 476134
82 37 23611 3052
83 37 12578 13
84 37 41526 135617
85 37 36178 12549
86 37 32987 8009
87 37 45055 286265
88 37 34600 30916
89 37 7270 12
90 37 16609 493
91 37 28879 8851
92 37 28797 2070
93 37 48485 260876
94 37 38860 366483
95 37 11891 21
96 37 15013 118
97 37 40593 88537
98 37 25597 14310
99 37 40352 313743
100 37 4382 9
101 37 9201 9
102 37 7093 11
103 37 16786 220
104 37 44768 271365
105 37 37404 190905
106 37 30289 5180
107 37 16008 112
108 37 22953 624
109 37 5907 12
110 37 13357 28
111 37 40070 209698
112 37 48658 196623
113 37 46557 368953
114 37 28598 1076
115 37 42112 163095
116 37 44929 172117
117 37 19638 82
118 37 21237 3624
119 37 40006 66334
120 37 47369 722466
121 37 6536 11
122 37 37181 83757
123 37 49451 853357
124 37 6812 9
125 37 6148 15
126 37 33647 20787
127 37 29351 48576
128 37 38559 164881
129 37 43662 125773
130 37 31581 13940
131 37 24613 822
132 37 29967 2900
133 37 25323 32784
134 37 16063 141
135 37 36668 12141
136 37 19573 375
137 37 44511 193811
138 37 6570 9
139 37 16188 169
140 37 11174 19
141 37 6820 9
142 37 17532 95
143 37 8820 14
144 37 39831 145937
145 37 43143 52170
146 37 24371 3669
147 37 22567 1075
148 37 50482 472039
149 37 36748 14818
150 37 11215 30
151 37 45453 152601
152 37 38335 75206
153 37 4244 7
154 37 24707 6637
155 37 40063 240668
156 37 13263 27
157 37 11156 14
158 37 8972 30
159 37 7465 12
160 37 39862 171075
161 37 36107 431626
162 37 18529 211
163 37 38049 62815
164 37 43985 763663
165 37 23878 3272
166 37 45888 655031
167 37 32721 3192
168 37 38251 25901
169 37 4191 7
170 37 45227 71238
171 37 30700 11932
172 37 42434 160678
173 37 36173 65591
174 37 16010 226
175 37 9842 14
176 37 21482 113
177 37 7782 12
178 37 48752 1384600
179 37 49625 415601
180 37 46074 583073
181 37 1876 8
182 37 23121 817
183 37 17398 200
184 37 45430 104993
185 37 37508 139883
186 37 12471 19
187 37 38522 39013
188 37 42623 52310
189 37 6588 9
190 37 4533 10
191 37 38221 23058
192 37 41430 624656
193 37 9117 12
194 37 45735 885200
195 37 37048 15023
196 37 38748 540522
197 37 41039 224628
198 37 14208 129
199 37 21108 873
200 37 38524 459187
201 37 3701 8
202 37 32414 21428
203 37 11316 15
204 37 40947 336224
205 37 21866 1112
206 37 37127 283914
207 37 31709 8498
208 37 46601 398716
209 37 41681 414953
210 37 26067 6188
211 37 5570 8
212 37 11276 19
213 37 19127 134
214 37 9805 9
215 37 51610 305040
216 37 12366 17
217 37 43433 222126
218 37 18042 96
219 37 48057 586219
220 37 39458 52046
221 37 15376 88
222 37 23573 1227
223 37 2276 11
224 37 9618 15
225 37 23137 136
226 37 27822 753
227 37 42960 68357
228 37 4509 7
229 37 15313 25
230 37 16316 60
231 37 14227 55
232 37 9611 13
233 37 27181 1855
234 37 21140 493
235 37 23782 2525
236 37 24759 592
237 37 27891 7832
238 37 30204 8778
239 37 44330 50620
240 37 3367 7
241 37 12651 18
242 37 39210 101542
243 37 7870 20
244 37 20900 265
245 37 21732 543
246 37 41118 22495
247 37 44761 178368
248 37 39656 27683
249 37 26059 2985
250 37 6640 10
251 37 22659 516
252 37 7292 9
253 37 17911 181
254 37 31813 8988
255 37 37200 17718
256 37 15886 46
257 37 23963 1303
258 37 29998 14882
259 37 11158 17
260 37 26586 7401
261 37 27121 648
262 37 31035 11905
263 37 44545 231263
264 37 43335 490496
265 37 33567 14412
266 37 45304 62356
267 37 32531 8990
268 37 25772 3206
269 37 46009 160953
270 37 50025 165035
271 37 38642 62446
272 37 30863 88769
273 37 19747 194
274 37 35946 119095
275 37 25840 8730
276 37 44244 131779
277 37 11927 22
278 37 40178 27203
279 37 26357 1453
280 37 14611 282
281 37 26956 790
282 37 44581 249961
283 37 17666 102
284 37 30299 4000
285 37 37627 134553
286 37 42835 172872
287 37 27858 2120
288 37 41991 162442
289 37 44278 309819
290 37 30832 16746
291 37 16589 82
292 37 44159 224658
293 37 16529 52
294 37 43349 34252
295 37 31083 76711
296 37 16844 321
297 37 12808 20
298 37 16329 115
299 37 23518 889
300 37 26937 1681
301 37 18907 1299
302 37 45362 217207
303 37 44653 152113
304 37 22646 668
305 37 37631 23097
306 37 26192 9891
307 37 22551 2323
308 37 34185 3731
309 37 5578 10
310 37 46546 232104
311 37 24125 1875
312 37 26895 393
313 37 38667 58688
314 37 26646 492
315 37 16302 92
316 37 3630 8
317 37 25638 3589
318 37 36197 93607
319 37 40253 608713
320 37 6470 9
321 37 6573 8
322 37 37960 84745
323 37 1633 13
324 37 16238 100
325 37 41165 112771
326 37 23430 1435
327 37 41604 250480
328 37 27001 8898
329 37 13655 28
330 37 18700 56
331 37 16575 38
332 37 26438 2640
333 37 1673 7
334 37 6705 9
335 37 42444 112446
336 37 7925 18
337 37 47075 228583
338 37 21121 195
339 37 5405 8
340 37 42681 206030
341 37 19550 310
342 37 43486 149129
343 37 32356 2708
344 37 14189 42
345 37 1432 7
346 37 33399 16192
347 37 9875 21
348 37 39049 317938
349 37 9332 10
350 37 22105 783
351 37 46535 1169267
352 37 8592 10
353 37 10894 19
354 37 42172 199956
355 37 13202 43
356 37 18309 103
357 37 9923 15
358 37 42847 354928
359 37 6912 10
360 37 32034 10663
361 37 4460 8
362 37 44591 1108339
363 37 42881 31568
364 37 36097 79581
365 37 42820 76597
366 37 19058 90
367 37 40809 21011
368 37 36835 32830
369 37 11275 18
370 37 12539 23
371 37 36205 8850
372 37 38241 287736
373 37 29530 1378
374 37 43574 92548
375 37 42279 807294
376 37 21022 1191
377 37 17179 314
378 37 15764 132
379 37 23386 6039
380 37 8009 13
381 37 16427 593
382 37 33268 10015
383 37 50802 589996
384 37 30748 39234
385 37 46568 315944
386 37 36770 115296
387 37 25338 3503
388 37 17181 341
389 37 5091 9
390 37 8993 10
391 37 31929 77715
392 37 12911 43
393 37 2346 7
394 37 45085 194723
395 37 39700 166821
396 37 49335 219265
397 37 28480 7578
398 37 41708 36351
399 37 23809 1368
400 37 48161 822112
401 37 39172 274444
402 37 57117 1430329
403 37 33455 26014
404 37 15451 50
405 37 18664 293
406 37 6663 7
407 37 28928 18460
408 37 9465 27
409 37 41783 90727
410 37 42437 27589
411 37 13189 17
412 37 37781 225035
413 37 6447 11
414 37 25933 1289
415 37 7388 12
416 37 26563 11850
417 37 6729 9
418 37 45577 1405666
419 37 32771 504313
420 37 39680 266399
421 37 15467 43
422 37 26844 5705
423 37 39312 97868
424 37 40278 42375
425 37 2918 8
426 37 4499 9
427 37 36280 9486
428 37 1867 7
429 37 31674 3145
430 37 7755 8
431 37 18150 440
432 37 17251 51
433 37 12291 18
434 37 24986 592
435 37 44557 220808
436 37 26109 1943
437 37 18045 236
438 37 37650 202059
439 37 38853 203227
440 37 27964 18067
441 37 6963 11
442 37 1844 8
443 37 41509 108176
444 37 38058 34458
445 37 39969 112944
446 37 29799 18502
447 37 20836 161
448 37 9865 11
449 37 12342 26
450 37 19022 220
451 37 49002 163482
452 37 27680 2301
453 37 39065 124046
454 37 4004 7
455 37 26377 7714
456 37 49690 391714
457 37 8024 21
458 37 5522 8
459 37 2220 7
460 37 27118 4762
461 37 39582 72993
462 37 21799 1721
463 37 34119 17837
464 37 6856 11
465 37 1059 7
466 37 25612 2579
467 37 8042 10
468 37 35922 23876
469 37 26074 855
470 37 23358 860
471 37 19490 108
472 37 4205 7
473 37 660 7
474 37 35481 4336
475 37 23264 2142
476 37 32291 5482
477 37 28158 5390
478 37 17002 105
479 37 12182 31
480 37 14932 57
481 37 8367 12
482 37 10580 12
483 37 26820 27616
484 37 14473 26
485 37 1434 7
486 37 30598 9214
487 37 30520 18161
488 37 23413 216
489 37 27977 9356
490 37 28844 58604
491 37 29672 11941
492 37 50276 892492
493 37 953 7
494 37 16581 77
495 37 44399 90544
496 37 7662 17
497 37 46990 271112
498 37 7372 10
499 37 12959 26
500 37 19053 114
