1 37 37677 1273
2 37 15079 135
3 37 45864 1188
4 37 35836 718
5 37 36843 587
6 37 25126 334
7 37 44786 857
8 37 18551 196
9 37 43572 772
10 37 18934 178
11 37 41751 1442
12 37 4817 18
13 37 33830 482
14 37 50782 1055
15 37 43568 766
16 37 22096 144
17 37 42730 1002
18 37 39827 999
19 37 21816 359
20 37 35152 957
21 37 45934 774
22 37 37179 825
23 37 46145 1377
24 37 39008 816
25 37 29649 328
26 37 28176 193
27 37 40501 572
28 37 34328 438
29 37 40779 850
30 37 37857 559
31 37 21564 133
32 37 28902 316
33 37 38674 633
34 37 26976 260
35 37 38515 770
36 37 5295 39
37 37 46135 1544
38 37 43466 1350
39 37 40377 848
40 37 33475 642
41 37 11251 48
42 37 35145 704
43 37 27174 895
44 37 21351 296
45 37 9553 72
46 37 8715 67
47 37 48810 1810
48 37 43864 1072
49 37 33999 905
50 37 44639 1700
51 37 49161 1752
52 37 46664 1099
53 37 34121 743
54 37 22826 200
55 37 33306 628
56 37 28639 682
57 37 46184 1989
58 37 38820 1493
59 37 36289 1431
60 37 41878 1768
61 37 26758 554
62 37 38038 1649
63 37 37397 647
64 37 40626 891
65 37 32843 647
66 37 28650 625
67 37 50363 1523
68 37 48361 1147
69 37 40934 1082
70 37 17330 142
71 37 39153 949
72 37 45402 1243
73 37 43972 1034
74 37 8354 39
75 37 49970 1180
76 37 27929 476
77 37 40199 1244
78 37 38340 973
79 37 21924 259
80 37 21447 258
81 37 37273 1072
82 37 34095 662
83 37 19857 351
84 37 41526 1759
85 37 36178 1076
86 37 32987 657
87 37 45055 1863
88 37 34600 891
89 37 7270 81
90 37 35807 1131
91 37 28879 792
92 37 28797 569
93 37 48485 1687
94 37 38860 1193
95 37 27476 331
96 37 32972 516
97 37 40593 1147
98 37 29644 871
99 37 40352 1152
100 37 20979 329
101 37 13200 115
102 37 45374 619
103 37 30410 492
104 37 44768 1255
105 37 37404 1687
106 37 30289 637
107 37 16008 211
108 37 46162 1416
109 37 30885 801
110 37 13357 116
111 37 41797 1211
112 37 48658 1320
113 37 46557 1887
114 37 31006 347
115 37 42112 2209
116 37 44929 1441
117 37 19638 291
118 37 33076 1107
119 37 40006 960
120 37 47369 1557
121 37 51135 1211
122 37 41490 1664
123 37 49451 1538
124 37 22316 306
125 37 22155 656
126 37 33647 641
127 37 29351 529
128 37 38559 732
129 37 45441 766
130 37 31581 467
131 37 24613 381
132 37 29967 344
133 37 37622 1578
134 37 36969 867
135 37 36668 971
136 37 27133 558
137 37 44511 2125
138 37 8739 63
139 37 45665 1578
140 37 11174 268
141 37 29573 965
142 37 25343 806
143 37 25514 537
144 37 41665 1582
145 37 43143 1472
146 37 39543 1147
147 37 22567 339
148 37 50482 1596
149 37 36748 608
150 37 47182 1697
151 37 45453 1720
152 37 38335 608
153 37 25331 352
154 37 35206 876
155 37 40063 1303
156 37 17074 104
157 37 11156 38
158 37 19407 248
159 37 37166 1102
160 37 39862 713
161 37 44838 985
162 37 34681 517
163 37 38049 634
164 37 43985 565
165 37 37307 329
166 37 45888 623
167 37 32721 284
168 37 38251 367
169 37 4191 5
170 37 45227 401
171 37 30700 277
172 37 42434 538
173 37 36173 412
174 37 33520 469
175 37 24020 218
176 37 21482 188
177 37 7782 21
178 37 48752 580
179 37 49625 622
180 37 46074 986
181 37 4117 14
182 37 23121 274
183 37 33511 411
184 37 45430 1207
185 37 38753 718
186 37 51114 1728
187 37 38522 893
188 37 42623 1373
189 37 19738 328
190 37 4533 7
191 37 38221 486
192 37 41430 685
193 37 42504 501
194 37 45735 783
195 37 37048 474
196 37 47354 690
197 37 41039 628
198 37 35811 535
199 37 40542 425
200 37 44404 711
201 37 11317 44
202 37 32414 386
203 37 31370 322
204 37 40947 571
205 37 39174 699
206 37 47218 868
207 37 31709 295
208 37 46601 780
209 37 41681 719
210 37 26067 154
211 37 34096 492
212 37 50729 894
213 37 19177 158
214 37 23132 131
215 37 51610 1105
216 37 12366 42
217 37 43433 725
218 37 18042 96
219 37 48057 1036
220 37 41067 1125
221 37 15376 111
222 37 27435 357
223 37 2276 4
224 37 31813 371
225 37 23137 136
226 37 27822 212
227 37 42960 769
228 37 21587 306
229 37 19496 54
230 37 16316 180
231 37 25750 197
232 37 29726 316
233 37 27181 260
234 37 22146 215
235 37 44817 1224
236 37 24759 180
237 37 47053 798
238 37 34750 758
239 37 44330 1273
240 37 23963 277
241 37 12651 52
242 37 39210 1147
243 37 7870 52
244 37 20900 228
245 37 46721 1073
246 37 41118 882
247 37 44761 1283
248 37 39656 904
249 37 37119 394
250 37 44082 1155
251 37 22659 236
252 37 18170 114
253 37 17911 74
254 37 31813 520
255 37 37200 637
256 37 15886 123
257 37 46693 844
258 37 41489 950
259 37 39358 961
260 37 26586 417
261 37 27121 416
262 37 31035 408
263 37 44545 1348
264 37 43335 780
265 37 33567 362
266 37 45304 965
267 37 32531 275
268 37 38549 460
269 37 46009 891
270 37 50025 1359
271 37 40504 1038
272 37 40949 875
273 37 22643 265
274 37 51932 1168
275 37 43301 791
276 37 44244 648
277 37 33029 458
278 37 40178 356
279 37 26357 222
280 37 37289 529
281 37 26956 266
282 37 44581 498
283 37 29789 274
284 37 30299 351
285 37 46559 871
286 37 42835 731
287 37 27858 489
288 37 41991 765
289 37 47680 861
290 37 30832 367
291 37 44611 618
292 37 44159 961
293 37 16529 86
294 37 43349 990
295 37 35657 433
296 37 43178 1046
297 37 25307 303
298 37 35001 594
299 37 37494 571
300 37 28158 160
301 37 40703 953
302 37 51865 973
303 37 44653 703
304 37 50000 761
305 37 37631 770
306 37 31099 655
307 37 42704 692
308 37 34185 285
309 37 33592 437
310 37 46546 881
311 37 35584 558
312 37 26895 167
313 37 38667 728
314 37 26646 329
315 37 48230 729
316 37 21616 215
317 37 39793 549
318 37 46080 523
319 37 40253 631
320 37 27297 232
321 37 13234 54
322 37 37960 396
323 37 1633 2
324 37 25465 196
325 37 41165 826
326 37 30818 295
327 37 41604 547
328 37 27001 323
329 37 13655 78
330 37 19459 139
331 37 16575 50
332 37 35038 248
333 37 30567 315
334 37 36133 570
335 37 42444 848
336 37 34489 634
337 37 47075 1014
338 37 29668 325
339 37 7042 17
340 37 42681 977
341 37 43315 874
342 37 47577 969
343 37 32356 655
344 37 40950 857
345 37 1693 3
346 37 33399 475
347 37 24303 351
348 37 39049 1267
349 37 14758 121
350 37 24407 317
351 37 46535 1190
352 37 46526 1464
353 37 40685 1098
354 37 42172 1094
355 37 34859 825
356 37 18309 160
357 37 9923 57
358 37 42847 1391
359 37 41611 1060
360 37 32611 449
361 37 43301 1121
362 37 44591 805
363 37 42881 722
364 37 43410 838
365 37 45431 1112
366 37 20058 189
367 37 40809 523
368 37 36835 671
369 37 45836 1096
370 37 12539 65
371 37 36205 394
372 37 46616 920
373 37 29530 451
374 37 43574 1069
375 37 47549 1248
376 37 41024 902
377 37 35201 664
378 37 20204 286
379 37 39396 1037
380 37 9473 41
381 37 32943 684
382 37 33268 661
383 37 50802 1408
384 37 30748 629
385 37 46568 1745
386 37 36770 580
387 37 38636 787
388 37 47725 1527
389 37 25388 440
390 37 19839 172
391 37 41290 1223
392 37 41574 961
393 37 4780 5
394 37 45085 924
395 37 39700 1385
396 37 49335 1332
397 37 42835 818
398 37 41708 576
399 37 26251 226
400 37 48161 883
401 37 44273 882
402 37 57117 1620
403 37 33455 804
404 37 20017 358
405 37 18664 343
406 37 31570 805
407 37 51935 1390
408 37 39046 1396
409 37 44797 907
410 37 42437 1570
411 37 18381 104
412 37 37781 1766
413 37 21565 531
414 37 46863 2014
415 37 7388 33
416 37 31476 637
417 37 12522 79
418 37 45577 1258
419 37 43142 909
420 37 39680 1245
421 37 17635 197
422 37 26844 380
423 37 39312 673
424 37 42716 797
425 37 2918 8
426 37 29941 492
427 37 36280 804
428 37 25155 484
429 37 31674 373
430 37 14221 56
431 37 32954 794
432 37 24252 492
433 37 16493 182
434 37 24986 368
435 37 44557 1887
436 37 43854 1413
437 37 34358 1162
438 37 37650 1650
439 37 54001 2372
440 37 43461 2245
441 37 30847 772
442 37 42191 1499
443 37 41509 1873
444 37 38058 1138
445 37 39969 1138
446 37 46492 1375
447 37 20836 125
448 37 28948 468
449 37 41284 670
450 37 33413 643
451 37 49002 846
452 37 27680 361
453 37 39065 573
454 37 29430 470
455 37 43320 775
456 37 49690 1147
457 37 43093 1228
458 37 30275 477
459 37 28209 295
460 37 49378 722
461 37 39582 897
462 37 32985 607
463 37 42085 514
464 37 6856 12
465 37 35426 392
466 37 44514 802
467 37 16807 142
468 37 35922 411
469 37 26074 214
470 37 23358 136
471 37 19490 110
472 37 6310 8
473 37 32806 302
474 37 35481 245
475 37 26821 317
476 37 32291 303
477 37 36108 349
478 37 29841 318
479 37 26353 151
480 37 14932 100
481 37 39712 397
482 37 10580 10
483 37 37459 618
484 37 14473 87
485 37 45666 868
486 37 45883 997
487 37 35629 625
488 37 23413 188
489 37 42465 1228
490 37 42502 1035
491 37 29672 593
492 37 50276 1499
493 37 42503 1350
494 37 39818 950
495 37 44399 1396
496 37 7662 52
497 37 47913 1381
498 37 50720 1009
499 37 41414 1444
500 37 19053 200
