1 30 23778 429
2 30 25248 455
3 30 29991 599
4 30 26714 581
5 30 27150 708
6 30 28442 782
7 30 27875 845
8 30 28817 780
9 30 28471 707
10 30 28592 567
11 30 24844 412
12 30 26828 463
13 30 26612 441
14 30 25161 394
15 30 24129 339
16 30 27138 412
17 30 26358 476
18 30 29860 451
19 30 27703 445
20 30 29492 492
21 30 26625 390
22 30 25272 378
23 30 28007 479
24 30 25828 363
25 30 26736 378
26 30 25665 403
27 30 26397 406
28 30 27536 417
29 30 26629 438
30 30 28046 460
31 30 28139 491
32 30 27252 475
33 30 26994 458
34 30 30721 531
35 30 25004 516
36 30 27967 659
37 30 25946 449
38 30 28048 483
39 30 24958 416
40 30 29480 535
41 30 26896 562
42 30 27880 507
43 30 26204 441
44 30 26888 579
45 30 26856 525
46 30 26066 547
47 30 25974 544
48 30 25054 523
49 30 27502 651
50 30 28101 697
51 30 27719 685
52 30 25199 607
53 30 25047 685
54 30 25882 786
55 30 27221 803
56 30 27798 802
57 30 26686 708
58 30 26591 727
59 30 26885 748
60 30 25238 621
61 30 25242 611
62 30 28070 502
63 30 25818 428
64 30 26347 423
65 30 24689 398
66 30 23402 362
67 30 28123 509
68 30 30058 509
69 30 25907 475
70 30 28608 484
71 30 27008 448
72 30 27750 472
73 30 25476 420
74 30 24820 363
75 30 23301 362
76 30 27449 451
77 30 27359 457
78 30 26694 467
79 30 28291 573
80 30 25067 508
81 30 27660 595
82 30 25785 670
83 30 29040 581
84 30 25044 484
85 30 26953 691
86 30 23706 610
87 30 24875 699
88 30 26456 729
89 30 30373 759
90 30 28490 800
91 30 24878 472
92 30 27883 729
93 30 25764 464
94 30 25521 427
95 30 28616 462
96 30 29493 552
97 30 24315 378
98 30 26257 501
99 30 28373 557
100 30 26699 632
101 30 31428 758
102 30 28942 673
103 30 24873 503
104 30 24620 496
105 30 25806 544
106 30 25504 537
107 30 25811 592
108 30 30044 603
109 30 25048 465
110 30 23254 598
111 30 29552 725
112 30 25635 572
113 30 27000 549
114 30 32297 879
115 30 28968 725
116 30 29723 729
117 30 25069 704
118 30 25067 730
119 30 22679 599
120 30 29215 899
121 30 30689 815
122 30 27872 634
123 30 28477 635
124 30 29486 802
125 30 25747 669
126 30 27395 675
127 30 29188 1197
128 30 27734 789
129 30 26288 666
130 30 29046 631
131 30 27124 546
132 30 26444 512
133 30 27176 536
134 30 26844 501
135 30 24024 448
136 30 26511 471
137 30 22562 389
138 30 29538 522
139 30 26179 417
140 30 25066 400
141 30 24306 390
142 30 24742 339
143 30 25559 361
144 30 24907 393
145 30 28394 475
146 30 28721 418
147 30 26059 431
148 30 27839 466
149 30 24141 406
150 30 25115 389
151 30 26244 451
152 30 27112 451
153 30 29554 500
154 30 26467 430
155 30 25284 404
156 30 26396 428
157 30 27473 500
158 30 24957 378
159 30 27149 443
160 30 27140 465
161 30 26809 433
162 30 29266 490
163 30 27848 484
164 30 30765 529
165 30 24378 375
166 30 23355 359
167 30 31314 550
168 30 23883 371
169 30 29475 545
170 30 25894 423
171 30 26771 430
172 30 23171 379
173 30 27689 517
174 30 27071 437
175 30 27586 450
176 30 27350 395
177 30 25767 408
178 30 23088 345
179 30 28172 424
180 30 25754 416
181 30 29596 501
182 30 25012 355
183 30 27371 461
184 30 26000 403
185 30 23428 367
186 30 24345 369
187 30 26555 434
188 30 28733 463
189 30 30180 517
190 30 27245 447
191 30 25623 371
192 30 26118 385
193 30 26602 424
194 30 25173 383
195 30 23170 329
196 30 25493 391
197 30 25220 400
198 30 24960 385
199 30 27389 447
200 30 29365 502
201 30 26447 447
202 30 24844 399
203 30 26143 434
204 30 26743 435
205 30 24727 376
206 30 26771 509
207 30 21540 346
208 30 28189 550
209 30 23969 643
210 30 25349 550
211 30 30060 526
212 30 26339 514
213 30 27536 510
214 30 31330 601
215 30 28160 510
216 30 26288 423
217 30 24714 396
218 30 24497 409
219 30 25358 402
220 30 28143 442
221 30 28557 410
222 30 28049 471
223 30 26081 380
224 30 27867 408
225 30 28611 534
226 30 27636 517
227 30 25101 443
228 30 25047 467
229 30 28634 540
230 30 26799 521
231 30 22171 355
232 30 28220 505
233 30 26086 443
234 30 28156 418
235 30 26105 411
236 30 25569 393
237 30 22132 330
238 30 26700 429
239 30 25207 419
240 30 24913 396
241 30 26531 443
242 30 23148 369
243 30 27035 433
244 30 23984 418
245 30 24891 420
246 30 29469 559
247 30 27157 490
248 30 26441 469
249 30 25943 449
250 30 26626 472
251 30 25455 441
252 30 27151 486
253 30 23331 380
254 30 26769 576
255 30 30655 697
256 30 26004 531
257 30 22989 452
258 30 28354 593
259 30 23314 473
260 30 26251 526
261 30 29156 630
262 30 25887 543
263 30 29076 605
264 30 26187 526
265 30 24546 473
266 30 28487 559
267 30 30141 591
268 30 25797 473
269 30 27981 541
270 30 27748 532
271 30 27822 523
272 30 28111 530
273 30 29002 632
274 30 26449 576
275 30 24676 477
276 30 27866 561
277 30 25360 495
278 30 27933 553
279 30 26622 547
280 30 29642 600
281 30 23134 404
282 30 30110 807
283 30 25453 503
284 30 22414 399
285 30 26460 461
286 30 26496 453
287 30 25030 408
288 30 28033 470
289 30 25123 445
290 30 24428 395
291 30 29021 652
292 30 25379 507
293 30 28258 483
294 30 28942 465
295 30 30922 731
296 30 29016 553
297 30 25117 422
298 30 25467 415
299 30 25626 408
300 30 25651 412
301 30 23106 342
302 30 26705 425
303 30 27527 434
304 30 28289 450
305 30 26526 456
306 30 30009 501
307 30 24262 415
308 30 27021 536
309 30 28121 618
310 30 25100 539
311 30 28430 610
312 30 26498 656
313 30 25434 624
314 30 28748 597
315 30 26473 596
316 30 26506 571
317 30 25550 536
318 30 28206 596
319 30 25056 510
320 30 25991 508
321 30 24954 483
322 30 25573 599
323 30 23985 506
324 30 27731 613
325 30 27720 483
326 30 28728 511
327 30 29701 550
328 30 28706 517
329 30 24980 559
330 30 26082 586
331 30 27922 616
332 30 25749 533
333 30 27475 554
334 30 27350 573
335 30 28815 633
336 30 28605 667
337 30 27101 608
338 30 29396 520
339 30 27918 478
340 30 24335 367
341 30 23084 356
342 30 23702 373
343 30 26422 448
344 30 30492 582
345 30 26057 482
346 30 23635 390
347 30 27453 493
348 30 26203 474
349 30 23403 416
350 30 30582 633
351 30 27489 679
352 30 27874 699
353 30 26142 640
354 30 29752 721
355 30 26289 612
356 30 27923 602
357 30 27877 642
358 30 30193 768
359 30 28263 735
360 30 29948 771
361 30 27811 693
362 30 28275 660
363 30 28325 3048
364 30 25394 914
365 30 29848 1009
366 30 28899 864
367 30 26879 762
368 30 22294 562
369 30 30373 971
370 30 25599 704
371 30 26686 707
372 30 25277 867
373 30 24964 1003
374 30 28695 1118
375 30 25580 970
376 30 29071 1255
377 30 24347 873
378 30 22443 833
379 30 31557 1319
380 30 26038 1015
381 30 25602 989
382 30 24790 946
383 30 29142 1195
384 30 27809 1148
385 30 24512 888
386 30 23623 701
387 30 28022 794
388 30 24368 638
389 30 28936 711
390 30 27951 727
391 30 29121 739
392 30 28057 812
393 30 27995 825
394 30 25937 625
395 30 27404 748
396 30 23529 609
397 30 27745 784
398 30 23628 598
399 30 25650 655
400 30 26140 710
401 30 29221 909
402 30 27854 849
403 30 24204 687
404 30 30176 897
405 30 28615 934
406 30 26425 930
407 30 25827 1010
408 30 26603 1085
409 30 24078 868
410 30 27501 902
411 30 26564 874
412 30 27575 679
413 30 28412 694
414 30 25094 683
415 30 26131 794
416 30 26956 761
417 30 27499 877
418 30 25085 730
419 30 26762 818
420 30 26301 786
421 30 26606 764
422 30 26434 750
423 30 24079 650
424 30 27678 705
425 30 25708 627
426 30 25681 590
427 30 29079 842
428 30 24797 631
429 30 28647 869
430 30 26218 753
431 30 27413 781
432 30 26893 759
433 30 26260 747
434 30 27706 667
435 30 25469 603
436 30 26651 675
437 30 30138 825
438 30 25064 640
439 30 23526 439
440 30 25905 507
441 30 28556 748
442 30 26007 728
443 30 27914 847
444 30 28058 659
445 30 24645 645
446 30 28081 746
447 30 24338 620
448 30 25642 739
449 30 29843 945
450 30 28967 908
451 30 30839 891
452 30 25846 596
453 30 29125 669
454 30 27811 587
455 30 22581 449
456 30 25433 648
457 30 31561 615
458 30 26023 514
459 30 26231 418
460 30 28540 535
461 30 24964 421
462 30 28908 481
463 30 24925 480
464 30 28136 546
465 30 25564 593
466 30 23829 599
467 30 25857 660
468 30 27162 784
469 30 25968 695
470 30 27010 726
471 30 25552 632
472 30 28322 759
473 30 28382 816
474 30 27070 802
475 30 25716 642
476 30 26684 723
477 30 25474 841
478 30 25897 785
479 30 29380 1210
480 30 27433 1043
481 30 26086 817
482 30 26422 847
483 30 29530 929
484 30 26727 1002
485 30 25862 741
486 30 24886 559
487 30 27923 657
488 30 25340 536
489 30 22885 435
490 30 25021 469
491 30 25943 533
492 30 26163 544
493 30 28802 642
494 30 22643 450
495 30 29097 535
496 30 25573 424
497 30 28066 478
498 30 26694 464
499 30 28633 636
500 30 29803 704
