1 30 23670 10147603
2 30 25248 10968484
3 30 29991 11312623
4 30 26714 10599761
5 30 27150 11171646
6 30 28442 10302443
7 30 27875 11054117
8 30 28817 11467641
9 30 28471 10829899
10 30 28592 10874402
11 30 24844 10576133
12 30 26828 10545009
13 30 26612 11147206
14 30 25161 10772955
15 30 24129 10364332
16 30 27138 10543258
17 30 26358 10277077
18 30 29860 11092786
19 30 27703 10960597
20 30 29492 10815084
21 30 26505 11035086
22 30 25272 10208453
23 30 28007 10869430
24 30 25828 10753292
25 30 26736 10926168
26 30 25665 10505367
27 30 26397 10461032
28 30 27536 10865863
29 30 26629 11199458
30 30 28046 10842115
31 30 28139 10603933
32 30 27252 10695247
33 30 26994 10328067
34 30 30721 10780902
35 30 25004 10691507
36 30 27967 10563963
37 30 25946 10666677
38 30 28048 10443608
39 30 24905 10673108
40 30 29480 11214665
41 30 26896 10782480
42 30 27880 10531665
43 30 26204 10630726
44 30 26888 10399459
45 30 26856 10479007
46 30 25998 10929455
47 30 25974 11075531
48 30 24806 10356073
49 30 27502 11007975
50 30 28101 10555252
51 30 27719 10878338
52 30 25199 10502933
53 30 25047 10905967
54 30 25635 10241968
55 30 27221 10984032
56 30 27798 10667874
57 30 26686 10966027
58 30 26591 10577545
59 30 26885 10306775
60 30 25238 11160977
61 30 25242 11191150
62 30 28070 11541728
63 30 25818 11539462
64 30 26347 11803051
65 30 24689 11148812
66 30 23402 10400121
67 30 28123 10840848
68 30 30058 10861512
69 30 25907 10428323
70 30 28608 10862153
71 30 26769 10487876
72 30 27750 11152951
73 30 25476 11004573
74 30 24820 10638706
75 30 23301 10038344
76 30 27449 10958503
77 30 27359 10438933
78 30 26694 10900206
79 30 28291 12114063
80 30 25067 10316875
81 30 27660 11155363
82 30 25785 11395213
83 30 29040 10949583
84 30 25044 11395022
85 30 26953 10052180
86 30 23706 10539151
87 30 24875 10475051
88 30 26456 10720783
89 30 30373 11622207
90 30 28490 10419818
91 30 24878 10392267
92 30 27883 10955591
93 30 25764 10432283
94 30 25521 10621091
95 30 28613 11167237
96 30 29493 11111879
97 30 24315 10180868
98 30 26257 10203191
99 30 28373 10661636
100 30 26699 10733154
101 30 31428 11077254
102 30 28688 10961554
103 30 24873 10976186
104 30 24620 11428966
105 30 25806 10508200
106 30 25504 10465466
107 30 25811 10233603
108 30 30044 11128390
109 30 25048 10371971
110 30 23254 10544039
111 30 29552 10908437
112 30 25635 10552036
113 30 27000 10908278
114 30 32297 10979246
115 30 28968 10816151
116 30 29723 10982922
117 30 25069 10705783
118 30 25067 11538422
119 30 22679 10323884
120 30 29215 10897027
121 30 30689 11022293
122 30 27872 10459761
123 30 28477 10485527
124 30 29486 10988395
125 30 25747 10651421
126 30 27395 10674724
127 30 29188 10921602
128 30 27734 10692766
129 30 26288 10776356
130 30 29046 10641295
131 30 27124 10956232
132 30 26444 10227629
133 30 27176 10907100
134 30 26844 10570012
135 30 24024 10906676
136 30 26511 11318736
137 30 22562 9967543
138 30 29538 10591876
139 30 25937 10070534
140 30 25066 10612249
141 30 24074 9976319
142 30 24742 10372645
143 30 25559 10579476
144 30 24907 10251068
145 30 28394 10352415
146 30 28721 10553901
147 30 26059 10898320
148 30 27839 11018960
149 30 24141 10094924
150 30 24870 10692473
151 30 26244 10256975
152 30 27112 10645925
153 30 29554 10789956
154 30 26467 10902754
155 30 25284 9793714
156 30 26396 10690144
157 30 27473 10939712
158 30 24955 10281771
159 30 27149 10372869
160 30 27140 10882625
161 30 26809 10261096
162 30 29218 10353194
163 30 27848 10316605
164 30 30765 11025759
165 30 24378 10656364
166 30 23355 10299444
167 30 31314 10513363
168 30 23883 10313729
169 30 29475 10712135
170 30 25894 10352467
171 30 26771 9818081
172 30 23171 10733183
173 30 27689 10739429
174 30 27071 10649903
175 30 27586 10870983
176 30 27350 10570124
177 30 25767 10449176
178 30 23088 10678027
179 30 28172 10576722
180 30 25754 10277764
181 30 29596 10634993
182 30 25012 10385309
183 30 27371 10732618
184 30 26000 10305480
185 30 23428 10700590
186 30 24345 11070849
187 30 26555 10320358
188 30 28733 11341540
189 30 30180 11376635
190 30 27245 11330293
191 30 25623 10426437
192 30 26118 10750131
193 30 26572 10749985
194 30 25173 11147083
195 30 23170 10681995
196 30 25493 11704117
197 30 25220 10446123
198 30 24960 10806155
199 30 27389 11071653
200 30 29365 11237295
201 30 26447 10553684
202 30 24844 10495504
203 30 26143 11052258
204 30 26743 10999540
205 30 24564 10466665
206 30 26771 10476918
207 30 21540 10669131
208 30 28189 10965221
209 30 23969 9960826
210 30 25349 9837320
211 30 30060 10673949
212 30 26339 10362682
213 30 27536 10576251
214 30 31330 10933760
215 30 28160 10370175
216 30 26288 11287242
217 30 24714 10491142
218 30 24497 10536402
219 30 25358 10315833
220 30 28143 11032986
221 30 28557 10808156
222 30 28049 10972861
223 30 26081 10336813
224 30 27867 10175732
225 30 28611 11262136
226 30 27636 11143224
227 30 25101 10786340
228 30 24806 10606932
229 30 28634 10864256
230 30 26799 10644998
231 30 22171 10869222
232 30 28219 11214683
233 30 26086 10769168
234 30 28156 11015191
235 30 26105 10366425
236 30 25569 10731628
237 30 22132 9714023
238 30 26700 11017574
239 30 25207 10066319
240 30 24913 10873371
241 30 26531 10875051
242 30 23148 10666467
243 30 27035 10559026
244 30 23984 11100704
245 30 24891 10904769
246 30 29469 10461165
247 30 27157 10428288
248 30 26441 11101420
249 30 25943 11258402
250 30 26626 10848835
251 30 25455 11567280
252 30 27151 10767021
253 30 23331 11373274
254 30 26769 10945749
255 30 30655 10695262
256 30 26004 10855351
257 30 22989 10990469
258 30 28354 11354628
259 30 23314 10897934
260 30 26251 10207481
261 30 29156 11579991
262 30 25887 9896349
263 30 29076 10850264
264 30 26187 10427971
265 30 24546 10943701
266 30 28487 11356921
267 30 30141 10212503
268 30 25797 10274786
269 30 27981 11082069
270 30 27748 10954441
271 30 27822 10931251
272 30 28111 11011273
273 30 29002 10444303
274 30 26449 10058435
275 30 24676 10776587
276 30 27866 11580689
277 30 25360 11226013
278 30 27933 10737225
279 30 26622 9842189
280 30 29642 10586173
281 30 23134 10702852
282 30 30110 10731794
283 30 25453 10758612
284 30 22414 10815844
285 30 26460 10521390
286 30 26496 10532137
287 30 25030 10753393
288 30 28033 10552556
289 30 25123 10587370
290 30 24428 10563524
291 30 29021 10479231
292 30 25379 10912306
293 30 28258 11367671
294 30 28942 10731680
295 30 30922 11110077
296 30 29016 10915218
297 30 24987 10311925
298 30 25409 10598715
299 30 25626 10728099
300 30 25651 10224912
301 30 23106 10495897
302 30 26705 10481462
303 30 27527 10256144
304 30 28289 10764545
305 30 26526 10838293
306 30 30009 11118704
307 30 24080 9873853
308 30 27021 10643501
309 30 28121 10666801
310 30 25100 10885138
311 30 28430 10957488
312 30 26498 11006184
313 30 25434 10686904
314 30 28748 11193024
315 30 26473 10695454
316 30 26506 10066823
317 30 25550 10307695
318 30 28206 10513435
319 30 25056 10565203
320 30 25991 10491853
321 30 24954 10839392
322 30 25573 10557022
323 30 23985 10447749
324 30 27731 10888531
325 30 27720 10850863
326 30 28728 10502713
327 30 29701 10909128
328 30 28706 11095322
329 30 24980 10403474
330 30 26082 9945622
331 30 27922 10756499
332 30 25749 10328505
333 30 27441 10880925
334 30 27122 10683473
335 30 28815 10901158
336 30 28605 11339129
337 30 27101 10667075
338 30 29396 11172855
339 30 27918 10275594
340 30 24335 11005131
341 30 23084 10428382
342 30 23702 10372374
343 30 26422 10586825
344 30 30492 10917492
345 30 26057 10186928
346 30 23635 10461134
347 30 27453 10570156
348 30 26203 10796511
349 30 23403 10402936
350 30 30582 10931990
351 30 27489 11026531
352 30 27874 10508389
353 30 26142 10605001
354 30 29752 10566000
355 30 26289 10461750
356 30 27923 10970725
357 30 27877 10290871
358 30 30193 10652000
359 30 28257 10731593
360 30 29948 11758244
361 30 27811 11212734
362 30 28275 10681262
363 30 28325 10808375
364 30 25394 10415704
365 30 29848 10860959
366 30 28899 10367853
367 30 26879 10319819
368 30 22294 10095415
369 30 30373 10849674
370 30 25599 10170758
371 30 26686 10401570
372 30 25277 10826004
373 30 24964 10375296
374 30 28695 10693164
375 30 25580 10659955
376 30 29071 11227887
377 30 24347 9922799
378 30 22443 10269172
379 30 31557 11163616
380 30 26038 10658551
381 30 25602 10598367
382 30 24790 10711700
383 30 29142 10652509
384 30 27809 10916970
385 30 24512 9889646
386 30 23623 10593529
387 30 28022 10818512
388 30 24368 10695978
389 30 28935 10556964
390 30 27951 10564214
391 30 29121 10378742
392 30 28057 11222080
393 30 27995 11117738
394 30 25937 10411974
395 30 27404 10508383
396 30 23529 10759356
397 30 27745 10273997
398 30 23628 10388957
399 30 25650 11873235
400 30 26140 10703265
401 30 29221 10888790
402 30 27854 11191722
403 30 24204 10057981
404 30 30176 10764626
405 30 28615 10902234
406 30 26425 11426873
407 30 25827 10855718
408 30 26603 10755368
409 30 24078 10458073
410 30 27501 10806678
411 30 26564 10384149
412 30 27575 10917682
413 30 28400 10598961
414 30 25094 10907406
415 30 26131 10752659
416 30 26956 10934269
417 30 27499 10189398
418 30 25085 10408425
419 30 26762 10221996
420 30 26301 10784178
421 30 26606 10810177
422 30 26434 10398892
423 30 24079 10145642
424 30 27678 10860733
425 30 25708 10328416
426 30 25681 10711559
427 30 29079 10795685
428 30 24564 10410180
429 30 28647 10806579
430 30 26218 10571293
431 30 27413 11225436
432 30 26893 10857864
433 30 26260 10608392
434 30 27706 11386467
435 30 25469 10633208
436 30 26651 10415350
437 30 30138 11036519
438 30 25064 10692480
439 30 23526 11442794
440 30 25905 10667580
441 30 28556 10934916
442 30 26007 10690977
443 30 27914 10610120
444 30 28058 10367200
445 30 24645 10966799
446 30 28081 10993729
447 30 24338 10885645
448 30 25642 10606332
449 30 29601 10020616
450 30 28967 10984322
451 30 30839 10703949
452 30 25846 10685911
453 30 29125 11020798
454 30 27792 9945284
455 30 22577 9822685
456 30 25433 10536531
457 30 31338 10745573
458 30 26023 10998380
459 30 26223 10348091
460 30 28540 10746443
461 30 24964 10685637
462 30 28908 10953243
463 30 24925 9940461
464 30 28136 10947777
465 30 25564 10580174
466 30 23829 10754095
467 30 25857 10286624
468 30 27162 10319526
469 30 25968 10329143
470 30 27010 10831407
471 30 25552 10822499
472 30 28322 10832349
473 30 28380 10701592
474 30 27070 10613992
475 30 25716 10701120
476 30 26684 10979379
477 30 25474 11777559
478 30 25897 10513111
479 30 29380 10732494
480 30 27433 10378802
481 30 26086 10592178
482 30 26422 10956361
483 30 29470 10425561
484 30 26727 10437915
485 30 25838 10689440
486 30 24886 10154522
487 30 27923 10758487
488 30 25340 10792893
489 30 22885 10145451
490 30 25021 10923246
491 30 25943 10894788
492 30 26163 9947920
493 30 28587 10581526
494 30 22643 10095934
495 30 29097 10992134
496 30 25573 10277319
497 30 28066 10822402
498 30 26694 10377886
499 30 28633 10722679
500 30 29803 11227035
