1 30 23181 2286383
2 30 24660 690616
3 30 29816 677366
4 30 26616 624887
5 30 27150 1861710
6 30 27440 646006
7 30 27875 1382097
8 30 28817 1143985
9 30 27679 1148192
10 30 28046 2190804
11 30 24342 1189340
12 30 26608 1160386
13 30 26612 2089969
14 30 24405 2213751
15 30 24129 2148787
16 30 27138 1296996
17 30 25597 674102
18 30 29860 1151974
19 30 27703 2091406
20 30 29399 1147215
21 30 26261 2113632
22 30 25272 1629821
23 30 28007 1146611
24 30 25828 1812781
25 30 26736 1226532
26 30 25665 1831876
27 30 25431 620461
28 30 26691 1100417
29 30 26089 1197756
30 30 28046 1902312
31 30 28139 1082213
32 30 27252 1019852
33 30 26994 1034801
34 30 30649 899530
35 30 25004 1787713
36 30 27300 621042
37 30 25934 1519287
38 30 28048 961929
39 30 24204 1070679
40 30 29316 844491
41 30 26896 1963470
42 30 26988 598442
43 30 26204 1958215
44 30 26888 1233115
45 30 26856 1058517
46 30 25690 1918369
47 30 25974 1688167
48 30 24150 1113444
49 30 27502 1060517
50 30 28101 1767930
51 30 27719 1867847
52 30 25166 1197517
53 30 24371 1165192
54 30 24917 1094982
55 30 27221 1173475
56 30 27798 1567284
57 30 26113 1076944
58 30 26591 1017055
59 30 26885 1028095
60 30 24951 1069755
61 30 24731 1133546
62 30 28070 1548984
63 30 25818 1518195
64 30 26347 1743644
65 30 24689 1369416
66 30 22861 1070608
67 30 28123 1041196
68 30 29067 586051
69 30 25907 1051941
70 30 28608 1035879
71 30 26478 622553
72 30 27658 621589
73 30 25148 1097870
74 30 24820 1793149
75 30 23301 1724915
76 30 26944 1095285
77 30 27359 1014109
78 30 26694 1685733
79 30 27756 1187580
80 30 24469 633293
81 30 27660 1798141
82 30 25541 2042173
83 30 28777 1205608
84 30 25044 1310165
85 30 26953 675598
86 30 23706 989972
87 30 24875 1105018
88 30 26456 2046865
89 30 30373 1003289
90 30 27843 623453
91 30 24878 1834269
92 30 27883 1971690
93 30 25764 1140863
94 30 25521 1188971
95 30 27977 1127254
96 30 29493 619528
97 30 24315 1970589
98 30 26116 1067237
99 30 28373 1268868
100 30 25872 1108926
101 30 31188 328834
102 30 28148 1113743
103 30 24433 1165601
104 30 24620 1245700
105 30 25806 1902067
106 30 25504 1205687
107 30 25811 556960
108 30 29460 1080100
109 30 24251 1086472
110 30 23254 2612432
111 30 29538 1030111
112 30 25635 2051863
113 30 27000 1271826
114 30 32206 983983
115 30 28968 1807398
116 30 29723 989074
117 30 25069 1597015
118 30 24697 1128038
119 30 22679 2017590
120 30 29215 1035636
121 30 29633 606395
122 30 27796 975576
123 30 28477 941126
124 30 28699 1070929
125 30 25170 2044730
126 30 27395 1052366
127 30 29188 1565225
128 30 27734 1083277
129 30 26254 1108385
130 30 29046 1035267
131 30 27124 1017765
132 30 26444 1135597
133 30 26880 1056492
134 30 26419 616940
135 30 24024 2033725
136 30 26452 1202468
137 30 22562 1396544
138 30 29161 1067704
139 30 25744 1114111
140 30 25066 1001560
141 30 24256 1205985
142 30 24476 1194894
143 30 25323 622113
144 30 24868 1150744
145 30 28394 1064631
146 30 28344 1112499
147 30 26059 1113802
148 30 27839 1953007
149 30 24141 2119357
150 30 24373 1989280
151 30 26244 560004
152 30 27112 1653984
153 30 28501 663624
154 30 26170 1197768
155 30 25284 1056526
156 30 26294 1952162
157 30 27473 1335105
158 30 24419 1082725
159 30 26653 626999
160 30 27140 1151139
161 30 26700 1105587
162 30 28774 616873
163 30 27848 1049130
164 30 30765 576237
165 30 24235 3773428
166 30 23355 2758458
167 30 31314 1036742
168 30 23883 1154457
169 30 29365 1043353
170 30 25894 1757571
171 30 26771 1030624
172 30 23171 3550704
173 30 27689 1966023
174 30 26447 1150531
175 30 27156 655686
176 30 27350 1598412
177 30 25767 1035959
178 30 23088 2557882
179 30 28172 995126
180 30 25754 1962775
181 30 28734 325859
182 30 25012 1781794
183 30 27008 649668
184 30 26000 1976062
185 30 23419 1108537
186 30 23630 1240802
187 30 26555 1064799
188 30 28733 1591873
189 30 29850 635951
190 30 27245 2100472
191 30 25623 1922882
192 30 26118 1129655
193 30 25856 1157122
194 30 25173 2054181
195 30 23170 3464973
196 30 25352 1207551
197 30 25220 1031078
198 30 24512 1098107
199 30 26883 1098879
200 30 29184 1295336
201 30 26117 622440
202 30 24844 1151853
203 30 25825 1185026
204 30 26743 1912658
205 30 24273 2012803
206 30 26551 1047960
207 30 21540 2424286
208 30 28189 1379670
209 30 23969 2012907
210 30 25349 1092046
211 30 29041 603742
212 30 25556 1076549
213 30 27494 1055811
214 30 30572 599191
215 30 28160 1093757
216 30 26288 1788732
217 30 24714 1609736
218 30 24497 1735747
219 30 25358 2025868
220 30 28107 1364887
221 30 28557 1902971
222 30 27943 1186167
223 30 26081 1163260
224 30 27117 617199
225 30 28611 1074590
226 30 27636 1691800
227 30 25101 2496764
228 30 24203 1100257
229 30 28391 1186132
230 30 26799 938156
231 30 21757 2091509
232 30 27699 628558
233 30 26086 2171768
234 30 28099 1224479
235 30 25643 1100748
236 30 25569 2337357
237 30 21927 1950527
238 30 26700 1985607
239 30 25207 1016402
240 30 24020 1175168
241 30 26531 923349
242 30 23148 831803
243 30 27035 1521945
244 30 23984 2006558
245 30 24791 2237548
246 30 29469 1339120
247 30 27157 1059823
248 30 26441 1864255
249 30 25943 1177878
250 30 26354 1212818
251 30 25455 1915027
252 30 26610 648771
253 30 23331 2150400
254 30 26769 792971
255 30 30655 686688
256 30 26004 1759990
257 30 22522 2063523
258 30 28172 1218394
259 30 22626 1135140
260 30 26251 1118298
261 30 29156 1045359
262 30 25887 912948
263 30 29076 984513
264 30 26187 1054460
265 30 24546 1276408
266 30 28487 1335674
267 30 30141 903639
268 30 25442 592967
269 30 27981 1043490
270 30 27748 1931605
271 30 27779 1877662
272 30 27875 1188059
273 30 28846 1487569
274 30 26169 629959
275 30 24252 2010037
276 30 27866 1877820
277 30 24802 1998010
278 30 27933 1407342
279 30 26622 1437672
280 30 29037 1182087
281 30 23134 3054029
282 30 30110 1089856
283 30 25101 1076791
284 30 22414 3351412
285 30 26354 1088876
286 30 26496 1841838
287 30 25030 1986132
288 30 28033 1060309
289 30 25048 1352317
290 30 24428 1920315
291 30 28409 333353
292 30 25379 2863908
293 30 28258 1490335
294 30 28942 1182771
295 30 30730 1025897
296 30 28816 327977
297 30 24619 1051838
298 30 24939 2027364
299 30 25272 2014100
300 30 25621 990143
301 30 22592 2051320
302 30 26699 1051446
303 30 27527 597015
304 30 27688 1055417
305 30 26526 1038846
306 30 29892 1075156
307 30 24262 1165969
308 30 27021 2040895
309 30 27390 630550
310 30 25100 903085
311 30 28186 1059082
312 30 26498 1384522
313 30 25434 1056222
314 30 28748 1505192
315 30 25777 643307
316 30 26208 634331
317 30 25170 1113853
318 30 27953 1203275
319 30 25056 1273071
320 30 25169 562514
321 30 24323 1248534
322 30 25573 2113984
323 30 23985 1993933
324 30 27325 637196
325 30 27720 1039206
326 30 28455 1041141
327 30 29701 992319
328 30 28706 1364783
329 30 24980 2042421
330 30 26082 1046569
331 30 27922 1450015
332 30 25489 1174805
333 30 27026 1220094
334 30 27025 643472
335 30 28815 1094144
336 30 27826 617895
337 30 27101 1603276
338 30 29097 643595
339 30 27639 1052310
340 30 24335 1995395
341 30 22987 607179
342 30 23617 2201691
343 30 26422 1886778
344 30 29888 326288
345 30 25632 601218
346 30 23635 2558102
347 30 27037 1223490
348 30 26203 1971604
349 30 23011 2067371
350 30 30521 1011981
351 30 27489 1330018
352 30 27264 617701
353 30 26142 1210072
354 30 29752 1035960
355 30 25653 1056192
356 30 27910 1017784
357 30 27877 629801
358 30 30193 523792
359 30 27307 1131384
360 30 29932 1412974
361 30 26923 1127771
362 30 28275 966039
363 30 28325 1778357
364 30 25298 1050541
365 30 29773 956186
366 30 28822 974453
367 30 26879 981544
368 30 22294 2105428
369 30 29830 634788
370 30 25599 1937073
371 30 26686 1073044
372 30 25105 1108029
373 30 24964 1249671
374 30 28695 1114572
375 30 25567 2015595
376 30 28562 1077528
377 30 23848 1053887
378 30 22214 3286457
379 30 31072 1051767
380 30 25868 1103609
381 30 25253 1227183
382 30 24790 2228933
383 30 29142 1046686
384 30 27809 1426842
385 30 24512 1733745
386 30 23623 1899818
387 30 27613 1221456
388 30 23840 1164889
389 30 27942 640451
390 30 27459 628337
391 30 29028 592633
392 30 27309 1186557
393 30 27140 1184880
394 30 25937 1722340
395 30 27404 1037487
396 30 23529 2252028
397 30 27456 637670
398 30 23628 1765403
399 30 25611 1238990
400 30 26140 1967774
401 30 29116 1086875
402 30 27854 1179581
403 30 24204 1054054
404 30 29935 551340
405 30 28615 1366221
406 30 26340 1176124
407 30 25361 2138035
408 30 25907 1107151
409 30 23982 1334089
410 30 27501 2071635
411 30 26150 1183143
412 30 27575 1918476
413 30 27539 1175328
414 30 24699 1061782
415 30 26131 1014341
416 30 26876 1149678
417 30 27011 622079
418 30 25085 1978732
419 30 26629 643411
420 30 26301 1287441
421 30 26396 1130792
422 30 26434 1171544
423 30 24079 1093385
424 30 27678 1961608
425 30 25708 1261381
426 30 24854 1168542
427 30 29079 1034730
428 30 24721 1211782
429 30 28647 974322
430 30 25720 1070171
431 30 26940 1211388
432 30 26563 1154731
433 30 26002 606380
434 30 27706 1947162
435 30 25469 1598974
436 30 26455 1078828
437 30 29568 1178501
438 30 25064 2064951
439 30 23241 2059759
440 30 25905 1204998
441 30 27670 1192394
442 30 25044 1222738
443 30 27914 1902841
444 30 28058 994363
445 30 24645 2434157
446 30 27884 337464
447 30 24338 1157418
448 30 25124 1131294
449 30 29350 324718
450 30 28555 1198929
451 30 30839 1042881
452 30 25846 1810676
453 30 29125 832422
454 30 26822 624853
455 30 22237 2047835
456 30 25433 1365920
457 30 31454 641771
458 30 25171 1087488
459 30 25320 1135284
460 30 27990 1082590
461 30 24964 1004228
462 30 28497 1167381
463 30 24743 1047337
464 30 28136 1916023
465 30 24600 1088731
466 30 23434 1070666
467 30 25310 1039745
468 30 27162 946626
469 30 25968 1045715
470 30 27010 1678018
471 30 25552 2030474
472 30 28076 1979703
473 30 27457 615575
474 30 27070 1401685
475 30 25682 1162470
476 30 26684 1926705
477 30 25244 1079434
478 30 25419 1083851
479 30 28785 608699
480 30 27433 1970995
481 30 25837 616936
482 30 26422 994651
483 30 29343 572890
484 30 26727 1061421
485 30 25016 1139379
486 30 24606 550211
487 30 27772 1069304
488 30 25340 1761145
489 30 22549 1138719
490 30 24737 1985674
491 30 25943 1290702
492 30 26163 1039510
493 30 28096 635381
494 30 22125 2023864
495 30 29097 1229182
496 30 25573 1971685
497 30 28051 1071470
498 30 25837 609459
499 30 28262 625045
500 30 29803 1656442
