1 35 28215 1326
2 35 30483 1470
3 35 32311 1646
4 35 31403 1582
5 35 35483 1671
6 35 31004 1884
7 35 31988 1626
8 35 35774 1593
9 35 30026 1446
10 35 29291 1118
11 35 31954 1307
12 35 29962 977
13 35 28662 1106
14 35 32095 1222
15 35 33443 1310
16 35 30748 987
17 35 35345 1141
18 35 30863 691
19 35 30796 685
20 35 31371 733
21 35 28703 633
22 35 33729 839
23 35 28814 507
24 35 32702 625
25 35 29749 548
26 35 32338 602
27 35 34912 714
28 35 30783 597
29 35 31902 749
30 35 32281 825
31 35 32360 843
32 35 30274 883
33 35 33712 1031
34 35 31069 892
35 35 32917 938
36 35 30376 756
37 35 30670 755
38 35 32276 789
39 35 31022 687
40 35 28936 602
41 35 31718 690
42 35 28960 633
43 35 34170 810
44 35 32024 744
45 35 30623 692
46 35 28525 629
47 35 32211 740
48 35 31769 668
49 35 29922 608
50 35 32739 709
51 35 31517 657
52 35 29014 582
53 35 29031 565
54 35 31283 647
55 35 31532 640
56 35 28501 579
57 35 29109 556
58 35 34532 1328
59 35 31585 654
60 35 32384 633
61 35 31943 628
62 35 31515 615
63 35 30961 731
64 35 27202 595
65 35 28340 509
66 35 32456 600
67 35 32666 621
68 35 31856 706
69 35 30218 669
70 35 33153 851
71 35 29554 833
72 35 29932 863
73 35 33206 1027
74 35 28939 982
75 35 27864 875
76 35 32702 1083
77 35 33045 1131
78 35 32064 1079
79 35 30892 1290
80 35 31704 1188
81 35 30623 1218
82 35 33150 1550
83 35 34550 1521
84 35 28028 1103
85 35 32351 1133
86 35 29559 730
87 35 35817 810
88 35 33444 670
89 35 28790 554
90 35 28659 651
91 35 30649 516
92 35 30184 601
93 35 34377 681
94 35 30667 582
95 35 27223 478
96 35 30530 593
97 35 32179 606
98 35 35882 739
99 35 33757 715
100 35 35069 747
101 35 30285 618
102 35 26568 469
103 35 31003 491
104 35 35035 699
105 35 35359 696
106 35 33118 543
107 35 33404 644
108 35 29701 555
109 35 31220 501
110 35 35094 691
111 35 30389 523
112 35 35007 669
113 35 30097 553
114 35 33615 600
115 35 30431 564
116 35 30151 578
117 35 30166 607
118 35 27450 489
119 35 31709 566
120 35 32697 583
121 35 28471 562
122 35 28751 472
123 35 32145 610
124 35 27079 484
125 35 32772 598
126 35 34936 616
127 35 31268 622
128 35 28078 445
129 35 27786 440
130 35 32759 635
131 35 33026 544
132 35 32048 517
133 35 28202 551
134 35 32449 703
135 35 32960 629
136 35 28844 466
137 35 32236 659
138 35 30132 552
139 35 33411 656
140 35 35717 757
141 35 30799 699
142 35 30935 597
143 35 27202 563
144 35 36839 957
145 35 29751 685
146 35 31478 704
147 35 29755 676
148 35 28097 622
149 35 31711 773
150 35 33156 830
151 35 31591 831
152 35 29722 883
153 35 27657 712
154 35 31798 898
155 35 30751 811
156 35 34100 1075
157 35 30355 794
158 35 31573 765
159 35 29193 700
160 35 27130 631
161 35 31539 774
162 35 34805 1070
163 35 33696 1221
164 35 28239 1024
165 35 33932 1335
166 35 30241 1164
167 35 28549 1116
168 35 27322 1075
169 35 29691 1360
170 35 30121 1287
171 35 30928 1061
172 35 32551 908
173 35 31415 971
174 35 29567 1046
175 35 31436 1365
176 35 27659 1246
177 35 31808 1469
178 35 28066 1237
179 35 30701 1491
180 35 27745 1118
181 35 31897 1426
182 35 33940 1290
183 35 33051 1164
184 35 33715 1159
185 35 35164 1222
186 35 29798 1076
187 35 29544 1290
188 35 27765 1235
189 35 33436 1543
190 35 29807 1348
191 35 34828 1653
192 35 30071 1269
193 35 33595 1501
194 35 31841 1447
195 35 29756 1340
196 35 29522 1298
197 35 30344 1377
198 35 35928 1517
199 35 24880 748
200 35 30908 1403
201 35 33007 1211
202 35 30591 1987
203 35 29080 992
204 35 29873 881
205 35 28002 775
206 35 30319 1116
207 35 29681 1141
208 35 30993 1123
209 35 27701 1031
210 35 29087 1070
211 35 28170 755
212 35 32874 1102
213 35 30500 1236
214 35 31676 1271
215 35 30370 1192
216 35 28550 1105
217 35 32690 1320
218 35 26792 1002
219 35 32947 1270
220 35 33850 1261
221 35 27892 982
222 35 28639 1005
223 35 30655 1289
224 35 32578 1035
225 35 33016 1431
226 35 32586 1225
227 35 30675 1208
228 35 30902 1201
229 35 30486 1379
230 35 36316 1410
231 35 31056 1439
232 35 30844 1150
233 35 31122 1315
234 35 32987 1142
235 35 34086 972
236 35 32852 856
237 35 27265 510
238 35 32531 616
239 35 28748 630
240 35 35517 852
241 35 32319 823
242 35 27838 679
243 35 34335 949
244 35 28002 758
245 35 28941 739
246 35 28263 650
247 35 30555 753
248 35 33232 864
249 35 28490 700
250 35 32076 793
251 35 32301 817
252 35 32050 845
253 35 31844 881
254 35 35856 1066
255 35 33309 1204
256 35 29795 897
257 35 28028 808
258 35 33459 996
259 35 27214 847
260 35 30413 860
261 35 32990 951
262 35 32518 912
263 35 31162 960
264 35 32193 906
265 35 28481 731
266 35 34166 1022
267 35 30755 1041
268 35 33884 899
269 35 30181 770
270 35 29971 743
271 35 31887 772
272 35 31027 722
273 35 30362 952
274 35 32551 1281
275 35 28635 913
276 35 29647 1006
277 35 29376 1248
278 35 29850 764
279 35 31456 889
280 35 31763 813
281 35 33465 870
282 35 32389 817
283 35 33836 975
284 35 29638 914
285 35 31382 1215
286 35 31154 1344
287 35 31967 1508
288 35 30809 1414
289 35 33853 1482
290 35 33781 1090
291 35 32448 1483
292 35 32222 1510
293 35 28135 1138
294 35 26286 1167
295 35 30659 1252
296 35 33833 1636
297 35 32675 1538
298 35 27395 1131
299 35 32391 1575
300 35 28365 1238
301 35 30278 1432
302 35 31068 1530
303 35 34379 1700
304 35 31025 1405
305 35 34452 1631
306 35 31511 1415
307 35 32966 1538
308 35 33101 1560
309 35 31825 1489
310 35 36692 1816
311 35 32311 1533
312 35 32783 1516
313 35 33026 1450
314 35 28951 1284
315 35 38447 1858
316 35 31605 1350
317 35 26800 954
318 35 33435 1547
319 35 29799 1406
320 35 31729 1509
321 35 30392 1421
322 35 31140 1338
323 35 30210 1338
324 35 33658 1541
325 35 25199 786
326 35 33152 1268
327 35 31065 1410
328 35 30540 1232
329 35 27589 1191
330 35 34435 1472
331 35 28593 1250
332 35 31166 1421
333 35 29046 922
334 35 31139 969
335 35 32723 942
336 35 33783 1082
337 35 34332 1131
338 35 32379 958
339 35 32368 1026
340 35 28369 996
341 35 28819 1223
342 35 32754 1510
343 35 27859 1204
344 35 30628 1335
345 35 30743 1471
346 35 32829 1585
347 35 29823 1378
348 35 35264 1715
349 35 32007 2672
350 35 29860 1436
351 35 31892 1509
352 35 29529 1386
353 35 28999 1337
354 35 32381 1518
355 35 31620 1479
356 35 32804 1522
357 35 29789 1373
358 35 29135 1346
359 35 35317 1783
360 35 27842 1193
361 35 31583 1460
362 35 31324 1430
363 35 29545 1240
364 35 29676 1403
365 35 31552 1429
366 35 31551 1068
367 35 30403 1326
368 35 30126 974
369 35 32257 928
370 35 32563 953
371 35 32019 876
372 35 30836 996
373 35 31132 919
374 35 32240 957
375 35 29210 769
376 35 34987 898
377 35 28822 658
378 35 28978 854
379 35 29391 930
380 35 34017 1089
381 35 29740 763
382 35 34439 1032
383 35 30002 900
384 35 32529 1021
385 35 28105 747
386 35 31431 940
387 35 31915 1104
388 35 39592 1341
389 35 33115 1225
390 35 31584 781
391 35 32103 910
392 35 27653 761
393 35 30944 672
394 35 35119 774
395 35 29649 563
396 35 33224 679
397 35 29973 605
398 35 31271 644
399 35 30495 611
400 35 32541 678
401 35 29691 604
402 35 30093 602
403 35 30972 659
404 35 30674 652
405 35 30945 626
406 35 28549 745
407 35 35165 935
408 35 30907 781
409 35 31208 1046
410 35 31650 914
411 35 29935 864
412 35 30404 815
413 35 35859 993
414 35 32128 964
415 35 29558 894
416 35 34221 999
417 35 32480 945
418 35 27752 609
419 35 31373 718
420 35 29763 697
421 35 30431 743
422 35 29104 645
423 35 29308 673
424 35 32834 983
425 35 29060 700
426 35 31264 825
427 35 31133 835
428 35 32712 969
429 35 32384 938
430 35 32435 885
431 35 34331 1041
432 35 31722 998
433 35 28912 1128
434 35 33391 1043
435 35 31193 894
436 35 26847 725
437 35 26604 954
438 35 32439 1021
439 35 31000 907
440 35 32511 934
441 35 34925 992
442 35 30853 751
443 35 33755 790
444 35 33643 781
445 35 31274 684
446 35 30996 653
447 35 36732 835
448 35 34993 765
449 35 32974 654
450 35 31762 610
451 35 30429 596
452 35 31574 620
453 35 29891 705
454 35 29850 715
455 35 29284 895
456 35 31581 1098
457 35 29682 1191
458 35 33296 1417
459 35 30840 1248
460 35 35202 1538
461 35 33949 1206
462 35 31454 1029
463 35 31724 1018
464 35 29290 845
465 35 26775 794
466 35 31551 990
467 35 32210 997
468 35 29550 812
469 35 32526 742
470 35 32316 709
471 35 30177 567
472 35 34371 676
473 35 29615 674
474 35 29002 626
475 35 27046 729
476 35 31397 791
477 35 30949 801
478 35 33681 1196
479 35 32890 1425
480 35 24839 859
481 35 29395 811
482 35 30473 1054
483 35 31110 1016
484 35 28389 873
485 35 30021 966
486 35 29446 1047
487 35 33291 1882
488 35 30806 1186
489 35 28217 1144
490 35 35255 1689
491 35 29445 1278
492 35 31751 1422
493 35 33596 1317
494 35 32226 1578
495 35 27726 1026
496 35 28694 1253
497 35 35628 1361
498 35 32747 1001
499 35 27531 905
500 35 29684 1227
