1 35 28215 19056381
2 35 29577 10740626
3 35 31633 10010081
4 35 31287 10969969
5 35 35483 17255465
6 35 30009 10713290
7 35 31988 9450482
8 35 35774 17577287
9 35 29112 18953572
10 35 28728 19027412
11 35 31740 20098171
12 35 29556 18163771
13 35 28662 59185353
14 35 31262 18469311
15 35 33443 16918511
16 35 30265 20057665
17 35 34172 10250734
18 35 30863 32146378
19 35 30796 18411265
20 35 31308 10648846
21 35 28249 17925585
22 35 33729 9361384
23 35 28814 40295632
24 35 32702 22420951
25 35 29749 17012543
26 35 32338 21498738
27 35 34019 5450197
28 35 30239 10468383
29 35 30700 10401441
30 35 32281 18085781
31 35 32360 13933581
32 35 30274 17004488
33 35 33712 18443120
34 35 31052 17720966
35 35 32917 18764650
36 35 29722 9420060
37 35 30634 20361009
38 35 32276 17105489
39 35 30027 18462134
40 35 28840 19093159
41 35 31718 19651371
42 35 28066 18113578
43 35 34170 19600905
44 35 32024 16476366
45 35 30623 31401753
46 35 28076 35256802
47 35 32211 9379625
48 35 30634 18291175
49 35 29922 18205098
50 35 32739 16987656
51 35 31517 15644165
52 35 28755 10435907
53 35 28475 10340999
54 35 31195 10159428
55 35 31532 21674995
56 35 28501 17451001
57 35 28660 19798414
58 35 34532 20305907
59 35 31585 9238363
60 35 32005 9149347
61 35 31163 9225099
62 35 31515 16685564
63 35 30961 18640369
64 35 27202 67474290
65 35 28340 18907005
66 35 31707 10195894
67 35 32666 20426563
68 35 31281 10670450
69 35 30218 17604468
70 35 33153 17492866
71 35 28687 18616117
72 35 29682 31427401
73 35 32759 10642170
74 35 28939 22173530
75 35 27864 16911702
76 35 31888 18192093
77 35 33045 16557194
78 35 32064 18462607
79 35 30275 17304669
80 35 31000 19620464
81 35 30623 30760741
82 35 32740 17292525
83 35 34178 17342735
84 35 28028 42762105
85 35 32351 17301001
86 35 29559 27661791
87 35 35817 5279127
88 35 33444 16310439
89 35 28790 37619585
90 35 28069 9419615
91 35 30649 19736952
92 35 30184 14735868
93 35 34377 19077605
94 35 30667 31158404
95 35 26593 35200440
96 35 30037 9853100
97 35 32179 24842097
98 35 35681 10483131
99 35 33757 9297063
100 35 33920 10144350
101 35 29956 19462291
102 35 26141 10265578
103 35 30467 34152307
104 35 35035 9252285
105 35 35359 17911341
106 35 33118 20699370
107 35 33404 9453535
108 35 29204 18723971
109 35 30740 20596991
110 35 35094 16077984
111 35 30347 32151449
112 35 35007 16857679
113 35 30097 17941091
114 35 33499 19209550
115 35 30431 32284350
116 35 30151 34228177
117 35 30166 31511606
118 35 27041 35047138
119 35 31709 17118003
120 35 32697 17834581
121 35 27467 17903544
122 35 28733 35948602
123 35 32145 17280637
124 35 26432 34132288
125 35 31906 19643678
126 35 34936 16638826
127 35 31268 23300957
128 35 28078 34617249
129 35 27741 34305132
130 35 32759 16843348
131 35 33026 32868273
132 35 32048 17865818
133 35 27835 16034865
134 35 31742 17754984
135 35 32960 21623501
136 35 28605 19048563
137 35 32236 16862422
138 35 29741 17739840
139 35 33078 10300976
140 35 35717 17928807
141 35 29866 5610812
142 35 30731 17525065
143 35 26524 35114264
144 35 36787 10565924
145 35 29751 18701036
146 35 31217 9964176
147 35 29755 17369238
148 35 28097 29935455
149 35 31711 21447022
150 35 32231 18454138
151 35 31591 9052716
152 35 29722 18313011
153 35 26687 34346735
154 35 31592 10408681
155 35 30751 29234961
156 35 34100 10434669
157 35 30355 32614574
158 35 31336 19780011
159 35 28304 17840276
160 35 27130 25042685
161 35 31291 17945293
162 35 34171 17452975
163 35 33696 17195035
164 35 28239 28656335
165 35 33744 10343899
166 35 30241 32585734
167 35 28549 32221695
168 35 27322 52423074
169 35 29634 16738832
170 35 30121 23075225
171 35 30928 16965208
172 35 32551 21922021
173 35 31415 17404859
174 35 28920 17181902
175 35 31160 19669521
176 35 27659 29314157
177 35 31808 31895385
178 35 28066 28275761
179 35 30701 20762547
180 35 27745 31829176
181 35 31186 10470075
182 35 33940 28335951
183 35 32334 17896196
184 35 33715 18011772
185 35 35119 17038008
186 35 29230 20016321
187 35 29544 33304365
188 35 27765 45390014
189 35 32555 17600227
190 35 29807 12339362
191 35 34828 15344979
192 35 30071 29378136
193 35 33063 10332334
194 35 31841 9191594
195 35 29756 17483359
196 35 29466 33236125
197 35 30344 17465952
198 35 35276 10539013
199 35 24422 34052516
200 35 30698 17595182
201 35 33007 10249203
202 35 30591 28056623
203 35 28995 19281127
204 35 29873 30474611
205 35 27783 19296832
206 35 30116 9250128
207 35 29681 17608645
208 35 30993 27612545
209 35 27701 30355522
210 35 29087 25562842
211 35 27188 18545597
212 35 31881 9588714
213 35 30490 17059249
214 35 30903 9507981
215 35 30370 16283590
216 35 28550 17844237
217 35 32690 17008288
218 35 26792 18301117
219 35 32947 15962080
220 35 33850 9050480
221 35 27892 23850350
222 35 28550 32011978
223 35 30655 17724605
224 35 32250 20466100
225 35 33016 16716316
226 35 32586 16920962
227 35 30675 16123633
228 35 30047 10494337
229 35 30470 19113356
230 35 36316 16947171
231 35 30494 9125423
232 35 29935 9737715
233 35 31122 16167033
234 35 32869 17958288
235 35 33462 17684124
236 35 32852 27425318
237 35 26889 19232171
238 35 32439 18105792
239 35 28748 17894650
240 35 34463 10525718
241 35 32319 34406476
242 35 27838 34388631
243 35 34335 9351257
244 35 28002 10869496
245 35 28376 33453167
246 35 28263 33553837
247 35 30555 23893365
248 35 33232 17253119
249 35 28100 17212502
250 35 31012 18139637
251 35 32301 17930129
252 35 31517 20207873
253 35 31844 17351498
254 35 35856 16935957
255 35 33309 14801970
256 35 29795 30125201
257 35 27465 17681833
258 35 33178 17328713
259 35 27214 35044155
260 35 30413 32348992
261 35 32990 16072889
262 35 32518 17928294
263 35 31162 16341350
264 35 32193 24822061
265 35 28481 56282149
266 35 34166 11052864
267 35 30755 12702362
268 35 33453 18002535
269 35 30181 16696594
270 35 29971 17132164
271 35 31833 18467127
272 35 30761 17399424
273 35 30195 17738323
274 35 32162 17582961
275 35 28245 18145601
276 35 29647 17459636
277 35 29291 10023312
278 35 29850 35518157
279 35 31456 18157937
280 35 31763 19311150
281 35 33465 9533779
282 35 32389 9118240
283 35 33216 9910973
284 35 29638 17827868
285 35 31215 17744027
286 35 31154 31055672
287 35 31967 17301536
288 35 30809 18409256
289 35 33748 9894906
290 35 33781 16545849
291 35 31730 9876079
292 35 32222 17497363
293 35 28135 32271538
294 35 26286 15556981
295 35 30510 31989922
296 35 33671 10339472
297 35 32354 10392839
298 35 27272 18779035
299 35 31936 17982550
300 35 28313 29973687
301 35 29638 17403734
302 35 30938 10410951
303 35 34379 9167544
304 35 30391 18481074
305 35 34452 15574298
306 35 31400 10350421
307 35 32362 9392311
308 35 33101 15469565
309 35 30770 10050780
310 35 36692 16503459
311 35 31854 17857888
312 35 32783 11371995
313 35 33026 13898004
314 35 28951 19859026
315 35 37610 5601611
316 35 31605 19625369
317 35 26644 35207558
318 35 33132 9632129
319 35 29799 36419066
320 35 31351 20180418
321 35 29730 17938180
322 35 31140 17483848
323 35 30210 17790206
324 35 33157 17548566
325 35 25199 31933256
326 35 33018 10245117
327 35 31065 17736957
328 35 30540 17080313
329 35 27589 19782803
330 35 34389 10090051
331 35 28593 19944019
332 35 31166 10024003
333 35 27967 10599349
334 35 30236 10516388
335 35 32723 21986944
336 35 33185 10892437
337 35 34332 15526962
338 35 32068 33767285
339 35 32031 9249708
340 35 28369 21945978
341 35 28189 33843944
342 35 32732 17681621
343 35 27859 23439780
344 35 29932 10675875
345 35 30316 17630700
346 35 32829 9536647
347 35 29205 18302643
348 35 35264 21123602
349 35 31476 9524807
350 35 29745 32506981
351 35 31892 17598531
352 35 28809 20325010
353 35 28219 18112742
354 35 32381 25526919
355 35 31274 20530444
356 35 32798 17189252
357 35 29789 19332894
358 35 29135 19540340
359 35 34121 9987733
360 35 27836 29312195
361 35 30475 9726248
362 35 31324 20532908
363 35 29545 20907531
364 35 29446 17932588
365 35 31552 19099460
366 35 31434 33258428
367 35 30403 29537321
368 35 30126 15193215
369 35 31666 10589705
370 35 32563 18352694
371 35 32019 17149112
372 35 30669 18658995
373 35 31132 16276110
374 35 32240 29487659
375 35 29151 35178828
376 35 34385 10793723
377 35 28484 20056466
378 35 28978 18880473
379 35 28922 18268760
380 35 33887 18506963
381 35 29132 35269654
382 35 34439 25474341
383 35 30002 24282854
384 35 32529 14687882
385 35 28105 18210666
386 35 31431 18444247
387 35 31471 17518360
388 35 38855 10051481
389 35 33020 19646030
390 35 31183 18285816
391 35 31864 17833305
392 35 26884 35338296
393 35 30038 18088759
394 35 35119 8851642
395 35 29649 25692587
396 35 33224 20067764
397 35 29973 19163533
398 35 31267 17647735
399 35 30310 31454815
400 35 32541 22984258
401 35 29579 31822139
402 35 30093 34808631
403 35 30972 12468778
404 35 30674 10039489
405 35 30945 27477788
406 35 27837 33602096
407 35 34655 5331516
408 35 29993 10555168
409 35 31100 17704090
410 35 31650 31919573
411 35 29495 18596645
412 35 30404 20382143
413 35 34747 17889880
414 35 31755 20043155
415 35 29558 21441985
416 35 33992 17171842
417 35 31829 18573704
418 35 27752 15965143
419 35 31068 17586147
420 35 29763 17317182
421 35 30251 33065021
422 35 29104 33745873
423 35 29308 20090015
424 35 32764 19446765
425 35 29060 40239851
426 35 30289 18019353
427 35 31133 33684180
428 35 31517 10251296
429 35 32384 17524648
430 35 31877 17618507
431 35 33711 17366741
432 35 31307 19556808
433 35 28631 9698261
434 35 33391 19949068
435 35 31193 16122267
436 35 26431 17522480
437 35 26091 31151081
438 35 32439 16348488
439 35 30647 18275604
440 35 32114 9188510
441 35 33814 18518147
442 35 29736 9804338
443 35 33755 22696930
444 35 33643 14251956
445 35 31274 33391395
446 35 30742 17666837
447 35 36732 8994804
448 35 34810 5425630
449 35 32239 5447625
450 35 31355 10037750
451 35 30429 34890597
452 35 31574 28674381
453 35 29891 26422885
454 35 29523 10175164
455 35 28823 18250562
456 35 31581 24735002
457 35 28988 10299789
458 35 33028 10273663
459 35 30822 19420087
460 35 34648 4971447
461 35 33949 13725243
462 35 31032 18577510
463 35 31539 19783056
464 35 29290 17884497
465 35 25735 17937400
466 35 31033 17301691
467 35 31488 17685218
468 35 29550 57087696
469 35 32526 11957513
470 35 32316 18044633
471 35 30177 15819193
472 35 33937 17017305
473 35 28447 18898556
474 35 29002 34766422
475 35 26926 17589832
476 35 31397 20553050
477 35 30665 17888280
478 35 33360 10783278
479 35 32678 10668128
480 35 24839 17708945
481 35 28580 33695760
482 35 30473 17412103
483 35 30945 10204691
484 35 28389 26834244
485 35 28843 9347486
486 35 29170 19398355
487 35 33115 17225561
488 35 30806 17341507
489 35 27859 9398259
490 35 35157 10327942
491 35 29445 13842942
492 35 31751 35338728
493 35 32288 10583648
494 35 31620 10506393
495 35 27726 17538344
496 35 28694 17628593
497 35 35613 16164024
498 35 31672 9886018
499 35 27433 18769310
500 35 29684 16133543
