1 35 27983 302877603
2 35 30483 312569126
3 35 32311 318762269
4 35 31403 334626605
5 35 35483 327725537
6 35 30757 323305142
7 35 31988 315549116
8 35 35774 330360858
9 35 30026 317131409
10 35 29291 336619012
11 35 31738 336871345
12 35 29962 297237907
13 35 28662 323608754
14 35 32095 327947289
15 35 33443 316630469
16 35 30748 328979878
17 35 35331 343057652
18 35 30863 320959251
19 35 30796 331849598
20 35 31371 319671799
21 35 28703 331917918
22 35 33729 312495291
23 35 28814 321227228
24 35 32702 349164925
25 35 29749 310403647
26 35 32338 329590517
27 35 34908 328407312
