1 32 9546 11
2 32 2081 5
3 32 15129 48
4 32 33814 8756
5 32 43155 43870
6 32 2017 4
7 32 24927 304
8 32 29988 919
9 32 10464 11
10 32 21369 337
11 32 15048 36
12 32 5230 4
13 32 23137 206
14 32 6165 5
15 32 28663 1150
16 32 9467 7
17 32 2354 4
18 32 46462 57197
19 32 20068 96
20 32 35570 15125
21 32 21833 781
22 32 28482 7296
23 32 14255 53
24 32 35275 3604
25 32 38104 100664
26 32 35729 15289
27 32 3101 5
28 32 4285 4
29 32 2126 4
30 32 25932 453
31 32 32802 2499
32 32 39078 20760
33 32 34682 14098
34 32 15736 32
35 32 35349 15054
36 32 10724 9
37 32 19600 273
38 32 2675 6
39 32 7224 8
40 32 5283 4
41 32 24885 1269
42 32 6964 5
43 32 38973 19355
44 32 29821 860
45 32 35250 4965
46 32 23101 1145
47 32 22000 128
48 32 3937 5
49 32 30551 5292
50 32 34122 11040
51 32 37373 37986
52 32 10520 7
53 32 8306 10
54 32 3274 5
55 32 42334 14176
56 32 23990 426
57 32 12968 16
58 32 24152 315
59 32 38870 11008
60 32 29490 15682
61 32 9733 9
62 32 39392 16896
63 32 36515 17028
64 32 32826 16788
65 32 20419 250
66 32 6765 7
67 32 10239 10
68 32 4050 4
69 32 12146 29
70 32 29007 3217
71 32 4880 5
72 32 24230 4343
73 32 29077 2775
74 32 18784 135
75 32 26121 1089
76 32 11163 43
77 32 13678 12
78 32 30692 3530
79 32 17479 117
80 32 16382 29
81 32 13981 11
82 32 16360 33
83 32 21327 296
84 32 22871 935
85 32 11975 14
86 32 35242 15007
87 32 39452 51327
88 32 33810 48973
89 32 28100 7085
90 32 16286 34
91 32 38867 28976
92 32 26020 620
93 32 33761 95028
94 32 16761 57
95 32 3864 5
96 32 18557 389
97 32 21247 152
98 32 31219 16693
99 32 33328 6852
100 32 4452 4
101 32 25858 489
102 32 3467 5
103 32 21852 608
104 32 19865 496
105 32 26421 2035
106 32 42023 18657
107 32 17566 30
108 32 3112 4
109 32 7169 6
110 32 19967 56
111 32 34870 13443
112 32 28726 1803
113 32 12457 31
114 32 23167 1127
115 32 24174 834
116 32 12200 47
