1 32 11711 1112839
2 32 2388 0
3 32 15634 1926650
4 32 35001 40367112
5 32 43155 45620372
6 32 3694 75
7 32 24927 1070349
8 32 29988 21517007
9 32 12221 85450
10 32 23016 32826699
11 32 15948 3152584
12 32 7304 15
13 32 23137 920116
14 32 7840 24046
15 32 28663 2608466
16 32 10198 579
17 32 4706 101
18 32 46462 45057076
19 32 20068 35946
20 32 35869 39464838
21 32 23829 32225675
22 32 28482 31582790
23 32 14255 2563
24 32 35275 45908064
25 32 38104 45273952
26 32 35729 43490416
27 32 4403 103
28 32 5503 1147
29 32 3907 18
30 32 25932 142667
31 32 32802 20272689
32 32 39078 46597101
33 32 34682 38464950
34 32 16286 11416
35 32 35349 46178445
36 32 12490 2150043
37 32 19806 412744
38 32 2675 1
39 32 9101 112744
40 32 5283 11
41 32 24885 4056127
42 32 7111 13717
43 32 38973 45336800
44 32 29821 6477891
45 32 35250 32829553
46 32 24642 30848373
47 32 22000 130972
48 32 4388 49
49 32 30551 46396685
50 32 34122 37362390
51 32 37373 45673374
52 32 11749 154
53 32 10484 196006
54 32 4631 135
55 32 42334 46858012
56 32 23990 957929
57 32 14569 4500528
58 32 24152 1007737
59 32 38870 42432364
60 32 29708 44146910
61 32 11629 84161
62 32 39392 33636629
63 32 36515 45258591
64 32 32826 43967194
65 32 20419 649834
66 32 8339 36540
67 32 10239 180
68 32 4894 165
69 32 12146 721
70 32 29007 10127101
71 32 6379 6156
72 32 24509 41883521
73 32 30550 42406569
74 32 18784 43195
75 32 26121 10027624
76 32 12410 1142047
77 32 13678 165
78 32 30692 16014209
79 32 18308 25910778
80 32 17701 8650555
81 32 13981 799
82 32 18161 95456
83 32 23722 27442185
84 32 22871 1486679
85 32 11975 470
86 32 35242 39327829
87 32 39452 45210631
88 32 33810 45528978
89 32 28100 24844630
90 32 17123 3999374
91 32 38867 48836895
92 32 26020 1063204
93 32 33761 44320670
94 32 16761 14532
95 32 4927 10
96 32 19632 17638568
97 32 21247 268445
98 32 31852 47516323
99 32 33328 47334973
100 32 6341 19987
101 32 27228 30981601
102 32 5814 228
103 32 24181 28850472
104 32 19865 956493
105 32 26421 7114870
106 32 42023 45674297
107 32 17566 7700
108 32 4182 3
109 32 8638 73745
110 32 19967 73361
111 32 35899 44964856
112 32 28726 4363514
113 32 12457 709
114 32 24370 4132753
115 32 24174 2404405
116 32 12200 4771
117 32 32272 48586860
118 32 28974 46326340
119 32 1783 0
120 32 39159 45830233
121 32 4952 3452
122 32 6964 7
123 32 31065 32633244
124 32 7617 4161
125 32 11590 488253
126 32 3461 3
127 32 37087 46653314
128 32 37304 45146512
129 32 10958 146
130 32 17808 6067
131 32 36239 45287262
132 32 0 0
133 32 29089 43895905
134 32 13783 1856449
135 32 17235 7130
136 32 8875 291
137 32 31220 19485390
138 32 21479 30360759
139 32 10940 173970
140 32 35233 46436624
141 32 13314 56490
142 32 23687 44782377
143 32 11223 346138
144 32 32105 30353520
145 32 25155 2132224
146 32 9243 613
147 32 26567 6218655
148 32 36915 45976127
149 32 38201 40750922
150 32 7318 27633
151 32 13938 1029
152 32 44704 45862359
153 32 4428 390
154 32 26171 44113743
155 32 30081 14812587
156 32 38066 47379940
157 32 32344 19989222
158 32 20572 18727544
159 32 6413 612
160 32 25648 3312556
161 32 26006 16883752
162 32 21276 31019255
163 32 33017 49552195
164 32 30902 27423145
165 32 16340 653461
166 32 20912 220948
167 32 25679 4940509
168 32 40736 46170222
169 32 41038 45737095
170 32 29301 33824525
171 32 17117 1483
172 32 12406 184
173 32 34781 26428634
174 32 18756 10721949
175 32 19074 12974082
176 32 24819 1988166
177 32 17785 118536
178 32 31177 39080892
179 32 16199 42569
180 32 15021 1597
181 32 8004 3157
182 32 8227 83
183 32 19339 11112627
184 32 33228 34463672
185 32 1338 0
186 32 8248 8138
187 32 21532 134033
188 32 43289 45340699
189 32 11302 1801117
190 32 25305 9479535
191 32 21840 576842
192 32 40918 45448664
193 32 11062 77514
194 32 26769 3961695
195 32 3138 1
196 32 16643 708
197 32 42094 45808236
198 32 1889 1
199 32 22892 27598350
200 32 27713 30378816
201 32 9907 49141
202 32 34221 46289426
203 32 15223 1445975
204 32 22665 2593934
205 32 18870 31235900
206 32 19271 395569
207 32 42646 46262494
208 32 36868 46237007
209 32 37339 45523764
210 32 20265 173969
211 32 7765 6109
212 32 6012 297
213 32 21032 192881
214 32 16112 6438673
215 32 42291 47217616
216 32 40232 45527081
217 32 24800 940617
218 32 40439 45275128
219 32 17481 96203
220 32 25992 12130340
221 32 29105 13120020
222 32 31997 45451053
223 32 36590 45403475
224 32 11556 662553
225 32 29457 24081240
226 32 41341 44949668
227 32 35824 37789837
228 32 7525 5259
229 32 24265 3490057
230 32 27438 23913884
231 32 18205 8178457
232 32 9928 320610
233 32 13443 2053
234 32 31733 46165373
235 32 19978 24209299
236 32 30670 13707200
237 32 19439 19959725
238 32 34609 45477113
239 32 35411 45919059
240 32 5724 836
241 32 15535 26586
242 32 19987 50812
243 32 10424 76
244 32 42436 46098263
245 32 10863 152808
246 32 43175 45870656
247 32 28939 42066616
248 32 34600 22429561
249 32 26858 38068533
250 32 7331 2545
251 32 13913 3215
252 32 11916 644432
253 32 34409 25473370
254 32 29025 14361966
255 32 12122 466
256 32 16432 13628
257 32 17855 16910741
258 32 26089 45830166
259 32 7813 21964
260 32 32468 29592309
261 32 26389 17482527
262 32 38289 45230018
263 32 22280 697185
264 32 26280 22960353
265 32 26557 3861059
266 32 9115 102
267 32 27934 24474864
268 32 23797 43027809
269 32 14761 2249
270 32 20318 110834
271 32 34352 46659043
272 32 33724 46332666
273 32 19562 99676
274 32 23446 16104795
275 32 21812 25028039
276 32 38447 44516486
277 32 11152 2795057
278 32 41079 46920974
279 32 38248 37396862
280 32 16669 7767819
281 32 33200 46337017
282 32 38762 46296812
283 32 24184 33685431
284 32 28801 9848018
285 32 33524 46230316
286 32 22256 303432
287 32 42857 45878046
288 32 24751 2117141
289 32 31361 44691129
290 32 13961 788
291 32 11278 192719
292 32 36374 45940772
293 32 2433 1
294 32 35224 45103411
295 32 33844 46328601
296 32 15925 10004700
297 32 19882 16596357
298 32 16388 5975323
299 32 23923 42417674
300 32 21681 2277353
301 32 20467 19241354
302 32 31413 47164045
303 32 37510 45838232
304 32 18713 13343179
305 32 30688 18182937
306 32 31301 46266977
307 32 17659 3634004
308 32 24149 2754499
309 32 8227 39393
310 32 33836 35890952
311 32 24711 6915928
312 32 23458 656633
313 32 36509 45325014
314 32 29874 41780638
315 32 8816 9654
316 32 9392 15080
317 32 12168 9080
318 32 17681 30276
319 32 35188 45786390
320 32 8475 6609
321 32 14449 5690853
322 32 35607 45198812
323 32 22559 74081
324 32 27004 42740857
325 32 21502 470821
326 32 32381 34574615
327 32 34513 46614548
328 32 27271 38682219
329 32 17031 16462
330 32 35629 45379298
331 32 44792 45319243
332 32 24658 16155635
333 32 2346 1
334 32 3480 15
335 32 27425 10867329
336 32 8484 17328
337 32 40101 41987434
338 32 15666 65199
339 32 26539 40766917
340 32 12221 2593
341 32 18170 16715494
342 32 13768 2340
343 32 40604 46905042
344 32 13237 1818511
345 32 21183 28887994
346 32 6252 3
347 32 6461 372
348 32 37408 36838536
349 32 17685 2426518
350 32 24749 1778746
351 32 37775 45167955
352 32 5725 559
353 32 10862 36795
354 32 15877 2213
355 32 15896 4057305
356 32 33339 27354532
357 32 17200 20646
358 32 25965 2760071
359 32 7686 21655
360 32 21720 78059
361 32 3412 11
362 32 27801 1613844
363 32 43756 45074697
364 32 24547 18994603
365 32 36768 45317790
366 32 44030 46167674
367 32 40445 45956548
368 32 30289 45094435
369 32 11304 118543
370 32 32650 21473171
371 32 3706 2
372 32 32791 45104148
373 32 39067 47570183
374 32 37483 45894155
375 32 31206 47540059
376 32 23829 30538985
377 32 13302 89322
378 32 34860 45762748
379 32 16443 1975948
380 32 37339 46094673
381 32 21574 21427989
382 32 18746 15621
383 32 40697 45783647
384 32 12784 229
385 32 31973 46823557
386 32 27819 17382658
387 32 27253 42441424
388 32 12396 4275085
389 32 4252 29
390 32 14698 774312
391 32 23714 10437411
392 32 10268 188335
393 32 5215 300
394 32 38657 45081149
395 32 31399 36749354
396 32 40880 45864433
397 32 23673 30797917
398 32 21749 992177
399 32 19913 1014678
400 32 35853 46729871
401 32 34411 44571371
402 32 21134 143441
403 32 7613 9
404 32 25749 28546180
405 32 38646 45408448
406 32 9424 71751
407 32 17473 5465647
408 32 8398 20504
409 32 28292 45641319
410 32 19918 14642
411 32 9406 1298
412 32 25411 111017
413 32 11505 345866
414 32 23486 32438737
415 32 37559 38169014
416 32 23112 292400
417 32 16355 9712357
418 32 42026 46360877
419 32 33313 46953208
420 32 38256 39923784
421 32 15640 3087
422 32 14019 3043
423 32 41305 41575962
424 32 30918 43301035
425 32 27438 3350240
426 32 5334 395
427 32 9650 171
428 32 2983 6
429 32 32261 43292742
430 32 5659 795
431 32 17729 2619382
432 32 11349 2956
433 32 29707 45912842
434 32 15969 7960
435 32 28709 18485884
436 32 21923 43793417
437 32 19704 28765443
438 32 17060 124270
439 32 25618 45746948
440 32 21305 9506390
441 32 8834 17783
442 32 2490 1
443 32 36156 46174071
444 32 38143 45985105
445 32 32218 47906965
446 32 23830 35248917
447 32 34959 46239512
448 32 10184 11277
449 32 8100 5857
450 32 11723 4705
451 32 7885 25
452 32 30386 4301907
453 32 43627 46956253
454 32 6406 4651
455 32 23418 41155416
456 32 31643 10223096
457 32 7045 6959
458 32 7170 1667
459 32 5136 357
460 32 9106 3848
461 32 17772 118446
462 32 22492 39208302
463 32 19062 829764
464 32 38729 38027366
465 32 3263 5
466 32 12440 109614
467 32 5538 35
468 32 20745 130817
469 32 32807 38289052
470 32 9751 135
471 32 40025 47054316
472 32 13407 1250389
473 32 2214 1
474 32 7831 108
475 32 25806 4442388
476 32 39373 46496593
477 32 28768 46995697
478 32 20108 31345163
479 32 5369 3
480 32 28521 3953942
481 32 9546 55722
482 32 28475 6898335
483 32 12771 9434
484 32 35579 46148743
485 32 2644 6
486 32 12111 5536
487 32 8193 91
488 32 31278 42780111
489 32 20387 14950651
490 32 12629 2959
491 32 25239 1106991
492 32 14647 9692
493 32 2471 0
494 32 16865 9369534
495 32 27954 1805181
496 32 37190 46730750
497 32 31954 39999737
498 32 8481 10389
499 32 8466 12659
500 32 35185 48212071
