1 32 32944 844
2 32 42894 992
3 32 38725 956
4 32 36645 905
5 32 43155 1498
6 32 18600 366
7 32 24927 500
8 32 29988 813
9 32 44774 1278
10 32 40223 1355
11 32 31268 721
12 32 8499 39
13 32 23137 423
14 32 22374 527
15 32 28663 553
16 32 16116 124
17 32 18747 285
18 32 46462 1423
19 32 20068 241
20 32 37085 1048
21 32 40069 1496
22 32 28482 1026
23 32 14255 135
24 32 35275 1456
25 32 38104 833
26 32 35729 740
27 32 33825 940
28 32 17936 313
29 32 28525 434
30 32 25932 175
31 32 32802 581
32 32 39078 945
33 32 34682 894
34 32 16286 310
35 32 35349 771
36 32 25104 507
37 32 19806 396
38 32 2675 5
39 32 37342 1672
40 32 5586 24
41 32 24885 389
42 32 27371 489
43 32 38973 1778
44 32 29821 622
45 32 35250 681
46 32 37585 874
47 32 22000 176
48 32 33045 504
49 32 30551 972
50 32 34122 531
51 32 37373 1075
52 32 14065 66
53 32 30844 822
54 32 37947 1499
55 32 42334 1362
56 32 23990 474
57 32 35957 1065
58 32 24152 583
59 32 38870 1078
60 32 39251 1018
61 32 24419 343
62 32 39392 793
63 32 36515 1168
64 32 32826 1039
65 32 20419 344
66 32 17980 285
67 32 10239 61
68 32 21132 218
69 32 12146 95
70 32 29007 527
71 32 28277 439
72 32 31872 975
73 32 47922 1238
74 32 18784 230
75 32 26121 589
76 32 30995 906
77 32 13678 96
78 32 30692 815
79 32 33953 1629
80 32 38694 1281
81 32 13981 125
82 32 23505 250
83 32 35791 629
84 32 22871 302
85 32 11975 71
86 32 35242 741
87 32 39452 960
88 32 33810 905
89 32 28100 461
90 32 34489 568
91 32 38867 1092
92 32 26020 386
93 32 33761 894
94 32 16761 218
95 32 6675 49
96 32 40382 1481
97 32 21247 365
98 32 35387 1081
99 32 33328 1423
100 32 29177 741
101 32 35893 648
102 32 23717 298
103 32 40221 517
104 32 19865 218
105 32 26421 273
106 32 42023 539
107 32 17566 92
108 32 5642 7
109 32 36229 449
110 32 19967 131
111 32 36086 725
112 32 28726 267
113 32 12457 43
114 32 24800 230
115 32 24174 193
116 32 12200 78
117 32 32272 555
118 32 43295 541
119 32 1783 3
120 32 39159 543
121 32 30920 586
122 32 6964 13
123 32 31065 300
124 32 16905 109
125 32 34068 433
126 32 3461 10
127 32 37087 549
128 32 37304 564
129 32 10958 49
130 32 17808 96
131 32 36239 826
132 32 0 0
133 32 40233 891
134 32 28587 338
135 32 17235 133
136 32 10288 49
137 32 31220 434
138 32 31012 575
139 32 24297 409
140 32 35233 961
141 32 50943 942
142 32 32244 1118
143 32 31955 472
144 32 32765 398
145 32 25155 329
146 32 11748 89
147 32 26567 321
148 32 36915 671
149 32 38201 548
150 32 25204 329
151 32 13938 80
152 32 44704 679
153 32 22149 363
154 32 36866 862
155 32 30081 568
156 32 47081 1048
157 32 32344 392
158 32 41497 905
159 32 19888 138
160 32 25648 360
161 32 30137 476
162 32 36797 1035
163 32 33017 647
164 32 30902 553
165 32 22232 221
166 32 20912 236
167 32 25679 382
168 32 40736 971
169 32 44189 751
170 32 29301 496
171 32 17117 98
172 32 12406 61
173 32 34781 467
174 32 39357 759
175 32 41384 1282
176 32 24819 356
177 32 17785 216
178 32 31177 603
179 32 16199 190
180 32 15021 73
181 32 40605 780
182 32 8227 34
183 32 37019 663
184 32 33228 409
185 32 1338 2
186 32 28499 350
187 32 21532 200
188 32 43289 612
189 32 32072 757
190 32 25305 384
191 32 21840 255
192 32 40918 1303
193 32 44935 1089
194 32 26769 438
195 32 3138 8
196 32 17479 93
197 32 42094 1353
198 32 3192 15
199 32 40075 1162
200 32 31004 566
201 32 23501 199
202 32 34221 677
203 32 39474 417
204 32 22665 247
205 32 31174 612
206 32 22557 183
207 32 42646 574
208 32 36868 572
209 32 37339 772
210 32 20265 152
211 32 41267 479
212 32 17860 101
213 32 21237 174
214 32 37567 612
215 32 42291 683
216 32 40232 776
217 32 24800 202
218 32 40439 671
219 32 17481 217
220 32 25992 552
221 32 29105 446
222 32 37121 923
223 32 36590 927
224 32 36302 1199
225 32 29457 643
226 32 41341 1037
227 32 35824 623
228 32 40786 989
229 32 28642 540
230 32 27438 779
231 32 29992 854
232 32 31692 1136
233 32 13443 166
234 32 33095 1219
235 32 33333 1247
236 32 30670 637
237 32 29973 789
238 32 37394 1916
239 32 35411 1323
240 32 39107 871
241 32 15535 196
242 32 19987 131
243 32 10424 66
244 32 42436 1133
245 32 18172 282
246 32 43175 1307
247 32 28939 909
248 32 34600 777
249 32 38051 873
250 32 43351 1219
251 32 13913 186
252 32 27891 561
253 32 34409 517
254 32 29025 668
255 32 12122 127
256 32 16432 150
257 32 31913 672
258 32 35164 875
259 32 23514 292
260 32 32468 660
261 32 26389 518
262 32 38289 722
263 32 22280 178
264 32 26280 416
265 32 26557 245
266 32 9115 24
267 32 27934 354
268 32 35365 665
269 32 14761 71
270 32 20318 141
271 32 34850 531
272 32 41711 533
273 32 20016 142
274 32 30819 315
275 32 34926 347
276 32 38447 462
277 32 26456 440
278 32 41079 575
279 32 38248 357
280 32 36805 578
281 32 33200 569
282 32 38762 753
283 32 41402 689
284 32 28801 288
285 32 39314 686
286 32 22256 188
287 32 42857 377
288 32 24751 236
289 32 32502 429
290 32 13961 54
291 32 23790 196
292 32 36374 679
293 32 2433 3
294 32 35224 426
295 32 37496 525
296 32 36540 660
297 32 37523 530
298 32 31687 360
299 32 36550 636
300 32 21899 238
301 32 40950 687
302 32 33856 605
303 32 37510 782
304 32 37328 546
305 32 30688 323
306 32 35697 755
307 32 31475 251
308 32 24149 221
309 32 39423 433
310 32 33836 337
311 32 35004 242
312 32 23458 198
313 32 36509 621
314 32 29874 458
315 32 19274 164
316 32 44273 652
317 32 16208 76
318 32 19701 120
319 32 35188 572
320 32 31635 243
321 32 32993 383
322 32 35607 526
323 32 22559 81
324 32 43938 531
325 32 21502 160
326 32 39535 403
327 32 34513 422
328 32 27271 417
329 32 17031 106
330 32 37530 589
331 32 44792 826
332 32 31490 321
333 32 6707 21
334 32 9759 44
335 32 27425 301
336 32 30019 415
337 32 40101 448
338 32 19911 116
339 32 34099 528
340 32 12221 98
341 32 36091 677
342 32 14009 108
343 32 40604 552
344 32 34233 396
345 32 31965 394
346 32 6252 2
347 32 9947 51
348 32 37408 401
349 32 26637 258
350 32 25675 199
351 32 37775 577
352 32 19730 93
353 32 34458 269
354 32 15877 63
355 32 40302 631
356 32 33339 347
357 32 17200 114
358 32 25965 175
359 32 37855 808
360 32 21720 128
361 32 11440 40
362 32 27801 248
363 32 43756 583
364 32 27707 317
365 32 37405 589
366 32 45992 610
367 32 40445 858
368 32 30289 643
369 32 37579 521
370 32 32650 480
371 32 3706 11
372 32 37846 751
373 32 39067 770
374 32 37483 749
375 32 32648 1226
376 32 41927 1013
377 32 22996 212
378 32 44352 1233
379 32 24150 428
380 32 43109 1246
381 32 39754 1504
382 32 18746 205
383 32 40697 1707
384 32 12784 85
385 32 31973 1156
386 32 27819 673
387 32 39926 1249
388 32 29485 1038
389 32 15820 260
390 32 27290 514
391 32 27938 922
392 32 26754 503
393 32 11914 210
394 32 38657 1532
395 32 31399 1093
396 32 40880 1402
397 32 32617 622
398 32 21749 198
399 32 21822 221
400 32 35853 468
401 32 37200 512
402 32 21134 186
403 32 7613 13
404 32 30884 405
405 32 38646 565
406 32 40491 819
407 32 27357 237
408 32 25070 228
409 32 29935 665
410 32 19918 92
411 32 11871 58
412 32 25411 116
413 32 41317 541
414 32 40309 525
415 32 37559 391
416 32 25780 162
417 32 29668 378
418 32 42026 615
419 32 41173 769
420 32 38256 551
421 32 17712 130
422 32 14019 107
423 32 41305 777
424 32 31718 823
425 32 27438 485
426 32 35811 695
427 32 9650 85
428 32 34757 893
429 32 32261 813
430 32 7033 66
431 32 28439 487
432 32 13511 181
433 32 39444 1310
434 32 15969 224
435 32 28709 780
436 32 33507 1604
437 32 33658 1554
438 32 17060 431
439 32 34032 1248
440 32 29762 609
441 32 33903 748
442 32 29251 603
443 32 36156 1121
444 32 38143 960
445 32 32218 897
446 32 33629 764
447 32 34959 790
448 32 23559 151
449 32 20002 206
450 32 16471 142
451 32 7885 45
452 32 30386 389
453 32 43627 1082
454 32 36405 1253
455 32 36815 931
456 32 31643 318
457 32 26315 236
458 32 41399 603
459 32 40401 1098
460 32 13442 138
461 32 17772 240
462 32 32620 751
463 32 21470 334
464 32 38729 569
465 32 27967 389
466 32 18244 190
467 32 8146 62
468 32 20745 222
469 32 32807 611
470 32 9751 72
471 32 40025 1050
472 32 17942 418
473 32 30645 790
474 32 7831 92
475 32 27744 423
476 32 39373 1186
477 32 35150 1796
478 32 33970 1107
479 32 8613 20
480 32 28521 442
481 32 37803 1140
482 32 28475 514
483 32 15179 162
484 32 35579 1427
485 32 24579 513
486 32 14912 207
487 32 8193 98
488 32 31278 1094
489 32 28378 627
490 32 15750 178
491 32 25239 385
492 32 14647 327
493 32 24315 502
494 32 35374 1581
495 32 27954 443
496 32 37190 1497
497 32 31954 1034
498 32 42332 1598
499 32 21032 463
500 32 35185 1777
