1 32 9546 14
2 32 2081 5
3 32 15129 73
4 32 33814 10549
5 32 43155 54221
6 32 2017 5
7 32 24927 392
8 32 29988 1168
9 32 10464 13
10 32 21369 449
11 32 15048 48
12 32 5230 6
13 32 23137 248
14 32 6165 6
15 32 28663 1551
16 32 9467 7
17 32 2354 5
18 32 46462 69132
19 32 20068 125
20 32 35570 18108
21 32 21833 930
22 32 28482 9454
23 32 14255 55
24 32 35275 4704
25 32 38104 119997
26 32 35729 18122
27 32 3101 6
28 32 4285 6
29 32 2126 5
30 32 25932 649
31 32 32802 3182
32 32 39078 26907
33 32 34682 17975
34 32 15736 41
35 32 35349 19460
36 32 10724 12
37 32 19600 330
38 32 2675 7
39 32 7224 10
40 32 5283 6
41 32 24885 1721
42 32 6964 6
43 32 38973 24705
44 32 29821 1081
45 32 35250 6190
46 32 23101 1413
47 32 22000 168
48 32 3937 7
49 32 30551 6766
50 32 34122 13644
51 32 37373 45459
52 32 10520 7
53 32 8306 12
54 32 3274 5
55 32 42334 19112
56 32 23990 502
57 32 12968 21
58 32 24152 398
59 32 38870 12895
60 32 29490 19859
61 32 9733 10
62 32 39392 21384
63 32 36515 21538
64 32 32826 21004
65 32 20419 296
66 32 6765 8
67 32 10239 12
68 32 4050 5
69 32 12146 40
70 32 29007 3893
71 32 4880 5
72 32 24230 4958
73 32 29077 3302
74 32 18784 163
75 32 26121 1443
76 32 11163 52
77 32 13678 16
78 32 30692 4172
79 32 17479 131
80 32 16382 36
81 32 13981 13
82 32 16360 40
83 32 21327 358
84 32 22871 1250
85 32 11975 17
86 32 35242 18269
87 32 39452 67403
88 32 33810 77012
89 32 28100 8765
90 32 16286 45
91 32 38867 37434
92 32 26020 798
93 32 33761 120970
94 32 16761 71
95 32 3864 6
96 32 18557 435
97 32 21247 172
98 32 31219 21257
99 32 33328 8325
100 32 4452 5
101 32 25858 652
102 32 3467 5
103 32 21852 711
104 32 19865 623
105 32 26421 2287
106 32 42023 23435
107 32 17566 36
108 32 3112 5
109 32 7169 7
110 32 19967 78
111 32 34870 16698
112 32 28726 3482
113 32 12457 24
114 32 23167 1248
115 32 24174 1024
116 32 12200 58
117 32 32272 17428
118 32 27668 9227
119 32 1783 7
120 32 39159 36467
121 32 4614 7
122 32 6503 7
123 32 31065 13843
124 32 5207 6
125 32 9878 20
126 32 3461 8
127 32 37087 21547
128 32 37304 31378
129 32 10917 8
130 32 17808 63
131 32 36239 7425
132 32 0 5
133 32 27641 7051
134 32 12218 19
135 32 17235 35
136 32 8068 11
137 32 31220 4383
138 32 19961 803
139 32 9976 13
140 32 35233 10163
141 32 11002 15
142 32 22035 1951
143 32 8974 10
144 32 32117 7311
145 32 25155 280
146 32 8210 7
147 32 26567 1807
148 32 36915 81210
149 32 38201 8854
150 32 5377 7
151 32 13938 29
152 32 44704 105221
153 32 2681 7
154 32 24464 7339
155 32 30081 5162
156 32 35976 48411
157 32 32344 12094
158 32 18238 302
159 32 4421 6
160 32 25648 1249
161 32 24998 2666
162 32 20007 311
163 32 33017 98092
164 32 30902 4356
165 32 15307 326
166 32 20912 160
167 32 25679 418
168 32 40736 50926
169 32 39749 376217
170 32 29301 20590
171 32 17117 41
172 32 12406 24
173 32 34781 7357
174 32 17334 149
175 32 17915 294
176 32 24819 687
177 32 17785 151
178 32 31177 3905
179 32 16199 110
180 32 15021 53
181 32 5935 7
182 32 8227 14
183 32 18970 124
184 32 33228 72483
185 32 1338 7
186 32 5827 8
187 32 21532 144
188 32 43289 31508
189 32 9317 15
190 32 25305 1812
191 32 21840 547
192 32 40918 49581
193 32 8697 9
194 32 26769 1177
195 32 3138 9
196 32 15060 19
197 32 42094 120241
198 32 1667 9
199 32 21908 5894
200 32 26174 5982
201 32 7603 11
202 32 34221 36903
203 32 13722 79
204 32 22665 723
205 32 17503 291
206 32 19553 150
207 32 42646 103735
208 32 36868 89815
209 32 37339 23583
210 32 20265 169
211 32 6343 12
212 32 4442 6
213 32 20609 309
214 32 15218 81
215 32 42291 133060
216 32 40232 45376
217 32 24800 247
218 32 40439 48656
219 32 17481 375
220 32 25088 1809
221 32 29105 1199
222 32 30862 36007
223 32 36590 25209
224 32 10179 26
225 32 29457 3777
226 32 41341 129679
227 32 35824 18226
228 32 5430 7
229 32 22920 681
230 32 27438 2210
231 32 17690 108
232 32 8107 11
233 32 13443 39
234 32 30057 6492
235 32 19181 261
236 32 30670 14094
237 32 18195 410
238 32 32972 13025
239 32 35411 57761
240 32 3813 7
241 32 15535 53
242 32 19987 802
243 32 10424 12
244 32 42436 60262
245 32 10173 28
246 32 43175 18738
247 32 28939 6468
248 32 34600 6279
249 32 26563 6381
250 32 5760 8
251 32 13913 24
252 32 10851 20
253 32 34409 32971
254 32 29025 2307
255 32 12122 45
256 32 16432 104
257 32 16895 96
258 32 24898 5128
259 32 5417 10
260 32 32468 7194
261 32 26389 1712
262 32 38289 60972
263 32 22280 907
264 32 26280 3274
265 32 26557 1295
266 32 9115 16
267 32 27934 5917
268 32 22549 4096
269 32 14761 31
270 32 20318 207
271 32 33770 15302
272 32 31486 19635
273 32 18513 121
274 32 21564 202
275 32 19839 428
276 32 38447 45819
277 32 8989 16
278 32 41079 21879
279 32 38248 36315
280 32 14906 298
281 32 33200 11945
282 32 38762 62536
283 32 22589 2189
284 32 28801 1096
285 32 31819 23231
286 32 22256 322
287 32 42857 48766
288 32 24751 1967
289 32 29796 8175
290 32 13961 52
291 32 9968 13
292 32 36374 8093
293 32 2433 9
294 32 35224 26916
295 32 33087 39705
296 32 15362 85
297 32 18739 489
298 32 15073 59
299 32 21890 2248
300 32 21240 1976
301 32 18704 154
302 32 29706 27879
303 32 37510 54738
304 32 16779 83
305 32 30688 4099
306 32 29218 22229
307 32 16517 57
308 32 24149 507
309 32 6699 8
310 32 33836 15960
311 32 24193 718
312 32 23458 289
313 32 36509 11212
314 32 29874 6740
315 32 7762 8
316 32 8109 12
317 32 10988 12
318 32 15687 38
319 32 35188 7194
320 32 6264 8
321 32 12549 24
322 32 35607 20083
323 32 22559 130
324 32 25825 4178
325 32 21502 170
326 32 31133 2980
327 32 34513 19043
328 32 27271 2483
329 32 17031 106
330 32 35086 20647
331 32 44792 71315
332 32 24099 725
333 32 665 6
334 32 1986 6
335 32 27425 4721
336 32 7267 10
337 32 40101 17322
338 32 13513 27
339 32 25044 6157
340 32 12221 14
341 32 16859 295
342 32 12960 26
343 32 40604 84182
344 32 10747 21
345 32 19207 112
346 32 6252 9
347 32 4446 9
348 32 37408 10150
349 32 15336 53
350 32 23239 498
351 32 37775 16661
352 32 4565 6
353 32 8498 10
354 32 15877 48
355 32 15807 155
356 32 33339 10574
357 32 17200 82
358 32 25965 1107
359 32 6612 9
360 32 21417 93
361 32 1932 6
362 32 27801 424
363 32 43756 28018
364 32 22849 4593
365 32 35110 20356
366 32 43131 83755
367 32 40445 29422
368 32 30289 15777
369 32 9544 11
370 32 32650 2182
371 32 3706 9
372 32 31708 13074
373 32 39067 141406
374 32 37483 132785
375 32 29373 12606
376 32 23430 2197
377 32 12578 18
378 32 33413 65692
379 32 16044 93
380 32 36155 19430
381 32 21396 1057
382 32 18746 86
383 32 40697 32877
384 32 12784 26
385 32 31973 27425
386 32 27819 5214
387 32 25741 6945
388 32 10926 43
389 32 3964 6
390 32 12711 19
391 32 21846 706
392 32 8423 10
393 32 4711 7
394 32 38657 29237
395 32 31399 14124
396 32 40880 69759
397 32 21211 883
398 32 21749 548
399 32 19160 256
400 32 35853 38597
401 32 33433 24266
402 32 21134 139
403 32 7613 11
404 32 24672 11548
405 32 38646 131512
406 32 8592 16
407 32 15633 57
408 32 6688 8
409 32 26807 15091
410 32 19918 66
411 32 8485 7
412 32 25411 278
413 32 9505 8
414 32 21494 1144
415 32 37559 26052
416 32 21271 288
417 32 13894 21
418 32 42026 80220
419 32 32469 8271
420 32 38256 12067
421 32 14199 16
422 32 14019 36
423 32 41305 13684
424 32 29444 13646
425 32 27436 1093
426 32 3786 7
427 32 9650 29
428 32 2224 8
429 32 32261 11083
430 32 3409 7
431 32 16882 54
432 32 10023 16
433 32 28238 26167
434 32 15969 36
435 32 28709 6115
436 32 20265 580
437 32 17959 597
438 32 17060 195
439 32 24130 3351
440 32 19624 186
441 32 7869 10
442 32 465 6
443 32 36156 19430
444 32 38143 63965
445 32 32218 33520
446 32 21585 1660
447 32 34959 17298
448 32 8356 9
449 32 5965 8
450 32 11575 11
451 32 7885 10
452 32 30386 2238
453 32 43627 35919
454 32 4269 7
455 32 22167 1039
456 32 31643 5455
457 32 5231 7
458 32 4956 7
459 32 4267 7
460 32 7358 8
461 32 17772 169
462 32 21245 3289
463 32 17029 166
464 32 38729 25551
465 32 2028 6
466 32 10455 12
467 32 3888 7
468 32 20745 175
469 32 32807 23296
470 32 9751 20
471 32 40025 26279
472 32 11735 49
473 32 1617 7
474 32 7831 15
475 32 24107 1255
476 32 39373 21720
477 32 27892 18750
478 32 19313 155
479 32 4187 7
480 32 28521 4876
481 32 7393 9
482 32 28475 1149
483 32 12164 25
484 32 35579 22431
485 32 2275 6
486 32 10739 11
487 32 8193 8
488 32 31278 10090
489 32 20118 709
490 32 11320 25
491 32 25239 761
492 32 14647 65
493 32 1644 6
494 32 14748 79
495 32 27954 1002
496 32 37190 85688
497 32 31506 5263
498 32 7339 9
499 32 6747 8
500 32 35185 10937
