1 37 30257 75504874
2 37 30479 37004926
3 37 34116 39093196
4 37 34062 37078286
5 37 36228 66979933
6 37 32243 10946501
7 37 35413 64005597
8 37 34140 51523384
9 37 30757 42700364
10 37 32372 40781037
11 37 32312 78471438
12 37 32510 130508980
13 37 30322 94740854
14 37 36017 41332337
15 37 32300 52282933
16 37 36378 39028426
17 37 31637 37955748
18 37 32476 61187286
19 37 34079 51358888
20 37 30729 131783925
21 37 34553 21579042
22 37 31492 76064399
23 37 35622 69589060
24 37 31124 60593973
25 37 34529 64954980
26 37 34061 37262087
27 37 34004 43292441
28 37 33576 36919696
29 37 33785 43436210
30 37 30926 44982000
31 37 34648 36130353
32 37 33576 72241166
33 37 33305 36132378
34 37 33569 66065947
35 37 32681 35822834
36 37 32907 37825323
37 37 31970 62182652
38 37 30297 52019291
39 37 32195 72076927
40 37 33636 38602394
41 37 35340 83309006
42 37 28738 71565366
43 37 33121 36893288
44 37 32003 68813224
45 37 34638 68431075
46 37 31249 70211564
47 37 35471 19402474
48 37 31584 41940321
49 37 31791 69473046
50 37 30661 46442963
51 37 33347 48389960
52 37 32603 71586059
53 37 30180 73462370
54 37 29240 73090210
55 37 36050 65139486
56 37 33737 43885290
57 37 33755 38020707
58 37 35056 52108594
59 37 31073 35611182
60 37 33042 68948192
61 37 26756 76527746
62 37 34220 59921002
63 37 31981 71823293
64 37 34211 69428490
65 37 32880 35283735
66 37 32981 73068914
67 37 32666 61851782
68 37 32798 41343572
69 37 32212 23154758
70 37 32584 39622908
71 37 28013 73400558
72 37 33745 69143779
73 37 36233 42316028
74 37 32030 42564219
75 37 33527 116352090
76 37 32442 75239972
77 37 33771 37245652
78 37 32311 42021526
79 37 34295 37174731
80 37 30593 80626131
81 37 33160 67385767
82 37 37053 37015700
83 37 33876 18909382
84 37 32461 41331121
85 37 29178 37801325
86 37 31636 105492199
87 37 33143 34584086
88 37 33553 35972957
89 37 33282 70822291
90 37 29244 81991716
91 37 32293 60614025
92 37 35212 61750854
93 37 38873 36022486
94 37 34907 36337486
95 37 35152 20685626
96 37 29982 81227999
97 37 28610 100461734
98 37 35971 40609117
99 37 34985 25998540
100 37 37639 21440496
101 37 34426 41247095
102 37 30871 42043083
103 37 31819 41171483
104 37 38235 36204625
105 37 32045 34765894
106 37 36276 59534779
107 37 32314 59444644
108 37 34817 64950921
109 37 31103 70927604
110 37 31392 68365073
111 37 30109 35641697
112 37 31768 100922399
113 37 33214 97271871
114 37 34277 17829516
115 37 28752 95811883
116 37 31957 67014497
117 37 29995 89276518
118 37 32930 33971374
119 37 34029 33997676
120 37 34527 56410569
121 37 33194 71450768
122 37 29284 122459762
123 37 32491 49346248
124 37 32380 38697282
125 37 35434 19600807
126 37 29152 44824918
127 37 35142 55555783
128 37 33613 46150903
129 37 30511 94405664
130 37 33101 64658110
131 37 33172 33330946
132 37 37687 47383688
133 37 32997 38861000
134 37 35790 18473947
135 37 29860 167959438
136 37 32417 65040888
137 37 32046 36468077
138 37 35078 35885511
139 37 33034 70864789
140 37 29278 63187507
141 37 32554 39027039
142 37 31986 37412082
143 37 34953 34763400
144 37 31185 59098884
145 37 29126 67859480
146 37 34148 37797530
147 37 33838 111108551
148 37 34495 31872739
149 37 31752 65819994
150 37 30706 38901191
151 37 30897 66511020
152 37 31937 75223186
153 37 33981 37653004
154 37 34631 20015910
155 37 33987 103891299
156 37 31723 66139109
157 37 31101 39596678
158 37 31593 20530407
159 37 28381 72873127
160 37 31152 49966527
161 37 30502 30539291
162 37 31697 32722782
163 37 33373 31756472
164 37 32787 33479978
165 37 30257 35510184
166 37 33056 52329034
167 37 29043 72951087
168 37 33139 28056684
169 37 30050 104079263
170 37 29773 93660126
171 37 31995 99574289
172 37 36554 32275708
173 37 33713 68679218
174 37 34660 35113312
175 37 36655 32342894
176 37 32163 56403263
177 37 31537 68202168
178 37 30286 120765643
179 37 33404 59486647
180 37 32383 33921082
181 37 34789 18198734
182 37 32038 96229637
183 37 36805 39118212
184 37 34659 49854289
185 37 30237 106696822
186 37 30711 35046116
187 37 35768 50963596
188 37 30609 117613760
189 37 29312 71985776
190 37 33895 62959109
191 37 34350 61814259
192 37 31830 57246776
193 37 28531 64012640
194 37 30181 102119879
195 37 33137 45003496
196 37 31542 54277619
197 37 31817 60886921
198 37 30292 65900312
199 37 31636 71795815
200 37 30959 106797718
201 37 33796 33223727
202 37 33834 60245871
203 37 30710 32961106
204 37 33112 63114109
205 37 30517 63037653
206 37 32276 31821266
207 37 29691 63916743
208 37 38225 31222696
209 37 32889 72037794
210 37 27341 75149078
211 37 34007 19800890
212 37 30600 75727124
213 37 34745 40254174
214 37 34355 34241382
215 37 32321 26067090
216 37 32368 52885978
217 37 33381 64508692
218 37 36600 53799873
219 37 33553 31668432
220 37 32822 65142379
221 37 33382 55880713
222 37 34544 18587780
223 37 34635 33273917
224 37 32855 63791594
225 37 31158 61344833
226 37 31883 70415405
227 37 32633 71559864
228 37 34760 68481314
229 37 31075 72550648
230 37 36713 57829722
231 37 31453 39161707
232 37 28318 68572838
233 37 30095 67132632
234 37 32762 63468444
235 37 33597 35587040
236 37 30759 68147451
237 37 33547 20674614
238 37 31766 36143173
239 37 33940 65245876
240 37 35616 21022210
241 37 37530 33075959
242 37 33328 61898985
243 37 31339 47366952
244 37 31502 119439454
245 37 29076 33371529
246 37 31570 108164226
247 37 34296 70272511
248 37 34954 36837440
249 37 32924 33793635
250 37 33559 19951242
251 37 28491 65235488
252 37 36273 18436262
253 37 32796 36651964
254 37 33529 31023545
255 37 34899 40886983
256 37 32655 85960723
257 37 31198 31779209
258 37 31990 35465379
259 37 32465 34655631
260 37 34477 60507882
261 37 31296 55797301
262 37 28654 109998427
263 37 31045 116757176
264 37 34839 62871469
265 37 35450 48229420
266 37 34783 84224461
267 37 35298 34084139
268 37 35307 39922626
269 37 31344 122633548
270 37 32852 62262689
271 37 33443 72189102
272 37 33651 64598499
273 37 34433 35056593
274 37 33752 18738116
275 37 35209 38956342
276 37 34768 43559644
277 37 31548 39139798
278 37 29076 43040959
279 37 29162 123144998
280 37 34088 39657651
281 37 35586 33601165
282 37 28847 63402928
283 37 33453 71308745
284 37 32266 62534116
285 37 31247 121787385
286 37 33855 33548249
287 37 35745 25561239
288 37 32243 68534889
289 37 37428 35910799
290 37 31977 31412423
291 37 33829 37408366
292 37 37371 33462125
293 37 36682 34747252
294 37 33881 75921564
295 37 35249 30564301
296 37 34289 35637454
297 37 32670 63133658
298 37 35678 35987506
299 37 33194 31401798
300 37 30550 63902995
301 37 34347 36151679
302 37 32663 69014832
303 37 33689 83105387
304 37 31060 36110826
305 37 32567 60716074
306 37 31044 64474016
307 37 33611 34743156
308 37 26149 97035836
309 37 35609 19403759
310 37 33803 57191094
311 37 30587 64116523
312 37 31090 118385935
313 37 36244 33608025
314 37 32340 77640661
315 37 29039 70565434
316 37 34275 20945159
317 37 31683 71153365
318 37 35181 36870483
319 37 36758 61106803
320 37 32066 36989503
321 37 36886 20896784
322 37 28914 78088047
323 37 31480 100395674
324 37 33915 36878968
325 37 29613 71821261
326 37 30195 35205515
327 37 35499 37874054
328 37 33350 30669696
329 37 32376 36218943
330 37 36094 36972043
331 37 34306 77795355
332 37 30519 66997536
333 37 32594 38261624
334 37 30260 36486561
335 37 32877 111788020
336 37 31055 33951668
337 37 37413 38790042
338 37 30986 60317021
339 37 28646 35269082
340 37 37202 34951288
341 37 30731 73767118
342 37 33000 33224449
343 37 32376 54877806
344 37 30029 35676666
345 37 31181 35585010
346 37 33093 62337070
347 37 31332 62281011
348 37 32592 67448696
349 37 32730 35403585
350 37 34205 34172665
351 37 31724 45684808
352 37 33422 64284096
353 37 32994 37100421
354 37 33108 66667099
355 37 31273 67918092
356 37 34164 35167905
357 37 32265 68605700
358 37 31636 49613518
359 37 29897 37998891
360 37 35752 63600744
361 37 30431 65576457
362 37 36253 53576778
363 37 30410 88354742
364 37 36801 33220947
365 37 28603 53071221
366 37 36204 34467946
367 37 33238 40742844
368 37 38390 32857093
369 37 31457 37112685
370 37 34291 30834693
371 37 32184 124873329
372 37 30629 66848768
373 37 40555 33255543
374 37 28021 37473262
375 37 34917 33743927
376 37 31491 63374683
377 37 32779 35414991
378 37 31527 68229208
379 37 32832 32360864
380 37 31583 54758982
381 37 31284 121774786
382 37 33590 66315502
383 37 32177 36635429
384 37 32643 66208656
385 37 33316 103128008
386 37 33969 36053969
387 37 34203 34444543
388 37 29314 61266437
389 37 32437 39702872
390 37 32805 66598906
391 37 35142 19857346
392 37 34271 34857145
393 37 29090 63780553
394 37 36082 29695020
395 37 32337 36679447
396 37 30326 43495234
397 37 33171 60710776
398 37 33190 96875270
399 37 30457 110211681
400 37 29130 60830247
401 37 33064 33771298
402 37 32278 35442891
403 37 30587 67304342
404 37 33731 33406036
405 37 32121 115019798
406 37 34731 37459312
407 37 34847 65841625
408 37 35558 17908667
409 37 34162 64702560
410 37 30287 39162623
411 37 33482 63436930
412 37 34656 69953891
413 37 27810 65877826
414 37 27782 67585519
415 37 34664 60632999
416 37 32714 65388540
417 37 33991 19114373
418 37 35025 46025603
419 37 32022 34423336
420 37 34341 30560792
421 37 37199 39530903
422 37 34572 85745271
423 37 34956 32353987
424 37 37472 39203283
425 37 35808 17651396
426 37 32429 33516195
427 37 34484 56722269
428 37 31942 54594361
429 37 31568 38807771
430 37 31527 60184565
431 37 30041 26334905
432 37 32554 51980664
433 37 32870 51952285
434 37 35130 48874532
435 37 32355 52718280
436 37 40681 15043126
437 37 32001 50491603
438 37 33830 51062325
439 37 32435 51876799
440 37 31836 27491204
441 37 26368 55394862
442 37 33244 27901468
443 37 32760 53663241
444 37 35923 41189431
445 37 33442 48161461
446 37 33927 48697623
447 37 32818 23476588
448 37 31013 24825774
449 37 30687 27713218
450 37 28482 27433296
451 37 34486 53405839
452 37 32935 66561750
453 37 36294 23008189
454 37 31523 52199693
455 37 27579 27306111
456 37 30709 46507539
457 37 32226 26908515
458 37 31702 27714216
459 37 30049 53156432
460 37 30212 47235503
461 37 32108 24977453
462 37 32974 27420919
463 37 32167 46494922
464 37 36061 40413594
465 37 31542 14702139
466 37 31241 26742025
467 37 34700 49206869
468 37 33857 35782457
469 37 28814 24261602
470 37 30721 33512423
471 37 36186 32201668
472 37 34767 14247642
473 37 30126 27894994
474 37 29061 46138561
475 37 33518 25164423
476 37 32240 47581702
477 37 33738 25530406
478 37 30729 25425838
479 37 31734 55826933
480 37 27598 75754552
481 37 30976 52446714
482 37 38332 32377321
483 37 35606 26583596
484 37 33072 24424728
485 37 31017 15832668
486 37 31921 48235612
487 37 35852 29488944
488 37 33591 26204565
489 37 37044 24986566
490 37 31417 29086769
491 37 32344 77431790
492 37 34312 33827219
493 37 31803 14725944
494 37 30939 28454076
495 37 32278 52138494
496 37 29848 67215646
497 37 32413 46868945
498 37 32071 55284172
499 37 33528 57294017
500 37 36396 26452003
