1 37 30432 1461
2 37 31671 1496
3 37 35030 1796
4 37 34155 1419
5 37 36228 1295
6 37 33427 1292
7 37 35413 1183
8 37 34140 1033
9 37 31704 879
10 37 32491 974
11 37 32351 1013
12 37 32948 1029
13 37 30322 948
14 37 36147 1039
15 37 32300 795
16 37 37049 907
17 37 32659 822
18 37 32476 825
19 37 34079 916
20 37 30828 769
21 37 34889 985
22 37 31492 917
23 37 35622 1028
24 37 31124 875
25 37 34529 971
26 37 34061 1137
27 37 34930 1156
28 37 34708 1221
29 37 34906 1051
30 37 30926 761
31 37 34648 869
32 37 33576 878
33 37 33305 672
34 37 33621 683
35 37 32681 916
36 37 33699 904
37 37 31991 799
38 37 30297 952
39 37 33240 981
40 37 33890 1008
41 37 35340 1090
42 37 29688 984
43 37 33121 1361
44 37 32003 1111
45 37 34638 1352
46 37 31732 1106
47 37 35471 1422
48 37 32612 1214
49 37 31791 1237
50 37 30661 1118
51 37 33347 1331
52 37 33021 1528
53 37 30974 1395
54 37 30357 1388
55 37 36050 1646
56 37 33737 1682
57 37 34663 1563
58 37 35056 1693
59 37 31073 1696
60 37 33372 1613
61 37 27361 1185
62 37 34220 1298
63 37 31981 872
64 37 34211 1171
65 37 32880 971
66 37 33853 995
67 37 32666 976
68 37 32798 737
69 37 32212 725
70 37 32584 634
71 37 28904 477
72 37 34121 668
73 37 36363 698
74 37 32030 627
75 37 33527 622
76 37 33158 649
77 37 33771 721
78 37 32311 672
79 37 35010 700
80 37 31145 523
81 37 33160 575
82 37 37355 761
83 37 34393 608
84 37 32461 648
85 37 29178 487
86 37 31636 527
87 37 33143 680
88 37 33553 588
89 37 33282 592
90 37 29910 593
91 37 32293 575
92 37 35212 720
93 37 38873 753
94 37 34907 713
95 37 36010 850
96 37 30637 733
97 37 28610 669
98 37 36167 903
99 37 34985 947
100 37 37794 1027
101 37 34736 1042
102 37 31834 829
103 37 32121 823
104 37 38235 1359
105 37 32045 1038
106 37 36276 1153
107 37 32314 955
108 37 35532 1228
109 37 32161 887
110 37 31392 851
111 37 30109 910
112 37 31768 739
113 37 33214 703
114 37 34311 736
115 37 28752 557
116 37 31957 692
117 37 29995 661
118 37 33102 764
119 37 34029 879
120 37 34527 885
121 37 33194 880
122 37 29371 779
123 37 32491 904
124 37 33110 844
125 37 35792 900
126 37 29152 647
127 37 35142 785
128 37 33613 713
129 37 30567 606
130 37 33101 706
131 37 33172 698
132 37 37687 844
133 37 33392 754
134 37 36647 1013
135 37 29860 908
136 37 32796 1269
137 37 32046 1503
138 37 35563 1756
139 37 33034 1206
140 37 29278 1195
141 37 33206 1286
142 37 32429 1403
143 37 35958 1929
144 37 31185 1253
145 37 29126 1329
146 37 34660 1443
147 37 33838 1606
148 37 34495 1349
149 37 31752 1474
150 37 31348 1160
151 37 30897 1432
152 37 31937 1539
153 37 33981 1671
154 37 34631 1517
155 37 33987 1709
156 37 31992 1292
157 37 31101 1449
158 37 32215 1652
159 37 29278 1362
160 37 31152 1435
161 37 30642 1159
162 37 32314 1006
163 37 33373 1116
164 37 32787 1097
165 37 30703 810
166 37 33056 934
167 37 29043 727
168 37 33139 885
169 37 30099 719
170 37 29773 743
171 37 31995 742
172 37 36554 921
173 37 33713 891
174 37 35485 1110
175 37 37441 918
176 37 32163 765
177 37 31537 1013
178 37 30286 826
179 37 33404 1000
180 37 32383 974
181 37 35989 983
182 37 32038 793
183 37 36805 989
184 37 34659 997
185 37 30246 740
186 37 31570 787
187 37 35768 969
188 37 30609 874
189 37 29596 794
190 37 33895 917
191 37 34350 1179
192 37 31830 978
193 37 29339 912
194 37 30181 972
195 37 33137 1210
196 37 31763 998
197 37 31817 1269
198 37 30292 869
199 37 32011 944
200 37 31121 930
201 37 34713 1092
202 37 33834 982
203 37 31510 933
204 37 33112 1066
205 37 30942 865
206 37 32492 918
207 37 29691 798
208 37 38225 1248
209 37 32889 928
210 37 27341 600
211 37 34503 954
212 37 31091 815
213 37 34762 1237
214 37 35218 1097
215 37 32321 1054
216 37 32368 1103
217 37 33381 1159
218 37 36600 1077
219 37 33553 1110
220 37 32882 979
221 37 33382 974
222 37 34564 1059
223 37 34635 1218
224 37 33796 1475
225 37 31158 1269
226 37 31883 1462
227 37 32633 1242
228 37 35932 1775
229 37 31189 1143
230 37 36713 1775
231 37 31942 1615
232 37 28318 1229
233 37 30095 1383
234 37 32819 1633
235 37 34217 1616
236 37 30759 1023
237 37 34014 1358
238 37 31844 883
239 37 33940 995
240 37 36518 1129
241 37 37530 934
242 37 33328 648
243 37 31339 592
244 37 31502 622
245 37 29665 592
246 37 31570 620
247 37 34296 608
248 37 34954 743
249 37 33335 699
250 37 34182 659
251 37 28491 550
252 37 36499 658
253 37 32796 577
254 37 33529 665
255 37 34899 620
256 37 32655 630
257 37 31833 558
258 37 32374 554
259 37 33362 719
260 37 34477 739
261 37 31296 600
262 37 28654 568
263 37 31045 627
264 37 34839 892
265 37 35450 917
266 37 34783 934
267 37 35298 1061
268 37 35740 1114
269 37 31344 871
270 37 32852 862
271 37 33478 924
272 37 33950 1014
273 37 34553 1181
274 37 34081 957
275 37 35209 1073
276 37 34768 959
277 37 31901 692
278 37 29076 625
279 37 29162 462
280 37 34595 662
281 37 35586 740
282 37 28847 468
283 37 33704 586
284 37 32266 687
285 37 31483 593
286 37 33855 593
287 37 35745 777
288 37 32243 651
289 37 37500 679
290 37 31977 640
291 37 34632 640
292 37 37371 774
293 37 36682 767
294 37 33881 671
295 37 35464 773
296 37 34362 612
297 37 33363 694
298 37 36445 777
299 37 33659 621
300 37 30631 523
301 37 35109 702
302 37 32806 649
303 37 33689 689
304 37 31758 599
305 37 32567 647
306 37 31185 603
307 37 34264 618
308 37 26149 468
309 37 36825 762
310 37 33803 676
311 37 31035 534
312 37 31090 572
313 37 36244 666
314 37 32340 632
315 37 29039 480
316 37 34713 614
317 37 32033 632
318 37 35478 744
319 37 36758 651
320 37 33112 591
321 37 36910 726
322 37 28914 557
323 37 31480 583
324 37 34218 678
325 37 29613 549
326 37 30418 549
327 37 35499 666
328 37 33350 673
329 37 32376 555
330 37 36157 726
331 37 34306 761
332 37 30867 639
333 37 33346 676
334 37 30703 584
335 37 32877 580
336 37 32053 632
337 37 37413 956
338 37 31308 871
339 37 28912 813
340 37 37202 1309
341 37 31022 823
342 37 33127 1320
343 37 32376 950
344 37 30874 765
345 37 31612 879
346 37 33093 842
347 37 32060 793
348 37 32592 792
349 37 33274 757
350 37 34281 815
351 37 31724 749
352 37 34542 974
353 37 33063 1163
354 37 33108 1392
355 37 32096 1176
356 37 34169 1652
357 37 32265 1144
358 37 31636 1266
359 37 30176 1057
360 37 35755 1538
361 37 31516 1525
362 37 36253 1679
363 37 30410 1381
364 37 37049 1650
365 37 28660 927
366 37 36226 1506
367 37 33238 1050
368 37 38390 1358
369 37 31651 1071
370 37 34291 1329
371 37 32184 1234
372 37 30791 1169
373 37 40555 1710
374 37 28021 950
375 37 35042 1102
376 37 32099 979
377 37 33351 984
378 37 31527 896
379 37 33349 1049
380 37 31816 1098
381 37 31920 1314
382 37 33590 1469
383 37 32177 1572
384 37 32643 1553
385 37 33316 1447
386 37 33975 1705
387 37 34486 1698
388 37 30072 1423
389 37 33467 1526
390 37 33501 1708
391 37 35337 1821
392 37 35203 1835
393 37 29975 1238
394 37 36082 1802
395 37 32337 1544
396 37 30326 1431
397 37 33637 1646
398 37 33190 1541
399 37 30647 1430
400 37 29130 1411
401 37 33150 1671
402 37 32278 1396
403 37 30587 1089
404 37 34007 1377
405 37 32121 1111
406 37 35910 1397
407 37 35419 1157
408 37 35840 1072
409 37 34209 1004
410 37 30287 770
411 37 33973 898
412 37 34656 1006
413 37 28701 823
414 37 28185 982
415 37 34664 1220
416 37 32934 1266
417 37 34698 1601
418 37 35025 1671
419 37 32331 1548
420 37 34341 1753
421 37 37487 1916
422 37 34572 1736
423 37 34956 1537
424 37 37578 1297
425 37 35810 1566
426 37 33660 1698
427 37 34484 1711
428 37 32359 2080
429 37 31568 2004
430 37 32188 1522
431 37 30610 1534
432 37 32883 1629
433 37 33126 1537
434 37 35130 1589
435 37 32355 1348
436 37 41132 1373
437 37 32586 841
438 37 33830 861
439 37 32840 953
440 37 32114 782
441 37 27063 542
442 37 33589 711
443 37 32760 876
444 37 35923 775
445 37 33442 692
446 37 34367 689
447 37 32818 625
448 37 31764 642
449 37 30880 646
450 37 28959 647
451 37 34486 935
452 37 32935 806
453 37 36294 1088
454 37 31523 756
455 37 27864 641
456 37 30709 779
457 37 33303 867
458 37 32809 747
459 37 30340 633
460 37 30631 636
461 37 32108 1137
462 37 33441 1115
463 37 32342 1126
464 37 36061 1563
465 37 32578 1335
466 37 31752 1337
467 37 35431 1736
468 37 33857 1357
469 37 28814 1417
470 37 30721 1218
471 37 36186 1609
472 37 35242 1255
473 37 30233 1209
474 37 29061 1336
475 37 33704 1687
476 37 32240 1549
477 37 34005 1599
478 37 31282 1567
479 37 31891 1442
480 37 27598 1148
481 37 31150 1439
482 37 38332 1867
483 37 35882 1649
484 37 33072 1458
485 37 31964 1075
486 37 32154 1259
487 37 35852 1246
488 37 33591 1220
489 37 37355 1767
490 37 31564 1152
491 37 32344 1341
492 37 34312 1232
493 37 33058 1500
494 37 31374 1530
495 37 32278 1367
496 37 29848 977
497 37 32438 880
498 37 32071 853
499 37 33604 959
500 37 36396 828
