1 40 38667 1297
2 40 28802 487
3 40 43501 1351
4 40 29188 738
5 40 46044 1639
6 40 30333 605
7 40 21129 183
8 40 48107 1108
9 40 40344 796
10 40 44321 923
11 40 43182 638
12 40 45571 882
13 40 39321 690
14 40 19901 97
15 40 51164 1460
16 40 3136 2
17 40 34828 371
18 40 17885 195
19 40 23490 164
20 40 42853 996
21 40 45017 1024
22 40 44593 739
23 40 9828 6
24 40 14638 60
25 40 43167 816
26 40 53602 1440
27 40 35060 767
28 40 44958 843
29 40 44851 811
30 40 37175 596
31 40 44060 851
32 40 40687 483
33 40 39394 598
34 40 27448 244
35 40 49547 1178
36 40 49156 1021
37 40 39749 642
38 40 32700 612
39 40 45316 1086
40 40 36858 351
41 40 46953 929
42 40 46608 889
43 40 26116 378
44 40 15683 113
45 40 35784 482
46 40 42834 1211
47 40 55249 1353
48 40 42887 682
49 40 52697 1646
50 40 23777 180
51 40 21077 153
52 40 48537 1131
53 40 16547 110
54 40 22435 378
55 40 35913 912
56 40 48802 1431
57 40 17191 217
58 40 18649 409
59 40 51142 2067
60 40 47965 1547
61 40 46972 1463
62 40 30926 586
63 40 49357 1153
64 40 46477 1436
65 40 18745 171
66 40 41792 644
67 40 46740 1212
68 40 34176 631
69 40 25538 352
70 40 24769 312
71 40 29378 434
72 40 50544 1279
73 40 45322 909
74 40 36112 577
75 40 40745 809
76 40 17501 69
77 40 22293 230
78 40 45940 1022
79 40 38933 599
80 40 11875 26
81 40 26313 198
82 40 52438 1119
83 40 28889 272
84 40 40805 891
85 40 51028 1369
86 40 31772 439
87 40 42687 644
88 40 50013 1836
89 40 34314 1221
90 40 39799 869
91 40 14234 157
92 40 20053 268
93 40 36618 998
94 40 34773 534
95 40 27000 606
96 40 11275 68
97 40 34502 1152
98 40 29909 738
99 40 8529 93
100 40 48073 2277
101 40 49784 2377
102 40 35770 909
103 40 45176 1646
104 40 50428 1601
105 40 47153 2889
106 40 39180 747
107 40 41567 1951
108 40 13813 163
109 40 33621 757
110 40 45967 2117
111 40 43222 1434
112 40 46847 1460
113 40 59121 1746
114 40 25679 1016
115 40 43413 1986
116 40 37444 849
117 40 47488 1946
118 40 50757 1809
119 40 40704 1053
120 40 18186 94
121 40 41596 1062
122 40 55841 1722
123 40 31840 792
124 40 43131 1077
125 40 38758 1149
126 40 43208 1982
127 40 50742 1591
128 40 45119 1625
129 40 53207 1660
130 40 46883 1958
131 40 33666 631
132 40 50603 1683
133 40 43343 1023
134 40 18007 160
135 40 52258 1508
136 40 27772 866
137 40 55122 2163
138 40 51393 1752
139 40 56332 1949
140 40 53330 1700
141 40 15470 154
142 40 34572 564
143 40 25628 448
144 40 51465 1570
145 40 25038 372
146 40 24471 570
147 40 12387 113
148 40 30523 545
149 40 30745 723
150 40 37749 1055
151 40 15146 173
152 40 45312 925
153 40 25281 207
154 40 26561 340
155 40 44895 774
156 40 26065 342
157 40 44227 1845
158 40 45328 1196
159 40 30115 621
160 40 11504 69
161 40 33607 479
162 40 26581 414
163 40 9431 37
164 40 38042 673
165 40 41217 1262
166 40 33421 1021
167 40 28328 663
168 40 23618 348
169 40 29955 530
170 40 50483 2274
171 40 24506 275
172 40 24690 374
173 40 49119 1406
174 40 36807 907
175 40 21684 370
176 40 49108 1721
177 40 44207 1517
178 40 48033 2462
179 40 45285 1647
180 40 41536 1786
181 40 43864 2527
182 40 22071 772
183 40 21208 455
184 40 49056 2685
185 40 45703 1333
186 40 6450 45
187 40 44260 1596
188 40 38000 1225
189 40 42805 1182
190 40 50938 1885
191 40 58456 1454
192 40 58316 2019
193 40 45247 2408
194 40 9912 51
195 40 11709 105
196 40 53029 1925
197 40 46263 2181
198 40 57796 2125
199 40 51792 2818
200 40 12847 82
201 40 36766 908
202 40 7349 23
203 40 14098 130
204 40 41731 1361
205 40 44740 932
206 40 43770 951
207 40 43975 1061
208 40 44643 1107
209 40 29606 332
210 40 17957 85
211 40 34296 302
212 40 19682 257
213 40 47956 677
214 40 23087 193
215 40 48821 1128
216 40 42627 816
217 40 2904 2
218 40 52183 936
219 40 32939 383
220 40 35913 387
221 40 48994 810
222 40 49207 738
223 40 41282 860
224 40 36372 616
225 40 8322 40
226 40 50524 1270
227 40 22004 218
228 40 44277 902
229 40 47843 1063
230 40 46194 1156
231 40 47950 677
232 40 35583 324
233 40 45032 879
234 40 39516 743
235 40 47866 758
236 40 35225 503
237 40 47486 1187
238 40 29106 362
239 40 43958 667
240 40 24600 217
241 40 52873 880
242 40 26824 220
243 40 48606 1139
244 40 6596 15
245 40 33711 435
246 40 42279 1143
247 40 40796 1019
248 40 23966 134
249 40 45042 1039
250 40 52544 1572
251 40 31246 467
252 40 40585 1070
253 40 54824 1760
254 40 49725 1139
255 40 46111 863
256 40 46864 691
257 40 38249 601
258 40 25458 185
259 40 33729 355
260 40 52014 1054
261 40 44332 1026
262 40 43018 818
263 40 34896 483
264 40 9088 31
265 40 45838 896
266 40 47273 683
267 40 11870 74
268 40 36965 849
269 40 20913 208
270 40 52074 1482
271 40 49730 1420
272 40 45280 2129
273 40 50981 1415
274 40 45951 1496
275 40 29074 343
276 40 44831 842
277 40 9709 33
278 40 38224 479
279 40 44040 908
280 40 0 0
281 40 42524 888
282 40 17062 165
283 40 15043 63
284 40 44798 992
285 40 27316 289
286 40 34250 468
287 40 27428 521
288 40 50105 889
289 40 43194 849
290 40 40549 603
291 40 32834 402
292 40 39108 1069
293 40 44869 1338
294 40 44453 860
295 40 34951 677
296 40 44593 1394
297 40 49834 1745
298 40 46906 1195
299 40 54345 1115
300 40 26423 329
301 40 31752 635
302 40 31772 595
303 40 29444 578
304 40 25642 580
305 40 53171 2411
306 40 7229 50
307 40 42309 1352
308 40 32051 557
309 40 14539 124
310 40 29556 479
311 40 38325 744
312 40 50774 1255
313 40 23358 281
314 40 7358 25
315 40 48427 1615
316 40 20255 139
317 40 46381 1590
318 40 12916 213
319 40 44858 2429
320 40 14729 118
321 40 21346 379
322 40 38306 1306
323 40 29016 543
324 40 48787 1785
325 40 48545 1278
326 40 45223 1487
327 40 18998 332
328 40 47108 1092
329 40 45667 1509
330 40 34679 599
331 40 23931 194
332 40 28323 207
333 40 40336 633
334 40 34720 338
335 40 29088 437
336 40 6698 38
337 40 29766 539
338 40 42366 1021
339 40 48283 728
340 40 42741 882
341 40 30170 269
342 40 19926 142
343 40 44936 792
344 40 32298 349
345 40 37099 362
346 40 51318 900
347 40 54588 1032
348 40 35639 438
349 40 50810 1125
350 40 21379 272
351 40 30740 401
352 40 45709 1185
353 40 50967 1726
354 40 47015 2222
355 40 3235 6
356 40 42689 1565
357 40 44549 1533
358 40 17011 218
359 40 16227 166
360 40 23463 184
361 40 46551 978
362 40 10119 22
363 40 52857 1424
364 40 31995 516
365 40 33945 612
366 40 49620 1010
367 40 32593 398
368 40 29025 282
369 40 32403 290
370 40 13251 39
371 40 49434 939
372 40 22736 120
373 40 23994 331
374 40 36532 667
375 40 20728 270
376 40 26508 345
377 40 43718 764
378 40 8755 38
379 40 36733 673
380 40 46686 2101
381 40 34977 572
382 40 9264 39
383 40 45728 2076
384 40 35172 1326
385 40 47952 2354
386 40 27651 456
387 40 30713 983
388 40 39548 2492
389 40 45431 1328
390 40 19638 320
391 40 51977 2754
392 40 42266 1519
393 40 46089 1807
394 40 32918 706
395 40 18287 129
396 40 40434 1179
397 40 32068 833
398 40 37674 895
399 40 47438 2188
400 40 26528 480
401 40 46661 1093
402 40 46068 1513
403 40 45167 1466
404 40 25418 435
405 40 43245 934
406 40 40568 1041
407 40 41596 797
408 40 30056 541
409 40 11367 54
410 40 7379 16
411 40 40187 749
412 40 38611 639
413 40 31226 436
414 40 21889 271
415 40 29325 378
416 40 53334 2092
417 40 43169 916
418 40 45788 1530
419 40 30209 463
420 40 49165 1933
421 40 25700 412
422 40 30576 418
423 40 46689 1475
424 40 31295 599
425 40 29779 573
426 40 39197 919
427 40 46550 1678
428 40 42916 2113
429 40 30328 542
430 40 44524 1102
431 40 32142 569
432 40 33775 478
433 40 7645 38
434 40 27253 495
435 40 28470 455
436 40 26333 347
437 40 43040 627
438 40 23255 277
439 40 37238 986
440 40 30081 336
441 40 42818 978
442 40 48273 1012
443 40 30928 548
444 40 43406 1515
445 40 48152 848
446 40 55710 2232
447 40 45778 2433
448 40 49091 2080
449 40 44338 1592
450 40 50177 2301
451 40 18908 332
452 40 32647 652
453 40 41575 1943
454 40 12491 86
455 40 45339 2177
456 40 53282 1949
457 40 5211 37
458 40 46610 2297
459 40 48108 1308
460 40 49812 1263
461 40 15808 215
462 40 25065 230
463 40 23018 176
464 40 42517 977
465 40 9275 40
466 40 35647 513
467 40 38328 731
468 40 54316 1018
469 40 38369 695
470 40 28287 776
471 40 27290 503
472 40 20054 178
473 40 35836 692
474 40 28200 485
475 40 46696 1575
476 40 15754 114
477 40 31261 465
478 40 56852 1669
479 40 48152 1403
480 40 29972 612
481 40 36107 1063
482 40 24933 353
483 40 40950 1047
484 40 26437 507
485 40 48823 2023
486 40 32603 833
487 40 42805 1421
488 40 31140 883
489 40 39616 1357
490 40 40812 811
491 40 47371 1454
492 40 12625 41
493 40 31542 524
494 40 43632 901
495 40 26774 713
496 40 45554 1418
497 40 42529 1082
498 40 44000 867
499 40 12509 83
500 40 7220 83
