1 40 11779 86
2 40 2373 11
3 40 15679 67
4 40 28487 2425
5 40 46044 1471475
6 40 2362 8
7 40 21129 288
8 40 48107 337044
9 40 9048 17
10 40 23931 2020
11 40 20724 902
12 40 28129 7021
13 40 39321 46191
14 40 5244 9
15 40 51164 1020747
16 40 1749 9
17 40 5646 8
18 40 17885 172
19 40 23490 717
20 40 39415 597058
21 40 25673 20155
22 40 44593 300444
23 40 9828 13
24 40 14638 34
25 40 43167 126695
26 40 53602 1290317
27 40 2332 8
28 40 9199 13
29 40 3579 9
30 40 37175 64460
31 40 44060 309353
32 40 40687 294772
33 40 39394 154186
34 40 26955 1299
35 40 49547 877652
36 40 21234 1327
37 40 39605 27368
38 40 32700 27001
39 40 8643 13
40 40 29846 18348
41 40 46953 945959
42 40 8974 14
43 40 26116 10010
44 40 15683 38
45 40 35784 14638
46 40 27524 19180
47 40 55249 923809
48 40 3708 8
49 40 52697 1456949
50 40 23777 558
51 40 21077 109
52 40 33389 284456
53 40 4300 8
54 40 3201 9
55 40 35913 114906
56 40 48802 1063809
57 40 6186 11
58 40 18649 221
59 40 51142 354430
60 40 34789 399818
61 40 18141 171
62 40 30926 5449
63 40 49357 667388
64 40 46477 254246
65 40 18745 60
66 40 13974 44
67 40 46740 579113
68 40 5491 11
69 40 25538 686
70 40 24769 674
71 40 4374 8
72 40 37094 121962
73 40 27582 30832
74 40 36112 12365
75 40 40745 1276710
76 40 6927 9
77 40 22293 195
78 40 45940 659495
79 40 20237 272
80 40 5457 8
81 40 26313 246
82 40 35967 268734
83 40 18249 388
84 40 40805 129478
85 40 51028 1258824
86 40 31772 9208
87 40 42687 25339
88 40 50013 939985
89 40 34314 75009
90 40 17991 124
91 40 14234 44
92 40 20053 199
93 40 36618 95576
94 40 34773 13616
95 40 12358 20
96 40 5379 8
97 40 34502 20463
98 40 25571 2117
99 40 8529 17
100 40 7213 10
101 40 35010 859525
102 40 5971 10
103 40 24388 3883
104 40 50428 276183
105 40 47153 248531
106 40 39180 117093
107 40 41567 71719
108 40 9080 13
109 40 6344 8
110 40 45967 572810
111 40 41703 156087
112 40 46847 187755
113 40 59121 7293767
114 40 24330 1964
115 40 43413 337143
116 40 37444 37693
117 40 47488 1392429
118 40 33189 134826
119 40 40704 135890
120 40 18186 61
121 40 5475 9
122 40 50991 2329436
123 40 31840 41735
124 40 14061 82
125 40 12101 25
126 40 43208 347775
127 40 50742 788794
128 40 45119 640570
129 40 50214 1376921
130 40 46883 309845
131 40 33666 169654
132 40 50603 1609128
133 40 29193 60048
134 40 7833 9
135 40 52258 1491073
136 40 20989 187
137 40 55122 1661402
138 40 33669 290836
139 40 19696 364
140 40 53330 3532616
141 40 4643 8
142 40 24392 1499
143 40 7867 11
144 40 48665 1530331
145 40 25038 489
146 40 14952 186
147 40 12387 21
148 40 30523 6840
149 40 30745 6016
150 40 7719 12
151 40 15146 76
152 40 45312 1928719
153 40 3864 9
154 40 17092 101
155 40 44895 103315
156 40 21626 576
157 40 44227 2066093
158 40 21936 546
159 40 6627 12
160 40 11504 30
161 40 26467 2740
162 40 15989 100
163 40 9431 18
164 40 38042 39337
165 40 27955 2368
166 40 33421 59362
167 40 28328 5727
168 40 23618 837
169 40 27628 1162
170 40 50483 360399
171 40 24506 785
172 40 24690 296
173 40 49119 325340
174 40 16668 65
175 40 8847 11
176 40 49108 2487160
177 40 44207 211539
178 40 48033 2307051
179 40 45285 368692
180 40 41536 887420
181 40 5977 11
182 40 22071 2269
183 40 10987 14
184 40 49056 261263
185 40 44702 938182
186 40 1970 8
187 40 44260 165001
188 40 38000 53965
189 40 12853 28
190 40 50938 693146
191 40 58456 1692545
192 40 58316 1311558
193 40 9186 20
194 40 9912 22
195 40 11709 15
196 40 45029 690386
197 40 46263 772424
198 40 23540 361
199 40 28485 10185
200 40 12366 16
201 40 13130 24
202 40 7349 14
203 40 4613 8
204 40 41731 234060
205 40 24894 3432
206 40 34530 555981
207 40 43975 303029
208 40 44643 1075863
209 40 29606 1541
210 40 17957 77
211 40 5749 10
212 40 5169 9
213 40 45810 1218547
214 40 9184 14
215 40 48821 1311461
216 40 42627 2275291
217 40 2904 9
218 40 52183 740251
219 40 32939 16851
220 40 35038 12308
221 40 48994 315614
222 40 39518 1065963
223 40 41282 332864
224 40 9765 25
225 40 8322 20
226 40 50524 1746490
227 40 22004 260
228 40 5746 9
229 40 37532 292651
230 40 46194 200666
231 40 26879 3738
232 40 10277 16
233 40 45032 1441784
234 40 36597 37743
235 40 26088 987
236 40 35225 56896
237 40 28770 8179
238 40 25740 3471
239 40 43958 455256
240 40 3947 9
241 40 52873 394450
242 40 26824 1533
243 40 48606 2081209
244 40 6596 12
245 40 16988 200
246 40 42279 130882
247 40 40796 67946
248 40 23966 108
249 40 30069 62118
250 40 6131 11
251 40 31246 6305
252 40 14535 262
253 40 54824 876925
254 40 49725 1087340
255 40 46111 535735
256 40 46864 370404
257 40 19014 500
258 40 17741 175
259 40 8591 12
260 40 52014 1398037
261 40 44332 282780
262 40 43018 64850
263 40 34896 81841
264 40 9088 14
265 40 45838 906074
266 40 47273 147405
267 40 11870 68
268 40 22838 3435
269 40 20913 187
270 40 52074 745566
271 40 47277 411975
272 40 34860 45650
273 40 43972 3009175
274 40 32528 256394
275 40 17356 56
276 40 44831 321072
277 40 4236 11
278 40 38224 248564
279 40 44040 470808
280 40 0 8
281 40 42524 210870
282 40 17062 193
283 40 8737 11
284 40 44798 307226
285 40 23183 982
286 40 34250 30431
287 40 27428 4082
288 40 50105 4516309
289 40 39831 161469
290 40 40549 23696
291 40 12551 22
292 40 39108 106648
293 40 44869 594784
294 40 44453 318058
295 40 30070 49443
296 40 17595 720
297 40 23768 1381
298 40 21831 4739
299 40 33397 141756
300 40 26129 2469
301 40 14495 64
302 40 28029 3276
303 40 29444 14239
304 40 11340 21
305 40 53171 2511967
306 40 7229 10
307 40 22260 2119
308 40 32051 4321
309 40 2213 8
310 40 29556 7163
311 40 25863 12170
312 40 50774 1635612
313 40 23358 1166
314 40 7358 14
315 40 17049 189
316 40 3320 11
317 40 29536 67723
318 40 10386 18
319 40 44858 1595683
320 40 3934 8
321 40 9799 14
322 40 38306 106336
323 40 29016 799
324 40 28017 19617
325 40 48545 3926857
326 40 35711 69215
327 40 18998 195
328 40 47108 770916
329 40 45667 308032
330 40 32279 47746
331 40 23931 183
332 40 21619 682
333 40 1685 8
334 40 4705 8
335 40 29088 899
336 40 3770 8
337 40 29766 5629
338 40 29399 68709
339 40 34972 84335
340 40 42741 888767
341 40 14210 32
342 40 18656 213
343 40 44936 199342
344 40 10206 12
345 40 22184 791
346 40 51318 2314166
347 40 22210 364
348 40 35639 31041
349 40 30357 39642
350 40 21155 431
351 40 30740 2914
352 40 8797 19
353 40 13463 190
354 40 47015 195067
355 40 1193 8
356 40 42156 472432
357 40 44549 548802
358 40 17011 227
359 40 3114 8
360 40 23064 176
361 40 6579 10
362 40 10119 12
363 40 52857 543399
364 40 27489 3737
365 40 32339 18050
366 40 46168 1256268
367 40 32593 1921
368 40 29025 1433
369 40 7710 12
370 40 13251 26
371 40 49434 771432
372 40 18748 73
373 40 23994 1800
374 40 36532 88778
375 40 19489 305
376 40 13787 19
377 40 21862 913
378 40 6463 9
379 40 21950 797
380 40 38352 414721
381 40 19061 224
382 40 9264 15
383 40 45728 1188223
384 40 35172 29196
385 40 47952 240654
386 40 27520 779
387 40 20276 765
388 40 15424 189
389 40 6150 9
390 40 9102 11
391 40 41221 869393
392 40 13502 26
393 40 11833 55
394 40 32918 3583
395 40 18287 64
396 40 40434 228171
397 40 21342 777
398 40 37655 134109
399 40 40401 769355
400 40 26528 733
401 40 42558 954112
402 40 46068 352787
403 40 45167 248169
404 40 19732 102
405 40 43245 155462
406 40 8019 10
407 40 23744 1667
408 40 7858 12
409 40 10074 12
410 40 7379 12
411 40 24621 6825
412 40 38611 152563
413 40 8665 12
414 40 13014 52
415 40 29325 1683
416 40 43152 1814712
417 40 22131 233
418 40 45788 581559
419 40 23182 5036
420 40 49165 264258
421 40 21089 347
422 40 30576 2411
423 40 46689 244295
424 40 29386 1823
425 40 29779 4844
426 40 3490 8
427 40 46550 284096
428 40 2456 8
429 40 30328 3019
430 40 21885 4815
431 40 17297 446
432 40 22839 774
433 40 5461 9
434 40 27253 6028
435 40 28470 9290
436 40 16339 59
437 40 23018 969
438 40 23255 1501
439 40 27417 6812
440 40 21082 384
441 40 9769 18
442 40 2116 17
443 40 30928 13949
444 40 43406 3946005
445 40 48152 383973
446 40 35791 75745
447 40 45778 868211
448 40 18119 344
449 40 12908 27
450 40 28785 5017
451 40 18908 67
452 40 32647 2974
453 40 41575 173150
454 40 3269 8
455 40 26159 5005
456 40 53282 643171
457 40 2195 8
458 40 5776 9
459 40 4171 8
460 40 26113 10114
461 40 15808 99
462 40 17838 168
463 40 19501 150
464 40 42517 177055
465 40 1307 8
466 40 20675 807
467 40 15976 67
468 40 54316 365075
469 40 38369 47504
470 40 28287 11821
471 40 27290 4225
472 40 13623 17
473 40 1199 8
474 40 28200 11334
475 40 40164 803792
476 40 15754 50
477 40 25092 1138
478 40 30162 10298
479 40 20725 1249
480 40 29972 23769
481 40 8349 16
482 40 24933 860
483 40 30779 12416
484 40 26437 2646
485 40 691 8
486 40 23012 401
487 40 36905 186536
488 40 31140 11573
489 40 26463 3570
490 40 26428 1764
491 40 47371 1280773
492 40 12625 28
493 40 2135 8
494 40 19104 1067
495 40 26774 3315
496 40 45554 367329
497 40 41681 295645
498 40 7000 11
499 40 4888 9
500 40 7220 17
