1 32 25778 45832588
2 32 27333 41494328
3 32 31184 42891860
4 32 29517 41329499
5 32 27168 41912664
6 32 32109 42146870
7 32 28931 41525222
8 32 29963 43723377
9 32 31339 43113559
10 32 28018 42305579
11 32 26292 43702352
12 32 28813 44574013
13 32 28516 44374963
14 32 25859 40025204
15 32 28499 42444799
16 32 28906 42977412
17 32 32021 46257533
18 32 28238 42521108
19 32 31481 41885012
20 32 25722 43827324
21 32 30541 44054697
22 32 27468 41838542
23 32 26607 43546520
24 32 31315 44867954
25 32 26074 44849832
26 32 30018 45846956
27 32 29136 43810219
28 32 29230 43054445
29 32 29806 43382959
30 32 28242 42520435
31 32 28844 42105131
32 32 31646 42895450
33 32 27268 43632792
34 32 30221 43138067
35 32 28316 42632008
36 32 30514 44895252
37 32 28424 42129201
38 32 28516 42429513
39 32 29044 45649141
40 32 30118 44871534
41 32 27733 43207137
42 32 28499 42575083
43 32 28213 42299449
44 32 25631 41892521
45 32 29108 42692508
46 32 28905 43416023
47 32 29539 41436311
48 32 29177 42220526
49 32 27557 43307842
50 32 24867 43170363
51 32 30954 42380677
52 32 27481 42309711
53 32 28025 41985410
54 32 31757 44295889
55 32 28884 43433880
56 32 27262 43138236
57 32 25356 43227529
58 32 28578 42074559
59 32 27971 45302369
60 32 29125 44020749
61 32 25758 39686391
62 32 25254 40785889
63 32 31251 43133894
64 32 30372 44690915
65 32 28666 43526016
66 32 31982 43575699
67 32 27892 42488708
68 32 27473 42762517
69 32 27295 42983770
70 32 25212 41088487
71 32 27242 42917414
72 32 29003 42766903
73 32 29552 43597168
74 32 28701 42786177
75 32 27717 44988388
76 32 29193 45899607
77 32 27205 45734242
78 32 31732 46213383
79 32 25519 45362682
80 32 29464 43688285
81 32 25594 43347440
82 32 26887 43365391
83 32 30099 43774828
84 32 29675 42960638
85 32 30211 43468742
86 32 26604 40715153
87 32 29379 41530167
88 32 26039 42627704
89 32 30242 44759685
90 32 31082 43733439
91 32 29011 43150456
92 32 26952 41355109
93 32 29584 42655419
94 32 29176 43465180
95 32 32060 43298866
96 32 30649 44490176
97 32 25566 39664929
98 32 25946 43378016
99 32 26680 41046206
100 32 29187 43189175
101 32 28339 43529196
102 32 32454 44593512
103 32 24016 39226306
104 32 27377 42093367
105 32 27877 48376077
106 32 30301 44988007
107 32 33309 45356619
108 32 30642 45791242
109 32 31349 43939160
110 32 27905 45813806
111 32 25299 43802394
112 32 25555 41759425
113 32 33152 44239775
114 32 29788 41952718
115 32 32799 43625391
116 32 29857 42433113
117 32 29867 43683673
118 32 27031 40760604
119 32 29533 42651681
120 32 31545 43663382
121 32 27335 42199616
122 32 31106 44332307
123 32 29862 42385567
124 32 27669 41783706
125 32 28754 43442852
126 32 28788 43008505
127 32 26518 42749447
128 32 26969 42886047
129 32 25351 40542529
130 32 28796 43090660
131 32 30257 44517152
132 32 25401 40205169
133 32 24755 43716398
134 32 29515 44558805
135 32 26119 42570467
136 32 29476 43007225
137 32 29546 46072413
138 32 28027 43005595
139 32 28758 41323950
140 32 25594 42078555
141 32 27048 41291777
142 32 30157 45437831
143 32 28806 40171720
144 32 29492 40990393
145 32 26972 42837881
146 32 28732 41206712
147 32 27448 42026302
148 32 28492 44295201
149 32 28658 42236097
150 32 28747 41971898
151 32 29488 41584249
152 32 31636 43095455
153 32 30090 41698707
154 32 31067 42567608
155 32 26472 45642886
156 32 24267 41433157
157 32 33288 43725033
158 32 26910 43916370
159 32 31896 44839518
160 32 27404 43723881
161 32 25134 40202768
162 32 29694 42609242
163 32 27512 43032300
164 32 27854 41448817
165 32 28271 44456302
166 32 30057 42218822
167 32 24046 44438964
168 32 29027 42040137
169 32 26688 43446328
170 32 32907 44159225
171 32 26451 44072176
172 32 28485 44433402
173 32 28731 42302929
174 32 24565 42948087
175 32 27846 43514874
176 32 29321 44900966
177 32 30878 44180867
178 32 28766 43904529
179 32 25951 43058312
180 32 31653 43768878
181 32 26713 43170956
182 32 26332 43370908
183 32 25432 44219881
184 32 27024 43901626
185 32 27893 42557500
186 32 25556 40057771
187 32 29060 44618675
188 32 29782 40696031
189 32 29047 42767818
190 32 25745 42018491
191 32 29325 42355501
192 32 24979 42643748
193 32 27867 45687049
194 32 26771 42284340
195 32 27602 44565548
196 32 24840 44794598
197 32 28610 46294930
198 32 31611 44569074
199 32 29162 45812649
200 32 30229 43453780
201 32 31201 43689567
202 32 30243 43690829
203 32 27849 45160500
204 32 27055 43549548
205 32 25112 43575411
206 32 28460 41095601
207 32 27588 46315060
208 32 32964 45597340
209 32 29077 44638066
210 32 28197 46076271
211 32 30805 45031257
212 32 29476 44721631
213 32 27163 43363602
214 32 27482 41348306
215 32 28685 44453195
216 32 31440 45479031
217 32 22785 40456348
218 32 29344 42400678
219 32 28727 43885304
220 32 27239 43153231
221 32 29161 46928344
222 32 24572 43107843
223 32 25799 46304640
224 32 27099 43598300
225 32 28480 45648014
226 32 28115 41820840
227 32 27534 44423622
228 32 25839 43023910
229 32 27073 42380013
230 32 25578 40605917
231 32 31956 43898533
232 32 28516 41628341
233 32 27099 40279477
234 32 28018 42902020
235 32 28963 42985535
236 32 25686 40929585
237 32 30253 44584059
238 32 24071 42378843
239 32 29323 42830908
240 32 31088 43352831
241 32 25744 41311178
242 32 24375 40370633
243 32 30100 42982611
244 32 26887 44173678
245 32 30711 44642068
246 32 28329 42654601
247 32 29751 43010575
248 32 28266 42856476
249 32 25938 42012199
250 32 29215 42767437
251 32 32251 44362286
252 32 28920 43759135
253 32 29803 44645363
254 32 28026 43857728
255 32 29828 44735335
256 32 29525 43527165
257 32 31451 45360914
258 32 26934 41739459
259 32 28207 46001285
260 32 26429 41804021
261 32 30084 44362422
262 32 29703 42895166
263 32 29645 41412374
264 32 25312 42324476
265 32 32700 44397455
266 32 27050 43239820
267 32 24039 41191961
268 32 26800 44011886
269 32 28699 41250266
270 32 26823 44030428
271 32 29284 43800792
272 32 25715 43024520
273 32 30727 43544903
274 32 28472 44046768
275 32 30800 44266067
276 32 28316 43738010
277 32 32174 42511860
278 32 32022 41868822
279 32 26431 39420796
280 32 27184 39744854
281 32 26551 39350568
282 32 26885 39127848
283 32 25384 38749342
284 32 29015 40912788
285 32 29445 42025626
286 32 29535 39432195
287 32 29024 39576688
288 32 29819 39706634
289 32 25432 38963860
290 32 30022 38967439
291 32 29894 42258184
292 32 28838 41338997
293 32 28260 41655248
294 32 28510 41158181
295 32 30467 40701324
296 32 27327 39674613
297 32 28914 39972486
298 32 26430 39817922
299 32 31546 42898424
300 32 25742 39313361
301 32 27766 40580450
302 32 25703 37598963
303 32 26077 41820573
304 32 30782 41182119
305 32 29635 37766175
306 32 27775 40434907
307 32 31245 40832291
308 32 30264 41343255
309 32 28968 40165510
310 32 27179 36954092
311 32 28974 40305750
312 32 28886 41239174
313 32 28871 40499869
314 32 28321 40175170
315 32 32453 43251878
316 32 27971 39655834
317 32 31767 39496352
318 32 29443 39979635
319 32 26747 37528600
320 32 26197 40117193
321 32 23235 37875311
322 32 28141 39890726
323 32 31858 40240837
324 32 29407 41715660
325 32 24403 38270679
326 32 29439 40327129
327 32 27644 41312415
328 32 25373 41047326
329 32 32661 40123075
330 32 27460 38120774
331 32 31015 38583672
332 32 27629 40139465
333 32 32763 40234584
334 32 26670 42399468
335 32 29587 38795734
336 32 31323 39581877
337 32 29765 40832380
338 32 32972 39674265
339 32 30327 39767786
340 32 28968 38815779
341 32 31144 40685030
342 32 28057 40301923
343 32 30169 38930021
344 32 31532 39291775
345 32 26451 38600341
346 32 26592 39233044
347 32 30254 38021915
348 32 27629 37789562
349 32 28379 37664774
350 32 29457 38970252
351 32 26390 37725244
352 32 28264 39906784
353 32 29629 38921911
354 32 28282 40516506
355 32 22790 38798727
356 32 32310 40400519
357 32 28087 35934566
358 32 27169 39525890
359 32 25541 34994085
360 32 32134 36350446
361 32 26406 36550161
362 32 27093 38314198
363 32 27245 42251638
364 32 30731 41134355
365 32 27605 38999562
366 32 30547 39190205
367 32 30887 39135809
368 32 29580 38650285
369 32 29853 39528652
370 32 28378 39305978
371 32 28357 39949733
372 32 25834 37505067
373 32 29989 37425596
374 32 25300 36460132
375 32 27504 38286036
376 32 28202 37241816
377 32 29920 39323350
378 32 29429 36882232
379 32 29263 37922322
380 32 30172 36739132
381 32 28555 36819164
382 32 28634 35432301
383 32 28523 37574292
384 32 26804 36987371
385 32 27290 36131056
386 32 29889 41005607
387 32 28009 37490228
388 32 31294 41530876
389 32 27198 37604810
390 32 26305 36512249
391 32 28117 35846317
392 32 30980 41085585
393 32 25070 36030233
394 32 29111 39600005
395 32 29448 42272093
396 32 27092 36526846
397 32 25954 39782238
398 32 28476 37507309
399 32 29371 40946515
400 32 26875 41106830
401 32 29482 40473116
402 32 27690 41076770
403 32 30142 39029916
404 32 27582 40137013
405 32 28966 37527140
406 32 28585 39114875
407 32 29373 38435664
408 32 29242 38100122
409 32 25580 41082962
410 32 30993 38418513
411 32 27386 37843709
412 32 28840 38481859
413 32 25269 36456641
414 32 28682 38506428
415 32 29707 37590616
416 32 28925 42541407
417 32 31662 37861834
418 32 24642 35970110
419 32 31550 39596747
420 32 25310 38337477
421 32 27994 39488475
422 32 33262 38256273
423 32 32500 38080881
424 32 32639 37986678
425 32 25826 36853410
426 32 30863 39355487
427 32 28018 37570868
428 32 24701 37140774
429 32 30303 39975985
430 32 32220 39032068
431 32 27620 38571592
432 32 29933 37863098
433 32 27614 41030754
434 32 30056 38627873
435 32 26353 35917323
436 32 30402 38655528
437 32 27411 35032758
438 32 25540 39237539
439 32 30555 40311370
440 32 25963 35306656
441 32 29470 38805671
442 32 26914 39074440
443 32 25884 36436120
444 32 32671 40305116
445 32 28913 36111630
446 32 27105 39025566
447 32 28751 41582228
448 32 27839 40522652
449 32 28411 39750578
450 32 31059 37964873
451 32 30243 40359338
452 32 27412 38128153
453 32 28346 38126805
454 32 30428 37238085
455 32 29293 40679297
456 32 25584 39987652
457 32 27932 36865610
458 32 27944 40158217
459 32 25858 40579777
460 32 26689 40001432
461 32 28545 40273681
462 32 28449 41780088
463 32 28501 40500388
464 32 25562 40748792
465 32 31130 41321780
466 32 27091 38694466
467 32 30494 38229707
468 32 28639 38679652
469 32 30317 39773047
470 32 30470 38033922
471 32 29742 41018351
472 32 26386 38633317
473 32 29597 41200124
474 32 26219 41430227
475 32 30032 41847556
476 32 23770 40369247
477 32 26464 38373778
478 32 29910 37905761
479 32 26977 39497318
480 32 30566 38395844
481 32 31020 39898051
482 32 30531 41454488
483 32 29746 41364115
484 32 28820 38670150
485 32 30689 42004540
486 32 31151 40801546
487 32 28224 38375510
488 32 31443 36920496
489 32 33537 42294931
490 32 27933 36676387
491 32 30992 35078687
492 32 27560 37232419
493 32 28720 36897989
494 32 27388 35642722
495 32 25762 35749142
496 32 29546 43213705
497 32 26555 35714260
498 32 28498 36683007
499 32 28104 37197830
500 32 31518 40247075
