1 32 25277 4914937
2 32 26540 1309963
3 32 30482 2454464
4 32 29466 2179197
5 32 27168 4211392
6 32 30954 1225005
7 32 28931 2219150
8 32 29963 4034124
9 32 30601 1307251
10 32 27475 4188836
11 32 25803 4899866
12 32 28350 4586488
13 32 28516 6032111
14 32 25237 5064888
15 32 28499 8031574
16 32 28737 2548621
17 32 31276 2574208
18 32 28238 3863598
19 32 31481 1939521
20 32 25654 8002954
21 32 30176 4208770
22 32 27468 2231693
23 32 26607 5716717
24 32 31315 2206157
25 32 26074 7902670
26 32 30018 4349975
27 32 28961 2522996
28 32 28531 2566343
29 32 29309 2572566
30 32 28242 2374528
31 32 28844 2752577
32 32 31646 2167497
33 32 27268 6322308
34 32 30209 2313931
35 32 28316 4193997
36 32 30026 2524787
37 32 28424 4062280
38 32 28516 2199225
39 32 28093 4419239
40 32 29902 2322633
41 32 27733 4522484
42 32 28092 4332389
43 32 28213 3977454
44 32 25631 4473770
45 32 29108 4127874
46 32 28488 4143087
47 32 29539 4072246
48 32 28082 2428369
49 32 27557 5575095
50 32 24867 7614181
51 32 30954 2387265
52 32 27264 2547345
53 32 27459 4253286
54 32 31133 1317759
55 32 28884 6029766
56 32 27262 5443393
57 32 24923 4206397
58 32 28578 2210550
59 32 27971 5695301
60 32 28815 4244818
61 32 26031 2346371
62 32 25254 3050949
63 32 31251 4107437
64 32 30372 2167140
65 32 28666 2780592
66 32 31196 2475816
67 32 27892 3559650
68 32 27131 2533858
69 32 27295 3327739
70 32 25212 7793590
71 32 26433 4367590
72 32 28712 2483332
73 32 29174 2253384
74 32 28701 3964872
75 32 27717 4189008
76 32 28517 4434488
77 32 27205 4191593
78 32 31732 4281792
79 32 25117 2530484
80 32 29084 1341742
81 32 25594 5106643
82 32 26552 4320878
83 32 29695 2450667
84 32 29675 3826927
85 32 30211 4001981
86 32 26604 4517414
87 32 29379 4081530
88 32 26039 3871146
89 32 30242 4190767
90 32 30406 2460779
91 32 29011 3175422
92 32 26952 5047576
93 32 29584 4259376
94 32 29176 3986700
95 32 31295 1312393
96 32 30067 2282830
97 32 25566 4348991
98 32 25825 1309369
99 32 26680 4185946
100 32 28176 1241837
101 32 28072 4244074
102 32 31366 2316378
103 32 23773 4721452
104 32 27377 7399236
105 32 27877 4348908
106 32 30301 4083511
107 32 33309 3032225
108 32 30387 1318234
109 32 30313 1334069
110 32 27905 4464913
111 32 25296 3993174
112 32 25555 7600015
113 32 33152 2140974
114 32 29714 2184024
115 32 32799 3778989
116 32 29857 3156972
117 32 29867 4135224
118 32 26661 2268098
119 32 29533 4124217
120 32 31545 3266312
121 32 26565 2543945
122 32 31018 2711631
123 32 29862 4131193
124 32 27197 2578978
125 32 28208 2350069
126 32 28788 5791587
127 32 26518 3804413
128 32 26969 7573087
129 32 25302 4327213
130 32 28796 4221881
131 32 30257 2176162
132 32 25401 4406651
133 32 24422 8428802
134 32 28917 2257607
135 32 26119 4578613
136 32 29140 4302735
137 32 29546 3970732
138 32 27654 4123974
139 32 28039 2395681
140 32 25594 5463312
141 32 27076 2589018
142 32 29759 4181843
143 32 27985 2465388
144 32 29477 4201334
145 32 26972 2207707
146 32 28485 4124561
147 32 27448 5516442
148 32 28492 4076977
149 32 28658 4704579
150 32 27859 2351703
151 32 29488 2840935
152 32 31636 4085431
153 32 29030 2262158
154 32 31166 2503709
155 32 26472 10452573
156 32 24200 8174773
157 32 33288 2202732
158 32 26910 4857855
159 32 31519 2552232
160 32 27404 5957657
161 32 24922 4375708
162 32 29214 4215577
163 32 27512 5425079
164 32 27854 2945853
165 32 27973 1295845
166 32 30057 2215972
167 32 24046 7546022
168 32 29027 2704050
169 32 26554 4703777
170 32 32907 2048638
171 32 26451 5180701
172 32 28485 4355564
173 32 28731 4076200
174 32 24078 4456163
175 32 27358 4297075
176 32 29321 4301545
177 32 30878 2199159
178 32 28766 2849363
179 32 25951 8777038
180 32 31653 2965309
181 32 25798 4733226
182 32 26332 3765630
183 32 25062 8232155
184 32 27024 7775477
185 32 27869 2246719
186 32 25034 4254847
187 32 29060 4351849
188 32 29782 2200413
189 32 28221 2310578
190 32 25745 2582983
191 32 29325 4261486
192 32 24979 5671536
193 32 27056 4268283
194 32 26771 4034614
195 32 27602 7154173
196 32 24704 8518555
197 32 28610 5399894
198 32 30891 2357875
199 32 28669 4252188
200 32 30032 2337430
201 32 30698 2343839
202 32 30243 3759841
203 32 27109 4251525
204 32 27055 7101954
205 32 24726 4296755
206 32 28225 2343454
207 32 27588 4117572
208 32 32964 4059612
209 32 29077 4099336
210 32 28197 6629217
211 32 29730 2311728
212 32 28670 2256014
213 32 27145 7669721
214 32 26881 2205014
215 32 28685 6260095
216 32 31440 4089353
217 32 22785 8528512
218 32 29344 2196907
219 32 28727 6171485
220 32 27192 4554477
221 32 29161 3649267
222 32 24426 8772050
223 32 25799 4752137
224 32 27079 4720095
225 32 28480 4209157
226 32 28115 4206498
227 32 27534 4228866
228 32 24986 4446572
229 32 26866 4733821
230 32 25578 4238759
231 32 31402 4232313
232 32 27996 2253478
233 32 27099 2795540
234 32 27916 2531796
235 32 28425 4248445
236 32 25686 4142398
237 32 29943 2452941
238 32 23994 8040573
239 32 29323 1979045
240 32 30060 1241734
241 32 25744 4051534
242 32 24375 4241851
243 32 30100 2166456
244 32 26887 4298450
245 32 30165 2465150
246 32 28329 2917876
247 32 29751 2560730
248 32 28266 2489393
249 32 25606 2328611
250 32 28575 1289880
251 32 32251 2160149
252 32 28878 1294795
253 32 29803 4097188
254 32 28026 4331636
255 32 29828 2952906
256 32 29525 4401953
257 32 30950 2511326
258 32 26597 4183230
259 32 27349 4387584
260 32 26429 3325410
261 32 30084 4237866
262 32 29703 2965465
263 32 29645 7646248
264 32 25312 7375875
265 32 32700 4033753
266 32 27050 4182867
267 32 24039 7265885
268 32 26632 7675437
269 32 28699 2100178
270 32 26823 4678019
271 32 29255 2542886
272 32 25659 4580451
273 32 30573 2248569
274 32 28282 4557945
275 32 30281 4374466
276 32 28316 3672359
277 32 31718 1329112
278 32 32022 2083238
279 32 26431 3134185
280 32 26723 4216906
281 32 26551 4395951
282 32 26885 2179883
283 32 25304 4582303
284 32 29015 4371468
285 32 29246 4217897
286 32 29535 2071637
287 32 29024 2167094
288 32 29819 4236460
289 32 25358 5029343
290 32 30022 2170626
291 32 29146 2355495
292 32 28838 4050660
293 32 28260 5152907
294 32 28510 4129171
295 32 30330 4077696
296 32 26664 2297262
297 32 28532 2518703
298 32 26113 4446476
299 32 31116 4194124
300 32 25742 4222916
301 32 27192 2499025
302 32 25591 3095532
303 32 26077 7832115
304 32 30157 4253535
305 32 29635 2187199
306 32 27633 4305240
307 32 30753 2203522
308 32 30264 2149640
309 32 28541 2543505
310 32 27179 3931485
311 32 28933 2497945
312 32 28886 4694283
313 32 28871 6501390
314 32 28321 2193479
315 32 31602 2268267
316 32 27299 4307054
317 32 31533 1474953
318 32 29443 2493834
319 32 26747 4073206
320 32 25379 4325192
321 32 22685 4160514
322 32 28141 2745183
323 32 31858 2353507
324 32 28949 2498698
325 32 24403 5584658
326 32 29203 4177441
327 32 27644 7320776
328 32 25373 9404227
329 32 32661 2314894
330 32 27405 3395285
331 32 31015 2132680
332 32 27582 7459167
333 32 31590 658661
334 32 26314 2528821
335 32 29587 2152516
336 32 30641 1343462
337 32 29765 4079547
338 32 32583 1407771
339 32 30050 4147735
340 32 28968 2249122
341 32 30462 2561486
342 32 27957 4432840
343 32 30169 2235051
344 32 30703 1246489
345 32 26425 4176618
346 32 26592 4028337
347 32 29629 1289697
348 32 27629 7787386
349 32 27929 2284145
350 32 29369 2650639
351 32 26390 4497482
352 32 27574 2489346
353 32 29320 2531643
354 32 28282 4773151
355 32 22493 13484434
356 32 32296 2378448
357 32 28087 2954932
358 32 27169 4040433
359 32 25177 4786915
360 32 32085 2277007
361 32 26174 2494415
362 32 27093 3812588
363 32 27245 4561134
364 32 30540 4010720
365 32 27605 8025674
366 32 30491 2218103
367 32 30887 2640947
368 32 29580 2275246
369 32 29172 2563503
370 32 28378 5070334
371 32 28357 4092002
372 32 25633 7449338
373 32 29989 3658162
374 32 25300 6231634
375 32 27473 2439552
376 32 27920 2406920
377 32 29888 2498741
378 32 29116 2188024
379 32 28865 4170846
380 32 30116 2505861
381 32 28004 4198625
382 32 28634 3239479
383 32 28523 7759247
384 32 26804 5121151
385 32 27290 4267671
386 32 29889 7685842
387 32 27960 4798128
388 32 30994 2500427
389 32 26373 2621863
390 32 25765 1265649
391 32 27911 2310905
392 32 30123 1349520
393 32 24786 4813803
394 32 29111 3723911
395 32 29448 4304698
396 32 27092 4162663
397 32 25944 2449243
398 32 28476 2334892
399 32 29356 2542123
400 32 26875 3572544
401 32 29339 2524554
402 32 27690 4236469
403 32 30142 2354160
404 32 27448 2416890
405 32 28966 5055907
406 32 28605 2516442
407 32 28909 4330582
408 32 28482 4362207
409 32 25509 4481343
410 32 30993 2702115
411 32 27111 4290731
412 32 28840 4965284
413 32 24504 4350301
414 32 28545 4809271
415 32 29707 3488467
416 32 28797 4248165
417 32 31012 2324876
418 32 24642 8047458
419 32 31323 2150096
420 32 25310 3916934
421 32 27758 4481123
422 32 33262 2258887
423 32 32500 4143633
424 32 32639 2504558
425 32 25826 4634689
426 32 29813 2406531
427 32 28018 7710019
428 32 23776 4567257
429 32 30303 4323700
430 32 31761 1331374
431 32 27762 4803946
432 32 29638 4252486
433 32 27345 4393367
434 32 30056 5240434
435 32 26353 3918900
436 32 30043 2517636
437 32 26909 2246555
438 32 25540 4296469
439 32 30185 4429765
440 32 25614 4030662
441 32 28593 2527018
442 32 27224 4859785
443 32 25884 5598928
444 32 32671 2138411
445 32 28913 2477184
446 32 26867 4111192
447 32 28751 4134072
448 32 27113 4535277
449 32 28411 4657560
450 32 30562 2223217
451 32 30243 4738694
452 32 27412 4229426
453 32 28346 4193106
454 32 30216 1312946
455 32 29284 2472462
456 32 25584 3138139
457 32 27902 1320312
458 32 26961 4576036
459 32 24920 4998338
460 32 26530 2460059
461 32 28545 4172079
462 32 28043 2263551
463 32 28362 4299843
464 32 25562 8684919
465 32 30884 2570214
466 32 26609 4393984
467 32 30024 1296211
468 32 28639 3754996
469 32 30317 3496919
470 32 30470 2238942
471 32 29742 2811043
472 32 26127 4264027
473 32 29136 2590459
474 32 26219 6045133
475 32 29947 4205265
476 32 23770 5003091
477 32 26427 4202775
478 32 29538 2563197
479 32 26388 2330165
480 32 30566 2130716
481 32 30112 2511207
482 32 30531 2157895
483 32 29469 4190509
484 32 28820 2220323
485 32 29581 2497556
486 32 30799 4329378
487 32 28068 2318308
488 32 31443 2323917
489 32 33057 2261825
490 32 27583 2238144
491 32 30992 2204278
492 32 27560 7779384
493 32 27585 4613678
494 32 27625 2428850
495 32 25762 3931478
496 32 29546 4381071
497 32 26544 2342575
498 32 27927 2575217
499 32 27354 2371253
500 32 31518 4084623
