1 32 25946 619
2 32 27333 565
3 32 31184 658
4 32 29517 795
5 32 27168 659
6 32 32109 758
7 32 28931 679
8 32 29963 626
9 32 31339 743
10 32 28018 565
11 32 26292 465
12 32 28813 550
13 32 28516 550
14 32 25859 427
15 32 28499 582
16 32 28906 630
17 32 32021 744
18 32 28238 714
19 32 31481 907
20 32 25722 650
21 32 30541 829
22 32 27468 889
23 32 26607 794
24 32 31315 987
25 32 26074 699
26 32 30018 986
27 32 29136 815
28 32 29230 1281
29 32 30051 801
30 32 28242 763
31 32 28844 799
32 32 31646 853
33 32 27268 656
34 32 30221 732
35 32 28316 691
36 32 30514 771
37 32 28424 708
38 32 28516 827
39 32 29044 967
40 32 30118 951
41 32 27733 648
42 32 28792 709
43 32 28213 714
44 32 25631 532
45 32 29108 598
46 32 28905 592
47 32 29539 599
48 32 29177 596
49 32 27557 523
50 32 24867 603
51 32 30954 845
52 32 27481 978
53 32 28094 1123
54 32 31757 1058
55 32 28884 772
56 32 27262 773
57 32 25598 854
58 32 28578 1129
59 32 27971 1071
60 32 29125 1139
61 32 26031 1009
62 32 25254 931
63 32 31251 1216
64 32 30372 1214
65 32 28666 1053
66 32 32007 974
67 32 27892 919
68 32 27473 724
69 32 27295 758
70 32 25212 840
71 32 27262 1121
72 32 29003 1045
73 32 29552 893
74 32 28701 881
75 32 27717 826
76 32 29193 898
77 32 27205 1050
78 32 31732 1332
79 32 25519 1051
80 32 29464 1305
81 32 25594 1072
82 32 26887 1074
83 32 30101 1342
84 32 29675 1280
85 32 30211 1392
86 32 26604 1122
87 32 29379 1249
88 32 26039 1091
89 32 30242 1324
90 32 31082 1392
91 32 29011 1194
92 32 26952 967
93 32 29584 1175
94 32 29176 1216
95 32 32060 1498
96 32 30649 1456
97 32 25566 996
98 32 25946 1115
99 32 26680 1033
100 32 29187 1335
101 32 28339 1262
102 32 32454 1489
103 32 24016 960
104 32 27377 1095
105 32 27877 1739
106 32 30301 1350
107 32 33309 1305
108 32 30642 829
109 32 31349 606
110 32 27905 497
111 32 25299 514
112 32 25555 500
113 32 33152 716
114 32 29788 631
115 32 32799 516
116 32 29857 599
117 32 29867 518
118 32 27031 477
119 32 29533 535
120 32 31545 563
121 32 27496 476
122 32 31106 575
123 32 29862 575
124 32 27669 519
125 32 29002 488
126 32 28788 484
127 32 26518 453
128 32 26969 389
129 32 25351 359
130 32 28796 493
131 32 30257 471
132 32 25401 378
133 32 24755 401
134 32 29515 528
135 32 26119 432
136 32 29476 511
137 32 29546 527
138 32 28027 483
139 32 28758 509
140 32 25594 462
141 32 27274 457
142 32 30157 527
143 32 28815 475
144 32 29492 453
145 32 26972 489
146 32 28924 444
147 32 27448 459
148 32 28492 507
149 32 28658 516
150 32 28747 604
151 32 29488 526
152 32 31636 498
153 32 30090 496
154 32 31166 556
155 32 26472 494
156 32 24267 437
157 32 33288 656
158 32 26982 500
159 32 31932 607
160 32 27404 504
161 32 25134 447
162 32 29694 542
163 32 27512 495
164 32 27854 524
165 32 28271 542
166 32 30057 587
167 32 24046 383
168 32 29027 533
169 32 26688 445
170 32 32907 607
171 32 26451 437
172 32 28485 493
173 32 28731 506
174 32 24565 433
175 32 27846 524
176 32 29321 589
177 32 30878 596
178 32 28766 647
179 32 25951 571
180 32 31653 752
181 32 26713 543
182 32 26332 555
183 32 25432 511
184 32 27024 547
185 32 27893 599
186 32 25800 540
187 32 29060 769
188 32 29782 819
189 32 29047 761
190 32 25745 542
191 32 29325 621
192 32 24979 541
193 32 27867 644
194 32 26771 585
195 32 27602 674
196 32 24840 568
197 32 28610 704
198 32 31611 768
199 32 29162 680
200 32 30229 833
201 32 31471 893
202 32 30243 2733
203 32 27849 612
204 32 27055 579
205 32 25112 486
206 32 28460 548
207 32 27588 462
208 32 32964 642
209 32 29077 520
210 32 28197 529
211 32 30805 617
212 32 29476 569
213 32 27163 448
214 32 27482 463
215 32 28685 476
216 32 31440 540
217 32 22785 346
218 32 29344 457
219 32 28727 483
220 32 27239 453
221 32 29161 451
222 32 24572 388
223 32 25799 420
224 32 27099 389
225 32 28480 498
226 32 28115 488
227 32 27534 410
228 32 25842 425
229 32 27073 482
230 32 25578 451
231 32 31956 689
232 32 28766 693
233 32 27099 637
234 32 28018 688
235 32 28963 734
236 32 25686 651
237 32 30253 706
238 32 24071 478
239 32 29323 624
240 32 31088 684
241 32 25744 546
242 32 24375 492
243 32 30100 711
244 32 26887 609
245 32 30711 727
246 32 28329 519
247 32 29751 579
248 32 28266 508
249 32 25938 484
250 32 29220 565
251 32 32251 624
252 32 28920 540
253 32 29803 558
254 32 28026 646
255 32 29828 718
256 32 29525 550
257 32 31451 607
258 32 26934 561
259 32 28207 533
260 32 26429 514
261 32 30084 572
262 32 29703 524
263 32 29645 493
264 32 25312 435
265 32 32700 616
266 32 27050 605
267 32 24039 501
268 32 26800 756
269 32 28699 1070
270 32 26823 817
271 32 29284 966
272 32 25715 1015
273 32 30727 1031
274 32 28472 1175
275 32 30800 1174
276 32 28316 1115
277 32 32174 1421
278 32 32022 1228
279 32 26431 1110
280 32 27355 918
281 32 26551 754
282 32 26885 867
283 32 25384 788
284 32 29015 913
285 32 29445 893
286 32 29535 1048
287 32 29024 926
288 32 29819 1019
289 32 25432 965
290 32 30022 1346
291 32 29894 1487
292 32 28838 1514
293 32 28260 1095
294 32 28510 1182
295 32 30467 1147
296 32 27327 1079
297 32 28914 1082
298 32 26674 915
299 32 31546 1001
300 32 25742 803
301 32 27766 914
302 32 25703 874
303 32 26077 747
304 32 30782 972
305 32 29635 956
306 32 27775 911
307 32 31245 1010
308 32 30264 746
309 32 28968 661
310 32 27179 768
311 32 28974 1021
312 32 28886 890
313 32 28871 1028
314 32 28321 1097
315 32 32453 1272
316 32 28216 1037
317 32 31769 1332
318 32 29443 1220
319 32 26747 1203
320 32 26197 1111
321 32 23235 920
322 32 28141 1267
323 32 31858 1398
324 32 29407 1342
325 32 24403 959
326 32 29439 1236
327 32 27644 1131
328 32 25373 980
329 32 32661 1474
330 32 27460 1037
331 32 31015 1137
332 32 27629 968
333 32 32763 1273
334 32 26914 994
335 32 29587 1071
336 32 31323 1574
337 32 29765 1048
338 32 32972 1292
339 32 30327 1033
340 32 28968 1091
341 32 31144 1232
342 32 28057 1030
343 32 30169 1290
344 32 31532 1101
345 32 26451 656
346 32 26592 584
347 32 30254 789
348 32 27629 637
349 32 28379 740
350 32 29457 940
351 32 26390 838
352 32 28264 979
353 32 30075 1048
354 32 28282 905
355 32 23042 752
356 32 32310 1129
357 32 28087 1051
358 32 27169 789
359 32 25541 697
360 32 32134 954
361 32 26624 662
362 32 27093 660
363 32 27245 629
364 32 30731 685
365 32 27605 585
366 32 30547 663
367 32 30887 656
368 32 29580 693
369 32 29853 749
370 32 28378 720
371 32 28357 767
372 32 25834 560
373 32 29989 659
374 32 25300 507
375 32 27504 587
376 32 28202 608
377 32 30156 667
378 32 29429 548
379 32 29263 502
380 32 30172 499
381 32 28555 521
382 32 28634 499
383 32 28523 414
384 32 26804 497
385 32 27290 454
386 32 29889 479
387 32 28009 626
388 32 31294 714
389 32 27198 804
390 32 26305 820
391 32 28117 1062
392 32 30980 1103
393 32 25070 798
394 32 29111 857
395 32 29448 828
396 32 27092 889
397 32 25954 932
398 32 28476 1036
399 32 29371 1119
400 32 26875 1293
401 32 29482 1078
402 32 27690 1135
403 32 30142 1001
404 32 27582 827
405 32 28966 683
406 32 28818 642
407 32 29373 598
408 32 29242 572
409 32 25580 485
410 32 30993 631
411 32 27386 539
412 32 28840 577
413 32 25269 510
414 32 28682 562
415 32 29707 602
416 32 28925 569
417 32 31662 682
418 32 24642 472
419 32 31550 663
420 32 25310 509
421 32 27994 580
422 32 33262 800
423 32 32500 894
424 32 32639 960
425 32 25826 864
426 32 30863 1184
427 32 28018 871
428 32 24720 930
429 32 30303 1004
430 32 32220 1339
431 32 27825 902
432 32 29933 1139
433 32 27614 976
434 32 30056 1220
435 32 26353 1136
436 32 30402 1291
437 32 27411 1134
438 32 25540 997
439 32 30555 1092
440 32 25963 967
441 32 29470 1238
442 32 27351 1392
443 32 25884 665
444 32 32671 939
445 32 28913 773
446 32 27241 872
447 32 28751 1065
448 32 27839 1031
449 32 28411 1023
450 32 31059 1195
451 32 30243 1154
452 32 27412 1019
453 32 28346 969
454 32 30428 1050
455 32 29293 1149
456 32 25584 807
457 32 28163 1100
458 32 27944 1223
459 32 25858 1018
460 32 26689 1104
461 32 28545 1141
462 32 28449 1214
463 32 28501 1161
464 32 25562 1013
465 32 31130 1285
466 32 27091 1113
467 32 30494 1164
468 32 28639 1313
469 32 30317 1053
470 32 30470 911
471 32 29742 773
472 32 26386 508
473 32 29597 569
474 32 26219 436
475 32 30032 1267
476 32 23770 414
477 32 26464 661
478 32 29910 947
479 32 26977 893
480 32 30566 1303
481 32 31027 1317
482 32 30531 1154
483 32 29746 998
484 32 28820 940
485 32 30689 1005
486 32 31151 1128
487 32 28224 983
488 32 31443 898
489 32 33537 1021
490 32 27933 839
491 32 30992 668
492 32 27560 546
493 32 28732 642
494 32 27625 618
495 32 25762 564
496 32 29546 673
497 32 26555 623
498 32 28498 730
499 32 28104 763
500 32 31518 623
