1 4 1519 2
2 4 2621 4
3 4 2169 3
4 4 2709 5
5 4 4026 8
6 4 1078 2
7 4 3214 7
8 4 2493 4
9 4 3301 6
10 4 3041 6
11 4 1961 4
12 4 3018 7
13 4 3968 11
14 4 3363 9
15 4 2361 6
16 4 2838 8
17 4 3705 9
18 4 4795 19
19 4 4313 16
20 4 3527 12
21 4 2294 7
22 4 3095 12
23 4 3536 12
24 4 3781 13
25 4 2276 6
26 4 3813 13
27 4 3154 10
28 4 2928 9
29 4 2041 5
30 4 3875 13
31 4 3360 12
32 4 2514 7
33 4 3348 9
34 4 3748 13
35 4 4108 11
36 4 4043 17
37 4 2900 9
38 4 3034 12
39 4 4187 15
40 4 2669 8
41 4 2888 9
42 4 4286 18
43 4 1541 4
44 4 3820 14
45 4 3674 15
46 4 3094 13
47 4 2648 10
48 4 3268 14
49 4 4569 22
50 4 3381 16
51 4 3281 14
52 4 2323 9
53 4 4646 21
54 4 3989 18
55 4 2527 10
56 4 3901 18
57 4 4095 20
58 4 3836 23
59 4 3794 17
60 4 1695 7
61 4 3113 12
62 4 2787 12
63 4 4055 19
64 4 2476 10
65 4 2942 12
66 4 3812 17
67 4 1720 10
68 4 2540 9
69 4 2613 9
70 4 3163 12
71 4 2991 11
72 4 3453 15
73 4 3617 16
74 4 3965 17
75 4 3928 18
76 4 1989 7
77 4 4716 20
78 4 1981 7
79 4 2219 9
80 4 3552 15
81 4 3292 17
82 4 1832 6
83 4 2262 8
84 4 3028 13
85 4 4056 17
86 4 2950 9
87 4 2877 10
88 4 2759 10
89 4 2635 9
90 4 2348 9
91 4 3721 14
92 4 1165 6
93 4 3683 12
94 4 3602 11
95 4 3263 11
96 4 2657 8
97 4 3256 9
98 4 3171 8
99 4 3424 10
100 4 2453 6
101 4 4144 14
102 4 2936 9
103 4 3764 11
104 4 3304 13
105 4 3096 12
106 4 2953 16
107 4 3804 15
108 4 4003 24
109 4 4424 21
110 4 3063 16
111 4 3552 18
112 4 2208 8
113 4 3104 14
114 4 2626 11
115 4 3053 15
116 4 3665 16
117 4 4587 23
118 4 3262 13
119 4 2349 9
120 4 3507 17
121 4 4332 22
122 4 2916 20
123 4 4240 21
124 4 2308 10
125 4 3916 16
126 4 2038 8
127 4 3435 12
128 4 1950 5
129 4 3591 10
130 4 2583 8
131 4 2537 9
132 4 1757 5
133 4 3081 9
134 4 3618 10
135 4 1984 5
136 4 4501 16
137 4 2994 13
138 4 2986 10
139 4 3738 13
140 4 3223 11
141 4 4468 20
142 4 1658 3
143 4 3434 9
144 4 2599 5
145 4 3935 9
146 4 2364 4
147 4 3874 11
148 4 4260 12
149 4 2471 7
150 4 2024 6
151 4 2674 8
152 4 2541 7
153 4 4425 15
154 4 4316 14
155 4 2574 7
156 4 3693 9
157 4 3271 7
158 4 4456 13
159 4 2162 3
160 4 3351 7
161 4 1915 3
162 4 2684 6
163 4 3259 6
164 4 3128 9
165 4 1718 6
166 4 4114 8
167 4 3687 7
168 4 2804 6
169 4 2143 4
170 4 4110 7
171 4 4690 10
172 4 3039 5
173 4 3175 5
174 4 4167 9
175 4 3512 8
176 4 4009 9
177 4 2820 4
178 4 2402 4
179 4 2348 3
180 4 3301 6
181 4 3934 9
182 4 2696 7
183 4 1829 4
184 4 3052 7
185 4 3728 7
186 4 2783 9
187 4 2332 4
188 4 4124 10
189 4 3510 7
190 4 3040 7
191 4 3700 9
192 4 3850 10
193 4 3339 11
194 4 3625 8
195 4 3318 9
196 4 4067 11
197 4 2523 6
198 4 3354 8
199 4 3355 8
200 4 4440 14
201 4 2974 8
202 4 2924 8
203 4 3356 8
204 4 3941 12
205 4 1759 4
206 4 3375 9
207 4 4201 11
208 4 2735 6
209 4 3696 13
210 4 4723 14
211 4 3713 13
212 4 3170 9
213 4 2329 8
214 4 4182 15
215 4 2650 9
216 4 3427 12
217 4 2988 11
218 4 2907 10
219 4 4423 20
220 4 3522 16
221 4 4157 15
222 4 2549 12
223 4 3699 13
224 4 2678 8
225 4 2850 11
226 4 1925 7
227 4 2401 6
228 4 3941 14
229 4 3577 11
230 4 4145 11
231 4 3930 10
232 4 2810 12
233 4 4298 12
234 4 4086 11
235 4 2218 4
236 4 2989 7
237 4 3768 10
238 4 3660 9
239 4 2082 6
240 4 3066 8
241 4 3467 9
242 4 3150 9
243 4 3651 12
244 4 4091 16
245 4 3168 12
246 4 3414 12
247 4 3982 16
248 4 3960 17
249 4 2992 12
250 4 3717 16
251 4 2120 8
252 4 3265 23
253 4 2191 9
254 4 3070 12
255 4 4427 19
256 4 3560 16
257 4 1184 6
258 4 4135 21
259 4 4120 18
260 4 3309 15
261 4 2372 9
262 4 3516 16
263 4 4275 18
264 4 4041 16
265 4 2683 10
266 4 2474 9
267 4 3376 17
268 4 3019 14
269 4 3449 14
270 4 3495 29
271 4 3719 16
272 4 3249 14
273 4 4748 21
274 4 2746 11
275 4 3270 15
276 4 3289 15
277 4 3662 17
278 4 1842 10
279 4 4338 23
280 4 3557 14
281 4 3287 15
282 4 2879 13
283 4 2768 12
284 4 4000 21
285 4 3198 11
286 4 3119 12
287 4 2465 6
288 4 2948 8
289 4 2349 5
290 4 2446 5
291 4 3626 9
292 4 4881 13
293 4 2356 5
294 4 3081 10
295 4 3932 15
296 4 1943 5
297 4 4051 13
298 4 2904 8
299 4 2995 10
300 4 2593 7
301 4 2524 7
302 4 3947 12
303 4 3235 12
304 4 4722 22
305 4 2836 15
306 4 4325 22
307 4 1800 9
308 4 4675 21
309 4 3427 17
310 4 3885 18
311 4 3433 12
312 4 4374 19
313 4 3674 14
314 4 3323 14
315 4 3760 11
316 4 1787 6
317 4 3502 10
318 4 1995 6
319 4 2203 6
320 4 2985 10
321 4 3525 13
322 4 3556 19
323 4 3607 20
324 4 3148 13
325 4 2139 8
326 4 3381 17
327 4 2690 10
328 4 3366 15
329 4 2657 11
330 4 1879 6
331 4 3164 13
332 4 4140 16
333 4 3765 17
334 4 2892 13
335 4 2929 12
336 4 3186 12
337 4 4523 21
338 4 3929 18
339 4 1848 7
340 4 2079 7
341 4 4467 20
342 4 3200 13
343 4 2903 20
344 4 3078 12
345 4 2695 11
346 4 4907 26
347 4 2539 11
348 4 3507 12
349 4 1884 7
350 4 2207 5
351 4 3629 14
352 4 3156 9
353 4 2995 9
354 4 3883 16
355 4 3654 17
356 4 4228 19
357 4 2810 11
358 4 1899 6
359 4 3593 17
360 4 2964 12
361 4 4067 18
362 4 3395 15
363 4 3320 16
364 4 3794 16
365 4 2538 11
366 4 3172 13
367 4 4393 21
368 4 3537 16
369 4 3440 14
370 4 1477 7
371 4 3584 15
372 4 2424 10
373 4 3200 14
374 4 3580 16
375 4 2803 10
376 4 1972 10
377 4 3719 21
378 4 3041 14
379 4 4024 20
380 4 2568 10
381 4 2908 13
382 4 2973 12
383 4 4233 18
384 4 3315 25
385 4 3070 15
386 4 3801 15
387 4 3238 14
388 4 3634 17
389 4 2768 13
390 4 3976 17
391 4 3650 19
392 4 3184 12
393 4 3082 14
394 4 2952 14
395 4 2149 10
396 4 3458 17
397 4 2977 14
398 4 2665 13
399 4 1845 7
400 4 1524 6
401 4 3530 19
402 4 3804 18
403 4 3179 14
404 4 2327 10
405 4 3767 18
406 4 2359 10
407 4 2908 12
408 4 2771 12
409 4 1719 10
410 4 2235 10
411 4 4714 22
412 4 3842 19
413 4 3216 13
414 4 3221 15
415 4 3132 16
416 4 3874 17
417 4 4268 21
418 4 2928 11
419 4 3453 17
420 4 3352 13
421 4 3909 17
422 4 3474 19
423 4 3329 14
424 4 3029 15
425 4 1944 10
426 4 3588 15
427 4 2536 11
428 4 3900 19
429 4 3504 19
430 4 3546 15
431 4 3665 19
432 4 2905 11
433 4 3033 12
434 4 3492 17
435 4 3695 16
436 4 4492 26
437 4 2242 9
438 4 2773 12
439 4 4137 20
440 4 1892 8
441 4 4103 19
442 4 3701 19
443 4 3561 15
444 4 3967 19
445 4 3142 13
446 4 3583 16
447 4 3462 14
448 4 1245 8
449 4 3089 27
450 4 2718 10
451 4 4256 19
452 4 2633 12
453 4 2292 11
454 4 3992 21
455 4 2039 9
456 4 2630 10
457 4 1877 10
458 4 1491 6
459 4 3980 16
460 4 1355 9
461 4 3527 14
462 4 3067 14
463 4 2820 11
464 4 2145 9
465 4 3962 15
466 4 2714 11
467 4 2422 10
468 4 3923 18
469 4 4030 20
470 4 3623 15
471 4 4115 18
472 4 3670 18
473 4 1773 6
474 4 4017 20
475 4 2977 12
476 4 3971 18
477 4 4712 23
478 4 1743 7
479 4 2072 6
480 4 3508 16
481 4 4006 14
482 4 3715 14
483 4 3623 16
484 4 3986 18
485 4 2781 12
486 4 2082 9
487 4 3563 13
488 4 4110 16
489 4 3645 15
490 4 3610 12
491 4 2515 11
492 4 3141 16
493 4 2109 10
494 4 3577 14
495 4 2939 14
496 4 3404 17
497 4 3438 16
498 4 3559 18
499 4 2888 16
500 4 3727 15
