1 22 7621 981
2 22 2444 0
3 22 10998 4688
4 22 28186 35764
5 22 26578 36614
6 22 4245 8
7 22 14610 191
8 22 21615 18333
9 22 8283 481
10 22 11251 1896
11 22 15129 20532
12 22 15244 19028
13 22 31767 44069
14 22 9327 1626
15 22 21241 34275
16 22 9403 1004
17 22 5546 55
18 22 25078 29725
19 22 28140 33777
20 22 1936 0
21 22 14772 9173
22 22 10567 57
23 22 28931 96416
24 22 23023 9197
25 22 26441 32437
26 22 32125 36021
27 22 3844 6
28 22 7013 224
29 22 1002 0
30 22 22400 37208
31 22 13057 5491
32 22 15844 38072
33 22 14168 722
34 22 18157 11593
35 22 28982 24977
36 22 11258 9796
37 22 23344 35875
38 22 27843 62315
39 22 6482 246
40 22 18850 25925
41 22 20735 4865
42 22 2782 2
43 22 7300 15
44 22 22191 27786
45 22 21476 44494
46 22 18172 49578
47 22 28041 38508
48 22 2520 2
49 22 15847 2541
50 22 21850 78116
51 22 909 0
52 22 14198 10055
53 22 8006 416
54 22 3525 3
55 22 22122 27362
56 22 25964 35327
57 22 10206 7849
58 22 20241 14211
59 22 21970 20168
60 22 2753 1
61 22 12668 9733
62 22 19488 823
63 22 28392 36777
64 22 24617 31290
65 22 23104 22536
66 22 10377 2820
67 22 23209 34252
68 22 4002 72
69 22 18239 18908
70 22 20894 6157
71 22 4517 95
72 22 15111 5828
73 22 18790 32299
74 22 17084 3209
75 22 6161 2
76 22 8445 3216
77 22 25850 38195
78 22 26607 39059
79 22 7340 17
80 22 12557 6276
81 22 19069 8589
82 22 15841 38007
83 22 9185 76
84 22 33484 37552
85 22 29758 37930
86 22 28025 37660
87 22 22493 37824
88 22 29281 34376
89 22 21055 32104
90 22 7347 40
91 22 24171 55538
92 22 23693 38175
93 22 21521 30610
94 22 15596 2265
95 22 13468 11071
96 22 12594 8223
97 22 10903 124
98 22 21970 13839
99 22 19414 24635
100 22 5849 105
101 22 16096 16420
102 22 2373 1
103 22 9841 2314
104 22 23446 36591
105 22 25411 10490
106 22 22552 19352
107 22 25845 36638
108 22 16362 25134
109 22 4105 26
110 22 15130 4237
111 22 25566 40482
112 22 30492 35617
113 22 29701 49581
114 22 23648 36494
115 22 27612 41591
116 22 18714 3846
117 22 10498 22
118 22 10109 295
119 22 26254 38316
120 22 27370 38099
121 22 3107 3
122 22 15278 5094
123 22 19165 41166
124 22 8678 2442
125 22 10617 1295
126 22 14359 581
127 22 18803 5442
128 22 16765 8606
129 22 4325 0
130 22 22774 19896
131 22 8431 15
132 22 25928 30915
133 22 16900 49146
134 22 8377 1803
135 22 20547 42294
136 22 19451 37265
137 22 18674 16855
138 22 21262 35653
139 22 11364 10133
140 22 25030 38406
141 22 4907 57
142 22 15566 5419
143 22 7800 3893
144 22 6636 1
145 22 28551 37247
146 22 11993 1286
147 22 21278 29726
148 22 26897 38090
149 22 17940 6841
150 22 6877 675
151 22 27979 38832
152 22 6517 7
153 22 5536 39
154 22 16790 37737
155 22 26961 39045
156 22 3112 1
157 22 4385 0
158 22 11468 2131
159 22 7199 1148
160 22 20427 16567
161 22 15982 5406
162 22 12311 8077
163 22 4946 11
164 22 6577 21
165 22 16222 31301
166 22 26193 36234
167 22 5372 15
168 22 6909 36
169 22 19754 37800
170 22 26656 11583
171 22 14878 462
172 22 18684 1614
173 22 19998 24022
174 22 9092 1319
175 22 10766 10163
176 22 10068 86
177 22 21934 38311
178 22 27575 35965
179 22 15203 2204
180 22 29157 38662
181 22 5555 84
182 22 2232 1
183 22 8930 2141
184 22 26134 34671
185 22 22982 27766
186 22 8641 569
187 22 17095 5699
188 22 29278 35413
189 22 8630 3374
190 22 16660 618
191 22 24057 37124
192 22 29624 36201
193 22 3629 1
194 22 24569 36655
195 22 10327 94
196 22 16465 32548
197 22 19132 35335
198 22 10682 17964
199 22 15629 19655
200 22 27367 40256
201 22 11344 5130
202 22 2137 0
203 22 14178 3937
204 22 20519 34579
205 22 18048 27406
206 22 10048 139
207 22 22117 36382
208 22 24248 27168
209 22 23503 36354
210 22 19433 9978
211 22 5854 92
212 22 6935 928
213 22 19387 12881
214 22 10829 5608
215 22 26558 34167
216 22 9367 9
217 22 20786 10736
218 22 17636 2415
219 22 23493 32833
220 22 17998 1177
221 22 14005 8059
222 22 11299 219
223 22 29813 40102
224 22 9402 2290
225 22 21288 23205
226 22 27662 35711
227 22 26666 61623
228 22 4578 22
229 22 21418 17218
230 22 4909 2
231 22 17976 27151
232 22 8269 1121
233 22 16452 5837
234 22 26291 37573
235 22 10397 11712
236 22 21805 37776
237 22 14869 12457
238 22 15318 5392
239 22 25941 60542
240 22 4406 62
241 22 26937 61978
242 22 8663 9
243 22 29728 33882
244 22 22518 37206
245 22 8279 494
246 22 25582 37756
247 22 10436 24
248 22 32540 38920
249 22 19601 34191
250 22 5455 93
251 22 19453 10289
252 22 13055 4487
253 22 9410 216
254 22 23870 37585
255 22 12895 865
256 22 24299 40956
257 22 7285 43
258 22 22547 35808
259 22 6899 450
260 22 10006 55
261 22 13268 385
262 22 4687 11
263 22 20983 38158
264 22 26716 37771
265 22 21178 23456
266 22 24015 34330
267 22 11727 74
268 22 18920 57582
269 22 27993 63360
270 22 20882 12700
271 22 26922 37818
272 22 20226 39384
273 22 21116 40247
274 22 10442 1520
275 22 14090 16247
276 22 17358 6891
277 22 10134 3064
278 22 12591 619
279 22 25192 21069
280 22 10245 5131
281 22 16468 2135
282 22 19579 25059
283 22 14034 25082
284 22 25576 40605
285 22 15656 4072
286 22 1525 0
287 22 25843 43556
288 22 6033 6
289 22 21005 17550
290 22 21234 19688
291 22 9335 2732
292 22 22865 40058
293 22 11444 132
294 22 22853 39362
295 22 2217 1
296 22 14174 7593
297 22 13447 14525
298 22 8312 1372
299 22 19604 38125
300 22 25110 38609
301 22 9728 1543
302 22 20321 31165
303 22 20082 14533
304 22 14794 12378
305 22 19656 2389
306 22 26317 38579
307 22 15695 25050
308 22 10062 68
309 22 6805 151
310 22 29608 41227
311 22 12314 977
312 22 24508 38953
313 22 24723 40588
314 22 18880 19147
315 22 6864 24
316 22 5944 80
317 22 18987 30370
318 22 20368 40477
319 22 9664 74
320 22 7495 558
321 22 7602 609
322 22 12722 770
323 22 14591 1510
324 22 14613 38817
325 22 18974 23379
326 22 22497 34130
327 22 7921 2
328 22 25046 39311
329 22 16324 8325
330 22 21979 29808
331 22 30037 38693
332 22 16745 37936
333 22 2463 1
334 22 5751 74
335 22 8656 4
336 22 1511 0
337 22 5445 3
338 22 15844 37037
339 22 15724 31213
340 22 22005 38138
341 22 13391 19993
342 22 24974 35911
343 22 25920 36524
344 22 7206 1024
345 22 11048 4391
346 22 28541 38755
347 22 2304 1
348 22 4086 1
349 22 12431 30240
350 22 14508 825
351 22 5174 4
352 22 5355 33
353 22 5912 75
354 22 25245 38446
355 22 6245 46
356 22 26995 39733
357 22 20550 38244
358 22 30774 39135
359 22 4661 13
360 22 8046 5
361 22 4730 106
362 22 11643 142
363 22 11283 78
364 22 19026 17849
365 22 31032 65660
366 22 21993 34297
367 22 18627 777
368 22 9663 20
369 22 8402 541
370 22 16942 2698
371 22 20374 23711
372 22 5980 7
373 22 23341 11793
374 22 18481 18694
375 22 14656 127
376 22 15109 14277
377 22 10119 7968
378 22 6377 14
379 22 18904 35739
380 22 10906 2344
381 22 12658 1191
382 22 19720 27348
383 22 27098 35985
384 22 7489 14
385 22 16498 901
386 22 17998 4349
387 22 20294 41536
388 22 6518 99
389 22 4658 32
390 22 8756 309
391 22 17272 11802
392 22 11113 2406
393 22 7449 1894
394 22 20364 13061
395 22 29054 38554
396 22 18480 13068
397 22 19678 36226
398 22 3460 0
399 22 21703 39510
400 22 12574 727
401 22 22127 39181
402 22 25800 39450
403 22 27871 30657
404 22 21473 39626
405 22 5365 3
406 22 6990 237
407 22 18948 26342
408 22 8124 768
409 22 21859 38749
410 22 22160 32925
411 22 15525 25155
412 22 30419 39261
413 22 6090 23
414 22 15856 31347
415 22 20384 6716
416 22 15756 3480
417 22 14391 25807
418 22 21096 16173
419 22 18861 38345
420 22 11750 42
421 22 15319 2035
422 22 21302 26028
423 22 24729 27675
424 22 4049 2
425 22 22542 27293
426 22 3411 3
427 22 16198 1543
428 22 2627 1
429 22 23701 41612
430 22 14201 23757
431 22 13607 9676
432 22 11189 309
433 22 23236 40936
434 22 11251 75
435 22 14526 1732
436 22 13879 25933
437 22 12266 11822
438 22 20772 2690
439 22 10993 938
440 22 19139 34579
441 22 5463 89
442 22 2476 0
443 22 29038 33139
444 22 8510 22
445 22 19068 4209
446 22 19489 35048
447 22 17055 2339
448 22 11417 9059
449 22 11110 2405
450 22 21507 32507
451 22 13796 1195
452 22 27460 38169
453 22 23223 14633
454 22 2340 0
455 22 9189 260
456 22 1382 0
457 22 5532 30
458 22 3994 57
459 22 4064 12
460 22 16298 22853
461 22 16617 3104
462 22 19709 29479
463 22 21656 36955
464 22 21602 18987
465 22 2600 1
466 22 7359 43
467 22 11275 13681
468 22 30497 37355
469 22 7668 16
470 22 27990 36199
471 22 9577 18
472 22 11304 5347
473 22 2364 0
474 22 15919 8155
475 22 30519 37482
476 22 17864 14739
477 22 23905 37947
478 22 14119 6906
479 22 6497 110
480 22 23233 35265
481 22 2975 1
482 22 25323 36260
483 22 14793 38906
484 22 24066 37428
485 22 2366 0
486 22 20485 38406
487 22 22470 31094
488 22 23898 37798
489 22 15035 25775
490 22 21715 36304
491 22 9718 24
492 22 13960 87
493 22 2433 0
494 22 6198 31
495 22 15781 960
496 22 26108 41429
497 22 19024 11750
498 22 3874 6
499 22 5651 170
500 22 15889 452
