ID: 1   ANSWER: 18714   GOT: 6615
ID: 2   ANSWER: 18216   GOT: 2130
ID: 3   ANSWER: 25069   GOT: 8670
ID: 4   ANSWER: 28721   GOT: 27154
ID: 6   ANSWER: 27268   GOT: 2224
ID: 9   ANSWER: 26749   GOT: 8087
ID: 10   ANSWER: 17445   GOT: 10451
ID: 11   ANSWER: 29721   GOT: 14775
ID: 12   ANSWER: 21787   GOT: 13887
ID: 14   ANSWER: 29608   GOT: 8534
ID: 16   ANSWER: 14981   GOT: 9115
ID: 17   ANSWER: 25923   GOT: 4613
ID: 21   ANSWER: 22879   GOT: 13252
ID: 27   ANSWER: 25301   GOT: 1681
ID: 28   ANSWER: 25892   GOT: 5882
ID: 29   ANSWER: 1393   GOT: 391
ID: 34   ANSWER: 18157   GOT: 17457
ID: 36   ANSWER: 22748   GOT: 9551
ID: 37   ANSWER: 23719   GOT: 23216
ID: 39   ANSWER: 23422   GOT: 5532
ID: 40   ANSWER: 20599   GOT: 17720
ID: 42   ANSWER: 5144   GOT: 924
ID: 46   ANSWER: 26974   GOT: 16009
ID: 48   ANSWER: 8100   GOT: 1410
ID: 52   ANSWER: 18016   GOT: 12246
ID: 53   ANSWER: 22067   GOT: 7680
ID: 54   ANSWER: 18122   GOT: 1658
ID: 57   ANSWER: 22796   GOT: 8329
ID: 61   ANSWER: 27326   GOT: 10455
ID: 66   ANSWER: 24095   GOT: 10347
ID: 68   ANSWER: 14710   GOT: 1856
ID: 71   ANSWER: 15148   GOT: 2594
ID: 72   ANSWER: 18279   GOT: 13072
ID: 73   ANSWER: 27969   GOT: 16690
ID: 76   ANSWER: 19058   GOT: 7000
ID: 79   ANSWER: 10534   GOT: 6838
ID: 80   ANSWER: 25700   GOT: 12260
ID: 82   ANSWER: 20571   GOT: 14689
ID: 83   ANSWER: 11944   GOT: 7830
ID: 90   ANSWER: 12057   GOT: 5617
ID: 95   ANSWER: 28153   GOT: 12226
ID: 96   ANSWER: 23771   GOT: 11458
ID: 98   ANSWER: 23280   GOT: 22080
ID: 100   ANSWER: 25913   GOT: 4617
ID: 101   ANSWER: 20243   GOT: 14741
ID: 102   ANSWER: 4719   GOT: 2128
ID: 103   ANSWER: 13678   GOT: 8317
ID: 108   ANSWER: 28311   GOT: 14125
ID: 109   ANSWER: 12116   GOT: 2774
ID: 111   ANSWER: 25566   GOT: 24496
ID: 114   ANSWER: 23648   GOT: 22061
ID: 118   ANSWER: 13369   GOT: 10080
ID: 121   ANSWER: 8373   GOT: 1971
ID: 122   ANSWER: 15516   GOT: 14597
ID: 124   ANSWER: 21081   GOT: 8403
ID: 125   ANSWER: 29753   GOT: 8678
ID: 129   ANSWER: 4325   GOT: 4288
ID: 133   ANSWER: 22411   GOT: 14944
ID: 134   ANSWER: 15193   GOT: 7559
ID: 136   ANSWER: 24961   GOT: 18323
ID: 138   ANSWER: 30251   GOT: 20617
ID: 139   ANSWER: 25608   GOT: 10441
ID: 141   ANSWER: 11694   GOT: 4083
ID: 142   ANSWER: 20238   GOT: 13921
ID: 143   ANSWER: 19687   GOT: 5677
ID: 146   ANSWER: 15850   GOT: 9712
ID: 150   ANSWER: 21644   GOT: 6385
ID: 153   ANSWER: 32464   GOT: 4555
ID: 154   ANSWER: 22544   GOT: 15266
ID: 156   ANSWER: 3548   GOT: 3112
ID: 158   ANSWER: 21034   GOT: 9899
ID: 159   ANSWER: 23519   GOT: 4958
ID: 161   ANSWER: 17598   GOT: 15666
ID: 162   ANSWER: 19044   GOT: 11214
ID: 165   ANSWER: 22394   GOT: 14038
ID: 169   ANSWER: 20668   GOT: 18774
ID: 174   ANSWER: 16111   GOT: 7319
ID: 175   ANSWER: 21661   GOT: 9340
ID: 181   ANSWER: 23850   GOT: 3818
ID: 183   ANSWER: 15124   GOT: 6927
ID: 186   ANSWER: 30750   GOT: 7394
ID: 189   ANSWER: 22950   GOT: 6332
ID: 193   ANSWER: 6580   GOT: 2380
ID: 196   ANSWER: 18566   GOT: 15814
ID: 198   ANSWER: 22804   GOT: 10330
ID: 199   ANSWER: 25462   GOT: 14210
ID: 200   ANSWER: 31084   GOT: 26020
ID: 201   ANSWER: 28292   GOT: 10191
ID: 203   ANSWER: 36468   GOT: 13049
ID: 205   ANSWER: 29158   GOT: 17083
ID: 206   ANSWER: 10419   GOT: 9041
ID: 211   ANSWER: 28060   GOT: 4603
ID: 212   ANSWER: 22496   GOT: 5688
ID: 213   ANSWER: 19387   GOT: 18687
ID: 214   ANSWER: 22508   GOT: 9427
ID: 222   ANSWER: 12330   GOT: 10411
ID: 224   ANSWER: 26765   GOT: 8543
ID: 228   ANSWER: 17318   GOT: 2378
ID: 229   ANSWER: 25145   GOT: 19684
ID: 231   ANSWER: 29715   GOT: 16531
ID: 232   ANSWER: 24804   GOT: 7544
ID: 234   ANSWER: 27215   GOT: 25286
ID: 235   ANSWER: 15617   GOT: 8267
ID: 237   ANSWER: 21936   GOT: 13948
ID: 238   ANSWER: 15962   GOT: 14414
ID: 240   ANSWER: 22810   GOT: 3172
ID: 245   ANSWER: 12768   GOT: 7449
ID: 249   ANSWER: 26492   GOT: 18778
ID: 250   ANSWER: 26806   GOT: 3995
ID: 252   ANSWER: 31702   GOT: 10989
ID: 257   ANSWER: 10865   GOT: 5477
ID: 258   ANSWER: 29300   GOT: 22148
ID: 259   ANSWER: 19818   GOT: 5054
ID: 268   ANSWER: 26742   GOT: 17101
ID: 271   ANSWER: 26922   GOT: 25779
ID: 272   ANSWER: 23705   GOT: 18475
ID: 273   ANSWER: 22034   GOT: 19722
ID: 274   ANSWER: 12088   GOT: 8676
ID: 275   ANSWER: 21395   GOT: 12619
ID: 277   ANSWER: 23055   GOT: 9566
ID: 280   ANSWER: 20252   GOT: 8278
ID: 283   ANSWER: 22032   GOT: 12428
ID: 285   ANSWER: 16999   GOT: 14663
ID: 289   ANSWER: 21005   GOT: 19644
ID: 291   ANSWER: 18730   GOT: 8455
ID: 296   ANSWER: 32135   GOT: 14020
ID: 297   ANSWER: 23975   GOT: 12940
ID: 298   ANSWER: 13211   GOT: 7191
ID: 299   ANSWER: 29121   GOT: 18894
ID: 300   ANSWER: 25547   GOT: 23972
ID: 301   ANSWER: 16641   GOT: 7989
ID: 302   ANSWER: 20736   GOT: 19296
ID: 304   ANSWER: 28390   GOT: 14458
ID: 306   ANSWER: 29449   GOT: 24128
ID: 307   ANSWER: 27240   GOT: 13870
ID: 309   ANSWER: 29426   GOT: 4714
ID: 311   ANSWER: 15584   GOT: 10705
ID: 315   ANSWER: 13397   GOT: 6588
ID: 316   ANSWER: 22781   GOT: 5365
ID: 317   ANSWER: 28011   GOT: 17099
ID: 318   ANSWER: 24254   GOT: 18822
ID: 320   ANSWER: 26136   GOT: 5680
ID: 321   ANSWER: 14559   GOT: 5485
ID: 324   ANSWER: 21904   GOT: 12723
ID: 326   ANSWER: 26571   GOT: 21764
ID: 330   ANSWER: 22435   GOT: 21970
ID: 332   ANSWER: 20679   GOT: 15282
ID: 333   ANSWER: 25370   GOT: 1952
ID: 334   ANSWER: 24443   GOT: 3886
ID: 336   ANSWER: 2452   GOT: 1511
ID: 338   ANSWER: 20988   GOT: 13962
ID: 339   ANSWER: 19255   GOT: 14069
ID: 341   ANSWER: 25213   GOT: 11515
ID: 342   ANSWER: 25677   GOT: 23230
ID: 344   ANSWER: 15378   GOT: 5742
ID: 345   ANSWER: 14753   GOT: 10706
ID: 347   ANSWER: 3176   GOT: 1677
ID: 349   ANSWER: 17948   GOT: 11531
ID: 352   ANSWER: 18927   GOT: 3819
ID: 353   ANSWER: 14110   GOT: 4729
ID: 355   ANSWER: 11464   GOT: 4525
ID: 359   ANSWER: 17549   GOT: 4032
ID: 361   ANSWER: 23237   GOT: 2440
ID: 364   ANSWER: 20928   GOT: 16841
ID: 365   ANSWER: 31448   GOT: 30173
ID: 366   ANSWER: 21993   GOT: 20583
ID: 369   ANSWER: 25329   GOT: 6814
ID: 372   ANSWER: 5980   GOT: 5958
ID: 376   ANSWER: 24711   GOT: 13640
ID: 377   ANSWER: 16666   GOT: 9186
ID: 379   ANSWER: 28058   GOT: 17482
ID: 380   ANSWER: 11778   GOT: 10722
ID: 381   ANSWER: 21061   GOT: 10628
ID: 387   ANSWER: 28601   GOT: 19214
ID: 388   ANSWER: 13084   GOT: 5013
ID: 389   ANSWER: 18547   GOT: 3720
ID: 390   ANSWER: 13987   GOT: 7045
ID: 391   ANSWER: 19659   GOT: 16487
ID: 392   ANSWER: 28904   GOT: 9554
ID: 393   ANSWER: 21720   GOT: 5468
ID: 397   ANSWER: 26802   GOT: 18057
ID: 399   ANSWER: 23096   GOT: 20071
ID: 401   ANSWER: 24325   GOT: 21703
ID: 404   ANSWER: 26457   GOT: 21712
ID: 406   ANSWER: 27618   GOT: 6193
ID: 407   ANSWER: 30146   GOT: 17068
ID: 408   ANSWER: 25056   GOT: 6286
ID: 409   ANSWER: 23109   GOT: 20863
ID: 411   ANSWER: 21982   GOT: 13372
ID: 413   ANSWER: 16836   GOT: 4296
ID: 414   ANSWER: 25877   GOT: 14864
ID: 416   ANSWER: 16727   GOT: 13740
ID: 417   ANSWER: 26338   GOT: 13548
ID: 419   ANSWER: 22612   GOT: 17935
ID: 421   ANSWER: 16816   GOT: 14093
ID: 424   ANSWER: 4049   GOT: 3774
ID: 426   ANSWER: 11610   GOT: 1573
ID: 428   ANSWER: 23719   GOT: 672
ID: 430   ANSWER: 25133   GOT: 13248
ID: 431   ANSWER: 20806   GOT: 11717
ID: 432   ANSWER: 13882   GOT: 10267
ID: 433   ANSWER: 29967   GOT: 21496
ID: 436   ANSWER: 19971   GOT: 12919
ID: 437   ANSWER: 19317   GOT: 10614
ID: 439   ANSWER: 13101   GOT: 10133
ID: 440   ANSWER: 26910   GOT: 18395
ID: 441   ANSWER: 16504   GOT: 3560
ID: 442   ANSWER: 23443   GOT: 1979
ID: 446   ANSWER: 26680   GOT: 17883
ID: 448   ANSWER: 26619   GOT: 9842
ID: 449   ANSWER: 30541   GOT: 8928
ID: 450   ANSWER: 33601   GOT: 20486
ID: 454   ANSWER: 2340   GOT: 1395
ID: 455   ANSWER: 12747   GOT: 7615
ID: 457   ANSWER: 16890   GOT: 4192
ID: 458   ANSWER: 17933   GOT: 3670
ID: 459   ANSWER: 27695   GOT: 2117
ID: 460   ANSWER: 27403   GOT: 14649
ID: 462   ANSWER: 27728   GOT: 17621
ID: 463   ANSWER: 24728   GOT: 19426
ID: 465   ANSWER: 14585   GOT: 922
ID: 466   ANSWER: 9200   GOT: 6881
ID: 467   ANSWER: 24433   GOT: 9644
ID: 472   ANSWER: 14076   GOT: 10552
ID: 473   ANSWER: 21472   GOT: 796
ID: 475   ANSWER: 32670   GOT: 28773
ID: 477   ANSWER: 28538   GOT: 22107
ID: 478   ANSWER: 22424   GOT: 12801
ID: 479   ANSWER: 10180   GOT: 4497
ID: 481   ANSWER: 5071   GOT: 2024
ID: 483   ANSWER: 17675   GOT: 14069
ID: 485   ANSWER: 25852   GOT: 2083
ID: 486   ANSWER: 28029   GOT: 19197
ID: 487   ANSWER: 23881   GOT: 21411
ID: 489   ANSWER: 20150   GOT: 14706
ID: 490   ANSWER: 29825   GOT: 19924
ID: 493   ANSWER: 19798   GOT: 1019
ID: 494   ANSWER: 9677   GOT: 4335
ID: 497   ANSWER: 19024   GOT: 18596
ID: 498   ANSWER: 10505   GOT: 1665
ID: 499   ANSWER: 11631   GOT: 4280
