1 22 6615 6
2 22 2130 4
3 22 8670 5
4 22 27154 252
5 22 26578 660
6 22 2224 4
7 22 14610 11
8 22 21615 247
9 22 8087 5
10 22 10451 7
11 22 14775 75
12 22 13887 19
13 22 31767 2398
14 22 8534 5
15 22 21241 66
16 22 9115 5
17 22 4613 3
18 22 25078 710
19 22 28140 557
20 22 1936 3
21 22 13252 23
22 22 10567 14
23 22 28931 527
24 22 23023 94
25 22 26441 374
26 22 32125 2395
27 22 1681 5
28 22 5882 5
29 22 391 4
30 22 22400 247
31 22 13057 83
32 22 15844 300
33 22 14168 66
34 22 17457 69
35 22 28982 467
36 22 9551 8
37 22 23216 863
38 22 27843 1766
39 22 5532 8
40 22 17720 224
41 22 20735 63
42 22 924 5
43 22 7300 11
44 22 22191 158
45 22 21476 357
46 22 16009 57
47 22 28041 2011
48 22 1410 5
49 22 15847 56
50 22 21850 112
51 22 909 10
52 22 12246 24
53 22 7680 13
54 22 1658 8
55 22 22122 447
56 22 25964 2577
57 22 8329 9
58 22 20241 296
59 22 21970 320
60 22 2753 5
61 22 10455 21
62 22 19488 42
63 22 28392 833
64 22 24617 663
65 22 23104 418
66 22 10347 44
67 22 23209 914
68 22 1856 8
69 22 18239 219
70 22 20894 268
71 22 2594 8
72 22 13072 42
73 22 16690 164
74 22 17084 135
75 22 6161 12
76 22 7000 11
77 22 25850 3772
78 22 26607 900
79 22 6838 5
80 22 12260 16
81 22 19069 90
82 22 14689 362
83 22 7830 6
84 22 33484 1517
85 22 29758 1281
86 22 28025 1587
87 22 22493 1329
88 22 29281 769
89 22 21055 222
90 22 5617 8
91 22 24171 677
92 22 23693 845
93 22 21521 253
94 22 15596 98
95 22 12226 25
96 22 11458 39
97 22 10903 20
98 22 22080 190
99 22 19414 422
100 22 4617 9
101 22 14741 60
102 22 2128 6
103 22 8317 12
104 22 23446 414
105 22 25411 260
106 22 22552 301
107 22 25845 573
108 22 14125 21
109 22 2774 3
110 22 15130 55
111 22 24496 220
112 22 30492 676
113 22 29701 894
114 22 22061 346
115 22 27612 1353
116 22 18714 40
117 22 10498 6
118 22 10080 6
119 22 26254 275
120 22 27370 479
121 22 1971 3
122 22 14597 28
123 22 19165 454
124 22 8403 8
125 22 8678 8
126 22 14359 19
127 22 18803 38
128 22 16765 68
129 22 4288 3
130 22 22774 149
131 22 8431 5
132 22 25928 298
133 22 14944 67
134 22 7559 4
135 22 20547 1313
136 22 18323 280
137 22 18674 182
138 22 20617 253
139 22 10441 14
140 22 25030 348
141 22 4083 3
142 22 13921 17
143 22 5677 3
144 22 6636 4
145 22 28551 344
146 22 9712 7
147 22 21278 121
148 22 26897 327
149 22 17940 172
150 22 6385 8
151 22 27979 875
152 22 6517 6
153 22 4555 4
154 22 15266 75
155 22 26961 382
156 22 3112 3
157 22 4385 4
158 22 9899 5
159 22 4958 4
160 22 20427 116
161 22 15666 15
162 22 11214 10
163 22 4946 8
164 22 6577 5
165 22 14038 71
166 22 26193 886
167 22 5372 7
168 22 6909 7
169 22 18774 266
170 22 26656 295
171 22 14878 17
172 22 18684 31
173 22 19998 285
174 22 7319 5
175 22 9340 9
176 22 10068 9
177 22 21934 655
178 22 27575 1171
179 22 15203 108
180 22 29157 508
181 22 3818 4
182 22 2232 5
183 22 6927 6
184 22 26134 799
185 22 22982 922
186 22 7394 6
187 22 17095 84
188 22 29278 1389
189 22 6332 24
190 22 16660 47
191 22 24057 502
192 22 29624 374
193 22 2380 4
194 22 24569 857
195 22 10327 12
196 22 15814 203
197 22 19132 172
198 22 10330 11
199 22 14210 20
200 22 26020 2778
201 22 10191 9
202 22 2137 4
203 22 13049 14
204 22 20519 137
205 22 17083 77
206 22 9041 10
207 22 22117 710
208 22 24248 271
209 22 23503 399
210 22 19433 106
211 22 4603 5
212 22 5688 4
213 22 18687 65
214 22 9427 15
215 22 26558 251
216 22 9367 8
217 22 20786 145
218 22 17636 41
219 22 23493 287
220 22 17998 92
221 22 14005 112
222 22 10411 24
223 22 29813 1672
224 22 8543 13
225 22 21288 101
226 22 27662 861
227 22 26666 980
228 22 2378 5
229 22 19684 124
230 22 4909 9
231 22 16531 141
232 22 7544 10
233 22 16452 166
234 22 25286 568
235 22 8267 23
236 22 21805 205
237 22 13948 28
238 22 14414 64
239 22 25941 1024
240 22 3172 5
241 22 26937 615
242 22 8663 17
243 22 29728 1764
244 22 22518 928
245 22 7449 19
246 22 25582 1290
247 22 10436 14
248 22 32540 1838
249 22 18778 147
250 22 3995 9
251 22 19453 196
252 22 10989 28
253 22 9410 31
254 22 23870 835
255 22 12895 43
256 22 24299 1527
257 22 5477 9
258 22 22148 309
259 22 5054 10
260 22 10006 24
261 22 13268 41
262 22 4687 18
263 22 20983 837
264 22 26716 2485
265 22 21178 282
266 22 24015 2128
267 22 11727 18
268 22 17101 83
269 22 27993 2147
270 22 20882 278
271 22 25779 774
272 22 18475 561
273 22 19722 413
274 22 8676 22
275 22 12619 43
276 22 17358 161
277 22 9566 20
278 22 12591 42
279 22 25192 477
280 22 8278 13
281 22 16468 100
282 22 19579 673
283 22 12428 99
284 22 25576 492
285 22 14663 101
286 22 1525 9
287 22 25843 1241
288 22 6033 13
289 22 19644 176
290 22 21234 648
291 22 8455 16
292 22 22865 465
293 22 11444 24
294 22 22853 356
295 22 2217 8
296 22 14020 21
297 22 12940 14
298 22 7191 9
299 22 18894 244
300 22 23972 1671
301 22 7989 7
302 22 19296 302
303 22 20082 76
304 22 14458 14
305 22 19656 72
306 22 24128 416
307 22 13870 41
308 22 10062 8
309 22 4714 4
310 22 29608 312
311 22 10705 12
312 22 24508 655
313 22 24723 343
314 22 18880 252
315 22 6588 4
316 22 5365 4
317 22 17099 89
318 22 18822 221
319 22 9664 8
320 22 5680 6
321 22 5485 5
322 22 12722 24
323 22 14591 31
324 22 12723 32
325 22 18974 141
326 22 21764 627
327 22 7921 7
328 22 25046 935
329 22 16324 80
330 22 21970 135
331 22 30037 655
332 22 15282 103
333 22 1952 5
334 22 3886 5
335 22 8656 8
336 22 1511 5
337 22 5445 9
338 22 13962 28
339 22 14069 86
340 22 22005 1001
341 22 11515 11
342 22 23230 472
343 22 25920 502
344 22 5742 6
345 22 10706 10
346 22 28541 1002
347 22 1677 5
348 22 4086 10
349 22 11531 33
350 22 14508 41
351 22 5174 5
352 22 3819 4
353 22 4729 4
354 22 25245 512
355 22 4525 4
356 22 26995 263
357 22 20550 349
358 22 30774 729
359 22 4032 5
360 22 8046 7
361 22 2440 5
362 22 11643 20
363 22 11283 10
364 22 16841 122
365 22 30173 1504
366 22 20583 101
367 22 18627 47
368 22 9663 10
369 22 6814 7
370 22 16942 44
371 22 20374 82
372 22 5958 6
373 22 23341 127
374 22 18481 407
375 22 14656 13
376 22 13640 23
377 22 9186 6
378 22 6895 5
379 22 17482 102
380 22 10722 26
381 22 10628 8
382 22 19720 307
383 22 27098 1352
384 22 7489 7
385 22 16498 39
386 22 17998 32
387 22 19214 274
388 22 5013 4
389 22 3720 4
390 22 7045 4
391 22 16487 50
392 22 9554 6
393 22 5468 5
394 22 20364 118
395 22 29054 1194
396 22 18480 79
397 22 18057 97
398 22 3460 4
399 22 20071 135
400 22 12574 24
401 22 21703 436
402 22 25800 443
403 22 27871 1165
404 22 21712 1468
405 22 5365 10
406 22 6193 11
407 22 17068 68
408 22 6286 8
409 22 20863 745
410 22 22160 304
411 22 13372 34
412 22 30419 1045
413 22 4296 7
414 22 14864 34
415 22 20384 158
416 22 13740 52
417 22 13548 39
418 22 21096 110
419 22 17935 1205
420 22 11750 22
421 22 14093 91
422 22 21302 480
423 22 24729 362
424 22 3774 12
425 22 22542 502
426 22 1573 9
427 22 16198 94
428 22 672 9
429 22 23701 1806
430 22 13248 45
431 22 11717 16
432 22 10267 12
433 22 21496 233
434 22 11251 16
435 22 14526 31
436 22 12919 93
437 22 10614 12
438 22 20772 70
439 22 10133 11
440 22 18395 137
441 22 3560 7
442 22 1979 7
443 22 29038 787
444 22 8510 16
445 22 19068 236
446 22 17883 111
447 22 17055 55
448 22 9842 10
449 22 8928 7
450 22 20486 119
451 22 13796 59
452 22 27460 2249
453 22 23223 350
454 22 1395 5
455 22 7615 7
456 22 1382 8
457 22 4192 5
458 22 3670 7
459 22 2117 6
460 22 14649 44
461 22 16617 70
462 22 17621 166
463 22 19426 415
464 22 21602 330
465 22 922 8
466 22 6881 11
467 22 9644 22
468 22 30497 1366
469 22 7668 14
470 22 27990 1838
471 22 9577 13
472 22 10552 26
473 22 796 8
474 22 15919 83
475 22 28773 1777
476 22 17864 214
477 22 22107 556
478 22 12801 27
479 22 4497 10
480 22 23233 1081
481 22 2024 8
482 22 25323 871
483 22 14069 298
484 22 24066 519
485 22 2083 9
486 22 19197 415
487 22 21411 287
488 22 23898 672
489 22 14706 132
490 22 19924 151
491 22 9718 19
492 22 13960 25
493 22 1019 9
494 22 4335 8
495 22 15781 80
496 22 26108 914
497 22 18596 337
498 22 1665 8
499 22 4280 9
500 22 15889 71
