1 22 6178 142662 0000000000000000111111
2 22 2444 18144 0000000010000000000000
3 22 8813 219798 0000000000000001111111
4 22 26318 246863 0000011101101111111111
5 22 26578 215321 1101111101111111011100
6 22 3210 357055 0000000000000000000011
7 22 14610 8965 0011000001100000001110
8 22 21615 102099 1110111101110110010010
9 22 5927 254185 0000000000000000001111
10 22 9816 36658 0000000000000011011111
11 22 14758 247313 0000000000001111111111
12 22 13462 144936 0000000000001111110111
13 22 31767 189697 1111111111011111011111
14 22 8398 333913 0000000000000001111111
15 22 21241 165809 1001111011011111101111
16 22 7406 34977 0000000000000100011111
17 22 3454 214906 0000000000000000000011
18 22 25078 131797 1100111100010111111111
19 22 28140 267323 1111111111101111111111
20 22 1936 37 1
21 22 13072 101100 0000000000001111111110
22 22 10567 1893 0100001100010000001011
23 22 28931 306874 1111111110111111111110
24 22 23023 76420 1011111100101100010110
25 22 26441 200270 1110011111111001110101
26 22 32125 282911 1111101111111111111111
27 22 2391 181368 0000001000000000000000
28 22 5371 351116 0000000000000000001111
29 22 1002 52 00000000000000000001
30 22 22400 341770 1111111011111100100011
31 22 13057 67673 1011000000010101101100
32 22 15844 195952 1001011101111011110100
33 22 14168 18989 1001101000100110001110
34 22 17754 114383 0010010111110001010010
35 22 28982 147586 1110110111101111011110
36 22 9565 267514 0000000000000001111111
37 22 23228 293076 0111011111111111111111
38 22 27843 374319 1111111110111111111111
39 22 4435 340818 0000000000000000000111
40 22 16824 252425 0001110010110111111001
41 22 20735 55832 1110100100110011011000
42 22 2265 656 0000000000000000000010
43 22 7300 682 0100000001000001010000
44 22 22191 182271 1111111110010111001100
45 22 21476 132111 1010101001111001101111
46 22 17095 127628 0000000000011111101111
47 22 28041 341940 1111110111111111111101
48 22 2452 2835 0000000000000000100000
49 22 15847 33925 1111010100000010001110
50 22 21850 116428 1011001001111101001101
51 22 909 44 100000000000000000
52 22 12324 80515 0000000000011101110111
53 22 6222 170344 0000000000000000000111
54 22 2490 93899 0000100000000000000001
55 22 22122 174513 1111101000110111010011
56 22 25964 238447 0110101110111100111111
57 22 7906 311334 0000000000000011111111
58 22 20241 91215 1011010111101100011010
59 22 21970 110403 0011101011011000111110
60 22 2617 92 000000001010000010000
61 22 11056 269034 0000000000000011111111
62 22 19488 18832 1010001101010100101100
63 22 28392 215594 1111111111010111111111
64 22 24617 220005 1111110010111011111001
65 22 23104 139884 1111010001011010111110
66 22 8116 208048 0000000000000001111111
67 22 23209 204060 1011010111001011011111
68 22 2336 105376 0000000000000001000001
69 22 18239 133813 0110110110001011101101
70 22 20894 42217 0111001010100100110101
71 22 2525 116993 0000000000000000001111
72 22 13267 39627 0000000000001111011111
73 22 18349 189776 0000000111111111111111
74 22 17084 34837 1001000111001110110100
75 22 6161 80 01000000000010100001
76 22 8445 102279 0000000000000000111111
77 22 25850 284714 1110111111111101111111
78 22 26607 408736 1111110111011111111101
79 22 6651 1875 0000000000000001001100
80 22 10617 207322 0000000000000001111111
81 22 19069 65697 1100110011000011101001
82 22 15460 279976 0000011111111111111111
83 22 7736 5457 0000000000000010111000
84 22 33484 336160 1111111111011111111111
85 22 29758 299963 1111011111111110111110
86 22 28025 271436 1111111111011111111111
87 22 22493 301687 1110111111001111111011
88 22 29281 287886 0111101111111111101011
89 22 21055 221825 1111110110111000111110
90 22 5627 2435 0000000000000000011011
91 22 24171 300904 1111110111010101111111
92 22 23693 280686 0111111111110110011111
93 22 21521 155166 1111110111101101011011
94 22 15596 33334 1101100110011000101000
95 22 11753 253547 0000000000000000111111
96 22 11179 196468 0000000000000111111111
97 22 10903 2340 0010001000010001000011
98 22 20809 51093 0001001111010011101110
99 22 19414 135530 1110001011111111010100
100 22 4212 306727 0000000000000000001111
101 22 14352 135646 0000000000011111110111
102 22 2128 166 0000000000000000100010
103 22 7497 31387 0000000000000000011111
104 22 23446 230000 0010110110110111111111
105 22 25411 60852 1101010100011010111111
106 22 22552 116647 0110101111001110101001
107 22 25845 249874 1110111101110111111111
108 22 14778 241049 0000000000011111111111
109 22 2465 15350 0000000000000001000001
110 22 15130 50215 0010110100110001010110
111 22 24611 185494 0011111111110011100101
112 22 30492 313873 1101011111111110111111
113 22 29701 247274 1101011111111111111111
114 22 22026 144711 0011001111111111111110
115 22 27612 270396 1111111110111111110111
116 22 18714 33554 1010010011100101101010
117 22 10498 1041 1000010010001000001000
118 22 8419 10186 0000000000010110100010
119 22 26254 242411 1111001110111111111111
120 22 27370 234312 1111111111111101111111
121 22 2414 4030 0000000000000000100000
122 22 15203 49987 0000000100111001101110
123 22 19165 271311 1101111110111111111111
124 22 7116 180434 0000000000000001111111
125 22 8424 268480 0000000000000000011111
126 22 14359 17773 1110100100000010011100
127 22 18803 52112 1100011010101001011000
128 22 16765 45144 0101101111101001011010
129 22 4288 47 010010000000
130 22 22774 108767 1101111010101000100111
131 22 8431 452 000000110001100001000
132 22 25928 107146 0011110111110000111111
133 22 15814 152824 0000000000011111111111
134 22 6029 34771 0000000000000000111011
135 22 20547 110064 1111111011101110001111
136 22 18540 207544 0000000111111111111111
137 22 18674 94111 1110100101000101101110
138 22 20278 288314 0000000011111111111111
139 22 9247 191185 0000000000000111111111
140 22 25030 238403 1111111001111111111110
141 22 2893 6842 0000000000000000001100
142 22 14298 47785 0000000100001011111110
143 22 5424 205956 0000000000000000011111
144 22 6636 59 1000000000100000100
145 22 28551 236534 1111110111111111111101
146 22 10443 30553 0000000001110001100110
147 22 21278 176006 0101101010011000111110
148 22 26897 374373 0111110111011101111111
149 22 17940 42189 0111100110001110011011
150 22 4593 153601 0000000000000000111111
151 22 27979 171330 1111111111111111011111
152 22 6517 375 100000010100000010000
153 22 4259 314338 0000000000000000000011
154 22 15744 276845 0000001111111111111111
155 22 26961 366240 1011110111111011111111
156 22 3112 47 00000000110
157 22 4385 55 1000000000000010000000
158 22 9608 67681 0000000000000110111000
159 22 5829 182780 0000000000000000111111
160 22 20427 84655 0000110001101101111011
161 22 15124 68304 0000000000001111101111
162 22 10097 82378 0000000000000111110111
163 22 4946 286 010001000000000010000
164 22 6577 1233 0000001010000000001000
165 22 14282 241668 0000000001111111111111
166 22 26193 265892 1111111111111100111101
167 22 5372 771 1100000100000000001000
168 22 6909 1551 0110000100000001000000
169 22 18322 334020 0011111111111011111111
170 22 26656 61118 1110111011000100111011
171 22 14878 14406 1100001100001100001100
172 22 18684 18392 0010110110110100010001
173 22 19998 133552 1100110111100110101101
174 22 6820 33550 0000000000000000111111
175 22 10482 270942 0000000000000011111111
176 22 10068 5445 0010000010100001001100
177 22 21934 248890 1111011111111111111111
178 22 27575 227662 1011001111111111111111
179 22 15203 27836 1110111010001001001000
180 22 29157 285270 0111111100111111111011
181 22 3770 203137 0000000000000000001111
182 22 2232 47 000000000000000000001
183 22 7494 51592 0000000000000000011111
184 22 26134 266826 1111100111101011111001
185 22 22982 127992 0111111000111010111111
186 22 8183 206020 0000000000000001111111
187 22 17095 67050 0010011100100001111010
188 22 29278 217008 1011110101111001111110
189 22 7228 340352 0000000000000001111111
190 22 16660 12737 0010101110011101001001
191 22 24057 187776 1011111010111101011110
192 22 29624 280303 1111101111111111111111
193 22 2472 119 0000000000000001000001
194 22 24569 250134 1111111111111111111101
195 22 10327 3472 0000011000010110100000
196 22 15244 161697 0000000110111111111111
197 22 19132 161102 0010111100110111000111
198 22 8491 295642 0000000000000000111111
199 22 14344 96066 0000000000111111110111
200 22 26445 152528 0001111111111111111111
201 22 9212 280066 0000000000000001111111
202 22 2137 56 0100000001000000000000
203 22 13370 307867 0000000000000011111111
204 22 20519 249665 1110100011111110110100
205 22 17297 199570 0000000001111111111111
206 22 9204 6840 0000000001100100100011
207 22 22117 219129 1111110111111111111100
208 22 24248 112376 1111110111010101000101
209 22 23503 293537 0111111111011111111001
210 22 19433 83155 1010001110110001111100
211 22 4754 313561 0000000000000000001111
212 22 6192 213678 0000000000000000011111
213 22 18612 101659 0001101100001011001111
214 22 8579 177812 0000000000000011111111
215 22 26558 166671 0111010010111111110101
216 22 9367 629 100100010101000000010
217 22 20786 69189 0101111110001011101100
218 22 17636 32235 1100001100010101101100
219 22 23493 175666 1110101111011110010101
220 22 17998 13119 0011011111010000101010
221 22 14005 71688 0101001111001001011000
222 22 11299 3454 0000000000111010010011
223 22 29813 187544 1101111111111011101111
224 22 8608 248715 0000000000000111111111
225 22 21288 156761 1001100001100101101111
226 22 27662 323442 1111111101111111111111
227 22 26666 132721 1111111110110011111100
228 22 3053 33281 0000000000000000000011
229 22 20401 65892 0000000011111011011111
230 22 4909 102 001010000010000000000
231 22 17703 298144 0000000000111111111111
232 22 6833 182966 0000000000000000001111
233 22 16452 47546 1000011100011101001001
234 22 26291 254538 0011111111111111111111
235 22 8847 83000 0000000000000111111111
236 22 21805 281056 1111111011111111111111
237 22 12485 128882 0000000000000111111111
238 22 14494 55295 0000110010111000110011
239 22 25941 231132 1101111101011110111111
240 22 2443 208961 0010000000000000000001
241 22 26937 207095 1110001111111110101101
242 22 8663 653 000100000110100000010
243 22 29728 404693 1111011111111111110111
244 22 22518 302625 0111011011111001110110
245 22 7212 24713 0000000000000001011011
246 22 25582 266988 1111101110111110001101
247 22 10436 1433 1001000010000011000010
248 22 32540 313046 1111111111111011111111
249 22 19149 240638 0000000010111111111111
250 22 3887 329418 0000000000000000000111
251 22 19453 83522 1010011010110001011101
252 22 12529 330842 0000000000000011111111
253 22 9410 9547 1100001001000010000001
254 22 23870 281496 1111110111110111101111
255 22 12895 28484 0011000110011010100001
256 22 24299 255496 1101111111111101011001
257 22 5785 1530 0000000000000100110011
258 22 20227 200591 0000000111101111111111
259 22 4631 99379 0000000000000000000111
260 22 10006 1108 0100000001011000101110
261 22 13268 12462 1000001011000100000111
262 22 4687 642 0110000000010100000000
263 22 20983 201104 1111111111111101111111
264 22 26716 191616 1110111101011111111010
265 22 21178 98206 1011001110110101000111
266 22 24015 106382 1110011111101111100111
267 22 11727 4027 0010101000000011000010
268 22 17382 204300 0000000000111111111111
269 22 27993 307621 1101111111111111110111
270 22 20882 92312 0101011000110111010111
271 22 26922 380736 1111111011111111111111
272 22 17901 144063 0000101101111111011111
273 22 20085 280299 0001111111111111111011
274 22 8564 27580 0000000011001001110101
275 22 12120 92709 0000000000001111111101
276 22 17358 54919 0010011101011001111000
277 22 7916 183806 0000000000000000111111
278 22 12591 22948 0010110000111000001010
279 22 25192 115867 1111111110101010110010
280 22 8874 104196 0000000000000001111111
281 22 16468 40050 1001101101111000000011
282 22 19579 116566 1111101100100101111100
283 22 11756 384290 0000000000111111111111
284 22 25576 203204 1111111110101111110010
285 22 13992 46473 0000001111100110110001
286 22 1525 51 100000000000000000000
287 22 25843 342374 0111111111111110111111
288 22 6033 208 000000000011000100010
289 22 19528 88822 0001100001110101101111
290 22 21234 113786 1100110110001011011111
291 22 7635 94527 0000000000000001111111
292 22 22865 210304 0111011101111111010110
293 22 11444 5389 0101100010000110010001
294 22 22853 293662 1001111101101111010111
295 22 2217 66 000001000000000000
296 22 12876 200577 0000000000000111111111
297 22 12909 205423 0000000000001111111111
298 22 6550 37073 0000000000000001111010
299 22 19604 266437 0000001111111111111111
300 22 25110 192262 0111111110111111111111
301 22 8041 48917 0000000000000010110111
302 22 18974 136456 0011001001111101111101
303 22 20082 72191 1011110010100000111101
304 22 13362 237542 0000000000000011111111
305 22 19656 35503 1011101101100100110000
306 22 24116 279683 0000001111111111111111
307 22 15030 185765 0000000000000111111111
308 22 10062 2379 1000010000011000010001
309 22 6727 204590 0000000000000000000111
310 22 29608 256819 1101111111111111111111
