1 22 18714 378
2 22 18216 151
3 22 25069 559
4 22 28721 594
5 22 26578 604
6 22 27268 762
7 22 14610 119
8 22 21615 329
9 22 26749 575
10 22 17445 200
11 22 29721 574
12 22 21787 380
13 22 31767 549
14 22 29608 721
15 22 21241 462
16 22 14981 242
17 22 25923 515
18 22 25078 375
19 22 28140 768
20 22 1936 10
21 22 22879 411
22 22 10567 136
23 22 28931 519
24 22 23023 211
25 22 26441 354
26 22 32125 501
27 22 25301 601
28 22 25892 625
29 22 1393 5
30 22 22400 523
31 22 13057 197
32 22 15844 336
33 22 14168 112
34 22 18157 261
35 22 28982 360
36 22 22748 476
37 22 23719 671
38 22 27843 658
39 22 23422 444
40 22 20599 352
41 22 20735 160
42 22 5144 40
43 22 7300 53
44 22 22191 324
45 22 21476 263
46 22 26974 262
47 22 28041 523
48 22 8100 69
49 22 15847 276
50 22 21850 291
51 22 909 1
52 22 18016 234
53 22 22067 416
54 22 18122 339
55 22 22122 448
56 22 25964 765
57 22 22796 712
58 22 20241 328
59 22 21970 388
60 22 2753 19
61 22 27326 668
62 22 19488 161
63 22 28392 514
64 22 24617 505
65 22 23104 429
66 22 24095 588
67 22 23209 497
68 22 14710 300
69 22 18239 329
70 22 20894 229
71 22 15148 390
72 22 18279 221
73 22 27969 810
74 22 17084 170
75 22 6161 20
76 22 19058 250
77 22 25850 538
78 22 26607 601
79 22 10534 89
80 22 25700 400
81 22 19069 210
82 22 20571 524
83 22 11944 96
84 22 33484 837
85 22 29758 666
86 22 28025 651
87 22 22493 666
88 22 29281 696
89 22 21055 546
90 22 12057 105
91 22 24171 694
92 22 23693 655
93 22 21521 454
94 22 15596 214
95 22 28153 709
96 22 23771 563
97 22 10903 55
98 22 23280 191
99 22 19414 349
100 22 25913 620
101 22 20243 334
102 22 4719 23
103 22 13678 151
104 22 23446 330
105 22 25411 162
106 22 22552 281
107 22 25845 547
108 22 28311 563
109 22 12116 137
110 22 15130 275
111 22 25566 517
112 22 30492 774
113 22 29701 817
114 22 23648 449
115 22 27612 696
116 22 18714 230
117 22 10498 80
118 22 13369 118
119 22 26254 580
120 22 27370 485
121 22 8373 77
122 22 15516 168
123 22 19165 434
124 22 21081 314
125 22 29753 368
126 22 14359 134
127 22 18803 276
128 22 16765 210
129 22 4325 6
130 22 22774 369
131 22 8431 32
132 22 25928 342
133 22 22411 449
134 22 15193 192
135 22 20547 371
136 22 24961 494
137 22 18674 363
138 22 30251 609
139 22 25608 514
140 22 25030 547
141 22 11694 98
142 22 20238 221
143 22 19687 613
144 22 6636 13
145 22 28551 708
146 22 15850 177
147 22 21278 477
148 22 26897 818
149 22 17940 212
150 22 21644 387
151 22 27979 461
152 22 6517 28
153 22 32464 570
154 22 22544 530
155 22 26961 557
156 22 3548 8
157 22 4385 8
158 22 21034 227
159 22 23519 438
160 22 20427 294
161 22 17598 329
162 22 19044 267
163 22 4946 33
164 22 6577 68
165 22 22394 579
166 22 26193 584
167 22 5372 38
168 22 6909 63
169 22 20668 673
170 22 26656 225
171 22 14878 140
172 22 18684 134
173 22 19998 375
174 22 16111 186
175 22 21661 550
176 22 10068 99
177 22 21934 530
178 22 27575 489
179 22 15203 138
180 22 29157 538
181 22 23850 444
182 22 2232 9
183 22 15124 237
184 22 26134 681
185 22 22982 426
186 22 30750 579
187 22 17095 165
188 22 29278 324
189 22 22950 476
190 22 16660 43
191 22 24057 220
192 22 29624 330
193 22 6580 10
194 22 24569 526
195 22 10327 43
196 22 18566 204
197 22 19132 173
198 22 22804 270
199 22 25462 149
200 22 31084 265
201 22 28292 321
202 22 2137 8
203 22 36468 349
204 22 20519 289
205 22 29158 255
206 22 10419 65
207 22 22117 332
208 22 24248 239
209 22 23503 513
210 22 19433 205
211 22 28060 480
212 22 22496 397
213 22 19387 258
214 22 22508 362
215 22 26558 289
216 22 9367 25
217 22 20786 181
218 22 17636 129
219 22 23493 296
220 22 17998 83
221 22 14005 195
222 22 12330 54
223 22 29813 331
224 22 26765 649
225 22 21288 243
226 22 27662 471
227 22 26666 228
228 22 17318 92
229 22 25145 134
230 22 4909 11
231 22 29715 398
232 22 24804 301
233 22 16452 169
234 22 27215 474
235 22 15617 227
236 22 21805 553
237 22 21936 253
238 22 15962 164
239 22 25941 350
240 22 22810 296
241 22 26937 320
242 22 8663 26
243 22 29728 490
244 22 22518 393
245 22 12768 106
246 22 25582 314
247 22 10436 41
248 22 32540 438
249 22 26492 301
250 22 26806 499
251 22 19453 163
252 22 31702 400
253 22 9410 82
254 22 23870 406
255 22 12895 127
256 22 24299 379
257 22 10865 54
258 22 29300 327
259 22 19818 200
260 22 10006 31
261 22 13268 97
262 22 4687 39
263 22 20983 307
264 22 26716 289
265 22 21178 224
266 22 24015 240
267 22 11727 76
268 22 26742 403
269 22 27993 534
270 22 20882 414
271 22 26922 585
272 22 23705 272
273 22 22034 427
274 22 12088 155
275 22 21395 234
276 22 17358 189
277 22 23055 376
278 22 12591 132
279 22 25192 278
280 22 20252 252
281 22 16468 166
282 22 19579 280
283 22 22032 693
284 22 25576 472
285 22 16999 221
286 22 1525 8
287 22 25843 578
288 22 6033 19
289 22 21005 208
290 22 21234 218
291 22 18730 189
292 22 22865 318
293 22 11444 61
294 22 22853 404
295 22 2217 11
296 22 32135 360
297 22 23975 330
298 22 13211 146
299 22 29121 444
300 22 25547 369
301 22 16641 141
302 22 20736 197
303 22 20082 140
304 22 28390 281
305 22 19656 115
306 22 29449 415
307 22 27240 307
308 22 10062 62
309 22 29426 393
310 22 29608 645
311 22 15584 197
312 22 24508 661
313 22 24723 507
314 22 18880 260
315 22 13397 85
316 22 22781 245
317 22 28011 453
318 22 24254 524
319 22 9664 69
320 22 26136 565
321 22 14559 144
322 22 12722 126
323 22 14591 180
324 22 21904 547
325 22 18974 394
326 22 26571 416
327 22 7921 13
328 22 25046 516
329 22 16324 203
330 22 22435 331
331 22 30037 417
332 22 20679 464
333 22 25370 480
334 22 24443 462
335 22 8656 29
336 22 2452 7
337 22 5445 15
338 22 20988 429
339 22 19255 350
340 22 22005 424
341 22 25213 584
342 22 25677 513
343 22 25920 481
344 22 15378 281
345 22 14753 327
346 22 28541 616
347 22 3176 26
348 22 4086 22
349 22 17948 394
350 22 14508 190
351 22 5174 40
352 22 18927 340
353 22 14110 177
354 22 25245 495
355 22 11464 123
356 22 26995 585
357 22 20550 678
358 22 30774 664
359 22 17549 262
360 22 8046 20
361 22 23237 607
362 22 11643 111
363 22 11283 98
364 22 20928 328
365 22 31448 733
366 22 21993 444
367 22 18627 159
368 22 9663 66
369 22 25329 399
370 22 16942 236
371 22 20374 401
372 22 5980 30
373 22 23341 328
374 22 18481 389
375 22 14656 96
376 22 24711 382
377 22 16666 413
378 22 6895 63
379 22 28058 629
380 22 11778 198
381 22 21061 173
382 22 19720 425
383 22 27098 469
384 22 7489 40
385 22 16498 201
386 22 17998 226
387 22 28601 631
388 22 13084 112
389 22 18547 184
390 22 13987 161
391 22 19659 311
392 22 28904 504
393 22 21720 551
394 22 20364 363
395 22 29054 500
396 22 18480 286
397 22 26802 546
398 22 3460 5
399 22 23096 610
400 22 12574 153
401 22 24325 759
402 22 25800 450
403 22 27871 269
404 22 26457 390
405 22 5365 13
406 22 27618 470
407 22 30146 478
408 22 25056 645
409 22 23109 557
410 22 22160 448
411 22 21982 417
412 22 30419 523
413 22 16836 128
414 22 25877 592
415 22 20384 243
416 22 16727 253
417 22 26338 615
418 22 21096 332
419 22 22612 631
420 22 11750 65
421 22 16816 183
422 22 21302 473
423 22 24729 547
424 22 4049 11
425 22 22542 348
426 22 11610 94
427 22 16198 169
428 22 23719 725
429 22 23701 536
430 22 25133 617
431 22 20806 343
432 22 13882 132
433 22 29967 585
434 22 11251 95
435 22 14526 241
436 22 19971 434
437 22 19317 454
438 22 20772 258
439 22 13101 194
440 22 26910 559
441 22 16504 275
442 22 23443 887
443 22 29038 460
444 22 8510 65
445 22 19068 215
446 22 26680 616
447 22 17055 209
448 22 26619 757
449 22 30541 631
450 22 33601 653
451 22 13796 174
452 22 27460 514
453 22 23223 353
454 22 2340 14
455 22 12747 148
456 22 1382 11
457 22 16890 245
458 22 17933 220
459 22 27695 562
460 22 27403 543
461 22 16617 290
462 22 27728 490
463 22 24728 849
464 22 21602 291
465 22 14585 212
466 22 9200 87
467 22 24433 740
468 22 30497 748
469 22 7668 62
470 22 27990 510
471 22 9577 69
472 22 14076 317
473 22 21472 363
474 22 15919 248
475 22 32670 784
476 22 17864 257
477 22 28538 598
478 22 22424 366
479 22 10180 133
480 22 23233 406
481 22 5071 21
482 22 25323 660
483 22 17675 393
484 22 24066 578
485 22 25852 438
486 22 28029 816
487 22 23881 478
488 22 23898 624
489 22 20150 310
490 22 29825 676
491 22 9718 51
492 22 13960 90
493 22 19798 327
494 22 9677 102
495 22 15781 161
496 22 26108 585
497 22 19024 245
498 22 10505 50
499 22 11631 143
500 22 15889 93
