1 22 6615 6
2 22 2130 4
3 22 8670 6
4 22 27154 292
5 22 26578 998
6 22 2224 4
7 22 14610 12
8 22 21615 274
9 22 8087 5
10 22 10451 8
11 22 14775 84
12 22 13887 20
13 22 31767 2554
14 22 8534 5
15 22 21241 79
16 22 9115 6
17 22 4613 5
18 22 25078 1173
19 22 28140 603
20 22 1936 3
21 22 13252 19
22 22 10567 11
23 22 28931 448
24 22 23023 79
25 22 26441 311
26 22 32125 991
27 22 1681 3
28 22 5882 4
29 22 391 4
30 22 22400 200
31 22 13057 67
32 22 15844 272
33 22 14168 62
34 22 17457 65
35 22 28982 371
36 22 9551 6
37 22 23216 711
38 22 27843 1152
39 22 5532 6
40 22 17720 160
41 22 20735 59
42 22 924 3
43 22 7300 6
44 22 22191 97
45 22 21476 220
46 22 16009 36
47 22 28041 1105
48 22 1410 4
49 22 15847 33
50 22 21850 67
51 22 909 5
52 22 12246 12
53 22 7680 5
54 22 1658 4
55 22 22122 214
56 22 25964 1459
57 22 8329 7
58 22 20241 220
59 22 21970 261
60 22 2753 4
61 22 10455 13
62 22 19488 25
63 22 28392 485
64 22 24617 367
65 22 23104 232
66 22 10347 22
67 22 23209 445
68 22 1856 3
69 22 18239 94
70 22 20894 123
71 22 2594 4
72 22 13072 19
73 22 16690 76
74 22 17084 63
75 22 6161 5
76 22 7000 4
77 22 25850 1772
78 22 26607 604
79 22 6838 4
80 22 12260 13
81 22 19069 71
82 22 14689 271
83 22 7830 4
84 22 33484 1122
85 22 29758 794
86 22 28025 1176
87 22 22493 916
88 22 29281 518
89 22 21055 153
90 22 5617 4
91 22 24171 382
92 22 23693 482
93 22 21521 144
94 22 15596 57
95 22 12226 14
96 22 11458 22
97 22 10903 11
98 22 22080 110
99 22 19414 222
100 22 4617 5
101 22 14741 35
102 22 2128 4
103 22 8317 7
104 22 23446 289
105 22 25411 206
106 22 22552 273
107 22 25845 674
108 22 14125 36
109 22 2774 4
110 22 15130 91
111 22 24496 241
112 22 30492 720
113 22 29701 977
114 22 22061 372
115 22 27612 1467
116 22 18714 43
117 22 10498 7
118 22 10080 7
119 22 26254 298
120 22 27370 512
121 22 1971 4
122 22 14597 31
123 22 19165 481
124 22 8403 8
125 22 8678 8
126 22 14359 19
127 22 18803 39
128 22 16765 72
129 22 4288 3
130 22 22774 159
131 22 8431 6
132 22 25928 313
133 22 14944 70
134 22 7559 4
135 22 20547 1420
136 22 18323 278
137 22 18674 197
138 22 20617 288
139 22 10441 24
140 22 25030 380
141 22 4083 4
142 22 13921 18
143 22 5677 4
144 22 6636 4
145 22 28551 383
146 22 9712 8
147 22 21278 134
148 22 26897 383
149 22 17940 192
150 22 6385 9
151 22 27979 977
152 22 6517 7
153 22 4555 4
154 22 15266 86
155 22 26961 435
156 22 3112 4
157 22 4385 5
158 22 9899 6
159 22 4958 4
160 22 20427 139
161 22 15666 18
162 22 11214 12
163 22 4946 8
164 22 6577 6
165 22 14038 85
166 22 26193 1049
167 22 5372 8
168 22 6909 8
169 22 18774 317
170 22 26656 346
171 22 14878 22
172 22 18684 38
173 22 19998 312
174 22 7319 5
175 22 9340 10
176 22 10068 9
177 22 21934 653
178 22 27575 1036
179 22 15203 95
180 22 29157 541
181 22 3818 4
182 22 2232 5
183 22 6927 6
184 22 26134 834
185 22 22982 723
186 22 7394 5
187 22 17095 74
188 22 29278 1098
189 22 6332 4
190 22 16660 33
191 22 24057 383
192 22 29624 292
193 22 2380 4
194 22 24569 562
195 22 10327 9
196 22 15814 151
197 22 19132 135
198 22 10330 10
199 22 14210 22
200 22 26020 5700
201 22 10191 10
202 22 2137 6
203 22 13049 16
204 22 20519 152
205 22 17083 86
206 22 9041 11
207 22 22117 722
208 22 24248 264
209 22 23503 424
210 22 19433 118
211 22 4603 5
212 22 5688 4
213 22 18687 67
214 22 9427 14
215 22 26558 239
216 22 9367 8
217 22 20786 121
218 22 17636 34
219 22 23493 240
220 22 17998 77
221 22 14005 94
222 22 10411 17
223 22 29813 1277
224 22 8543 10
225 22 21288 84
226 22 27662 717
227 22 26666 671
228 22 2378 3
229 22 19684 95
230 22 4909 5
231 22 16531 88
232 22 7544 5
233 22 16452 116
234 22 25286 491
235 22 8267 13
236 22 21805 119
237 22 13948 13
238 22 14414 31
239 22 25941 604
240 22 3172 10
241 22 26937 443
242 22 8663 7
243 22 29728 1015
244 22 22518 443
245 22 7449 17
246 22 25582 661
247 22 10436 8
248 22 32540 1043
249 22 18778 77
250 22 3995 5
251 22 19453 106
252 22 10989 15
253 22 9410 16
254 22 23870 410
255 22 12895 20
256 22 24299 730
257 22 5477 4
258 22 22148 150
259 22 5054 4
260 22 10006 11
261 22 13268 18
262 22 4687 7
263 22 20983 401
264 22 26716 1182
265 22 21178 134
266 22 24015 931
267 22 11727 10
268 22 17101 44
269 22 27993 1054
270 22 20882 132
271 22 25779 359
272 22 18475 270
273 22 19722 200
274 22 8676 11
275 22 12619 20
276 22 17358 77
277 22 9566 8
278 22 12591 19
279 22 25192 230
280 22 8278 6
281 22 16468 48
282 22 19579 305
283 22 12428 48
284 22 25576 284
285 22 14663 58
286 22 1525 5
287 22 25843 773
288 22 6033 7
289 22 19644 98
290 22 21234 396
291 22 8455 9
292 22 22865 268
293 22 11444 14
294 22 22853 196
295 22 2217 4
296 22 14020 15
297 22 12940 10
298 22 7191 6
299 22 18894 165
300 22 23972 1165
301 22 7989 5
302 22 19296 265
303 22 20082 55
304 22 14458 14
305 22 19656 71
306 22 24128 430
307 22 13870 43
308 22 10062 9
309 22 4714 4
310 22 29608 313
311 22 10705 12
312 22 24508 717
313 22 24723 371
314 22 18880 279
315 22 6588 5
316 22 5365 4
317 22 17099 82
318 22 18822 203
319 22 9664 7
320 22 5680 5
321 22 5485 4
322 22 12722 21
323 22 14591 27
324 22 12723 23
325 22 18974 102
326 22 21764 453
327 22 7921 7
328 22 25046 716
329 22 16324 61
330 22 21970 107
331 22 30037 574
332 22 15282 88
333 22 1952 5
334 22 3886 4
335 22 8656 6
336 22 1511 4
337 22 5445 7
338 22 13962 25
339 22 14069 74
340 22 22005 940
341 22 11515 10
342 22 23230 376
343 22 25920 404
344 22 5742 4
345 22 10706 8
346 22 28541 758
347 22 1677 3
348 22 4086 6
349 22 11531 23
350 22 14508 35
351 22 5174 5
352 22 3819 4
353 22 4729 4
354 22 25245 553
355 22 4525 4
356 22 26995 250
357 22 20550 286
358 22 30774 677
359 22 4032 4
360 22 8046 4
361 22 2440 4
362 22 11643 10
363 22 11283 8
364 22 16841 106
365 22 30173 1321
366 22 20583 87
367 22 18627 34
368 22 9663 7
369 22 6814 5
370 22 16942 31
371 22 20374 60
372 22 5958 5
373 22 23341 93
374 22 18481 255
375 22 14656 10
376 22 13640 22
377 22 9186 6
378 22 6895 4
379 22 17482 87
380 22 10722 23
381 22 10628 6
382 22 19720 221
383 22 27098 961
384 22 7489 7
385 22 16498 35
386 22 17998 30
387 22 19214 293
388 22 5013 4
389 22 3720 4
390 22 7045 4
391 22 16487 56
392 22 9554 7
393 22 5468 5
394 22 20364 114
395 22 29054 1042
396 22 18480 67
397 22 18057 83
398 22 3460 4
399 22 20071 114
400 22 12574 20
401 22 21703 371
402 22 25800 408
403 22 27871 929
404 22 21712 1159
405 22 5365 6
406 22 6193 7
407 22 17068 43
408 22 6286 5
409 22 20863 562
410 22 22160 211
411 22 13372 23
412 22 30419 721
413 22 4296 4
414 22 14864 26
415 22 20384 114
416 22 13740 34
417 22 13548 26
418 22 21096 74
419 22 17935 815
420 22 11750 12
421 22 14093 47
422 22 21302 246
423 22 24729 170
424 22 3774 5
425 22 22542 229
426 22 1573 4
427 22 16198 41
428 22 672 4
429 22 23701 802
430 22 13248 24
431 22 11717 8
432 22 10267 8
433 22 21496 148
434 22 11251 10
435 22 14526 19
436 22 12919 70
437 22 10614 8
438 22 20772 32
439 22 10133 6
440 22 18395 76
441 22 3560 6
442 22 1979 4
443 22 29038 416
444 22 8510 9
445 22 19068 157
446 22 17883 80
447 22 17055 41
448 22 9842 7
449 22 8928 6
450 22 20486 85
451 22 13796 52
452 22 27460 1351
453 22 23223 241
454 22 1395 4
455 22 7615 5
456 22 1382 6
457 22 4192 4
458 22 3670 4
459 22 2117 3
460 22 14649 25
461 22 16617 31
462 22 17621 72
463 22 19426 203
464 22 21602 151
465 22 922 4
466 22 6881 5
467 22 9644 9
468 22 30497 614
469 22 7668 6
470 22 27990 817
471 22 9577 6
472 22 10552 11
473 22 796 3
474 22 15919 35
475 22 28773 785
476 22 17864 93
477 22 22107 234
478 22 12801 11
479 22 4497 4
480 22 23233 439
481 22 2024 3
482 22 25323 362
483 22 14069 118
484 22 24066 221
485 22 2083 3
486 22 19197 191
487 22 21411 194
488 22 23898 295
489 22 14706 59
490 22 19924 75
491 22 9718 10
492 22 13960 10
493 22 1019 3
494 22 4335 5
495 22 15781 31
496 22 26108 376
497 22 18596 130
498 22 1665 3
499 22 4280 3
500 22 15889 31
