1 10 6515 7
2 10 7842 8
3 10 9119 8
4 10 8050 8
5 10 7726 8
6 10 9269 9
7 10 9119 8
8 10 9394 7
9 10 9776 8
10 10 7501 7
11 10 10069 8
12 10 9567 7
13 10 7461 7
14 10 9128 7
15 10 8953 8
16 10 10810 7
17 10 9464 8
18 10 9952 7
19 10 8495 8
20 10 8770 6
21 10 9542 7
22 10 8302 7
23 10 8879 7
24 10 9894 8
25 10 9352 10
26 10 9607 9
27 10 10466 9
28 10 7881 8
29 10 8537 9
30 10 8735 7
31 10 7292 8
32 10 8207 8
33 10 8373 8
34 10 10350 10
35 10 9058 10
36 10 6607 10
37 10 8876 9
38 10 7591 9
39 10 8900 9
40 10 8204 9
41 10 7689 9
42 10 7866 9
43 10 8754 11
44 10 9088 12
45 10 7900 11
46 10 8476 12
47 10 10141 13
48 10 8048 14
49 10 10749 14
50 10 9609 14
51 10 8264 16
52 10 6396 19
53 10 10433 19
54 10 9217 17
55 10 10307 21
56 10 10624 21
57 10 9654 21
58 10 7907 18
59 10 8195 19
60 10 7136 20
61 10 9051 20
62 10 9673 18
63 10 9274 24
64 10 9739 19
65 10 7994 19
66 10 7795 63
67 10 8917 22
68 10 8205 21
69 10 6682 21
70 10 11897 22
71 10 7981 22
72 10 9418 22
73 10 7108 22
74 10 8225 20
75 10 7856 19
76 10 9638 21
77 10 7082 21
78 10 10215 21
79 10 8877 23
80 10 10785 22
81 10 6890 20
82 10 7765 18
83 10 9221 20
84 10 9852 18
85 10 7419 17
86 10 9904 31
87 10 9282 23
88 10 9417 21
89 10 9673 20
90 10 7400 20
91 10 10212 24
92 10 8563 20
93 10 8253 22
94 10 9964 21
95 10 9121 23
96 10 10711 21
97 10 8505 22
98 10 8293 22
99 10 7318 20
100 10 9916 19
101 10 9839 22
102 10 7929 21
103 10 7616 20
104 10 8936 19
105 10 9514 22
106 10 10356 20
107 10 8921 22
108 10 8910 19
109 10 6379 23
110 10 8146 21
111 10 10929 23
112 10 8747 21
113 10 9316 23
114 10 8706 23
115 10 9014 21
116 10 9756 20
117 10 7710 23
118 10 9504 22
119 10 8222 21
120 10 9736 22
121 10 7385 19
122 10 8499 22
123 10 9322 28
124 10 8823 19
125 10 7797 22
126 10 9666 21
127 10 8676 21
128 10 8013 22
129 10 9170 22
130 10 7540 22
131 10 7456 20
132 10 8541 22
133 10 10433 21
134 10 8919 20
135 10 7976 22
136 10 7762 22
137 10 7462 21
138 10 10620 21
139 10 9633 22
140 10 8630 18
141 10 9049 22
142 10 9838 23
143 10 8922 23
144 10 7962 23
145 10 6482 21
146 10 9531 19
147 10 9040 20
148 10 7793 21
149 10 8099 21
150 10 5883 20
151 10 10053 23
152 10 8705 23
153 10 9935 23
154 10 8286 22
155 10 8789 19
156 10 8803 21
157 10 9678 20
158 10 8871 20
159 10 6920 20
160 10 9879 23
161 10 9976 23
162 10 9936 21
163 10 7752 22
164 10 8759 20
165 10 9633 21
166 10 7771 22
167 10 8807 18
168 10 8202 22
169 10 7623 17
170 10 8363 21
171 10 6947 21
172 10 8876 22
173 10 7873 20
174 10 9645 21
175 10 9246 22
176 10 8832 22
177 10 7514 21
178 10 8994 21
179 10 9299 23
180 10 8627 20
181 10 8624 18
182 10 6210 20
183 10 9376 21
184 10 8688 22
185 10 7146 20
186 10 8031 20
187 10 9988 21
188 10 9102 19
189 10 8940 25
190 10 9342 21
191 10 8756 20
192 10 10231 22
193 10 9227 21
194 10 7035 20
195 10 10334 20
196 10 10342 18
197 10 8255 23
198 10 11161 20
199 10 7669 19
200 10 8417 21
201 10 9689 22
202 10 8290 22
203 10 8738 24
204 10 7599 22
205 10 9365 22
206 10 7997 21
207 10 7712 20
208 10 7439 20
209 10 7713 21
210 10 8315 20
211 10 7522 20
212 10 8040 24
213 10 9190 21
214 10 9171 20
215 10 7960 21
216 10 9443 22
217 10 10385 23
218 10 7927 20
219 10 9962 21
220 10 9471 21
221 10 7108 21
222 10 10342 22
223 10 8417 24
224 10 9210 24
225 10 8052 20
226 10 9937 23
227 10 6403 20
228 10 10138 21
229 10 10026 22
230 10 8264 21
231 10 6805 20
232 10 10876 22
233 10 6974 19
234 10 11164 21
235 10 6937 22
236 10 7607 20
237 10 8648 22
238 10 10069 23
239 10 9101 18
240 10 8341 22
241 10 10411 24
242 10 6405 22
243 10 7075 20
244 10 8026 19
245 10 8019 20
246 10 8282 22
247 10 10265 22
248 10 6972 22
249 10 10647 22
250 10 10450 22
251 10 8777 24
252 10 7829 23
253 10 10072 21
254 10 8666 18
255 10 9212 23
256 10 8417 20
257 10 8217 20
258 10 8672 28
259 10 9157 20
260 10 10524 22
261 10 8006 20
262 10 8771 22
263 10 7764 21
264 10 6917 21
265 10 10094 23
266 10 10658 20
267 10 6755 19
268 10 11079 21
269 10 8612 22
270 10 9000 21
271 10 9576 23
272 10 10200 21
273 10 7904 22
274 10 7099 18
275 10 8989 21
276 10 7718 19
277 10 9402 22
278 10 9355 20
279 10 7656 19
280 10 8046 23
281 10 8026 22
282 10 10874 22
283 10 10347 23
284 10 9365 26
285 10 10028 22
286 10 10181 22
287 10 8769 21
288 10 9233 20
289 10 9347 20
290 10 7655 19
291 10 6834 18
292 10 8293 23
293 10 8004 22
294 10 7681 22
295 10 9629 19
296 10 8201 18
297 10 6561 20
298 10 9826 22
299 10 8509 18
300 10 9348 21
301 10 8182 23
302 10 8849 23
303 10 7922 30
304 10 9813 22
305 10 11972 221
306 10 8202 19
307 10 6043 24
308 10 9028 17
309 10 7395 17
310 10 7121 13
311 10 8801 14
312 10 8911 15
313 10 10716 12
314 10 7098 12
315 10 7423 11
316 10 11074 9
317 10 8509 9
318 10 8486 9
319 10 8650 8
320 10 12268 9
321 10 9331 8
322 10 8930 9
323 10 11777 8
324 10 7939 7
325 10 10316 9
326 10 9024 8
327 10 10231 8
328 10 9802 9
329 10 7671 8
330 10 7468 8
331 10 8217 8
332 10 7364 8
333 10 7616 9
334 10 8120 9
335 10 7325 7
336 10 8105 12
337 10 10038 9
338 10 10631 7
339 10 10709 8
340 10 9209 8
341 10 9993 9
342 10 8790 8
343 10 9357 9
344 10 10124 8
345 10 10416 8
346 10 9795 9
347 10 8312 8
348 10 10194 7
349 10 9660 9
350 10 9798 7
351 10 7844 8
352 10 6819 9
353 10 9983 8
354 10 9047 8
355 10 9155 9
356 10 7711 9
357 10 10297 8
358 10 10355 8
359 10 9318 9
360 10 9165 8
361 10 8809 8
362 10 7951 10
363 10 8352 8
364 10 9532 8
365 10 7147 9
366 10 11742 9
367 10 10624 7
368 10 8264 8
369 10 8948 8
370 10 7652 8
371 10 10561 9
372 10 7116 8
373 10 9498 8
374 10 10341 9
375 10 7152 8
376 10 7870 7
377 10 10715 9
378 10 7916 7
379 10 7855 8
380 10 7586 7
381 10 9161 8
382 10 7449 9
383 10 8828 8
384 10 8323 8
385 10 6645 8
386 10 7481 8
387 10 8884 7
388 10 9631 9
389 10 9307 9
390 10 7778 8
391 10 9764 8
392 10 9156 9
393 10 8969 8
394 10 8428 7
395 10 6056 8
396 10 8582 8
397 10 7896 11
398 10 6013 8
399 10 8055 9
400 10 9780 8
401 10 8316 7
402 10 9590 7
403 10 7238 7
404 10 8019 11
405 10 9202 8
406 10 6963 8
407 10 9915 8
408 10 10249 9
409 10 7719 8
410 10 9573 9
411 10 10475 9
412 10 10136 8
413 10 8274 9
414 10 6321 8
415 10 10926 8
416 10 8129 9
417 10 7994 7
418 10 9304 8
419 10 7458 7
420 10 6870 8
421 10 7368 7
422 10 8166 9
423 10 9304 6
424 10 9802 9
425 10 7959 8
426 10 8961 9
427 10 8927 7
428 10 7332 8
429 10 10887 9
430 10 8681 8
431 10 10572 8
432 10 7646 7
433 10 9955 9
434 10 7768 9
435 10 7458 13
436 10 9866 6
437 10 7996 11
438 10 9034 8
439 10 8429 8
440 10 8712 7
441 10 7898 7
442 10 10386 8
443 10 7687 8
444 10 7849 8
445 10 8344 6
446 10 8604 9
447 10 8671 8
448 10 9726 8
449 10 7506 8
450 10 9898 8
451 10 8690 9
452 10 8612 8
453 10 10593 8
454 10 7822 8
455 10 9575 9
456 10 11512 9
457 10 9527 9
458 10 9548 8
459 10 9078 7
460 10 6707 7
461 10 10013 8
462 10 11672 8
463 10 9440 10
464 10 8710 6
465 10 6010 7
466 10 7105 8
467 10 8458 8
468 10 6366 8
469 10 10123 8
470 10 11888 9
471 10 9391 8
472 10 7505 9
473 10 9402 9
474 10 7459 7
475 10 9277 9
476 10 10046 8
477 10 9994 9
478 10 7210 9
479 10 8591 8
480 10 9207 8
481 10 7934 7
482 10 9035 8
483 10 6324 8
484 10 8577 8
485 10 7727 9
486 10 11173 8
487 10 8308 8
488 10 7022 8
489 10 9551 8
490 10 7849 8
491 10 10435 8
492 10 8077 7
493 10 9719 8
494 10 10026 8
495 10 6388 8
496 10 10096 9
497 10 7598 8
498 10 10420 9
499 10 7964 8
500 10 6436 7
