1 10 6457 30
2 10 7842 15
3 10 9119 14
4 10 8045 17
5 10 7726 26
6 10 8931 15
7 10 9119 21
8 10 9394 31
9 10 9500 14
10 10 7466 21
11 10 10062 24
12 10 9484 14
13 10 7461 33
14 10 9126 16
15 10 8953 26
16 10 10771 21
17 10 9149 21
18 10 9952 24
19 10 8495 49
20 10 8770 31
21 10 9479 15
22 10 8302 28
23 10 8879 42
24 10 9894 39
25 10 9352 22
26 10 9607 26
27 10 10117 23
28 10 7657 21
29 10 8406 21
30 10 8735 39
31 10 7292 40
32 10 8207 44
33 10 8373 27
34 10 10350 25
35 10 9058 36
36 10 6607 24
37 10 8876 24
38 10 7591 42
39 10 8874 22
40 10 8204 15
41 10 7689 34
42 10 7658 22
43 10 8754 42
44 10 9088 24
45 10 7900 37
46 10 8337 24
47 10 10141 38
48 10 7859 21
49 10 10749 43
50 10 9609 44
51 10 8264 31
52 10 6387 17
53 10 10141 33
54 10 8885 16
55 10 10307 21
56 10 10624 24
57 10 9598 16
58 10 7907 27
59 10 8195 23
60 10 7116 29
61 10 8830 17
62 10 9673 25
63 10 9274 36
64 10 9739 33
65 10 7994 29
66 10 7795 19
67 10 8917 30
68 10 8023 16
69 10 6682 35
70 10 11897 18
71 10 7921 15
72 10 9373 16
73 10 7108 26
74 10 8225 29
75 10 7856 30
76 10 9638 24
77 10 7082 28
78 10 10215 31
79 10 8693 16
80 10 10785 15
81 10 6890 20
82 10 7666 20
83 10 9221 14
84 10 9852 29
85 10 7419 30
86 10 9904 24
87 10 9282 30
88 10 9417 24
89 10 9673 24
90 10 7324 15
91 10 10212 21
92 10 8563 28
93 10 8253 20
94 10 9964 23
95 10 9057 16
96 10 10500 21
97 10 8505 23
98 10 8286 23
99 10 7318 31
100 10 9846 16
101 10 9839 15
102 10 7742 14
103 10 7497 16
104 10 8936 20
105 10 9514 35
106 10 10356 27
107 10 8921 26
108 10 8813 21
109 10 6318 15
110 10 8146 29
111 10 10929 25
112 10 8747 26
113 10 9316 22
114 10 8706 24
115 10 9014 24
116 10 9756 25
117 10 7710 23
118 10 9369 26
119 10 8222 22
120 10 9736 31
121 10 7138 14
122 10 8493 25
123 10 9322 31
124 10 8584 16
125 10 7705 14
126 10 9666 26
127 10 8676 22
128 10 8013 24
129 10 9170 26
130 10 7540 29
131 10 7456 31
132 10 8541 80
133 10 10313 25
134 10 8919 15
135 10 7976 33
136 10 7702 17
137 10 7462 29
138 10 10531 33
139 10 9420 25
140 10 8630 33
141 10 8956 17
142 10 9814 16
143 10 8922 15
144 10 7945 27
145 10 6482 32
146 10 9531 20
147 10 9040 29
148 10 7793 30
149 10 8099 24
150 10 5883 16
151 10 10053 31
152 10 8705 31
153 10 9658 21
154 10 8286 24
155 10 8789 33
156 10 8773 34
157 10 9678 32
158 10 8799 35
159 10 6920 24
160 10 9879 24
161 10 9899 23
162 10 9830 24
163 10 7752 27
164 10 8759 38
165 10 9633 15
166 10 7771 25
167 10 8807 42
168 10 8202 24
169 10 7621 30
170 10 8363 31
171 10 6947 32
172 10 8876 26
173 10 7873 28
174 10 9425 14
175 10 9078 24
176 10 8832 26
177 10 7514 23
178 10 8994 23
179 10 9299 24
180 10 8627 29
181 10 8423 15
182 10 6210 22
183 10 9271 16
184 10 8688 28
185 10 7146 29
186 10 7944 15
187 10 9988 27
188 10 9102 26
189 10 8771 17
190 10 9342 26
191 10 8756 34
192 10 10231 24
193 10 9074 15
194 10 7035 29
195 10 10334 19
196 10 10284 23
197 10 8255 28
198 10 11035 16
199 10 7669 15
200 10 8417 15
201 10 9481 23
202 10 8290 30
203 10 8611 17
204 10 7599 24
205 10 9256 20
206 10 7997 15
207 10 7712 24
208 10 7439 29
209 10 7713 27
210 10 8315 24
211 10 7522 20
212 10 7799 16
213 10 9190 32
214 10 8990 16
215 10 7960 26
216 10 9443 25
217 10 10385 23
218 10 7927 23
219 10 9962 18
220 10 9471 24
221 10 7108 22
222 10 10342 22
223 10 8417 26
224 10 9035 15
225 10 8052 33
226 10 9937 28
227 10 6403 22
228 10 9797 19
229 10 10026 14
230 10 8264 27
231 10 6676 25
232 10 10654 14
233 10 6974 33
234 10 11164 27
235 10 6937 14
236 10 7607 25
237 10 8630 16
238 10 10049 20
239 10 9101 30
240 10 8341 16
241 10 10411 17
242 10 6405 22
243 10 7075 27
244 10 8026 22
245 10 7868 13
246 10 8282 26
247 10 10265 21
248 10 6972 30
249 10 10510 20
250 10 10122 22
251 10 8777 27
252 10 7763 14
253 10 10072 28
254 10 8666 22
255 10 9212 30
256 10 8417 22
257 10 8217 14
258 10 8644 15
259 10 9079 16
260 10 10524 23
261 10 8006 22
262 10 8771 27
263 10 7764 28
264 10 6917 27
265 10 10094 27
266 10 10658 25
267 10 6755 39
268 10 11000 16
269 10 8612 24
270 10 9000 28
271 10 9576 30
272 10 10165 25
273 10 7904 23
274 10 7067 28
275 10 8989 16
276 10 7718 36
277 10 9274 21
278 10 9355 28
279 10 7656 25
280 10 8012 17
281 10 8026 31
282 10 10874 34
283 10 10273 18
284 10 9365 31
285 10 10023 23
286 10 10181 38
287 10 8769 25
288 10 9233 44
289 10 9347 20
290 10 7655 24
291 10 6834 31
292 10 8293 48
293 10 8004 38
294 10 7681 38
295 10 9605 35
296 10 8113 16
297 10 6434 25
298 10 9692 15
299 10 8422 18
300 10 9348 28
301 10 8182 15
302 10 8833 33
303 10 7922 35
304 10 9732 15
305 10 11972 45
306 10 8153 16
307 10 6043 31
308 10 9028 28
309 10 7395 19
310 10 7121 35
311 10 8694 24
312 10 8911 21
313 10 10716 19
314 10 7098 25
315 10 7370 22
316 10 10813 15
317 10 8373 14
318 10 8483 22
319 10 8650 27
320 10 11944 15
321 10 9317 20
322 10 8930 26
323 10 11777 25
324 10 7939 14
325 10 10316 28
326 10 9024 25
327 10 10231 29
328 10 9802 22
329 10 7671 25
330 10 7468 24
331 10 8217 28
332 10 7364 13
333 10 7522 14
334 10 8010 15
335 10 7325 29
336 10 7984 23
337 10 10038 21
338 10 10603 8
339 10 10613 21
340 10 9209 23
341 10 9847 34
342 10 8790 31
343 10 9357 45
344 10 10124 24
345 10 10307 16
346 10 9795 26
347 10 8225 17
348 10 10194 40
349 10 9519 23
350 10 9780 25
351 10 7844 27
352 10 6819 24
353 10 9898 14
354 10 9047 21
355 10 9005 17
356 10 7711 25
357 10 10297 23
358 10 10355 26
359 10 9156 16
360 10 9165 23
361 10 8653 19
362 10 7951 24
363 10 8352 37
364 10 9532 23
365 10 7147 28
366 10 11742 14
367 10 10624 22
368 10 8264 25
369 10 8774 16
370 10 7652 29
371 10 10561 27
372 10 7116 14
373 10 9498 27
374 10 10341 24
375 10 7142 17
376 10 7734 15
377 10 10607 14
378 10 7874 29
379 10 7826 22
380 10 7586 15
381 10 9110 15
382 10 7449 26
383 10 8828 27
384 10 8323 26
385 10 6645 22
386 10 7481 30
387 10 8871 16
388 10 9432 24
389 10 9161 15
390 10 7778 14
391 10 9694 31
392 10 8912 24
393 10 8752 15
394 10 8428 22
395 10 6056 22
396 10 8582 26
397 10 7827 24
398 10 6013 14
399 10 8007 23
400 10 9780 32
401 10 8290 25
402 10 9590 24
403 10 7238 23
404 10 7974 17
405 10 9202 26
406 10 6740 25
407 10 9790 14
408 10 10094 20
409 10 7719 17
410 10 9573 21
411 10 10461 15
412 10 10136 25
413 10 8099 15
414 10 6250 16
415 10 10926 25
416 10 8129 14
417 10 7905 17
418 10 9304 21
419 10 7458 26
420 10 6870 25
421 10 7314 19
422 10 8166 25
423 10 9304 23
424 10 9802 26
425 10 7959 14
426 10 8952 14
427 10 8927 30
428 10 7119 14
429 10 10887 25
430 10 8624 14
431 10 10388 26
432 10 7646 22
433 10 9866 16
434 10 7768 30
435 10 7458 26
436 10 9766 21
437 10 7996 16
438 10 9034 25
439 10 8429 21
440 10 8712 14
441 10 7898 14
442 10 9977 22
443 10 7687 34
444 10 7849 48
445 10 8344 50
446 10 8604 35
447 10 8671 48
448 10 9531 50
449 10 7474 30
450 10 9783 23
451 10 8690 39
452 10 8612 47
453 10 10593 36
454 10 7746 41
455 10 9450 37
456 10 11512 46
457 10 9527 26
458 10 9228 29
459 10 8852 24
460 10 6590 29
461 10 10013 26
462 10 11583 25
463 10 9440 23
464 10 8710 43
465 10 5837 43
466 10 7105 43
467 10 8249 26
468 10 6366 50
469 10 10123 40
470 10 11888 38
471 10 9391 41
472 10 7505 23
473 10 9134 26
474 10 7459 49
475 10 9241 38
476 10 10046 36
477 10 9944 40
478 10 7210 40
479 10 8413 38
480 10 9207 51
481 10 7721 29
482 10 9035 45
483 10 6254 21
484 10 8577 23
485 10 7540 15
486 10 11034 24
487 10 8263 18
488 10 7022 30
489 10 9551 18
490 10 7799 15
491 10 10435 13
492 10 8077 25
493 10 9418 15
494 10 9859 23
495 10 6388 29
496 10 10096 33
497 10 7598 24
498 10 10106 9
499 10 7916 17
500 10 6436 26
