1 10 6515 71
2 10 7842 91
3 10 9119 112
4 10 8050 105
5 10 7726 86
6 10 9269 115
7 10 9119 111
8 10 9394 124
9 10 9776 126
10 10 7501 87
11 10 10069 137
12 10 9567 122
13 10 7461 92
14 10 9128 117
15 10 8953 112
16 10 10810 151
17 10 9464 109
18 10 9952 117
19 10 8495 73
20 10 8770 72
21 10 9542 101
22 10 8302 105
23 10 8879 111
24 10 9894 134
25 10 9352 131
26 10 9607 131
27 10 10466 245
28 10 7881 101
29 10 8537 110
30 10 8735 112
31 10 7292 88
32 10 8207 97
33 10 8373 114
34 10 10350 135
35 10 9058 115
36 10 6607 74
37 10 8876 119
38 10 7591 96
39 10 8900 111
40 10 8204 88
41 10 7689 71
42 10 7866 72
43 10 8754 78
44 10 9088 81
45 10 7900 68
46 10 8476 77
47 10 10141 96
48 10 8048 66
49 10 10749 93
50 10 9609 85
51 10 8264 71
52 10 6396 62
53 10 10433 111
54 10 9217 95
55 10 10307 124
56 10 10624 132
57 10 9654 122
58 10 7907 102
59 10 8195 96
60 10 7136 91
61 10 9051 109
62 10 9673 124
63 10 9274 117
64 10 9739 124
65 10 7994 111
66 10 7795 93
67 10 8917 111
68 10 8205 97
69 10 6682 72
70 10 11897 156
71 10 7981 92
72 10 9418 119
73 10 7108 74
74 10 8225 89
75 10 7856 60
76 10 9638 79
77 10 7082 36
78 10 10215 57
79 10 8877 47
80 10 10785 61
81 10 6890 33
82 10 7765 36
83 10 9221 46
84 10 9852 57
85 10 7419 38
86 10 9904 52
87 10 9282 50
88 10 9417 49
89 10 9673 52
90 10 7400 36
91 10 10212 55
92 10 8563 44
93 10 8253 51
94 10 9964 52
95 10 9121 47
96 10 10711 59
97 10 8505 44
98 10 8293 58
99 10 7318 36
100 10 10019 53
101 10 9839 46
102 10 7929 36
103 10 7616 38
104 10 8936 45
105 10 9514 52
106 10 10356 49
107 10 8921 44
108 10 8910 49
109 10 6379 34
110 10 8146 45
111 10 10929 62
112 10 8747 45
113 10 9316 53
114 10 8706 45
115 10 9014 47
116 10 9756 51
117 10 7710 37
118 10 9504 49
119 10 8222 60
120 10 9736 51
121 10 7385 34
122 10 8499 42
123 10 9322 53
124 10 8823 46
125 10 7797 40
126 10 9666 49
127 10 8676 43
128 10 8013 46
129 10 9170 55
130 10 7540 45
131 10 7456 58
132 10 8541 57
133 10 10433 71
134 10 8919 77
135 10 7976 55
136 10 7762 43
137 10 7462 38
138 10 10620 59
139 10 9633 56
140 10 8630 49
141 10 9049 53
142 10 9838 58
143 10 8922 48
144 10 7962 41
145 10 6482 29
146 10 9531 49
147 10 9040 63
148 10 7793 41
149 10 8099 65
150 10 5883 27
151 10 10053 59
152 10 8705 70
153 10 9935 55
154 10 8286 43
155 10 8789 44
156 10 8803 46
157 10 9678 50
158 10 8871 45
159 10 6920 32
160 10 9879 53
161 10 9976 58
162 10 9936 57
163 10 7752 44
164 10 8759 46
165 10 9633 53
166 10 7771 40
167 10 8807 49
168 10 8202 68
169 10 7623 49
170 10 8363 52
171 10 6947 35
172 10 8876 45
173 10 7873 40
174 10 9645 51
175 10 9246 46
176 10 8832 46
177 10 7514 32
178 10 8994 46
179 10 9299 48
180 10 8627 43
181 10 8682 45
182 10 6210 32
183 10 9376 65
184 10 8688 49
185 10 7146 39
186 10 8031 50
187 10 9988 62
188 10 9102 48
189 10 8940 48
190 10 9342 47
191 10 8756 45
192 10 10231 61
193 10 9227 47
194 10 7035 35
195 10 10334 54
196 10 10342 56
197 10 8255 47
198 10 11161 53
199 10 7669 40
200 10 8417 45
201 10 9689 55
202 10 8290 41
203 10 8738 49
204 10 7599 45
205 10 9365 83
206 10 7997 41
207 10 7712 40
208 10 7439 37
209 10 7713 40
210 10 8315 44
211 10 7522 36
212 10 8040 41
213 10 9190 47
214 10 9171 47
215 10 7960 49
216 10 9443 65
217 10 10385 69
218 10 7927 81
219 10 9962 76
220 10 9471 75
221 10 7108 49
222 10 10342 79
223 10 8417 74
224 10 9210 78
225 10 8052 68
226 10 9937 88
227 10 6403 48
228 10 10138 88
229 10 10026 101
230 10 8264 76
231 10 6805 58
232 10 10876 203
233 10 6974 55
234 10 11164 101
235 10 6937 60
236 10 7607 61
237 10 8648 68
238 10 10069 90
239 10 9101 76
240 10 8341 75
241 10 10411 94
242 10 6405 44
243 10 7075 48
244 10 8026 55
245 10 8019 55
246 10 8282 59
247 10 10265 75
248 10 6972 46
249 10 10647 82
250 10 10450 77
251 10 8777 66
252 10 7829 57
253 10 10072 83
254 10 8666 69
255 10 9212 75
256 10 8417 60
257 10 8217 62
258 10 8672 67
259 10 9157 74
260 10 10524 84
261 10 8006 59
262 10 8771 71
263 10 7764 62
264 10 6917 53
265 10 10094 87
266 10 10658 88
267 10 6755 54
268 10 11079 92
269 10 8612 66
270 10 9000 71
271 10 9576 79
272 10 10200 111
273 10 7904 76
274 10 7099 92
275 10 8989 91
276 10 7718 79
277 10 9402 95
278 10 9355 94
279 10 7656 66
280 10 8046 76
281 10 8026 72
282 10 10874 112
283 10 10347 99
284 10 9365 88
285 10 10028 94
286 10 10181 97
287 10 8769 78
288 10 9233 85
289 10 9347 113
290 10 7655 66
291 10 6834 54
292 10 8293 73
293 10 8004 76
294 10 7681 68
295 10 9629 90
296 10 8201 71
297 10 6561 55
298 10 9826 93
299 10 8509 59
300 10 9348 70
301 10 8182 58
302 10 8849 61
303 10 7922 54
304 10 9813 66
305 10 11972 90
306 10 8202 54
307 10 6043 44
308 10 9028 63
309 10 7395 56
310 10 7121 48
311 10 8801 68
312 10 8911 68
313 10 10716 95
314 10 7098 52
315 10 7423 49
316 10 11074 88
317 10 8509 52
318 10 8486 53
319 10 8650 53
320 10 12268 89
321 10 9331 64
322 10 8930 60
323 10 11777 89
324 10 7939 52
325 10 10316 77
326 10 9024 67
327 10 10231 78
328 10 9802 65
329 10 7671 45
330 10 7468 46
331 10 8217 50
332 10 7364 43
333 10 7616 49
334 10 8120 51
335 10 7325 42
336 10 8105 56
337 10 10038 67
338 10 10631 74
339 10 10709 68
340 10 9209 59
341 10 9993 63
342 10 8790 56
343 10 9357 68
344 10 10124 74
345 10 10416 73
346 10 9795 66
347 10 8312 51
348 10 10194 68
349 10 9660 66
350 10 9798 68
351 10 7844 51
352 10 6819 42
353 10 9983 71
354 10 9047 61
355 10 9155 62
356 10 7711 49
357 10 10297 70
358 10 10355 72
359 10 9318 63
360 10 9165 64
361 10 8809 59
362 10 7951 54
363 10 8352 59
364 10 9532 75
365 10 7147 53
366 10 11742 98
367 10 10624 94
368 10 8264 68
369 10 8948 77
370 10 7652 68
371 10 10561 101
372 10 7116 60
373 10 9498 120
374 10 10341 144
375 10 7152 82
376 10 7870 90
377 10 10715 133
378 10 7916 94
379 10 7855 94
380 10 7586 94
381 10 9161 119
382 10 7449 90
383 10 8828 107
384 10 8323 83
385 10 6645 72
386 10 7481 87
387 10 8884 114
388 10 9631 124
389 10 9307 107
390 10 7778 76
391 10 9764 107
392 10 9156 107
393 10 8969 112
394 10 8428 97
395 10 6056 58
396 10 8582 94
397 10 7896 96
398 10 6013 72
399 10 8055 97
400 10 9780 130
401 10 8316 101
402 10 9590 111
403 10 7238 80
404 10 8019 95
405 10 9202 122
406 10 6963 77
407 10 9915 136
408 10 10249 119
409 10 7719 80
410 10 9573 98
411 10 10475 139
412 10 10136 133
413 10 8274 111
414 10 6321 73
415 10 10926 153
416 10 8129 98
417 10 7994 100
418 10 9304 120
419 10 7458 89
420 10 6870 80
421 10 7368 84
422 10 8166 99
423 10 9304 124
424 10 9802 124
425 10 7959 103
426 10 8961 117
427 10 8927 108
428 10 7332 92
429 10 10887 131
430 10 8681 94
431 10 10572 118
432 10 7646 56
433 10 9955 82
434 10 7768 62
435 10 7458 38
436 10 9866 54
437 10 7996 41
438 10 9034 48
439 10 8429 43
440 10 8712 42
441 10 7898 37
442 10 10386 53
443 10 7687 36
444 10 7849 39
445 10 8344 44
446 10 8604 42
447 10 8671 44
448 10 9726 51
449 10 7506 37
450 10 9898 51
451 10 8690 43
452 10 8612 43
453 10 10593 56
454 10 7822 38
455 10 9575 53
456 10 11512 63
457 10 9527 50
458 10 9548 49
459 10 9078 47
460 10 6707 33
461 10 10013 55
462 10 11672 65
463 10 9440 48
464 10 8710 43
465 10 6010 26
466 10 7105 34
467 10 8458 87
468 10 6366 30
469 10 10123 47
470 10 11888 67
471 10 9391 48
472 10 7505 37
473 10 9402 51
474 10 7459 35
475 10 9277 48
476 10 10046 70
477 10 9994 47
478 10 7210 31
479 10 8591 44
480 10 9207 49
481 10 7934 40
482 10 9035 44
483 10 6324 29
484 10 8577 43
485 10 7727 39
486 10 11173 64
487 10 8308 42
488 10 7022 37
489 10 9551 50
490 10 7849 39
491 10 10435 56
492 10 8077 50
493 10 9719 52
494 10 10026 75
495 10 6388 33
496 10 10096 55
497 10 7598 40
498 10 10420 67
499 10 7964 48
500 10 6436 35
