1 27 21141 1341612
2 27 22967 1465115
3 27 24145 1459535
4 27 25942 1454167
5 27 25514 1530517
6 27 24150 1379415
7 27 27185 1444230
8 27 23755 1405745
9 27 23980 1457135
10 27 26029 1446511
11 27 26155 1506955
12 27 22904 1394391
13 27 22381 1466835
14 27 23758 1505724
15 27 24216 1482208
16 27 23107 1398564
17 27 22820 1427239
18 27 23340 1426023
19 27 26057 1468237
20 27 24724 1319354
21 27 24412 1255805
22 27 26365 1239348
23 27 23515 1356543
24 27 22055 1277029
25 27 26419 1371857
26 27 22868 1472552
27 27 22505 1247478
28 27 25944 1296853
29 27 21764 1302396
30 27 24246 1295923
31 27 25079 1302790
32 27 24234 1383205
33 27 25258 1277383
34 27 25122 1305174
35 27 25929 1323428
36 27 23551 1274034
37 27 24537 1277851
38 27 25847 1299025
39 27 23347 1457521
40 27 25685 1402580
41 27 22778 1296599
42 27 26670 1378719
43 27 22128 1336872
44 27 25544 1263149
45 27 25950 1398278
46 27 23374 1340881
47 27 24462 1384877
48 27 23464 1397743
49 27 23317 1407773
50 27 25711 1343058
51 27 22606 1224872
52 27 22976 1351510
53 27 24109 1401898
54 27 21961 1388899
55 27 27040 1379928
56 27 25184 1411010
57 27 20997 1336084
58 27 24737 1352763
59 27 21173 1398417
60 27 26028 1385082
61 27 23617 1393658
62 27 25764 1346560
63 27 22890 1379347
64 27 25671 1392676
65 27 24857 1247566
66 27 22558 1324399
67 27 21216 1287335
68 27 23305 1321382
69 27 26369 1370894
70 27 22834 1303464
71 27 23844 1320979
72 27 21425 1263279
73 27 21337 1314508
74 27 26412 1373839
75 27 24784 1392404
76 27 24868 1358046
77 27 25606 1264526
78 27 24577 1354059
79 27 24513 1347309
80 27 23477 1375911
81 27 24382 1366187
82 27 21569 1351590
83 27 21187 1348469
84 27 23697 1324095
85 27 24947 1373769
86 27 25282 1339317
87 27 23516 1364513
88 27 24145 1321237
89 27 24032 1303641
90 27 25516 1339448
91 27 23080 1375651
92 27 24929 1401430
93 27 22144 1358927
94 27 24525 1435210
95 27 23213 1314684
96 27 21649 1288015
97 27 24088 1317007
98 27 24940 1328038
99 27 24600 1382492
100 27 25093 1399176
101 27 23133 1408720
102 27 24791 1315064
103 27 23150 1350478
104 27 22929 1296507
105 27 26155 1362771
106 27 24617 1364016
107 27 28246 1413101
108 27 20401 1285190
109 27 25894 1366065
110 27 22395 1269177
111 27 25372 1280788
112 27 28104 1368912
113 27 25410 1299776
114 27 22734 1291513
115 27 21788 1266709
116 27 23049 1346178
117 27 23570 1269544
118 27 23003 1261596
119 27 23259 1306944
120 27 28354 1337632
121 27 21359 1268289
122 27 20653 1344680
123 27 25602 1310675
124 27 23779 1320097
125 27 24269 1338175
126 27 27884 1357174
127 27 27976 1337271
128 27 25346 1308127
129 27 25442 1338418
130 27 22320 1251310
131 27 20547 1276811
132 27 21620 1341349
133 27 27717 1403988
134 27 26936 1318361
135 27 27115 1342861
136 27 26062 1263079
137 27 24728 1243650
138 27 25066 1373790
139 27 22810 1278201
140 27 23426 1426190
141 27 27776 1406524
142 27 23488 1413102
143 27 24147 1317568
144 27 27114 1373448
145 27 24265 1371715
146 27 24628 1295813
147 27 24089 1246480
148 27 23833 1317866
149 27 22028 1320189
150 27 22344 1320666
151 27 22891 1337350
152 27 22538 1344575
153 27 23701 1237025
154 27 25910 1350467
155 27 21695 1277013
156 27 22300 1261905
157 27 21780 1297887
158 27 25388 1365429
159 27 20676 1269290
160 27 24563 1371234
161 27 24103 1250096
162 27 27206 1348239
163 27 23427 1373905
164 27 23177 1363091
165 27 20868 1237142
166 27 23025 1324137
167 27 24268 1322198
168 27 24239 1302713
169 27 27226 1362229
170 27 24847 1292917
171 27 20204 1251450
172 27 25075 1319173
173 27 24516 1277794
174 27 23033 1255746
175 27 23154 1237723
176 27 24670 1265155
177 27 23616 1355359
178 27 25214 1303921
179 27 26161 1297788
180 27 26934 1410563
181 27 24043 1367267
182 27 26144 1292698
183 27 20622 1307192
184 27 22384 1460783
185 27 28025 1273537
186 27 21267 1263216
187 27 25953 1282824
188 27 25988 1367218
189 27 21159 1241965
190 27 21937 1324924
191 27 26121 1393242
192 27 22770 1334815
193 27 23640 1320285
194 27 25503 1359676
195 27 22977 1289570
196 27 24983 1368079
197 27 19080 1267959
198 27 25645 1336737
199 27 23332 1294768
200 27 26309 1339617
201 27 24817 1350512
202 27 23029 1304708
203 27 23649 1371539
204 27 24051 1278950
205 27 20018 1342908
206 27 21761 1347922
207 27 24542 1352291
208 27 25751 1319958
209 27 26527 1294126
210 27 22805 1269290
211 27 23634 1381161
212 27 26121 1322320
213 27 21750 1412335
214 27 23908 1405304
215 27 21840 1342967
216 27 21108 1333337
217 27 23443 1302603
218 27 23915 1402892
219 27 21405 1237707
220 27 24930 1359997
221 27 23868 1243064
222 27 27710 1385192
223 27 22042 1341369
224 27 21140 1303744
225 27 25186 1327824
226 27 21691 1336237
227 27 23581 1349482
228 27 23084 1230882
229 27 20331 1298436
230 27 25464 1347773
231 27 19039 1264382
232 27 23313 1341057
233 27 27213 1345381
234 27 25433 1389374
235 27 24328 1313859
236 27 25033 1358683
237 27 27862 1368400
238 27 25187 1244508
239 27 23023 1354660
240 27 23512 1302736
241 27 22100 1303187
242 27 21291 1323309
243 27 26113 1340318
244 27 22250 1376032
245 27 26743 1365653
246 27 25886 1361708
247 27 22897 1392591
248 27 25298 1248558
249 27 25159 1381693
250 27 24648 1375645
251 27 22658 1278446
252 27 22366 1377222
253 27 23212 1441434
254 27 28045 1480082
255 27 22356 1312963
256 27 20453 1223066
257 27 24157 1216925
258 27 24116 1285840
259 27 24957 1359477
260 27 25325 1288085
261 27 20331 1264887
262 27 21667 1364101
263 27 23034 1374770
264 27 21731 1269237
265 27 24565 1294720
266 27 23309 1284116
267 27 22644 1348555
268 27 20929 1279317
269 27 25399 1299717
270 27 21039 1286974
271 27 22277 1272208
272 27 25191 1280494
273 27 25304 1367295
274 27 23694 1381205
275 27 24183 1339406
276 27 23477 1355214
277 27 24413 1339094
278 27 21041 1288565
279 27 24934 1345248
280 27 20484 1339493
281 27 24348 1370420
282 27 26839 1356128
283 27 25453 1388094
284 27 21867 1295908
285 27 20157 1255334
286 27 26175 1272492
287 27 21572 1347091
288 27 25064 1373729
289 27 23892 1282061
290 27 24244 1323445
291 27 25502 1301920
292 27 23034 1354486
293 27 24245 1322749
294 27 23992 1377104
295 27 25228 1319238
296 27 25997 1317111
297 27 24982 1343332
298 27 25413 1380840
299 27 22566 1249417
300 27 25596 1367190
301 27 25563 1512089
302 27 26265 1319088
303 27 24829 1362767
304 27 23785 1369564
305 27 22423 1332694
306 27 24045 1288097
307 27 23887 1349144
308 27 21852 1255188
309 27 25545 1366782
310 27 27520 1373820
311 27 19657 1273729
312 27 27392 1362464
313 27 23953 1400337
314 27 19456 1304351
315 27 24378 1352347
316 27 21287 1285038
317 27 25485 1317037
318 27 20651 1236854
319 27 26141 1324472
320 27 22293 1276401
321 27 21655 1335158
322 27 27207 1344365
323 27 22900 1217964
324 27 25921 1330154
325 27 23086 1322159
326 27 27623 1373493
327 27 28426 1335487
328 27 24020 1388654
329 27 22179 1316458
330 27 24218 1328880
331 27 22016 1297814
332 27 24569 1327832
333 27 20685 1345032
334 27 21362 1330692
335 27 26233 1294946
336 27 24806 1464873
337 27 25453 1344594
338 27 24327 1382637
339 27 24985 1345678
340 27 21481 1346444
341 27 25554 1338651
342 27 24982 1293586
343 27 23683 1325118
344 27 23603 1259605
345 27 26077 1358915
346 27 24601 1264152
347 27 21847 1241568
348 27 25140 1350209
349 27 23923 1286177
350 27 23915 1272248
351 27 23111 1291339
352 27 24771 1259578
353 27 24696 1370822
354 27 21516 1268842
355 27 21666 1315333
356 27 23420 1340804
357 27 20935 1291303
358 27 25485 1310600
359 27 25007 1371415
360 27 23280 1409473
361 27 28212 1369085
362 27 25745 1370510
363 27 24195 1341231
364 27 26482 1415454
365 27 21502 1308623
366 27 24630 1333909
367 27 23993 1354419
368 27 24560 1309059
369 27 24363 1300369
370 27 23498 1305076
371 27 25569 1272976
372 27 25979 1338031
373 27 24703 1331881
374 27 25568 1368646
375 27 23982 1275579
376 27 23541 1400980
377 27 21314 1321057
378 27 20517 1341989
379 27 22872 1352392
380 27 25965 1357209
381 27 25568 1328564
382 27 23614 1313218
383 27 20913 1276954
384 27 23507 1285658
385 27 25722 1392146
386 27 20181 1274988
387 27 24119 1258788
388 27 26447 1397249
389 27 23522 1303993
390 27 27209 1392648
391 27 21799 1298734
392 27 26828 1254927
393 27 24427 1392275
394 27 23983 1315404
395 27 26060 1351302
396 27 26688 1404958
397 27 24855 1335377
398 27 27739 1327838
399 27 25121 1322832
400 27 25893 1358945
401 27 25589 1361781
402 27 24738 1285161
403 27 23196 1316881
404 27 25750 1360113
405 27 29040 1399054
406 27 22892 1274525
407 27 21441 1263130
408 27 22446 1310007
409 27 25593 1276458
410 27 25103 1344318
411 27 23645 1258520
412 27 23244 1247396
413 27 21641 1315588
414 27 25486 1229016
415 27 22264 1364843
416 27 26572 1316906
417 27 25213 1440343
418 27 16708 1218523
419 27 28472 1379159
420 27 24956 1444231
421 27 26456 1364744
422 27 19687 1389515
423 27 21417 1226864
424 27 26794 1332327
425 27 25575 1364707
426 27 20806 1221322
427 27 24117 1354926
428 27 21057 1287327
429 27 26374 1379536
430 27 21452 1311036
431 27 26126 1397843
432 27 27057 1374887
433 27 26838 1369777
434 27 24348 1365973
435 27 24222 1260486
436 27 24735 1280225
437 27 22245 1306677
438 27 25305 1307701
439 27 21649 1259803
440 27 24903 1337063
441 27 20562 1282320
442 27 23921 1344177
443 27 23447 1359749
444 27 26184 1341116
445 27 23191 1315245
446 27 24132 1343599
447 27 28352 1347450
448 27 24107 1339304
449 27 23694 1346511
450 27 23381 1453213
451 27 24676 1351785
452 27 23467 1397638
453 27 22201 1274256
454 27 23935 1322031
455 27 24230 1304743
456 27 22338 1272663
457 27 27390 1366792
458 27 23209 1311829
459 27 22845 1357272
460 27 21047 1315786
461 27 26022 1328853
462 27 26223 1272947
463 27 20219 1282255
464 27 25292 1351802
465 27 23985 1346397
466 27 23216 1346910
467 27 23230 1385755
468 27 23235 1408212
469 27 24119 1407644
470 27 22889 1285332
471 27 24346 1407491
472 27 24513 1345614
473 27 24059 1407106
474 27 24043 1284348
475 27 24658 1311170
476 27 23559 1385152
477 27 25105 1321407
478 27 23169 1278224
479 27 24502 1380139
480 27 23610 1243650
481 27 25009 1248563
482 27 21630 1327820
483 27 26146 1388337
484 27 24004 1281174
485 27 23793 1319668
486 27 20895 1311123
487 27 22675 1421773
488 27 25335 1352658
489 27 24754 1341471
490 27 24057 1342764
491 27 24205 1315812
492 27 25393 1347661
493 27 23623 1353738
494 27 25712 1405758
495 27 20188 1293162
496 27 23371 1377185
497 27 27787 1360706
498 27 24737 1314425
499 27 29948 1405874
500 27 24921 1317445
