1 27 20788 303454
2 27 22861 187816
3 27 23875 299079
4 27 25942 275484
5 27 25514 226410
6 27 23609 282549
7 27 27185 145857
8 27 23755 169738
9 27 23322 157586
10 27 25777 86990
11 27 25591 313363
12 27 22609 165109
13 27 22381 283596
14 27 23586 162036
15 27 24216 370015
16 27 22632 283851
17 27 22329 318930
18 27 23340 376522
19 27 26057 275237
20 27 24704 270638
21 27 24026 149498
22 27 26365 146696
23 27 23515 495466
24 27 22055 293350
25 27 26419 264575
26 27 22868 173803
27 27 21795 164203
28 27 25599 86325
29 27 21490 186146
30 27 24246 275145
31 27 25079 292382
32 27 24234 426563
33 27 25258 287538
34 27 25062 276126
35 27 25929 267189
36 27 23383 169536
37 27 24537 272812
38 27 25847 202599
39 27 22818 313556
40 27 25539 279552
41 27 22778 273344
42 27 25818 162183
43 27 22128 441129
44 27 25544 146137
45 27 25950 259704
46 27 23059 277063
47 27 24462 233446
48 27 23276 312617
49 27 23317 266613
50 27 25711 165971
51 27 22606 248905
52 27 22694 266408
53 27 24248 321161
54 27 21684 163953
55 27 27040 347772
56 27 25184 313106
57 27 20444 276903
58 27 24737 247698
59 27 21173 532520
60 27 26028 163499
61 27 23087 155135
62 27 25764 272341
63 27 22890 272914
64 27 25671 192467
65 27 24857 311362
66 27 22228 294454
67 27 21216 217714
68 27 22725 164566
69 27 26369 261624
70 27 22834 470873
71 27 23781 165947
72 27 21274 273620
73 27 21289 166734
74 27 26412 271489
75 27 24784 237530
76 27 24782 168574
77 27 25606 159024
78 27 24577 260691
79 27 24085 146267
80 27 23026 273599
81 27 24382 266274
82 27 21322 567505
83 27 21187 303699
84 27 23697 405457
85 27 24947 260678
86 27 25282 323479
87 27 23516 486482
88 27 24145 234995
89 27 24032 308205
90 27 25053 169531
91 27 23080 574131
92 27 24929 273310
93 27 22144 304255
94 27 24525 194538
95 27 23213 165586
96 27 21368 315601
97 27 24088 269425
98 27 24847 297553
99 27 24600 297001
100 27 24232 160895
101 27 22929 320483
102 27 24123 159302
103 27 22755 293602
104 27 22929 272510
105 27 26155 299099
106 27 24617 379570
107 27 28246 260163
108 27 20085 528109
109 27 25051 171917
110 27 22395 275659
111 27 25351 180752
112 27 28104 143772
113 27 25410 205781
114 27 22734 269239
115 27 21788 251978
116 27 23049 378605
117 27 23570 268901
118 27 22807 143482
119 27 23259 248157
120 27 28354 249338
121 27 20583 281819
122 27 20629 542402
123 27 25602 140349
124 27 23209 304077
125 27 23647 281286
126 27 27884 251688
127 27 27976 150191
128 27 25346 266410
129 27 25380 162536
130 27 22320 309661
131 27 20547 192906
132 27 21620 503803
133 27 27415 158497
134 27 26480 148656
135 27 27115 276038
136 27 25839 159380
137 27 24728 266461
138 27 24734 269994
139 27 22310 145056
140 27 23426 355914
141 27 26921 84635
142 27 23235 149593
143 27 23460 146835
144 27 27114 263627
145 27 24265 276696
146 27 24374 273902
147 27 24089 216396
148 27 23833 435708
149 27 22028 444398
150 27 21852 273528
151 27 22891 319935
152 27 22538 495317
153 27 23772 162067
154 27 25548 277031
155 27 21695 238282
156 27 22181 281503
157 27 21780 284924
158 27 25193 170441
159 27 20072 291848
160 27 24563 269692
161 27 23918 189301
162 27 26794 145066
163 27 23427 424200
164 27 23177 276423
165 27 20565 293115
166 27 23025 413959
167 27 24268 243203
168 27 24239 498318
169 27 27106 288896
170 27 24847 369558
171 27 20204 266213
172 27 25075 142537
173 27 24516 206144
174 27 22519 161437
175 27 22940 164353
176 27 24670 211815
177 27 23616 315165
178 27 25214 255048
179 27 26161 265851
180 27 26934 269125
181 27 23257 162913
182 27 26144 268874
183 27 20311 524401
184 27 22384 632929
185 27 28002 149835
186 27 20911 162964
187 27 25953 153117
188 27 25988 280015
189 27 20693 271067
190 27 21937 300227
191 27 26121 331950
192 27 22770 508793
193 27 22942 280359
194 27 25503 233284
195 27 22977 304569
196 27 24882 278956
197 27 19080 437473
198 27 24996 148383
199 27 22984 162228
200 27 26127 188594
201 27 24304 145212
202 27 23029 478057
203 27 23201 278759
204 27 24051 278680
205 27 19747 278181
206 27 21555 297214
207 27 24542 317115
208 27 25751 250431
209 27 26527 140646
210 27 22805 269110
211 27 23239 316396
212 27 25759 165106
213 27 21709 368804
214 27 23396 275971
215 27 21840 410001
216 27 21108 591242
217 27 23443 286878
218 27 23915 269502
219 27 21405 449791
220 27 24885 261369
221 27 23868 262549
222 27 27547 165233
223 27 22042 282318
224 27 20796 290486
225 27 25186 349682
226 27 21691 316999
227 27 23581 375052
228 27 22560 147261
229 27 20228 304851
230 27 25464 361635
231 27 19150 545146
232 27 22716 163428
233 27 27213 265327
234 27 25378 274599
235 27 24223 166086
236 27 25033 284555
237 27 27387 158555
238 27 25070 162380
239 27 23023 424907
240 27 22886 160375
241 27 22100 501861
242 27 21291 520087
243 27 26113 267911
244 27 22250 298960
245 27 26615 163287
246 27 25886 292474
247 27 22897 425599
248 27 25298 190149
249 27 24834 146521
250 27 24092 283946
251 27 22658 406947
252 27 21779 298553
253 27 23212 418154
254 27 28045 250015
255 27 22356 445315
256 27 20453 388752
257 27 23673 151418
258 27 23919 282689
259 27 24367 308533
260 27 25325 194166
261 27 20331 518842
262 27 21667 520460
263 27 23034 480990
264 27 21731 516491
265 27 24565 142815
266 27 23309 284051
267 27 22644 273676
268 27 20929 159252
269 27 25399 305025
270 27 21039 447199
271 27 22240 273090
272 27 24970 163236
273 27 25175 293787
274 27 23457 286303
275 27 23816 147743
276 27 23477 347452
277 27 23785 276933
278 27 21041 495097
279 27 24934 259246
280 27 20194 314829
281 27 24348 263832
282 27 26839 141518
283 27 25001 162480
284 27 21867 284673
285 27 20070 503955
286 27 26175 139734
287 27 21572 491871
288 27 25064 456024
289 27 23823 140016
290 27 24244 145321
291 27 24886 143981
292 27 23034 145946
293 27 24245 280613
294 27 23992 343564
295 27 25228 268566
296 27 25364 160403
297 27 24640 84135
298 27 25138 163491
299 27 22412 269264
300 27 25561 266609
301 27 25030 166649
302 27 26216 266984
303 27 24829 332918
304 27 23368 308286
305 27 22423 504214
306 27 23882 277423
307 27 23439 276221
308 27 21852 280498
309 27 24725 167796
310 27 27520 285801
311 27 19650 499317
312 27 27392 260604
313 27 23953 266729
314 27 19456 312263
315 27 23903 165532
316 27 20629 521367
317 27 25101 83715
318 27 20467 279384
319 27 26141 144095
320 27 21713 159573
321 27 21150 288816
322 27 27207 139051
323 27 22900 278108
324 27 25480 274285
325 27 23086 333328
326 27 27499 166763
327 27 28426 227175
328 27 24020 250535
329 27 22179 296362
330 27 24190 277349
331 27 22016 504865
332 27 24476 151305
333 27 20012 536711
334 27 20634 303785
335 27 26233 277960
336 27 24099 189318
337 27 25453 271142
338 27 24022 188331
339 27 24758 167692
340 27 21481 362332
341 27 25074 286825
342 27 24960 158076
343 27 23683 141680
344 27 23000 149878
345 27 25733 169588
346 27 24601 281739
347 27 21409 286364
348 27 25140 222750
349 27 24134 170622
350 27 23859 299731
351 27 23111 279065
352 27 24585 166963
353 27 23969 157604
354 27 21516 266319
355 27 21291 167042
356 27 23420 279244
357 27 20935 443795
358 27 25485 272573
359 27 24249 166167
360 27 23280 494434
361 27 28136 164775
362 27 25745 258640
363 27 24195 266614
364 27 26367 279670
365 27 21502 504976
366 27 24630 165398
367 27 23993 466627
368 27 24560 275767
369 27 24326 165887
370 27 23498 183136
371 27 25569 143593
372 27 25866 155631
373 27 24703 272891
374 27 25568 203379
375 27 23936 164629
376 27 23147 326740
377 27 21314 295142
378 27 20323 162029
379 27 22872 317959
380 27 25780 267551
381 27 25138 83121
382 27 23614 253261
383 27 20913 503428
384 27 23507 274797
385 27 25722 362696
386 27 20180 300673
387 27 23784 165324
388 27 26012 164815
389 27 23001 305162
390 27 26669 169165
391 27 21663 336239
392 27 26086 83285
393 27 23963 171256
394 27 23983 144294
395 27 26060 260072
396 27 26688 209469
397 27 24560 148018
398 27 27733 146192
399 27 25009 304401
400 27 25893 233370
401 27 25578 167247
402 27 24738 309771
403 27 23196 268523
404 27 25573 147625
405 27 29040 237712
406 27 22799 161270
407 27 21143 269989
408 27 22285 163217
409 27 25551 142690
410 27 25103 478137
411 27 23366 276380
412 27 23244 235545
413 27 21052 290974
414 27 25136 155247
415 27 22264 532781
416 27 26529 163334
417 27 24883 162928
418 27 16708 583942
419 27 28472 162171
420 27 24956 326937
421 27 26341 261872
422 27 19687 348785
423 27 21417 327654
424 27 26783 188937
425 27 25574 261132
426 27 20061 294879
427 27 24117 199971
428 27 20235 165942
429 27 26374 258929
430 27 21067 543249
431 27 25969 164509
432 27 26720 169041
433 27 26554 162824
434 27 24348 394256
435 27 24222 168827
436 27 24388 164596
437 27 22021 172184
438 27 25305 273462
439 27 21649 322061
440 27 24663 272715
441 27 19955 161768
442 27 23011 165576
443 27 23447 469884
444 27 26184 269005
445 27 23191 168191
446 27 23937 271373
447 27 28352 260431
448 27 24045 313124
449 27 23163 163755
450 27 23034 281396
451 27 24676 292105
452 27 23467 442964
453 27 22201 399272
454 27 23094 293559
455 27 23939 279589
456 27 22338 246072
457 27 26576 163808
458 27 22905 170562
459 27 22026 169565
460 27 20742 167281
461 27 26022 147247
462 27 25924 157282
463 27 20058 529872
464 27 25292 265582
465 27 23474 165340
466 27 22842 267453
467 27 22808 303991
468 27 23235 275255
469 27 24119 272767
470 27 22889 454119
471 27 24346 382695
472 27 24180 282047
473 27 23850 170785
474 27 24043 282964
475 27 24529 217112
476 27 23559 414123
477 27 24890 174857
478 27 22906 291129
479 27 24293 161306
480 27 23610 267123
481 27 24237 160874
482 27 21630 326530
483 27 25867 177714
484 27 24004 270950
485 27 23222 151005
486 27 20644 308259
487 27 22547 288251
488 27 25335 445377
489 27 24432 273583
490 27 23826 295003
491 27 24205 306212
492 27 25393 191688
493 27 23509 163144
494 27 25345 165388
495 27 20188 276459
496 27 23371 270865
497 27 27784 205453
498 27 24044 292908
499 27 29270 164972
500 27 24921 287076
