1 27 21175 680
2 27 23221 763
3 27 24151 903
4 27 25942 955
5 27 25514 952
6 27 24405 834
7 27 27185 963
8 27 23755 1182
9 27 23982 809
10 27 26029 1026
11 27 26155 846
12 27 22904 785
13 27 22381 632
14 27 23758 789
15 27 24216 799
16 27 23107 776
17 27 23059 687
18 27 23340 549
19 27 26057 695
20 27 24724 682
21 27 24412 642
22 27 26365 731
23 27 23515 691
24 27 22055 691
25 27 26419 912
26 27 22868 730
27 27 22505 584
28 27 26187 721
29 27 21971 591
30 27 24246 735
31 27 25079 705
32 27 24234 653
33 27 25258 689
34 27 25122 806
35 27 25929 657
36 27 23551 606
37 27 24537 589
38 27 25847 800
39 27 23590 620
40 27 25685 605
41 27 22778 568
42 27 26670 744
43 27 22128 624
44 27 25544 756
45 27 25950 954
46 27 23374 838
47 27 24462 891
48 27 23464 699
49 27 23317 867
50 27 25711 958
51 27 22606 774
52 27 22976 767
53 27 24319 803
54 27 22050 752
55 27 27040 991
56 27 25184 930
57 27 20997 723
58 27 24737 902
59 27 21173 724
60 27 26028 930
61 27 23617 857
62 27 25764 845
63 27 22890 811
64 27 25671 964
65 27 24857 881
66 27 22806 773
67 27 21216 789
68 27 23316 843
69 27 26369 899
70 27 22834 619
71 27 24071 635
72 27 21425 551
73 27 21337 489
74 27 26412 651
75 27 24784 825
76 27 24868 867
77 27 25606 944
78 27 24577 907
79 27 24513 911
80 27 23477 802
81 27 24382 884
82 27 21569 796
83 27 21187 703
84 27 23697 838
85 27 24947 898
86 27 25282 929
87 27 23516 902
88 27 24145 894
89 27 24032 909
90 27 25516 986
91 27 23080 803
92 27 24929 892
93 27 22144 791
94 27 24525 955
95 27 23213 862
96 27 21649 747
97 27 24088 842
98 27 24940 875
99 27 24600 813
100 27 25093 922
101 27 23133 800
102 27 24791 873
103 27 23150 821
104 27 22929 788
105 27 26155 931
106 27 24617 868
107 27 28246 1052
108 27 20401 648
109 27 25898 915
110 27 22395 771
111 27 25372 1001
112 27 28104 1072
113 27 25410 892
114 27 22734 633
115 27 21788 528
116 27 23049 651
117 27 23570 629
118 27 23003 642
119 27 23259 485
120 27 28354 631
121 27 21359 574
122 27 20653 454
123 27 25602 649
124 27 23779 573
125 27 24269 596
126 27 27884 744
127 27 27976 756
128 27 25346 631
129 27 25442 626
130 27 22320 507
131 27 20547 436
132 27 21620 417
133 27 27717 697
134 27 26993 678
135 27 27115 630
136 27 26106 577
137 27 24728 525
138 27 25066 681
139 27 22810 656
140 27 23426 617
141 27 27776 759
142 27 23488 638
143 27 24147 636
144 27 27114 690
145 27 24265 592
146 27 24628 668
147 27 24089 934
148 27 23833 593
149 27 22028 589
150 27 22344 716
151 27 22891 767
152 27 22538 774
153 27 23968 804
154 27 25910 884
155 27 21695 752
156 27 22300 747
157 27 21780 767
158 27 25388 901
159 27 20676 711
160 27 24563 852
161 27 24103 857
162 27 27307 1036
163 27 23427 798
164 27 23177 766
165 27 20868 687
166 27 23025 858
167 27 24268 790
168 27 24239 743
169 27 27226 1054
170 27 24847 808
171 27 20204 595
172 27 25075 886
173 27 24516 802
174 27 23033 718
175 27 23154 751
176 27 24670 617
177 27 23616 677
178 27 25214 664
179 27 26161 692
180 27 26934 653
181 27 24043 671
182 27 26144 643
183 27 20747 391
184 27 22384 455
185 27 28025 683
186 27 21267 489
187 27 25953 650
188 27 25988 635
189 27 21285 427
190 27 21937 568
191 27 26121 570
192 27 22770 457
193 27 23640 430
194 27 25503 506
195 27 22977 380
196 27 24983 458
197 27 19080 334
198 27 25645 510
199 27 23332 454
200 27 26309 621
201 27 24817 615
202 27 23029 544
203 27 23649 560
204 27 24051 550
205 27 20018 567
206 27 21761 674
207 27 24542 858
208 27 25751 877
209 27 26527 833
210 27 22805 551
211 27 23634 578
212 27 26121 706
213 27 21750 571
214 27 23934 723
215 27 21840 642
216 27 21108 539
217 27 23443 687
218 27 23915 716
219 27 21405 607
220 27 24930 940
221 27 23868 880
222 27 27710 1087
223 27 22042 727
224 27 21272 530
225 27 25186 644
226 27 21691 421
227 27 23581 454
228 27 23084 547
229 27 20331 551
230 27 25464 745
231 27 19150 362
232 27 23313 453
233 27 27213 432
234 27 25433 420
235 27 24328 328
236 27 25033 386
237 27 27862 443
238 27 25187 377
239 27 23023 329
240 27 23512 358
241 27 22100 334
242 27 21291 299
243 27 26113 460
244 27 22250 335
245 27 26743 413
246 27 25886 406
247 27 22897 289
248 27 25298 374
249 27 25159 389
250 27 24897 366
251 27 22658 292
252 27 22366 361
253 27 23212 387
254 27 28045 540
255 27 22356 378
256 27 20453 340
257 27 24166 404
258 27 24116 396
259 27 24957 460
260 27 25325 444
261 27 20331 337
262 27 21667 355
263 27 23034 373
264 27 21731 330
265 27 24565 395
266 27 23309 408
267 27 22644 540
268 27 20929 326
269 27 25399 444
270 27 21039 315
271 27 22277 338
272 27 25191 403
273 27 25304 421
274 27 23694 463
275 27 24183 483
276 27 23477 490
277 27 24413 509
278 27 21041 418
279 27 24934 496
280 27 20484 332
281 27 24348 574
282 27 26839 427
283 27 25453 401
284 27 21867 321
285 27 20157 286
286 27 26175 424
287 27 21572 328
288 27 25064 398
289 27 23892 405
290 27 24244 405
291 27 25502 468
292 27 23034 382
293 27 24245 391
294 27 23992 375
295 27 25228 400
296 27 25997 413
297 27 24982 404
298 27 25413 391
299 27 22566 332
300 27 25596 407
301 27 25563 651
302 27 26265 393
303 27 24829 397
304 27 23790 363
305 27 22423 333
306 27 24045 366
307 27 23887 307
308 27 21852 307
309 27 25545 387
310 27 27520 422
311 27 19671 229
312 27 27392 411
313 27 23953 365
314 27 19456 267
315 27 24378 409
316 27 21287 315
317 27 25485 395
318 27 20651 288
319 27 26141 423
320 27 22293 299
321 27 21655 303
322 27 27207 450
323 27 22900 331
324 27 25921 420
325 27 23086 402
326 27 27623 511
327 27 28426 539
328 27 24020 513
329 27 22179 401
330 27 24218 465
331 27 22016 411
332 27 24569 490
333 27 20685 402
334 27 21362 422
335 27 26233 546
336 27 24806 479
337 27 25453 554
338 27 24330 475
339 27 24985 449
340 27 21481 369
341 27 25554 481
342 27 24982 486
343 27 23683 453
344 27 23603 432
345 27 26077 492
346 27 24601 582
347 27 21847 515
348 27 25140 657
349 27 24152 532
350 27 23915 531
351 27 23111 515
352 27 25127 551
353 27 24696 556
354 27 21516 439
355 27 21666 570
356 27 23420 699
357 27 20935 504
358 27 25485 643
359 27 25007 689
360 27 23280 697
361 27 28325 1153
362 27 25745 805
363 27 24195 732
364 27 26482 635
365 27 21502 392
366 27 24630 435
367 27 23993 432
368 27 24560 441
369 27 24363 497
370 27 23498 552
371 27 25569 686
372 27 25979 642
373 27 24703 575
374 27 25568 575
375 27 23982 531
376 27 23541 550
377 27 21314 492
378 27 20517 506
379 27 22872 555
380 27 25965 734
381 27 25568 777
382 27 23614 708
383 27 20913 449
384 27 23507 557
385 27 25722 681
386 27 20181 565
387 27 24119 600
388 27 26447 698
389 27 23668 568
390 27 27209 566
391 27 21799 427
392 27 26838 842
393 27 24427 581
394 27 23983 596
395 27 26060 588
396 27 26688 698
397 27 24855 656
398 27 27739 739
399 27 25121 533
400 27 25893 557
401 27 25589 684
402 27 24738 1048
403 27 23196 559
404 27 25750 532
405 27 29040 537
406 27 22892 430
407 27 21441 357
408 27 22672 361
409 27 25593 428
410 27 25103 480
411 27 23645 478
412 27 23244 588
413 27 21641 476
414 27 25497 588
415 27 22264 594
416 27 26572 976
417 27 25213 820
418 27 16708 501
419 27 28472 1083
420 27 24956 894
421 27 26456 784
422 27 19687 512
423 27 21417 455
424 27 26794 650
425 27 25575 568
426 27 20806 412
427 27 24117 389
428 27 21057 320
429 27 26374 456
430 27 21452 331
431 27 26126 456
432 27 27057 476
433 27 26838 440
434 27 24348 393
435 27 24222 536
436 27 24735 559
437 27 22417 468
438 27 25305 515
439 27 21649 404
440 27 24903 559
441 27 20562 462
442 27 23921 596
443 27 23447 572
444 27 26184 611
445 27 23191 476
446 27 24132 511
447 27 28352 604
448 27 24107 475
449 27 23694 487
450 27 23381 440
451 27 24676 473
452 27 23467 442
453 27 22201 397
454 27 23935 435
455 27 24230 405
456 27 22338 381
457 27 27390 496
458 27 23458 412
459 27 22845 339
460 27 21047 317
461 27 26022 442
462 27 26223 438
463 27 20219 316
464 27 25292 446
465 27 23985 349
466 27 23216 333
467 27 23230 326
468 27 23235 341
469 27 24119 348
470 27 22889 325
471 27 24346 448
472 27 24513 364
473 27 24125 363
474 27 24043 344
475 27 24658 328
476 27 23559 308
477 27 25105 382
478 27 23169 290
479 27 24502 320
480 27 23610 352
481 27 25009 365
482 27 21630 263
483 27 26146 391
484 27 24004 348
485 27 24038 306
486 27 20895 291
487 27 22675 332
488 27 25335 393
489 27 24754 393
490 27 24057 355
491 27 24205 363
492 27 25393 407
493 27 23623 390
494 27 25712 419
495 27 20188 321
496 27 23371 390
497 27 27787 506
498 27 24737 432
499 27 29948 612
500 27 24921 438
