1 10 3504 1
2 10 1357 0
3 10 6179 4
4 10 14190 8
5 10 11668 9
6 10 2426 0
7 10 10641 9
8 10 12243 7
9 10 2359 0
10 10 6944 6
11 10 3510 1
12 10 5561 1
13 10 8706 6
14 10 5123 2
15 10 6284 1
16 10 2062 0
17 10 3787 1
18 10 7397 4
19 10 7761 6
20 10 10479 8
21 10 2483 0
22 10 9386 3
23 10 10754 4
24 10 11300 8
25 10 10016 8
26 10 10721 9
27 10 2391 0
28 10 2245 0
29 10 2396 0
30 10 13409 8
31 10 11287 8
32 10 5418 1
33 10 13027 8
34 10 8835 8
35 10 8493 8
36 10 2582 0
37 10 10424 7
38 10 6494 2
39 10 2818 1
40 10 5518 3
41 10 5151 1
42 10 3222 1
43 10 9728 7
44 10 10479 6
45 10 9939 4
46 10 9907 8
47 10 11774 8
48 10 2413 0
49 10 4577 0
50 10 16793 8
51 10 4380 1
52 10 9610 8
53 10 4437 0
54 10 2248 0
55 10 10222 3
56 10 11464 9
57 10 5241 3
58 10 14732 8
59 10 10774 6
60 10 8522 8
61 10 0 0
62 10 6576 1
63 10 11649 7
64 10 8898 8
65 10 11763 8
66 10 4801 2
67 10 7170 4
68 10 1989 0
69 10 3468 0
70 10 8535 5
71 10 2721 0
72 10 8631 8
73 10 7942 4
74 10 8326 5
75 10 12257 7
76 10 2271 0
77 10 11961 9
78 10 10412 8
79 10 3110 1
80 10 7677 5
81 10 12922 8
82 10 6537 3
83 10 8139 7
84 10 7059 4
85 10 15312 9
86 10 7906 8
87 10 10836 7
88 10 9606 9
89 10 5474 2
90 10 1976 0
91 10 9323 9
92 10 14950 9
93 10 4739 1
94 10 8644 8
95 10 6542 4
96 10 3472 1
97 10 5707 2
98 10 12683 9
99 10 10922 8
100 10 3306 0
101 10 5035 2
102 10 3121 1
103 10 2332 0
104 10 6818 3
105 10 6875 2
106 10 8847 7
107 10 3558 1
108 10 6598 7
109 10 3565 1
110 10 4015 1
111 10 7388 10
112 10 13610 8
113 10 11426 8
114 10 5131 3
115 10 2686 0
116 10 9601 8
117 10 4452 1
118 10 6161 4
119 10 10783 8
120 10 10382 8
121 10 2533 1
122 10 4771 1
123 10 7129 4
124 10 5039 3
125 10 4612 2
126 10 11660 8
127 10 6274 4
128 10 9145 8
129 10 9239 8
130 10 7498 4
131 10 12822 8
132 10 9701 6
133 10 2002 0
134 10 6055 3
135 10 15098 8
136 10 3308 0
137 10 7720 3
138 10 1615 0
139 10 5444 2
140 10 11362 9
141 10 2901 0
142 10 10464 8
143 10 2627 0
144 10 8882 8
145 10 10499 5
146 10 4274 0
147 10 8841 8
148 10 7575 4
149 10 11998 9
150 10 4263 1
151 10 2974 0
152 10 7360 1
153 10 2447 0
154 10 4815 2
155 10 12273 7
156 10 7476 4
157 10 11740 8
158 10 5897 4
159 10 3863 1
160 10 15810 8
161 10 8109 8
162 10 6072 7
163 10 5777 1
164 10 4943 1
165 10 7342 9
166 10 8178 2
167 10 5217 1
168 10 13942 8
169 10 11299 8
170 10 12830 9
171 10 10141 7
172 10 9867 8
173 10 2078 0
174 10 4047 1
175 10 5233 6
176 10 3713 4
177 10 8132 3
178 10 11821 8
179 10 8807 6
180 10 15388 8
181 10 3416 0
182 10 10612 9
183 10 5401 4
184 10 11773 8
185 10 8236 7
186 10 4267 1
187 10 7919 4
188 10 12254 6
189 10 6629 4
190 10 5072 0
191 10 2824 0
192 10 15090 7
193 10 4246 2
194 10 13622 8
195 10 11574 8
196 10 4529 0
197 10 14131 8
198 10 6548 5
199 10 6014 8
200 10 5877 3
201 10 5521 3
202 10 2258 0
203 10 5375 4
204 10 2604 0
205 10 6353 4
206 10 7024 8
207 10 10139 8
208 10 4356 1
209 10 7204 8
210 10 11227 5
211 10 0 0
212 10 3067 0
213 10 10576 9
214 10 6269 3
215 10 10389 7
216 10 11349 8
217 10 9627 9
218 10 3161 1
219 10 2301 0
220 10 1200 0
221 10 5469 3
222 10 11745 12
223 10 2283 0
224 10 5358 3
225 10 11274 5
226 10 15336 8
227 10 510 0
228 10 2286 0
229 10 12878 9
230 10 9928 6
231 10 8081 8
232 10 4254 2
233 10 9164 6
234 10 2178 0
235 10 6391 1
236 10 11419 8
237 10 8377 8
238 10 7227 2
239 10 5669 0
240 10 3683 0
241 10 9108 5
242 10 13477 8
243 10 10182 8
244 10 6419 2
245 10 2059 0
246 10 13196 8
247 10 10898 6
248 10 2775 0
249 10 8834 7
250 10 2265 0
251 10 2878 0
252 10 4200 1
253 10 4367 0
254 10 9113 2
255 10 15225 8
256 10 10873 8
257 10 6650 6
258 10 7072 4
259 10 3755 1
260 10 4683 3
261 10 2872 0
262 10 6488 4
263 10 8270 8
264 10 7584 2
265 10 13839 8
266 10 13267 8
267 10 6985 2
268 10 1960 0
269 10 6553 2
270 10 7263 1
271 10 5660 2
272 10 6660 2
273 10 5371 3
274 10 7085 10
275 10 8777 6
276 10 7506 8
277 10 6581 4
278 10 6570 2
279 10 12154 8
280 10 775 0
281 10 13913 7
282 10 14852 8
283 10 6598 5
284 10 10883 8
285 10 11780 8
286 10 2873 0
287 10 2319 0
288 10 8004 8
289 10 9903 8
290 10 10142 7
291 10 5489 4
292 10 6818 1
293 10 6378 3
294 10 12113 8
295 10 10759 8
296 10 6131 3
297 10 2466 1
298 10 5593 5
299 10 7550 9
300 10 13150 8
301 10 5843 3
302 10 0 0
303 10 6515 5
304 10 867 0
305 10 5502 1
306 10 12906 8
307 10 6650 4
308 10 6377 9
309 10 2378 0
310 10 4515 0
311 10 10126 8
312 10 15045 8
313 10 8961 4
314 10 12926 8
315 10 4679 2
316 10 4579 1
317 10 4546 0
318 10 8773 9
319 10 10244 9
320 10 2499 0
321 10 4315 2
322 10 6998 8
323 10 8172 3
324 10 9196 6
325 10 5058 5
326 10 12885 9
327 10 13633 9
328 10 12671 8
329 10 7140 3
330 10 10192 9
331 10 8573 5
332 10 7239 4
333 10 2248 0
334 10 0 0
335 10 7466 5
336 10 3696 2
337 10 8745 9
338 10 12818 8
339 10 11987 8
340 10 9681 7
341 10 6029 3
342 10 8327 4
343 10 12078 8
344 10 4360 0
345 10 8596 3
346 10 8063 4
347 10 4580 2
348 10 7345 4
349 10 6279 5
350 10 6347 7
351 10 3031 0
352 10 4266 1
353 10 5587 2
354 10 11434 8
355 10 929 0
356 10 7102 6
357 10 7725 5
358 10 7965 6
359 10 2463 0
360 10 2305 0
361 10 3263 0
362 10 13296 7
363 10 8842 8
364 10 11183 8
365 10 2827 0
366 10 8574 5
367 10 12038 8
368 10 13928 8
369 10 4358 2
370 10 8181 6
371 10 11175 9
372 10 7798 7
373 10 8478 8
374 10 13108 8
375 10 11724 8
376 10 6891 3
377 10 2294 0
378 10 8281 3
379 10 8604 9
380 10 6331 5
381 10 6818 6
382 10 7226 6
383 10 9099 8
384 10 13030 8
385 10 11824 8
386 10 12399 8
387 10 2895 0
388 10 3926 1
389 10 3435 0
390 10 0 0
391 10 5657 4
392 10 5927 3
393 10 3420 1
394 10 9150 4
395 10 13761 8
396 10 5719 2
397 10 8439 8
398 10 9377 4
399 10 12779 8
400 10 14234 9
401 10 9089 8
402 10 2504 0
403 10 12805 8
404 10 12418 8
405 10 8448 8
406 10 4083 1
407 10 8078 6
408 10 4124 1
409 10 6793 2
410 10 11249 8
411 10 8825 8
412 10 6317 3
413 10 3991 1
414 10 6212 6
415 10 9325 7
416 10 10578 7
417 10 0 0
418 10 8150 8
419 10 4013 1
420 10 10089 10
421 10 2395 0
422 10 12145 5
423 10 0 0
424 10 4577 0
425 10 12078 7
426 10 2381 0
427 10 3089 1
428 10 2326 0
429 10 7753 5
430 10 8080 6
431 10 5746 1
432 10 9850 7
433 10 8626 8
434 10 10809 8
435 10 16476 8
436 10 8131 8
437 10 3400 0
438 10 6533 5
439 10 6157 1
440 10 6793 7
441 10 4095 1
442 10 2406 0
443 10 8081 6
444 10 12664 8
445 10 5641 2
446 10 8809 9
447 10 11311 8
448 10 6369 4
449 10 5605 4
450 10 6331 5
451 10 5619 1
452 10 6156 1
453 10 1640 0
454 10 2260 0
455 10 6690 5
456 10 10736 10
457 10 3314 1
458 10 3345 1
459 10 3016 0
460 10 7616 11
461 10 11957 13
462 10 8055 11
463 10 12808 11
464 10 7703 10
465 10 2045 0
466 10 6464 5
467 10 4173 2
468 10 6028 4
469 10 2577 0
470 10 10023 3
471 10 9022 9
472 10 6130 4
473 10 1930 0
474 10 4909 1
475 10 9670 8
476 10 6816 4
477 10 11720 9
478 10 6268 4
479 10 4203 1
480 10 8784 9
481 10 3751 1
482 10 15066 8
483 10 0 0
484 10 7848 5
485 10 2411 0
486 10 8144 8
487 10 8673 8
488 10 8331 2
489 10 6575 2
490 10 4251 2
491 10 15230 8
492 10 7273 2
493 10 0 0
494 10 7428 5
495 10 13642 8
496 10 10739 6
497 10 13162 8
498 10 3466 1
499 10 1601 0
500 10 3869 0
