1 10 5370 46
2 10 1357 11
3 10 11231 213
4 10 14190 146
5 10 11668 148
6 10 9749 118
7 10 10641 126
8 10 12243 107
9 10 5321 22
10 10 9767 161
11 10 5011 57
12 10 7154 20
13 10 8706 71
14 10 11262 79
15 10 6284 12
16 10 3226 4
17 10 11760 50
18 10 7397 41
19 10 7761 27
20 10 10479 80
21 10 2483 5
22 10 9386 17
23 10 10754 19
24 10 11300 45
25 10 10016 72
26 10 10721 69
27 10 5123 4
28 10 2245 2
29 10 14648 58
30 10 13409 66
31 10 11287 66
32 10 5418 6
33 10 13027 79
34 10 8835 56
35 10 8493 38
36 10 3186 6
37 10 10424 37
38 10 6494 13
39 10 7330 57
40 10 5518 26
41 10 5151 9
42 10 6460 35
43 10 9728 33
44 10 10479 50
45 10 9939 33
46 10 13003 58
47 10 11774 58
48 10 7515 12
49 10 4577 8
50 10 16793 56
51 10 4380 10
52 10 12044 78
53 10 8185 20
54 10 3487 3
55 10 10222 33
56 10 11464 78
57 10 8685 31
58 10 14732 106
59 10 10774 76
60 10 10648 108
61 10 0 0
62 10 6576 24
63 10 11649 66
64 10 8898 90
65 10 11763 123
66 10 8797 51
67 10 7170 35
68 10 2630 5
69 10 3468 3
70 10 8535 55
71 10 9722 91
72 10 10315 96
73 10 10006 50
74 10 8326 92
75 10 12257 69
76 10 2463 15
77 10 11961 78
78 10 10412 49
79 10 4241 13
80 10 13345 67
81 10 12922 109
82 10 7289 41
83 10 10500 182
84 10 7059 39
85 10 15312 98
86 10 7906 182
87 10 10836 95
88 10 9606 121
89 10 5474 28
90 10 1976 8
91 10 9323 130
92 10 14950 109
93 10 4739 32
94 10 8644 156
95 10 10485 88
96 10 4593 24
97 10 5707 31
98 10 12683 105
99 10 10922 161
100 10 7660 59
101 10 5035 36
102 10 9901 110
103 10 2332 1
104 10 6818 43
105 10 6875 35
106 10 8847 64
107 10 3558 14
108 10 10068 97
109 10 8848 16
110 10 4015 15
111 10 7388 50
112 10 13610 75
113 10 11426 109
114 10 5131 31
115 10 2686 7
116 10 9601 68
117 10 4452 22
118 10 7322 32
119 10 10783 96
120 10 10382 95
121 10 5100 38
122 10 4771 20
123 10 7129 61
124 10 11348 88
125 10 10056 101
126 10 11660 173
127 10 6274 37
128 10 9145 144
129 10 9399 119
130 10 7498 65
131 10 12822 192
132 10 9701 69
133 10 2827 10
134 10 9197 55
135 10 15098 90
136 10 3308 9
137 10 7720 43
138 10 1615 4
139 10 8915 71
140 10 11362 110
141 10 6203 39
142 10 13150 106
143 10 4007 18
144 10 8981 91
145 10 10499 44
146 10 4274 20
147 10 8841 162
148 10 7575 72
149 10 11998 189
150 10 10354 42
151 10 2974 24
152 10 7360 12
153 10 8733 76
154 10 5589 33
155 10 12273 98
156 10 7476 45
157 10 11740 96
158 10 9216 60
159 10 10007 101
160 10 15810 134
161 10 8109 91
162 10 7967 94
163 10 5777 27
164 10 4943 36
165 10 9228 114
166 10 8178 29
167 10 5217 19
168 10 13942 176
169 10 11756 107
170 10 12830 116
171 10 10141 104
172 10 9867 110
173 10 2078 2
174 10 5584 25
175 10 8226 85
176 10 3713 69
177 10 8132 74
178 10 11821 136
179 10 8807 75
180 10 15388 152
181 10 8183 67
182 10 10612 135
183 10 7239 87
184 10 11773 111
185 10 8236 100
186 10 9245 67
187 10 7919 64
188 10 12254 71
189 10 15926 86
190 10 5072 7
191 10 2824 15
192 10 15090 111
193 10 11650 88
194 10 13622 72
195 10 11574 70
196 10 4529 16
197 10 14131 62
198 10 11274 102
199 10 8484 113
200 10 5986 34
201 10 12123 77
202 10 2258 3
203 10 10599 66
204 10 2604 13
205 10 7983 55
206 10 7379 106
207 10 10139 147
208 10 4356 23
209 10 7204 105
210 10 11227 69
211 10 0 0
212 10 5460 11
213 10 10576 105
214 10 11026 105
215 10 10389 124
216 10 11349 133
217 10 9627 87
218 10 3161 22
219 10 2301 4
220 10 1200 1
221 10 5469 30
222 10 11996 178
223 10 2283 3
224 10 11521 125
225 10 11274 58
226 10 15336 205
227 10 510 5
228 10 4779 3
229 10 14013 115
230 10 9928 63
231 10 10738 92
232 10 7899 63
233 10 9164 66
234 10 2178 4
235 10 8221 18
236 10 11419 146
237 10 11504 95
238 10 7227 29
239 10 5669 17
240 10 14326 134
241 10 9108 64
242 10 13477 158
243 10 10182 128
244 10 6419 17
245 10 2059 6
246 10 13196 132
247 10 10898 93
248 10 2775 3
249 10 10614 100
250 10 3025 13
251 10 2878 7
252 10 6854 27
253 10 4367 9
254 10 9113 16
255 10 15225 156
256 10 10873 112
257 10 10400 113
258 10 7428 55
259 10 8198 88
260 10 4683 35
261 10 2872 3
262 10 6488 31
263 10 8270 91
264 10 7584 25
265 10 13839 80
266 10 13267 124
267 10 6985 38
268 10 1960 6
269 10 6553 38
270 10 7263 34
271 10 5660 27
272 10 7189 36
273 10 5371 31
274 10 8721 64
275 10 11762 112
276 10 7506 123
277 10 12725 154
278 10 6570 41
279 10 12154 135
280 10 775 4
281 10 13913 106
282 10 14852 98
283 10 8637 58
284 10 10883 55
285 10 12174 66
286 10 2873 4
287 10 2319 3
288 10 8004 51
289 10 9903 94
290 10 10142 67
291 10 10493 67
292 10 6818 15
293 10 6378 33
294 10 12113 73
295 10 11140 83
296 10 11641 102
297 10 3071 13
298 10 9105 44
299 10 8798 50
300 10 13150 92
301 10 7984 28
302 10 0 0
303 10 6515 38
304 10 867 2
305 10 5502 8
306 10 14158 54
307 10 9536 31
308 10 6377 41
309 10 6697 12
310 10 4515 4
311 10 12838 100
312 10 15045 57
313 10 8961 19
314 10 12926 72
315 10 8678 55
316 10 13835 79
317 10 4692 9
318 10 9202 67
319 10 10244 56
320 10 5610 15
321 10 6395 20
322 10 6998 57
323 10 8172 17
324 10 13192 51
325 10 5058 29
326 10 14609 60
327 10 13633 51
328 10 12671 58
329 10 7140 20
330 10 10192 76
331 10 8573 44
332 10 7824 21
333 10 6351 10
334 10 0 1
335 10 7466 33
336 10 7985 79
337 10 8745 54
338 10 16166 69
339 10 14536 88
340 10 9681 43
341 10 9940 14
342 10 8327 16
343 10 12078 78
344 10 6432 10
345 10 10490 20
346 10 8063 23
347 10 6463 18
348 10 7345 17
349 10 7940 27
350 10 6347 32
351 10 3031 3
352 10 11504 32
353 10 13810 72
354 10 11434 52
355 10 929 1
356 10 7102 34
357 10 7725 24
358 10 7965 25
359 10 3908 3
360 10 2305 4
361 10 11627 69
362 10 13296 21
363 10 8842 101
364 10 12173 51
365 10 2827 2
366 10 8574 26
367 10 12038 58
368 10 13928 42
369 10 9517 60
370 10 8181 31
371 10 11175 48
372 10 8010 37
373 10 8478 41
374 10 13108 28
375 10 11787 56
376 10 9426 34
377 10 2294 4
378 10 9161 12
379 10 10947 33
380 10 6665 45
381 10 10005 102
382 10 7226 55
383 10 9099 60
384 10 13030 111
385 10 11824 81
386 10 12399 86
387 10 3510 14
388 10 5468 25
389 10 11958 75
390 10 0 1
391 10 5657 38
392 10 13120 92
393 10 9366 34
394 10 9150 40
395 10 13761 56
396 10 5719 16
397 10 10272 44
398 10 9377 18
399 10 14065 47
400 10 14234 36
401 10 9089 36
402 10 2504 8
403 10 12805 70
404 10 13295 109
405 10 8448 151
406 10 10131 43
407 10 11301 118
408 10 7280 15
409 10 6793 13
410 10 11249 50
411 10 10747 66
412 10 6317 22
413 10 10103 63
414 10 7835 62
415 10 9325 43
416 10 10645 38
417 10 0 1
418 10 8150 48
419 10 4323 6
420 10 10089 48
421 10 2395 4
422 10 12145 26
423 10 0 0
424 10 4862 4
425 10 12078 32
426 10 6089 32
427 10 3089 13
428 10 11780 28
429 10 7753 29
430 10 11689 50
431 10 7371 8
432 10 11409 67
433 10 9726 35
434 10 10809 71
435 10 16476 62
436 10 10288 75
437 10 3400 3
438 10 6533 33
439 10 6157 8
440 10 8385 37
441 10 11261 45
442 10 11646 48
443 10 8081 30
444 10 12664 30
445 10 5641 15
446 10 10530 36
447 10 11311 68
448 10 12020 51
449 10 11080 40
450 10 8047 36
451 10 5619 9
452 10 6156 12
453 10 1640 1
454 10 10546 42
455 10 8346 27
456 10 10736 29
457 10 8458 28
458 10 10006 44
459 10 10611 30
460 10 11432 49
461 10 11957 51
462 10 10310 23
463 10 13244 38
464 10 7703 36
465 10 8963 24
466 10 7972 24
467 10 5339 25
468 10 6028 18
469 10 2577 4
470 10 10023 14
471 10 9022 49
472 10 7426 23
473 10 8282 44
474 10 4909 10
475 10 10110 64
476 10 6816 15
477 10 12608 38
478 10 8196 25
479 10 6010 25
480 10 8784 57
481 10 6879 22
482 10 15066 58
483 10 0 0
484 10 7848 29
485 10 10139 14
486 10 9171 46
487 10 8673 48
488 10 8331 19
489 10 7981 16
490 10 5439 18
491 10 15230 59
492 10 7273 12
493 10 8367 19
494 10 12558 49
495 10 13642 64
496 10 10739 30
497 10 13162 55
498 10 10609 46
499 10 1601 2
500 10 3869 5
