1 10 2549 3
2 10 1214 2
3 10 5270 2
4 10 12871 6
5 10 11668 4
6 10 1769 2
7 10 10641 7
8 10 12243 4
9 10 2098 2
10 10 6239 3
11 10 2370 2
12 10 5466 2
13 10 8706 5
14 10 4899 2
15 10 6284 3
16 10 2017 2
17 10 1961 2
18 10 7397 3
19 10 7761 6
20 10 9729 8
21 10 2483 2
22 10 9386 3
23 10 10754 6
24 10 11300 6
25 10 10016 7
26 10 10721 9
27 10 1682 2
28 10 2245 2
29 10 2259 2
30 10 13409 6
31 10 11287 5
32 10 5418 3
33 10 13027 8
34 10 8835 7
35 10 8493 4
36 10 1872 2
37 10 10424 4
38 10 6494 3
39 10 1646 2
40 10 5518 3
41 10 5151 3
42 10 2288 2
43 10 9728 9
44 10 10479 5
45 10 9939 4
46 10 8070 3
47 10 11774 9
48 10 2145 2
49 10 4577 3
50 10 16793 13
51 10 4380 3
52 10 8068 4
53 10 2273 2
54 10 2248 2
55 10 10222 4
56 10 11464 6
57 10 4231 2
58 10 14732 9
59 10 10774 6
60 10 7969 3
61 10 0 2
62 10 6576 4
63 10 11649 39
64 10 8898 7
65 10 11763 11
66 10 3937 2
67 10 7170 6
68 10 1989 2
69 10 3468 3
70 10 8535 5
71 10 1760 2
72 10 7372 4
73 10 6313 3
74 10 8326 3
75 10 12257 9
76 10 2170 2
77 10 11961 9
78 10 10412 6
79 10 2072 2
80 10 6458 3
81 10 12922 6
82 10 5205 6
83 10 7098 3
84 10 7059 7
85 10 15312 11
86 10 7906 8
87 10 10836 6
88 10 9606 6
89 10 5474 4
90 10 924 2
91 10 9323 6
92 10 14950 9
93 10 4739 3
94 10 8644 6
95 10 5526 2
96 10 2306 2
97 10 5707 3
98 10 11340 5
99 10 10922 6
100 10 1677 2
101 10 3831 2
102 10 2168 2
103 10 2332 2
104 10 6818 4
105 10 6875 3
106 10 8847 6
107 10 3558 3
108 10 5872 3
109 10 1988 2
110 10 4015 3
111 10 7272 3
112 10 13610 6
113 10 11426 10
114 10 4773 2
115 10 2686 3
116 10 9601 7
117 10 4452 3
118 10 5574 2
119 10 10783 8
120 10 10382 13
121 10 898 2
122 10 4771 3
123 10 7129 4
124 10 3648 2
125 10 3321 2
126 10 11660 7
127 10 6274 4
128 10 9145 8
129 10 8819 5
130 10 7498 5
131 10 12822 6
132 10 9701 5
133 10 2002 2
134 10 3987 2
135 10 15098 10
136 10 3164 2
137 10 7720 3
138 10 1615 2
139 10 4191 2
140 10 11362 10
141 10 1796 2
142 10 9884 5
143 10 1645 2
144 10 8802 4
145 10 10499 5
146 10 4274 2
147 10 8841 10
148 10 7575 5
149 10 11998 10
150 10 3528 2
151 10 2974 5
152 10 7360 5
153 10 996 3
154 10 4672 3
155 10 12273 8
156 10 6285 3
157 10 11740 9
158 10 4365 2
159 10 3634 2
160 10 15810 10
161 10 7748 5
162 10 5885 4
163 10 5777 4
164 10 4943 5
165 10 6412 4
166 10 8178 3
167 10 5217 3
168 10 13942 7
169 10 11299 5
170 10 12830 8
171 10 10141 6
172 10 9867 6
173 10 2078 3
174 10 3409 2
175 10 4293 2
176 10 3713 7
177 10 8132 4
178 10 11821 8
179 10 8807 6
180 10 15388 14
181 10 1667 2
182 10 10612 5
183 10 4565 2
184 10 11773 10
185 10 8236 7
186 10 1922 2
187 10 7919 7
188 10 12254 6
189 10 4935 2
190 10 5072 3
191 10 2824 3
192 10 15090 10
193 10 2338 2
194 10 13622 10
195 10 11574 8
196 10 3954 2
197 10 14131 8
198 10 6208 3
199 10 5038 4
200 10 5500 4
201 10 4904 2
202 10 2258 2
203 10 3745 2
204 10 2604 2
205 10 4343 2
206 10 6119 5
207 10 10139 8
208 10 4356 3
209 10 7204 11
210 10 11227 5
211 10 0 2
212 10 3067 2
213 10 10576 8
214 10 4519 2
215 10 10389 5
216 10 11349 8
217 10 9627 7
218 10 3161 3
219 10 2301 2
220 10 1200 2
221 10 5469 4
222 10 10219 5
223 10 2283 2
224 10 3461 2
225 10 11274 6
226 10 15336 13
227 10 510 2
228 10 2286 2
229 10 12110 8
230 10 9928 7
231 10 7929 4
232 10 2092 2
233 10 9164 8
234 10 2178 2
235 10 4457 2
236 10 11419 12
237 10 7232 3
238 10 6916 3
239 10 5669 3
240 10 2396 2
241 10 9108 5
242 10 13477 11
243 10 10182 6
244 10 6419 4
245 10 1859 2
246 10 13196 6
247 10 10898 6
248 10 2775 2
249 10 7508 3
250 10 760 2
251 10 2878 3
252 10 3095 2
253 10 4367 3
254 10 9113 4
255 10 15225 10
256 10 10873 6
257 10 6212 3
258 10 5192 3
259 10 2414 2
260 10 4683 3
261 10 2872 2
262 10 6488 7
263 10 8270 7
264 10 7584 4
265 10 13839 8
266 10 13267 9
267 10 6985 6
268 10 1960 2
269 10 6553 4
270 10 7263 3
271 10 5610 3
272 10 5811 2
273 10 5371 3
274 10 6248 9
275 10 7660 3
276 10 7506 6
277 10 4534 2
278 10 6570 4
279 10 12154 9
280 10 775 2
281 10 13913 17
282 10 14852 15
283 10 5055 2
284 10 10883 7
285 10 10532 6
286 10 2873 3
287 10 2319 2
288 10 8004 4
289 10 9250 7
290 10 10142 11
291 10 4278 2
292 10 6818 3
293 10 6378 4
294 10 12113 12
295 10 9472 4
296 10 4457 3
297 10 3071 2
298 10 5593 2
299 10 7147 3
300 10 12685 6
301 10 4405 2
302 10 0 2
303 10 6515 7
304 10 867 2
305 10 5502 4
306 10 12468 13
307 10 6149 3
308 10 6377 4
309 10 1944 2
310 10 4515 3
311 10 9544 4
312 10 15045 14
313 10 8961 5
314 10 12926 14
315 10 4589 2
316 10 4184 2
317 10 4546 2
318 10 7362 4
319 10 10244 11
320 10 1174 2
321 10 3380 2
322 10 6998 5
323 10 8172 5
324 10 9628 4
325 10 5058 5
326 10 11616 6
327 10 13633 8
328 10 12671 11
329 10 7140 4
330 10 9815 7
331 10 8573 4
332 10 6253 3
333 10 2112 2
334 10 0 2
335 10 7466 4
336 10 2558 2
337 10 8745 7
338 10 12774 8
339 10 11530 9
340 10 9681 6
341 10 4684 2
342 10 7878 3
343 10 12078 9
344 10 2742 2
345 10 6385 2
346 10 8063 4
347 10 3031 2
348 10 7345 5
349 10 4790 2
350 10 6347 4
351 10 3031 3
352 10 2248 2
353 10 4593 2
354 10 11434 8
355 10 929 2
356 10 7057 4
357 10 7725 5
358 10 7965 8
359 10 1445 2
360 10 2305 2
361 10 3263 2
362 10 13296 17
363 10 8842 5
364 10 10432 8
365 10 2827 2
366 10 8574 5
367 10 12038 10
368 10 13928 9
369 10 2893 2
370 10 8181 5
371 10 11175 6
372 10 7117 4
373 10 8478 6
374 10 13108 10
375 10 11176 8
376 10 6324 2
377 10 2294 2
378 10 7068 3
379 10 6734 4
380 10 6131 3
381 10 6170 2
382 10 7226 8
383 10 9099 9
384 10 13030 8
385 10 11824 13
386 10 12399 11
387 10 3174 2
388 10 2084 2
389 10 1698 2
390 10 0 2
391 10 5657 3
392 10 4823 3
393 10 2281 2
394 10 9150 4
395 10 13761 12
396 10 5719 4
397 10 7292 3
398 10 9377 4
399 10 12679 6
400 10 14234 7
401 10 8182 4
402 10 2504 3
403 10 12805 9
404 10 11011 5
405 10 8448 5
406 10 3080 2
407 10 7384 3
408 10 2445 2
409 10 6793 3
410 10 11249 6
411 10 7587 4
412 10 6317 4
413 10 2472 2
414 10 5210 3
415 10 9325 11
416 10 8736 3
417 10 0 2
418 10 8150 8
419 10 3747 2
420 10 10089 6
421 10 2395 2
422 10 12145 6
423 10 0 2
424 10 4577 2
425 10 12078 6
426 10 2071 2
427 10 3089 3
428 10 540 2
429 10 7753 4
430 10 6434 3
431 10 4888 2
432 10 8038 3
433 10 6779 3
434 10 10809 8
435 10 16476 15
436 10 6790 3
437 10 2111 2
438 10 6533 3
439 10 5574 2
440 10 6802 3
441 10 3392 2
442 10 2006 2
443 10 8081 7
444 10 12664 7
445 10 5641 4
446 10 7501 3
447 10 11311 9
448 10 4285 2
449 10 4685 2
450 10 4743 2
451 10 5619 3
452 10 6156 3
453 10 1640 3
454 10 2212 2
455 10 5810 2
456 10 10736 6
457 10 3223 2
458 10 2443 2
459 10 1714 2
460 10 6761 3
461 10 11957 6
462 10 6487 4
463 10 10961 4
464 10 7703 6
465 10 917 2
466 10 6185 2
467 10 3106 2
468 10 6028 4
469 10 2577 3
470 10 10023 4
471 10 9022 8
472 10 5011 3
473 10 666 2
474 10 4909 3
475 10 9113 6
476 10 6816 3
477 10 10769 5
478 10 4876 2
479 10 3216 2
480 10 8784 6
481 10 2914 2
482 10 15066 9
483 10 0 2
484 10 7848 4
485 10 1407 2
486 10 6732 4
487 10 8673 4
488 10 8331 4
489 10 5826 2
490 10 5439 2
491 10 15230 11
492 10 7273 4
493 10 0 1
494 10 6875 4
495 10 13642 11
496 10 10739 5
497 10 13105 9
498 10 1664 2
499 10 1263 2
500 10 3869 2
