1 10 2562 173 0000000011
2 10 1357 22 0000001
3 10 5482 1847 0000001111
4 10 14190 2074 1110111111
5 10 11668 1529 1101101001
6 10 2203 822 0000000011
7 10 10641 1857 1111001111
8 10 12243 789 0101100111
9 10 2359 29 0100000000
10 10 5282 1371 0000001111
11 10 2370 101 0000000001
12 10 5488 49 0000100101
13 10 8706 727 0011101010
14 10 3792 1628 0000000111
15 10 6284 51 0000001110
16 10 2062 22 0000100000
17 10 3186 1941 0000000011
18 10 7397 211 0011100100
19 10 7761 519 0110010101
20 10 9653 2130 0111111111
21 10 2483 21 0000000010
22 10 9386 204 1010101011
23 10 10754 351 0110011011
24 10 11300 1381 0101011111
25 10 10016 3407 0110111011
26 10 10721 3111 0110111001
27 10 2391 40 001000000
28 10 2245 16 1
29 10 2396 2024 0000000010
30 10 13409 2971 1111101101
31 10 11287 2675 1101111111
32 10 5418 53 1010001100
33 10 13027 2625 1111111110
34 10 8835 2707 0101110011
35 10 8493 1165 0101110011
36 10 2328 36 0000100000
37 10 10424 894 1110101000
38 10 6494 82 0101000111
39 10 1646 2613 0000000001
40 10 4604 180 0001100101
41 10 5151 40 1110000010
42 10 2288 161 0001000001
43 10 9728 1170 0111111001
44 10 10479 896 1010110101
45 10 9939 529 1111100100
46 10 9253 2111 0000011111
47 10 11774 2370 0111111011
48 10 2413 49 0000000010
49 10 4577 29 100000001
50 10 16793 1529 0111011111
51 10 4380 36 100100100
52 10 9610 2617 0011111111
53 10 3327 79 0000001001
54 10 2248 21 000001000
55 10 10222 240 1101110000
56 10 11464 2234 1111011010
57 10 3545 396 0000011101
58 10 14732 2633 1111101111
59 10 10774 1510 1111100110
60 10 8082 1946 0001111111
61 10 0 21 0000000000
62 10 6576 146 1100100101
63 10 11649 2324 1110101111
64 10 8898 2982 1111100111
65 10 11763 2987 1111111011
66 10 3305 1205 0000000011
67 10 7170 314 1100001111
68 10 1989 20 0001000
69 10 3468 25 0010011000
70 10 8535 415 0011100010
71 10 2056 1404 0000001000
72 10 8182 1945 0000111111
73 10 6070 357 0000011111
74 10 8326 377 0100100101
75 10 12257 1088 1110011110
76 10 2271 41 000000110
77 10 11961 1644 1101110110
78 10 10412 728 1011111010
79 10 2960 45 000001100
80 10 5693 1071 0000001111
81 10 12922 2458 1111110101
82 10 5699 112 0001010110
83 10 7123 2621 0000111111
84 10 7059 344 1000001111
85 10 15312 2062 0111011111
86 10 7906 2881 1111011111
87 10 10836 2254 0101101111
88 10 9606 2027 0110111100
89 10 5474 124 1100001100
90 10 1976 23 000010000
91 10 9323 2121 1101011101
92 10 14950 2362 1101011111
93 10 4739 85 0110000100
94 10 8644 2862 1011110111
95 10 4912 1818 0000011111
96 10 2343 85 0000000101
97 10 5707 146 0111000001
98 10 11458 1855 0001111111
99 10 10922 2551 1111011111
100 10 2405 154 1000000000
101 10 4125 62 0010101000
102 10 2059 1637 0000000100
103 10 2332 18 10000000
104 10 6818 159 1010100011
105 10 6875 115 0110001110
106 10 8847 941 1011001001
107 10 3558 44 110001000
108 10 4999 2370 0000011111
109 10 3349 159 0000001101
110 10 4015 41 1000000010
111 10 7134 763 0000111101
112 10 13610 2251 0111111011
113 10 11426 2141 1110111111
114 10 5082 181 0100100001
115 10 2686 35 010100
116 10 9601 3079 1111100010
117 10 4452 69 0100000110
118 10 4950 392 0000011011
119 10 10783 3981 1111101111
120 10 10382 2162 1100111011
121 10 2146 195 0100000000
122 10 4771 46 0000110100
123 10 7129 292 0011010001
124 10 3675 2274 0000000011
125 10 3111 1865 0000000111
126 10 11660 4313 1111011111
127 10 6274 289 1011001010
128 10 9145 3689 0111011111
129 10 9239 2553 0111111110
130 10 7498 444 0100111001
131 10 12822 2801 1111101011
132 10 9701 625 1001101110
133 10 2002 27 00000001
134 10 3650 581 0000000111
135 10 15098 3199 0111111111
136 10 2592 38 0100010000
137 10 7720 161 0001101101
138 10 1615 18 1
139 10 3858 930 0000000011
140 10 11362 3085 1111010011
141 10 2265 106 0000000001
142 10 8824 2914 0000111111
143 10 1676 34 10000001
144 10 8882 3188 0010111101
145 10 10499 451 0100111101
146 10 2945 36 0000000110
147 10 8841 4347 1110111101
148 10 7575 279 0001101100
149 10 11998 3502 1011011111
150 10 2344 238 0000000011
151 10 2974 37 0010000001
152 10 7360 41 1000101100
153 10 2203 1219 0000000100
154 10 4672 91 0000001011
155 10 12273 2083 1010101111
156 10 6116 305 0000110101
157 10 11740 1812 0111011011
158 10 5715 412 0000001111
159 10 2590 2152 0000000011
160 10 15810 2948 1111111010
161 10 8109 1718 0111101111
162 10 4159 2724 0000111111
163 10 5777 139 1100110001
164 10 4943 69 1001000001
165 10 7342 2873 0001111111
166 10 8178 61 0010100101
167 10 5217 54 1010001000
168 10 13942 2593 1111110110
169 10 11299 1462 0011011011
170 10 12830 2522 1111110101
171 10 10141 1547 0110100111
172 10 9867 1248 1101110110
173 10 2078 16 10000000
174 10 3772 48 0000001011
175 10 3327 895 0000001111
176 10 3713 219 0011011010
177 10 8132 274 1000010110
178 10 11821 1481 1100111101
179 10 8807 420 1001010111
180 10 15388 2266 1110111111
181 10 3416 294 0000000011
182 10 10612 1990 1011111010
183 10 3681 697 0000001111
184 10 11773 1742 1011111101
185 10 8236 1111 0111100111
186 10 2506 667 0000000111
187 10 7919 292 0001111010
188 10 12254 1129 1110110001
189 10 5646 1994 0000000111
190 10 5072 24 011000001
191 10 2824 23 0010000001
192 10 15090 2412 1111111101
193 10 2475 2913 0000001111
194 10 13622 2354 0111111111
195 10 11574 1636 0111111011
196 10 4044 32 0000001010
197 10 14131 1611 1111111110
198 10 5037 2348 0000011111
199 10 5610 2894 0001111111
200 10 5877 188 0010101101
201 10 4071 1831 0000000111
202 10 2258 19 1000000000
203 10 4723 899 0000001111
204 10 2604 28 000000011
205 10 4628 513 0000011010
206 10 6063 1925 0000111111
207 10 10139 2239 1101111111
208 10 4356 40 0001110001
209 10 7204 2034 1101011111
210 10 11227 347 0011101110
211 10 0 11 0000000000
212 10 2195 26 0000000010
213 10 10139 1118 0101111111
214 10 5849 1009 0000001111
215 10 10389 1675 1011010111
216 10 11349 2127 1011101110
217 10 9627 1113 0110111111
218 10 3161 33 0010000110
219 10 2301 17 100000
220 10 1200 16 1000
221 10 5469 111 0101000110
222 10 9777 1589 0011111111
223 10 2283 24 1
224 10 3626 1649 0000000111
225 10 11274 364 1010010111
226 10 15336 2888 1111111101
227 10 510 19 110000000
228 10 2286 23 0000010000
229 10 11478 985 0010111111
230 10 9928 824 1101011101
231 10 5707 1580 0000011111
232 10 3371 214 0000000111
233 10 9164 754 1001011101
234 10 2178 16 10
235 10 5785 49 0000010101
236 10 11419 2400 1111110111
237 10 8184 1642 0001111110
238 10 7227 73 1000100110
239 10 5669 44 101000010
240 10 2479 1819 0010000001
241 10 9108 595 1100011101
242 10 13477 2205 0110111111
243 10 10182 1424 1101111110
244 10 6419 209 0110101100
245 10 2059 25 10100000
246 10 13196 1864 1110110111
247 10 10898 801 0110010110
248 10 2775 21 101
249 10 7889 1317 0000111011
250 10 2265 25 00000001
251 10 2878 18 1000101
252 10 2618 57 0000000110
253 10 4367 27 000111000
254 10 9113 111 1001110100
255 10 15225 2871 1111101111
256 10 10873 2742 0111111111
257 10 5472 1754 0000001111
258 10 5495 387 0000001111
259 10 2682 653 0000000111
260 10 4683 130 0000101010
261 10 2872 20 110000000
262 10 6488 373 1010001111
263 10 8270 1396 1110011101
264 10 7584 54 0010010011
265 10 13839 1557 0101110111
266 10 13267 2552 1111011111
267 10 6985 167 1110001000
268 10 1960 22 000000001
269 10 6553 167 0011010011
270 10 7263 79 1010010100
271 10 5660 91 0010010011
272 10 6508 121 0001100101
273 10 5371 226 0101101000
274 10 6918 2279 0001111111
275 10 8181 2739 0000011111
276 10 7506 2714 1111111011
277 10 4441 1336 0000001111
278 10 6570 146 1001101000
279 10 12154 2685 1111011111
280 10 775 16 1000
281 10 13913 2118 1111101111
282 10 14852 2420 1110111111
283 10 5121 442 0000011101
284 10 10883 1453 1101111011
285 10 9707 1582 0001111111
286 10 2873 20 000000101
287 10 2319 22 0001000000
288 10 8004 1231 1111010110
289 10 9903 3483 1111101111
290 10 10142 1839 1011110101
291 10 4760 2004 0000001111
292 10 6818 58 1100010010
293 10 6378 214 0111000110
294 10 12113 2380 1110111111
295 10 9503 3369 0011011111
296 10 5355 3155 0000001111
297 10 2463 57 0000000001
298 10 4163 1408 0000000111
299 10 6044 1392 0001111111
300 10 13150 2148 1111101110
301 10 3579 223 0000000011
302 10 0 13 0000000000
303 10 6515 530 0110011110
304 10 867 17 100
305 10 5502 69 011011000
306 10 11985 2905 0001111111
307 10 5266 1031 0000001111
308 10 6377 1667 0111000111
309 10 2378 78 001000000
310 10 4515 32 101000000
311 10 8747 4976 0001111111
312 10 15045 2888 1111111110
313 10 8961 370 1111100000
314 10 12926 3237 1111111011
315 10 4357 1270 0000000111
316 10 2550 3742 0000000011
317 10 4041 36 0000011000
318 10 7119 1784 0011111111
319 10 10244 2544 1001111111
320 10 2499 76 0000000010
321 10 2648 219 0000000101
322 10 6998 2263 0111101111
323 10 8172 206 0111011010
324 10 8621 1508 0000011111
325 10 5058 323 0010011110
326 10 12336 2552 0001111111
327 10 13633 2194 1011100111
328 10 12671 2627 0111111011
329 10 7140 158 0011101011
330 10 10192 2618 1111111110
331 10 8573 541 0011000101
332 10 6036 209 0001100101
333 10 2248 39 0001000000
334 10 0 11 0000000000
335 10 7466 393 0101010110
336 10 2049 2124 1000000011
337 10 8745 828 1101111000
338 10 12227 3199 0001111111
339 10 10813 1639 0001111111
340 10 9681 1415 0011011111
341 10 4563 420 0000000011
342 10 8264 212 0011001101
343 10 12078 3396 1111101111
344 10 2489 136 0001000000
345 10 6527 192 0000111100
346 10 8063 253 1001000110
347 10 4062 170 0000000111
348 10 7345 516 1110111000
349 10 4663 603 0000000111
350 10 6347 790 0001011001
351 10 3031 25 0100100
352 10 2746 1380 0000000011
353 10 4570 1854 0000001111
354 10 11434 2591 1111011111
355 10 929 17 10000000
356 10 7102 617 0111101010
357 10 7725 434 0101110000
358 10 7965 551 1111110100
359 10 2463 16 00000010
360 10 2305 24 0001000000
361 10 2233 2932 0000100001
362 10 13296 1012 1111111110
363 10 8842 4279 1111111011
364 10 10594 1235 0011111111
365 10 2827 20 1000100000
366 10 8574 282 0100101111
367 10 12038 1312 1111111011
368 10 13928 2131 1111111101
369 10 2787 2915 0000000111
370 10 8181 446 0110111010
371 10 11175 2473 1101101110
372 10 7305 860 0011100110
373 10 8478 1106 1011111011
374 10 13108 1290 1111101111
375 10 11724 2118 0111111011
376 10 6566 977 0000000111
377 10 2294 27 001000000
378 10 7857 199 0010011101
379 10 6530 1446 0001111111
380 10 5770 388 0011001101
381 10 6646 2036 0000001111
382 10 7226 556 1111001000
383 10 9099 897 1111011001
384 10 13030 2366 1111110111
385 10 11824 1867 1110110111
386 10 12399 2361 1111111011
387 10 2320 25 0000000001
388 10 2468 77 0000000001
389 10 2306 2257 0000100000
390 10 0 13 0000000000
391 10 4813 149 0001101011
392 10 4789 2479 0000000111
393 10 2960 776 0000000111
394 10 9150 395 0001110011
395 10 13761 1712 1110111111
396 10 5719 115 1010011000
397 10 7119 1785 0011111010
398 10 9377 219 0100010111
399 10 12042 2438 0001111111
400 10 14234 1643 0101101111
401 10 9089 821 0111011101
402 10 2504 21 0000100100
403 10 12805 2398 1111011111
404 10 11000 3128 0111011111
405 10 8448 2534 1111011111
406 10 3115 565 0000000011
407 10 7026 2048 0000011111
408 10 2445 106 1000000011
409 10 6793 116 0111101000
410 10 11249 2278 0111111111
411 10 7063 2310 0001111111
412 10 6317 100 1000001011
413 10 2472 1541 0000000001
414 10 5235 2430 0001111111
415 10 9325 1515 1111110101
416 10 10578 667 0001101111
417 10 0 13 0000000000
418 10 8150 2007 0111110101
419 10 4013 35 0001011010
420 10 10089 933 0011110111
421 10 2395 21 0000100000
422 10 12145 629 0011011101
423 10 0 13 0000000000
424 10 4577 26 0010000011
425 10 12078 897 1011111000
426 10 2071 537 0000010001
427 10 3089 39 0100000010
428 10 2326 1621 0000000010
429 10 7753 433 1101010000
430 10 5762 1531 0000011111
431 10 5188 81 0000010011
432 10 7842 2314 0000011111
433 10 7660 2037 0011111110
434 10 10809 5946 1111010110
435 10 16476 4318 1111111110
436 10 7833 6192 0000111111
437 10 3400 19 1001000
438 10 6533 445 0100110001
439 10 5013 74 0011000010
440 10 6056 974 0001101101
441 10 2458 2492 0000000001
442 10 2406 2489 0001000000
443 10 8081 564 0011100111
444 10 12664 1231 0111111111
445 10 5641 128 0101000110
446 10 8663 1155 0000011111
447 10 11311 3566 1111111011
448 10 5217 1433 0000000111
449 10 3735 839 0000000111
450 10 4980 494 0000001111
451 10 5619 38 0000011100
452 10 6156 57 0110010000
453 10 1640 18 1010000
454 10 2212 1183 0000000010
455 10 5939 142 0000001101
456 10 10736 878 1010111101
457 10 2281 504 0000000011
458 10 2387 1962 0010000001
459 10 2434 1578 0100000000
460 10 6850 1875 0001111111
461 10 11957 1637 1111101101
462 10 7504 915 0001111101
463 10 11935 965 0110110101
464 10 7703 795 1001001111
465 10 2045 463 0000010000
466 10 4417 561 0000000111
467 10 2233 137 0001000000
468 10 6028 97 0010101100
469 10 2577 20 1000010000
470 10 10023 122 0101011010
471 10 9022 1909 0011111111
472 10 5092 360 0000000111
473 10 1930 1379 0000000001
474 10 4909 62 1001101001
475 10 9093 3116 0111111111
476 10 6816 219 0110111000
477 10 10072 2378 0001111111
478 10 5548 312 0000110011
479 10 3367 158 0000001100
480 10 8784 2480 1101101111
481 10 2442 175 0000100000
482 10 15066 2454 1110111111
483 10 0 14 0000000000
484 10 7848 410 0010110110
485 10 2411 128 0000001000
486 10 7130 1646 0011111111
487 10 7642 1118 0110111110
488 10 8331 228 1101101000
489 10 6575 80 0001010110
490 10 4251 79 0010000010
491 10 15230 2057 1011111111
492 10 7273 84 1010100110
493 10 2304 542 0000000100
494 10 6228 1572 0000000111
495 10 13642 3100 1111110111
496 10 10739 575 1100110011
497 10 13162 2619 1011111111
498 10 2249 1378 0000000001
499 10 1601 17 100000
500 10 3869 21 1000010000
