ID: 1   ANSWER: 5370   GOT: 2549
ID: 2   ANSWER: 1357   GOT: 1214
ID: 3   ANSWER: 11231   GOT: 5270
ID: 4   ANSWER: 14190   GOT: 12871
ID: 6   ANSWER: 9749   GOT: 1769
ID: 9   ANSWER: 5321   GOT: 2098
ID: 10   ANSWER: 9767   GOT: 6239
ID: 11   ANSWER: 5011   GOT: 2370
ID: 12   ANSWER: 7154   GOT: 5466
ID: 14   ANSWER: 11262   GOT: 4899
ID: 16   ANSWER: 3226   GOT: 2017
ID: 17   ANSWER: 11760   GOT: 1961
ID: 20   ANSWER: 10479   GOT: 9729
ID: 27   ANSWER: 5123   GOT: 1682
ID: 29   ANSWER: 14648   GOT: 2259
ID: 36   ANSWER: 3186   GOT: 1872
ID: 39   ANSWER: 7330   GOT: 1646
ID: 42   ANSWER: 6460   GOT: 2288
ID: 46   ANSWER: 13003   GOT: 8070
ID: 48   ANSWER: 7515   GOT: 2145
ID: 52   ANSWER: 12044   GOT: 8068
ID: 53   ANSWER: 8185   GOT: 2273
ID: 54   ANSWER: 3487   GOT: 2248
ID: 57   ANSWER: 8685   GOT: 4231
ID: 60   ANSWER: 10648   GOT: 7969
ID: 66   ANSWER: 8797   GOT: 3937
ID: 68   ANSWER: 2630   GOT: 1989
ID: 71   ANSWER: 9722   GOT: 1760
ID: 72   ANSWER: 10315   GOT: 7372
ID: 73   ANSWER: 10006   GOT: 6313
ID: 76   ANSWER: 2463   GOT: 2170
ID: 79   ANSWER: 4241   GOT: 2072
ID: 80   ANSWER: 13345   GOT: 6458
ID: 82   ANSWER: 7289   GOT: 5205
ID: 83   ANSWER: 10500   GOT: 7098
ID: 90   ANSWER: 1976   GOT: 924
ID: 95   ANSWER: 10485   GOT: 5526
ID: 96   ANSWER: 4593   GOT: 2306
ID: 98   ANSWER: 12683   GOT: 11340
ID: 100   ANSWER: 7660   GOT: 1677
ID: 101   ANSWER: 5035   GOT: 3831
ID: 102   ANSWER: 9901   GOT: 2168
ID: 108   ANSWER: 10068   GOT: 5872
ID: 109   ANSWER: 8848   GOT: 1988
ID: 111   ANSWER: 7388   GOT: 7272
ID: 114   ANSWER: 5131   GOT: 4773
ID: 118   ANSWER: 7322   GOT: 5574
ID: 121   ANSWER: 5100   GOT: 898
ID: 124   ANSWER: 11348   GOT: 3648
ID: 125   ANSWER: 10056   GOT: 3321
ID: 129   ANSWER: 9399   GOT: 8819
ID: 133   ANSWER: 2827   GOT: 2002
ID: 134   ANSWER: 9197   GOT: 3987
ID: 136   ANSWER: 3308   GOT: 3164
ID: 139   ANSWER: 8915   GOT: 4191
ID: 141   ANSWER: 6203   GOT: 1796
ID: 142   ANSWER: 13150   GOT: 9884
ID: 143   ANSWER: 4007   GOT: 1645
ID: 144   ANSWER: 8981   GOT: 8802
ID: 150   ANSWER: 10354   GOT: 3528
ID: 153   ANSWER: 8733   GOT: 996
ID: 154   ANSWER: 5589   GOT: 4672
ID: 156   ANSWER: 7476   GOT: 6285
ID: 158   ANSWER: 9216   GOT: 4365
ID: 159   ANSWER: 10007   GOT: 3634
ID: 161   ANSWER: 8109   GOT: 7748
ID: 162   ANSWER: 7967   GOT: 5885
ID: 165   ANSWER: 9228   GOT: 6412
ID: 169   ANSWER: 11756   GOT: 11299
ID: 174   ANSWER: 5584   GOT: 3409
ID: 175   ANSWER: 8226   GOT: 4293
ID: 181   ANSWER: 8183   GOT: 1667
ID: 183   ANSWER: 7239   GOT: 4565
ID: 186   ANSWER: 9245   GOT: 1922
ID: 189   ANSWER: 15926   GOT: 4935
ID: 193   ANSWER: 11650   GOT: 2338
ID: 196   ANSWER: 4529   GOT: 3954
ID: 198   ANSWER: 11274   GOT: 6208
ID: 199   ANSWER: 8484   GOT: 5038
ID: 200   ANSWER: 5986   GOT: 5500
ID: 201   ANSWER: 12123   GOT: 4904
ID: 203   ANSWER: 10599   GOT: 3745
ID: 205   ANSWER: 7983   GOT: 4343
ID: 206   ANSWER: 7379   GOT: 6119
ID: 212   ANSWER: 5460   GOT: 3067
ID: 214   ANSWER: 11026   GOT: 4519
ID: 222   ANSWER: 11996   GOT: 10219
ID: 224   ANSWER: 11521   GOT: 3461
ID: 228   ANSWER: 4779   GOT: 2286
ID: 229   ANSWER: 14013   GOT: 12110
ID: 231   ANSWER: 10738   GOT: 7929
ID: 232   ANSWER: 7899   GOT: 2092
ID: 235   ANSWER: 8221   GOT: 4457
ID: 237   ANSWER: 11504   GOT: 7232
ID: 238   ANSWER: 7227   GOT: 6916
ID: 240   ANSWER: 14326   GOT: 2396
ID: 245   ANSWER: 2059   GOT: 1859
ID: 249   ANSWER: 10614   GOT: 7508
ID: 250   ANSWER: 3025   GOT: 760
ID: 252   ANSWER: 6854   GOT: 3095
ID: 257   ANSWER: 10400   GOT: 6212
ID: 258   ANSWER: 7428   GOT: 5192
ID: 259   ANSWER: 8198   GOT: 2414
ID: 271   ANSWER: 5660   GOT: 5610
ID: 272   ANSWER: 7189   GOT: 5811
ID: 274   ANSWER: 8721   GOT: 6248
ID: 275   ANSWER: 11762   GOT: 7660
ID: 277   ANSWER: 12725   GOT: 4534
ID: 283   ANSWER: 8637   GOT: 5055
ID: 285   ANSWER: 12174   GOT: 10532
ID: 289   ANSWER: 9903   GOT: 9250
ID: 291   ANSWER: 10493   GOT: 4278
ID: 295   ANSWER: 11140   GOT: 9472
ID: 296   ANSWER: 11641   GOT: 4457
ID: 298   ANSWER: 9105   GOT: 5593
ID: 299   ANSWER: 8798   GOT: 7147
ID: 300   ANSWER: 13150   GOT: 12685
ID: 301   ANSWER: 7984   GOT: 4405
ID: 306   ANSWER: 14158   GOT: 12468
ID: 307   ANSWER: 9536   GOT: 6149
ID: 309   ANSWER: 6697   GOT: 1944
ID: 311   ANSWER: 12838   GOT: 9544
ID: 315   ANSWER: 8678   GOT: 4589
ID: 316   ANSWER: 13835   GOT: 4184
ID: 317   ANSWER: 4692   GOT: 4546
ID: 318   ANSWER: 9202   GOT: 7362
ID: 320   ANSWER: 5610   GOT: 1174
ID: 321   ANSWER: 6395   GOT: 3380
ID: 324   ANSWER: 13192   GOT: 9628
ID: 326   ANSWER: 14609   GOT: 11616
ID: 330   ANSWER: 10192   GOT: 9815
ID: 332   ANSWER: 7824   GOT: 6253
ID: 333   ANSWER: 6351   GOT: 2112
ID: 336   ANSWER: 7985   GOT: 2558
ID: 338   ANSWER: 16166   GOT: 12774
ID: 339   ANSWER: 14536   GOT: 11530
ID: 341   ANSWER: 9940   GOT: 4684
ID: 342   ANSWER: 8327   GOT: 7878
ID: 344   ANSWER: 6432   GOT: 2742
ID: 345   ANSWER: 10490   GOT: 6385
ID: 347   ANSWER: 6463   GOT: 3031
ID: 349   ANSWER: 7940   GOT: 4790
ID: 352   ANSWER: 11504   GOT: 2248
ID: 353   ANSWER: 13810   GOT: 4593
ID: 356   ANSWER: 7102   GOT: 7057
ID: 359   ANSWER: 3908   GOT: 1445
ID: 361   ANSWER: 11627   GOT: 3263
ID: 364   ANSWER: 12173   GOT: 10432
ID: 369   ANSWER: 9517   GOT: 2893
ID: 372   ANSWER: 8010   GOT: 7117
ID: 375   ANSWER: 11787   GOT: 11176
ID: 376   ANSWER: 9426   GOT: 6324
ID: 378   ANSWER: 9161   GOT: 7068
ID: 379   ANSWER: 10947   GOT: 6734
ID: 380   ANSWER: 6665   GOT: 6131
ID: 381   ANSWER: 10005   GOT: 6170
ID: 387   ANSWER: 3510   GOT: 3174
ID: 388   ANSWER: 5468   GOT: 2084
ID: 389   ANSWER: 11958   GOT: 1698
ID: 392   ANSWER: 13120   GOT: 4823
ID: 393   ANSWER: 9366   GOT: 2281
ID: 397   ANSWER: 10272   GOT: 7292
ID: 399   ANSWER: 14065   GOT: 12679
ID: 401   ANSWER: 9089   GOT: 8182
ID: 404   ANSWER: 13295   GOT: 11011
ID: 406   ANSWER: 10131   GOT: 3080
ID: 407   ANSWER: 11301   GOT: 7384
ID: 408   ANSWER: 7280   GOT: 2445
ID: 411   ANSWER: 10747   GOT: 7587
ID: 413   ANSWER: 10103   GOT: 2472
ID: 414   ANSWER: 7835   GOT: 5210
ID: 416   ANSWER: 10645   GOT: 8736
ID: 419   ANSWER: 4323   GOT: 3747
ID: 424   ANSWER: 4862   GOT: 4577
ID: 426   ANSWER: 6089   GOT: 2071
ID: 428   ANSWER: 11780   GOT: 540
ID: 430   ANSWER: 11689   GOT: 6434
ID: 431   ANSWER: 7371   GOT: 4888
ID: 432   ANSWER: 11409   GOT: 8038
ID: 433   ANSWER: 9726   GOT: 6779
ID: 436   ANSWER: 10288   GOT: 6790
ID: 437   ANSWER: 3400   GOT: 2111
ID: 439   ANSWER: 6157   GOT: 5574
ID: 440   ANSWER: 8385   GOT: 6802
ID: 441   ANSWER: 11261   GOT: 3392
ID: 442   ANSWER: 11646   GOT: 2006
ID: 446   ANSWER: 10530   GOT: 7501
ID: 448   ANSWER: 12020   GOT: 4285
ID: 449   ANSWER: 11080   GOT: 4685
ID: 450   ANSWER: 8047   GOT: 4743
ID: 454   ANSWER: 10546   GOT: 2212
ID: 455   ANSWER: 8346   GOT: 5810
ID: 457   ANSWER: 8458   GOT: 3223
ID: 458   ANSWER: 10006   GOT: 2443
ID: 459   ANSWER: 10611   GOT: 1714
ID: 460   ANSWER: 11432   GOT: 6761
ID: 462   ANSWER: 10310   GOT: 6487
ID: 463   ANSWER: 13244   GOT: 10961
ID: 465   ANSWER: 8963   GOT: 917
ID: 466   ANSWER: 7972   GOT: 6185
ID: 467   ANSWER: 5339   GOT: 3106
ID: 472   ANSWER: 7426   GOT: 5011
ID: 473   ANSWER: 8282   GOT: 666
ID: 475   ANSWER: 10110   GOT: 9113
ID: 477   ANSWER: 12608   GOT: 10769
ID: 478   ANSWER: 8196   GOT: 4876
ID: 479   ANSWER: 6010   GOT: 3216
ID: 481   ANSWER: 6879   GOT: 2914
ID: 485   ANSWER: 10139   GOT: 1407
ID: 486   ANSWER: 9171   GOT: 6732
ID: 489   ANSWER: 7981   GOT: 5826
ID: 494   ANSWER: 12558   GOT: 6875
ID: 497   ANSWER: 13162   GOT: 13105
ID: 498   ANSWER: 10609   GOT: 1664
ID: 499   ANSWER: 1601   GOT: 1263
