1 10 2549 8
2 10 1214 2
3 10 5270 2
4 10 12871 19
5 10 11668 15
6 10 1769 7
7 10 10641 22
8 10 12243 14
9 10 2098 6
10 10 6239 3
11 10 2370 5
12 10 5466 4
13 10 8706 9
14 10 4899 4
15 10 6284 5
16 10 2017 3
17 10 1961 4
18 10 7397 7
19 10 7761 13
20 10 9729 19
21 10 2483 4
22 10 9386 8
23 10 10754 10
24 10 11300 10
25 10 10016 10
26 10 10721 14
27 10 1682 3
28 10 2245 3
29 10 2259 4
30 10 13409 9
31 10 11287 7
32 10 5418 6
33 10 13027 11
34 10 8835 9
35 10 8493 6
36 10 1872 3
37 10 10424 6
38 10 6494 4
39 10 1646 2
40 10 5518 4
41 10 5151 4
42 10 2288 2
43 10 9728 10
44 10 10479 6
45 10 9939 5
46 10 8070 3
47 10 11774 9
48 10 2145 2
49 10 4577 3
50 10 16793 13
51 10 4380 3
52 10 8068 4
53 10 2273 2
54 10 2248 2
55 10 10222 4
56 10 11464 6
57 10 4231 2
58 10 14732 9
59 10 10774 5
60 10 7969 3
61 10 0 2
62 10 6576 4
63 10 11649 10
64 10 8898 7
65 10 11763 11
66 10 3937 3
67 10 7170 6
68 10 1989 2
69 10 3468 2
70 10 8535 5
71 10 1760 2
72 10 7372 4
73 10 6313 3
74 10 8326 3
75 10 12257 11
76 10 2170 2
77 10 11961 10
78 10 10412 6
79 10 2072 2
80 10 6458 2
81 10 12922 7
82 10 5205 2
83 10 7098 4
84 10 7059 7
85 10 15312 11
86 10 7906 8
87 10 10836 6
88 10 9606 7
89 10 5474 4
90 10 924 2
91 10 9323 6
92 10 14950 10
93 10 4739 3
94 10 8644 6
95 10 5526 2
96 10 2306 2
97 10 5707 3
98 10 11340 4
99 10 10922 6
100 10 1677 2
101 10 3831 2
102 10 2168 2
103 10 2332 2
104 10 6818 4
105 10 6875 3
106 10 8847 4
107 10 3558 3
108 10 5872 3
109 10 1988 2
110 10 4015 3
111 10 7272 5
112 10 13610 9
113 10 11426 13
114 10 4773 3
115 10 2686 4
116 10 9601 9
117 10 4452 4
118 10 5574 3
119 10 10783 9
120 10 10382 16
121 10 898 2
122 10 4771 3
123 10 7129 5
124 10 3648 3
125 10 3321 3
126 10 11660 10
127 10 6274 5
128 10 9145 9
129 10 8819 6
130 10 7498 5
131 10 12822 6
132 10 9701 6
133 10 2002 2
134 10 3987 2
135 10 15098 11
136 10 3164 2
137 10 7720 4
138 10 1615 2
139 10 4191 2
140 10 11362 10
141 10 1796 2
142 10 9884 6
143 10 1645 2
144 10 8802 5
145 10 10499 6
146 10 4274 2
147 10 8841 9
148 10 7575 6
149 10 11998 11
150 10 3528 2
151 10 2974 4
152 10 7360 5
153 10 996 3
154 10 4672 4
155 10 12273 9
156 10 6285 4
157 10 11740 14
158 10 4365 3
159 10 3634 4
160 10 15810 19
161 10 7748 9
162 10 5885 9
163 10 5777 8
164 10 4943 10
165 10 6412 9
166 10 8178 9
167 10 5217 9
168 10 13942 16
169 10 11299 12
170 10 12830 17
171 10 10141 13
172 10 9867 13
173 10 2078 6
174 10 3409 6
175 10 4293 5
176 10 3713 13
177 10 8132 8
178 10 11821 10
179 10 8807 8
180 10 15388 18
181 10 1667 3
182 10 10612 7
183 10 4565 4
184 10 11773 12
185 10 8236 9
186 10 1922 2
187 10 7919 7
188 10 12254 7
189 10 4935 4
190 10 5072 4
191 10 2824 4
192 10 15090 14
193 10 2338 3
194 10 13622 20
195 10 11574 11
196 10 3954 3
197 10 14131 11
198 10 6208 4
199 10 5038 4
200 10 5500 5
201 10 4904 4
202 10 2258 4
203 10 3745 4
204 10 2604 4
205 10 4343 4
206 10 6119 11
207 10 10139 16
208 10 4356 6
209 10 7204 19
210 10 11227 10
211 10 0 4
212 10 3067 4
213 10 10576 18
214 10 4519 5
215 10 10389 12
216 10 11349 17
217 10 9627 14
218 10 3161 6
219 10 2301 5
220 10 1200 4
221 10 5469 8
222 10 10219 51
223 10 2283 5
224 10 3461 5
225 10 11274 14
226 10 15336 29
227 10 510 6
228 10 2286 4
229 10 12110 17
230 10 9928 16
231 10 7929 10
232 10 2092 5
233 10 9164 17
234 10 2178 5
235 10 4457 6
236 10 11419 26
237 10 7232 7
238 10 6916 5
239 10 5669 8
240 10 2396 4
241 10 9108 11
242 10 13477 24
243 10 10182 13
244 10 6419 8
245 10 1859 4
246 10 13196 15
247 10 10898 13
248 10 2775 6
249 10 7508 7
250 10 760 5
251 10 2878 7
252 10 3095 5
253 10 4367 7
254 10 9113 10
255 10 15225 20
256 10 10873 14
257 10 6212 8
258 10 5192 7
259 10 2414 5
260 10 4683 8
261 10 2872 6
262 10 6488 15
263 10 8270 15
264 10 7584 9
265 10 13839 16
266 10 13267 19
267 10 6985 12
268 10 1960 5
269 10 6553 11
270 10 7263 9
271 10 5610 7
272 10 5811 5
273 10 5371 7
274 10 6248 10
275 10 7660 8
276 10 7506 13
277 10 4534 6
278 10 6570 11
279 10 12154 22
280 10 775 5
281 10 13913 39
282 10 14852 34
283 10 5055 6
284 10 10883 17
285 10 10532 13
286 10 2873 7
287 10 2319 6
288 10 8004 9
289 10 9250 17
290 10 10142 24
291 10 4278 6
292 10 6818 7
293 10 6378 11
294 10 12113 29
295 10 9472 9
296 10 4457 6
297 10 3071 6
298 10 5593 6
299 10 7147 7
300 10 12685 13
301 10 4405 6
302 10 0 4
303 10 6515 13
304 10 867 5
305 10 5502 9
306 10 12468 31
307 10 6149 7
308 10 6377 7
309 10 1944 4
310 10 4515 5
311 10 9544 8
312 10 15045 24
313 10 8961 10
314 10 12926 19
315 10 4589 3
316 10 4184 3
317 10 4546 3
318 10 7362 6
319 10 10244 20
320 10 1174 5
321 10 3380 5
322 10 6998 10
323 10 8172 12
324 10 9628 9
325 10 5058 11
326 10 11616 13
327 10 13633 17
328 10 12671 25
329 10 7140 9
330 10 9815 16
331 10 8573 9
332 10 6253 7
333 10 2112 5
334 10 0 5
335 10 7466 10
336 10 2558 6
337 10 8745 18
338 10 12774 17
339 10 11530 20
340 10 9681 14
341 10 4684 6
342 10 7878 8
343 10 12078 20
344 10 2742 5
345 10 6385 5
346 10 8063 10
347 10 3031 5
348 10 7345 9
349 10 4790 5
350 10 6347 8
351 10 3031 8
352 10 2248 4
353 10 4593 6
354 10 11434 17
355 10 929 5
356 10 7057 14
357 10 7725 12
358 10 7965 18
359 10 1445 4
360 10 2305 5
361 10 3263 5
362 10 13296 36
363 10 8842 12
364 10 10432 19
365 10 2827 5
366 10 8574 11
367 10 12038 23
368 10 13928 17
369 10 2893 4
370 10 8181 13
371 10 11175 12
372 10 7117 8
373 10 8478 10
374 10 13108 16
375 10 11176 13
376 10 6324 3
377 10 2294 2
378 10 7068 4
379 10 6734 6
380 10 6131 5
381 10 6170 4
382 10 7226 10
383 10 9099 15
384 10 13030 13
385 10 11824 15
386 10 12399 12
387 10 3174 3
388 10 2084 2
389 10 1698 2
390 10 0 2
391 10 5657 2
392 10 4823 3
393 10 2281 2
394 10 9150 5
395 10 13761 14
396 10 5719 5
397 10 7292 3
398 10 9377 5
399 10 12679 5
400 10 14234 7
401 10 8182 3
402 10 2504 3
403 10 12805 9
404 10 11011 5
405 10 8448 4
406 10 3080 2
407 10 7384 3
408 10 2445 2
409 10 6793 3
410 10 11249 5
411 10 7587 3
412 10 6317 4
413 10 2472 2
414 10 5210 3
415 10 9325 11
416 10 8736 3
417 10 0 1
418 10 8150 7
419 10 3747 2
420 10 10089 5
421 10 2395 2
422 10 12145 5
423 10 0 2
424 10 4577 2
425 10 12078 6
426 10 2071 2
427 10 3089 3
428 10 540 1
429 10 7753 4
430 10 6434 2
431 10 4888 2
432 10 8038 2
433 10 6779 3
434 10 10809 7
435 10 16476 20
436 10 6790 4
437 10 2111 3
438 10 6533 5
439 10 5574 3
440 10 6802 4
441 10 3392 3
442 10 2006 3
443 10 8081 11
444 10 12664 11
445 10 5641 5
446 10 7501 4
447 10 11311 14
448 10 4285 4
449 10 4685 3
450 10 4743 4
451 10 5619 5
452 10 6156 5
453 10 1640 4
454 10 2212 4
455 10 5810 4
456 10 10736 9
457 10 3223 3
458 10 2443 3
459 10 1714 3
460 10 6761 4
461 10 11957 10
462 10 6487 6
463 10 10961 7
464 10 7703 10
465 10 917 4
466 10 6185 4
467 10 3106 4
468 10 6028 7
469 10 2577 5
470 10 10023 7
471 10 9022 13
472 10 5011 6
473 10 666 5
474 10 4909 7
475 10 9113 10
476 10 6816 6
477 10 10769 9
478 10 4876 4
479 10 3216 4
480 10 8784 11
481 10 2914 3
482 10 15066 13
483 10 0 2
484 10 7848 5
485 10 1407 2
486 10 6732 5
487 10 8673 6
488 10 8331 5
489 10 5826 3
490 10 5439 3
491 10 15230 12
492 10 7273 4
493 10 0 2
494 10 6875 4
495 10 13642 12
496 10 10739 9
497 10 13105 14
498 10 1664 4
499 10 1263 4
500 10 3869 5
