1 15 5114 20051 000000000001111
2 15 2130 21752 000000000001000
3 15 7430 33571 000000000001111
4 15 7638 465 010110000010100
5 15 18175 45719 111111111111011
6 15 2331 78 000100000000000
7 15 19142 34198 111100111111101
8 15 20554 51481 111111111111101
9 15 4421 54275 000000000000111
10 15 10224 62364 000000111111111
11 15 3478 1640 000000000101011
12 15 7435 14187 000000000011111
13 15 17760 41745 111111001011111
14 15 3860 32850 000000000000111
15 15 633 27 000000000100
16 15 6634 27587 000000000011111
17 15 2395 244 000000000000011
18 15 13735 31601 100111101101001
19 15 18478 46108 111111111111100
20 15 18262 49447 001111100111111
21 15 11296 43781 000001111111111
22 15 12365 4909 011001110011001
23 15 16774 14687 011100111110110
24 15 14864 17894 111101111001001
25 15 13565 15502 011010111010101
26 15 14756 5861 101001001111111
27 15 2368 2005 000000000001000
28 15 3774 43226 000000000011111
29 15 2418 27892 001000000000001
30 15 16148 48279 111011110111011
31 15 16020 34887 111011011111100
32 15 10617 918 000100001010111
33 15 0 19 000000000000000
34 15 17001 11114 100011101111000
35 15 14872 10695 001001111001111
36 15 5072 335 000000000001101
37 15 15789 14983 010100110110111
38 15 8049 139 101001000100000
39 15 2739 3731 000000000000011
40 15 15949 28519 001001011111111
41 15 17431 41847 111111111110101
42 15 2484 1910 100000000000000
43 15 17653 44314 111111111111101
44 15 9670 5138 000000011001110
45 15 9343 5742 000010101101100
46 15 8869 56317 000000111111111
47 15 20707 28100 011111111111111
48 15 2368 188 000000010000000
49 15 16613 17724 111111000001111
50 15 14306 26968 101101101011001
51 15 19732 31178 101111011111111
52 15 9121 15826 000000000111111
53 15 4941 12822 000000000001111
54 15 2458 3385 000000000010000
55 15 17675 28899 101111111000110
56 15 16362 16881 110100101111010
57 15 4497 26386 000000000001111
58 15 1926 34 1000000000000
59 15 2000 23 1000000000
60 15 6805 3995 000000110001110
61 15 5670 39259 000000000111111
62 15 21688 39283 111111111111110
63 15 7478 1555 010010100000100
64 15 11989 21472 001011010110101
65 15 12577 11300 001110011110011
66 15 2122 61 000000000000001
67 15 11439 9710 011100100100101
68 15 2405 17916 010000000000000
69 15 9301 2630 100001101100100
70 15 15262 28806 111110111010001
71 15 2335 4265 001000000000000
72 15 12177 25927 000001111011111
73 15 7805 8411 000000000011111
74 15 8464 1194 100001100011010
75 15 8363 442 101100001000001
76 15 7529 25362 000000000001111
77 15 4268 60 000100000001100
78 15 17700 41613 111111111101111
79 15 10257 50474 000000011111111
80 15 3912 1862 000000000001101
81 15 16423 44473 111101011100111
82 15 13680 33047 000011111111111
83 15 12149 47035 000001111111111
84 15 17301 26868 111111111101011
85 15 6301 159 100000010000101
86 15 4736 64 011000000100000
87 15 10517 2012 110010100101010
88 15 18643 41225 111111110111111
89 15 17542 51690 110111010111011
90 15 5694 1492 000000000000111
91 15 8185 394 110000101100000
92 15 15257 59461 110111111111111
93 15 8584 298 010001000101101
94 15 14760 9980 000111110110111
95 15 8869 31998 000000000011111
96 15 7381 20588 000000000001111
97 15 6817 906 001001100000111
98 15 8433 4307 001001001010100
99 15 20414 20684 111101111100100
100 15 3430 23830 000000000000011
101 15 12752 48630 000001110111111
102 15 3790 34616 000000000000011
103 15 4286 10662 000000000111111
104 15 14938 27531 111011101110111
105 15 14899 23332 011101010101111
106 15 8780 1679 011011010000010
107 15 2390 37 000000000010000
108 15 12121 45830 000000001111111
109 15 2277 2709 001000000000000
110 15 13211 20629 111101001000011
111 15 19936 42034 110011110111111
112 15 17118 26922 111110100111111
113 15 16532 26080 110111010111110
114 15 20014 63582 001111110111111
115 15 19123 56464 111101111111111
116 15 16775 27691 001111101011011
117 15 14266 11703 111101110010000
118 15 9348 33816 000000111111111
119 15 11394 871 001000000101111
120 15 18162 31766 010111111101101
121 15 2190 48936 000100000000000
122 15 0 17 000000000000000
123 15 3475 35 00000001100000
124 15 7364 45367 000000000011111
125 15 4582 34107 000000000000111
126 15 15145 11774 110011111100000
127 15 17632 50395 111111111111011
128 15 13490 37584 111111010110100
129 15 10509 19115 000011111000111
130 15 18327 21672 111101111110100
131 15 7866 389 100110010000100
132 15 13306 5427 111111000100001
133 15 11375 18121 000001111100111
134 15 2256 30 000010000000
135 15 13198 20965 111101001011111
136 15 12278 44816 000011111111111
137 15 3220 51 000001000000010
138 15 11648 48792 000000111111111
139 15 4817 8463 000000000001111
140 15 3286 69 000000000011001
141 15 3332 442 000000000001101
142 15 10803 5871 000000101011110
143 15 1554 47 0000000000101
144 15 13310 5597 010001111100111
145 15 16262 18435 111011100010101
146 15 11811 29791 000000011110111
147 15 16020 24381 011110100011111
148 15 17985 55087 111110111011110
149 15 9785 4765 000101111000110
150 15 4436 45785 000000000000111
151 15 1427 24 1000000000000
152 15 13036 5666 010001011100110
153 15 2478 5181 010000000000001
154 15 9314 8187 000000010110111
155 15 4662 68 100011000001001
156 15 14404 35558 000011111111111
157 15 17977 49767 011011111111111
158 15 5386 2997 000000000000111
159 15 3823 900 000000000000111
160 15 15581 40949 110111111011101
161 15 11080 9718 001110000111001
162 15 6723 3212 000000000110111
163 15 8296 949 101000011000001
164 15 9085 3873 001001000110001
165 15 8730 34926 000000111111111
166 15 12304 2982 110001000101010
167 15 20819 51805 001111111111110
168 15 2775 34 00000000000101
169 15 17908 38086 001111100111101
170 15 13083 7785 000111111100011
171 15 6994 204 100001101000100
172 15 16108 33132 101111111111111
173 15 19348 37064 011011011111111
174 15 9953 28055 000000001111111
175 15 7370 33271 000000000111111
176 15 15478 29940 111101111011010
177 15 8217 408 010111001000100
178 15 15713 24063 111111110111101
179 15 7053 1016 000100001110000
180 15 12637 25814 110011011011111
181 15 2423 907 001000000000001
182 15 14687 15298 101000111111111
183 15 3358 220 000000001001000
184 15 13397 28282 111101001110111
185 15 9293 5727 110001010010001
186 15 4042 28957 000000000000111
187 15 13033 2388 110100011001100
188 15 21645 39915 111011011111111
189 15 5906 55183 000000000011111
190 15 15391 53871 111111111011111
191 15 12889 22486 111110001001101
192 15 10947 2106 000110001011101
193 15 4198 22210 000000000000111
194 15 17065 35995 101111111111111
195 15 15401 18122 111101101111111
196 15 12551 17683 000000011101111
197 15 9796 647 101000001001010
198 15 4285 154 00000000010100
199 15 8864 36066 000000011111111
200 15 19842 50208 000111111111111
201 15 3285 1249 000000000000011
202 15 11020 1830 110101001011000
203 15 7541 40903 000000000011111
204 15 16962 39589 110111111011111
205 15 8429 26345 000000110011111
206 15 11736 24018 000000011111111
207 15 9971 6426 111111000100001
208 15 17115 16905 111101101100100
209 15 9031 2267 110111100101000
210 15 5985 55 100000111000000
211 15 2483 11014 000100000000001
212 15 2625 7697 000000000000011
213 15 11725 10512 101101001011000
214 15 9351 54023 000000000111111
215 15 17970 12082 111001111001101
216 15 15436 37627 101100111111111
217 15 11138 2519 100110000100101
218 15 8222 1131 100101000101010
219 15 18674 15626 111111011111001
220 15 20410 26264 011110111111011
221 15 18649 53110 111111111011111
222 15 14529 43756 000011111111111
223 15 13553 5443 101001110101110
224 15 2393 34 000000000010000
225 15 19544 43551 111011011111111
226 15 14087 57565 111111101011111
227 15 14215 41405 111101011111111
228 15 2335 8369 000000000100000
229 15 12848 57973 000110111111111
230 15 2326 26 0000000010
231 15 8232 7211 000000000001111
232 15 5504 24902 000000000000111
233 15 11250 43804 101111011011011
234 15 16019 39609 011101110111011
235 15 7581 6632 000000000011111
236 15 18585 33584 111111111101111
237 15 2106 21 100000
238 15 15175 42329 011111111011111
239 15 507 26 010000000000000
240 15 2236 8080 000000000100001
241 15 4909 46 100000011000000
242 15 1630 23 000000000001
243 15 14213 13822 111100100011101
244 15 8541 3577 001010100111110
245 15 5574 54078 000011111111111
246 15 23596 25386 101011111111011
247 15 13556 7535 101110001100110
248 15 16789 48706 111011111111111
249 15 9265 38142 000111111101111
250 15 2332 38927 000000000000100
251 15 16040 44385 101111111111111
252 15 5819 17629 000000000111111
253 15 12367 32394 111111101110111
254 15 10550 1154 011100100110010
255 15 16652 26575 101110110101101
256 15 18125 22823 111110011101111
257 15 6097 9092 000000011110111
258 15 13831 32973 000000001111111
259 15 3191 1881 000000000000111
260 15 8533 359 000010010010001
261 15 20102 44406 111111111111001
262 15 3735 43 000000001000001
263 15 15911 22769 011111110011001
264 15 5347 1115 110010001100000
265 15 9338 10790 100101110101010
266 15 18933 48291 011111111111111
267 15 11595 1024 100100101010001
268 15 4235 723 000000000011101
269 15 16025 30638 111111110000101
270 15 19454 34657 111111111111110
271 15 14878 53749 001111111111111
272 15 14153 47849 000011111111111
273 15 17094 49697 001101111111111
274 15 6352 37 00000100001100
275 15 6833 10801 000000101111011
276 15 22233 30366 111111011111111
277 15 6501 37889 000000001111111
278 15 18149 34066 101111011011101
279 15 9986 1977 110000001111001
280 15 9597 40569 000000011111111
281 15 15534 25072 011111111111111
282 15 17136 22048 110101101011110
283 15 8197 11815 000000001111111
284 15 9120 22481 111110110101100
285 15 8336 733 000110000010110
286 15 19612 31392 111011111111111
287 15 17244 15701 110111111101101
288 15 17499 54555 111111110011111
289 15 15127 37597 011101111011101
290 15 17688 22531 111101110111111
291 15 1894 27 00100000
292 15 14234 43344 111101111011011
293 15 19570 29636 110110111110111
294 15 17331 44072 101111111011110
295 15 21926 47974 001111111111111
296 15 3790 723 000000000000111
297 15 7060 631 000000000101011
298 15 8091 43870 000000011111111
299 15 10986 38256 000000001111111
300 15 9819 801 101011010000010
301 15 4092 4838 000000000001111
302 15 4742 41 10001000000000
303 15 0 17 000000000000000
304 15 7357 15646 000000000011111
305 15 18449 40971 111111011111111
306 15 17404 41991 000011111111111
307 15 4737 239 00000001100011
308 15 19712 38115 111111111011111
309 15 3017 22962 000000000000011
310 15 8550 2350 000000111101001
311 15 14185 33387 000001111111111
312 15 13122 14604 011111001001011
313 15 6751 1508 110000100000001
314 15 15347 57270 101111111111010
315 15 4316 9649 000000000000111
316 15 2359 40 000000000000010
317 15 9264 8878 000000001111011
318 15 14500 35869 000010111101111
319 15 6807 1641 000000001011101
320 15 2034 2403 000000000000011
321 15 5691 29823 000000000001111
322 15 19213 33032 110111111111111
323 15 12870 4420 101011010110011
324 15 9931 17839 000000111011111
325 15 13695 9808 100100011110110
326 15 14840 11856 000000101111111
327 15 15907 28773 110100111000111
328 15 17675 49413 110111111111111
329 15 14915 6683 101111100101000
330 15 9330 89 000000110000111
331 15 16661 22921 100011111011100
332 15 8411 11377 000001100101100
333 15 2440 41818 001000000000000
334 15 2527 6539 000000000000011
335 15 20009 47291 011111111111110
336 15 3974 16077 000000000000011
337 15 17635 30168 100111110111101
338 15 13054 53012 000011111111111
339 15 10265 9956 000011111100100
340 15 9838 1562 000111010001000
341 15 2568 113 000000000000101
342 15 11835 28343 001100111011111
343 15 18281 35707 111110111111111
344 15 6030 38483 000000000001111
345 15 4885 1787 000000000000111
346 15 13636 34759 011011101111111
347 15 8419 36951 000000001111111
348 15 14326 33435 011111111100011
349 15 7330 12558 000000001111111
350 15 18404 58514 000111111111111
351 15 16068 29610 001111100011111
352 15 3402 23166 000000000000011
353 15 3998 8729 000000000000011
354 15 15249 21191 011011110001110
355 15 4657 13299 000000000001111
356 15 19532 47344 111111101111011
357 15 2015 26 00000010000
358 15 6229 358 000001001000100
359 15 3802 27538 000000000000011
360 15 19713 80015 111111011111111
361 15 2455 41892 000010000000000
362 15 16531 35289 001110111110101
363 15 21932 37644 001111111111111
364 15 4802 54 00000011001010
365 15 20665 51283 111111111011111
366 15 10938 4254 000101101010001
367 15 5070 197 000110100001000
368 15 12196 11408 111011111101001
369 15 5982 58813 000000000000111
370 15 12988 2922 010010111010001
371 15 6057 127 000010100100000
372 15 8246 9353 000001011110100
373 15 7545 60 0001110001000
374 15 14693 7386 010011111000001
375 15 15964 42714 011111111011110
376 15 11832 45189 000000111111111
377 15 3727 70 000000000000110
378 15 14112 7605 000000011111011
379 15 15171 57813 000000111111111
380 15 10451 34788 000000111111111
381 15 9071 16306 000001111110111
382 15 15550 32830 011111010101111
383 15 16747 68118 011110110111111
384 15 15594 76804 011011111111111
385 15 6808 666 010000010100001
386 15 12707 7166 110110001111001
387 15 12444 53196 000001111111111
388 15 2414 30 00000000100
389 15 2227 11743 001000000000000
390 15 6239 8420 000000000001111
391 15 8530 2607 000010000110001
392 15 5553 60254 000000000111111
393 15 6259 51353 000000000011111
394 15 14135 6977 101010101110010
395 15 12562 14753 101000111010101
396 15 12360 5578 111000111001110
397 15 5013 165 000000001001001
398 15 5443 1130 010010001010000
399 15 13376 44095 011101111111101
400 15 13318 18169 010011011010111
401 15 16526 51496 011001111111101
402 15 18128 44201 111110111111111
403 15 3941 26 000001010000
404 15 4466 42 00000101000000
405 15 14818 18888 110101010110110
406 15 3274 50092 000000000001111
407 15 9912 38989 000000011111111
408 15 4485 6079 000000000001111
409 15 9501 1511 000000111001110
410 15 22314 34799 111111111111011
411 15 5250 1926 000000000001111
412 15 21921 31733 111111110011111
413 15 5186 35724 000000000001111
414 15 6552 3743 000000000001111
415 15 16696 10908 110111101010101
416 15 17433 24155 000111111111110
417 15 5826 5433 000000000001111
418 15 14531 14433 101101100110011
419 15 7741 2377 000001000111001
420 15 12810 22583 111110011100110
421 15 13972 41342 001111111111111
422 15 12136 7636 101000011110010
423 15 6968 702 010100010100001
424 15 16591 49092 011111101111111
425 15 10751 3335 101000000111100
426 15 2457 3146 000000000000100
427 15 18486 24337 110111111101010
428 15 2445 2948 000000100000000
429 15 10393 10171 001100000010111
430 15 8979 7736 000000001101111
431 15 10456 41477 000000011111111
432 15 9409 31449 000001110011111
433 15 5184 59 00100010100
434 15 17656 28086 111101111001101
435 15 9233 6017 000011010111010
436 15 7776 14915 000000001101111
437 15 10370 68575 000000111111111
438 15 15066 29840 111111101111111
439 15 10216 13143 000000011111011
440 15 8644 20200 000001011011001
441 15 5468 53098 000000000001111
442 15 2435 23417 100000000000000
443 15 17975 49664 111101111111111
444 15 10068 981 000110110010001
445 15 17344 32478 111111101101111
446 15 4295 463 000000000010101
447 15 6909 232 001000000110101
448 15 5538 22929 000000000011111
449 15 2481 28 000000000000001
450 15 12868 39840 000000001111111
451 15 18274 39626 111101101111001
452 15 10868 4878 111010101000110
453 15 18760 23915 001101100111111
454 15 2390 382 000000000010000
455 15 7677 1815 000000010001110
456 15 15161 11252 100100101111011
457 15 5791 51960 000000000000111
458 15 2308 6729 000000000100000
459 15 2312 18317 001000000000000
460 15 8791 26317 000000000111111
461 15 9622 759 010101000011000
462 15 13377 46374 000000111111111
463 15 1802 30 0000000001000
464 15 19630 50576 011111111111111
465 15 2275 17598 000000000010000
466 15 4870 3752 000000000111001
467 15 1274 24 10000000
468 15 2171 34 01000000100000
469 15 10706 4463 011100000010010
470 15 11482 27310 100110110101011
471 15 13239 43830 001111111011111
472 15 12056 49177 000001111111111
473 15 2166 8398 001000000000000
474 15 17402 45901 110111111111111
475 15 16314 21484 001011111110111
476 15 15190 32796 001101111111101
477 15 6910 4052 000000000111111
478 15 5223 1614 000000000011001
479 15 6923 9443 000000000001111
480 15 16250 29945 111110101010111
481 15 2770 37 0000000001001
482 15 10348 9039 100100111011000
483 15 9713 3851 000010101101000
484 15 15328 17077 101111011001101
485 15 2478 9538 000100000000000
486 15 1396 24 100000000000
487 15 16979 17861 011011111110100
488 15 12194 12442 111100110101010
489 15 1148 24 010000000
490 15 8169 32777 000000111110111
491 15 14308 25752 110100110110111
492 15 8895 531 110000001010100
493 15 2492 21940 000001000000000
494 15 3824 2261 000000000000101
495 15 19692 52473 110111111111111
496 15 14010 16339 110111100000011
497 15 18358 51249 110111111111101
498 15 2700 1406 000000000000011
499 15 5881 3892 000000000000111
500 15 23252 49182 111101111111111
