1 15 5954 25
2 15 2130 0
3 15 7654 43
4 15 7638 6
5 15 18175 243
6 15 2331 0
7 15 19142 249
8 15 20554 244
9 15 6438 13
10 15 11871 218
11 15 5087 11
12 15 8971 115
13 15 17760 251
14 15 5372 19
15 15 633 0
16 15 8960 114
17 15 2933 1
18 15 13735 176
19 15 18478 211
20 15 18262 225
21 15 12378 214
22 15 12365 44
23 15 16774 166
24 15 14864 157
25 15 13565 132
26 15 14756 89
27 15 2673 0
28 15 5262 13
29 15 3327 1
30 15 16148 242
31 15 16020 199
32 15 10617 22
33 15 0 0
34 15 17001 74
35 15 14872 151
36 15 6453 4
37 15 15789 131
38 15 8049 2
39 15 4213 5
40 15 16400 193
41 15 17431 245
42 15 4221 1
43 15 17653 243
44 15 9670 40
45 15 9343 40
46 15 10248 231
47 15 20707 241
48 15 2490 0
49 15 16613 170
50 15 14306 218
51 15 19732 245
52 15 10777 163
53 15 5656 25
54 15 2802 0
55 15 17675 238
56 15 16362 153
57 15 6460 40
58 15 1926 0
59 15 2000 0
60 15 8556 52
61 15 7708 96
62 15 21688 242
63 15 7478 12
64 15 11989 164
65 15 12577 133
66 15 2768 1
67 15 11439 95
68 15 4226 2
69 15 9301 33
70 15 15262 181
71 15 3800 4
72 15 12705 214
73 15 8785 97
74 15 8464 12
75 15 8363 4
76 15 8900 45
77 15 4268 1
78 15 17700 261
79 15 10692 167
80 15 6246 13
81 15 16423 244
82 15 15160 245
83 15 13946 224
84 15 17301 306
85 15 6301 3
86 15 4736 2
87 15 10517 28
88 15 18643 251
89 15 17542 248
90 15 7595 13
91 15 8185 4
92 15 15257 243
93 15 8584 8
94 15 14760 130
95 15 9737 83
96 15 9138 65
97 15 6817 18
98 15 9543 29
99 15 20414 198
100 15 4409 5
101 15 14168 231
102 15 5721 4
103 15 5838 57
104 15 14938 193
105 15 14899 198
106 15 8780 16
107 15 2390 0
108 15 13540 156
109 15 4071 5
110 15 13211 200
111 15 19936 242
112 15 17118 245
113 15 16532 231
114 15 21480 243
115 15 19123 270
116 15 16775 194
117 15 14266 142
118 15 11480 226
119 15 11394 16
120 15 18162 229
121 15 4011 2
122 15 0 0
123 15 3475 1
124 15 8927 50
125 15 6831 56
126 15 15145 101
127 15 17632 242
128 15 13490 224
129 15 11035 146
130 15 18327 189
131 15 7866 6
132 15 13306 62
133 15 13090 179
134 15 2256 0
135 15 13198 207
136 15 13620 218
137 15 3220 0
138 15 13609 231
139 15 6725 25
140 15 3286 2
141 15 3743 2
142 15 12457 66
143 15 2532 1
144 15 13310 70
145 15 16262 133
146 15 13953 181
147 15 16020 232
148 15 17985 248
149 15 9785 54
150 15 4682 17
151 15 1427 0
152 15 13036 62
153 15 3817 1
154 15 10926 79
155 15 4662 1
156 15 14404 245
157 15 17977 221
158 15 6323 20
159 15 4634 3
160 15 15581 257
161 15 13255 128
162 15 8355 30
163 15 8296 13
164 15 9085 27
165 15 10961 231
166 15 12304 36
167 15 20819 264
168 15 2775 0
169 15 17933 263
170 15 13083 83
171 15 6994 2
172 15 16108 218
173 15 19348 222
174 15 9953 83
175 15 9057 97
176 15 15478 229
177 15 8217 7
178 15 15713 219
179 15 7053 9
180 15 12637 198
181 15 3176 0
182 15 14687 143
183 15 5177 3
184 15 13397 201
185 15 9293 64
186 15 5376 16
187 15 13033 33
188 15 21645 220
189 15 7803 47
190 15 15391 248
191 15 12889 155
192 15 10947 38
193 15 5768 12
194 15 17065 242
195 15 15401 206
196 15 14113 130
197 15 9796 11
198 15 4477 1
199 15 10698 185
200 15 20648 245
201 15 4683 4
202 15 11020 27
203 15 7541 62
204 15 16962 247
205 15 8429 158
206 15 13355 203
207 15 9971 56
208 15 17115 144
209 15 9031 20
210 15 5985 1
211 15 4022 2
212 15 5032 10
213 15 11725 85
214 15 10229 85
215 15 17970 141
216 15 15436 224
217 15 11138 29
218 15 8222 12
219 15 18674 215
220 15 21144 219
221 15 18649 241
222 15 16215 239
223 15 13553 58
224 15 2393 0
225 15 19544 246
226 15 14087 244
227 15 14215 242
228 15 3038 3
229 15 14572 244
230 15 2326 0
231 15 8368 81
232 15 6668 16
233 15 11250 245
234 15 16489 216
235 15 9174 66
236 15 18585 254
237 15 2106 0
238 15 16450 257
239 15 507 0
240 15 3342 2
241 15 4909 1
242 15 1630 0
243 15 14213 120
244 15 8541 49
245 15 7624 251
246 15 23596 236
247 15 13556 78
248 15 16789 243
249 15 10419 259
250 15 4316 4
251 15 16040 242
252 15 6198 25
253 15 12367 246
254 15 10550 14
255 15 16652 189
256 15 18125 219
257 15 8079 98
258 15 14558 202
259 15 4659 5
260 15 8533 7
261 15 20102 246
262 15 3735 0
263 15 15911 172
264 15 5347 14
265 15 9338 117
266 15 18933 230
267 15 11595 14
268 15 5767 13
269 15 16025 218
270 15 19454 312
271 15 15353 246
272 15 15315 242
273 15 17878 244
274 15 6352 1
275 15 8656 105
276 15 22233 242
277 15 7631 89
278 15 18149 240
279 15 9986 22
280 15 11153 101
281 15 15534 241
282 15 17136 184
283 15 9867 107
284 15 9120 212
285 15 8336 9
286 15 19612 245
287 15 17244 205
288 15 17499 242
289 15 15817 238
290 15 17688 257
291 15 1894 0
292 15 14234 247
293 15 19570 234
294 15 17331 256
295 15 23234 245
296 15 4666 6
297 15 7111 8
298 15 8949 144
299 15 12390 205
300 15 9819 11
301 15 4425 38
302 15 4742 1
303 15 0 0
304 15 9518 70
305 15 18449 298
306 15 19462 308
307 15 5122 3
308 15 19712 241
309 15 4510 5
310 15 8550 36
311 15 14841 240
312 15 13122 119
313 15 6751 19
314 15 15347 248
315 15 5662 15
316 15 2359 0
317 15 10203 100
318 15 16123 236
319 15 6807 21
320 15 3476 2
321 15 6764 77
322 15 19213 242
323 15 12870 70
324 15 11351 176
325 15 13695 117
326 15 15844 150
327 15 15907 231
328 15 17675 251
329 15 14915 99
330 15 9330 4
331 15 16661 206
332 15 10116 88
333 15 2819 0
334 15 3867 2
335 15 20009 244
336 15 5603 8
337 15 17635 226
338 15 13471 241
339 15 11967 73
340 15 9838 20
341 15 4325 2
342 15 12742 248
343 15 18281 246
344 15 7640 33
345 15 7130 17
346 15 13636 246
347 15 8973 83
348 15 14326 238
349 15 9175 120
350 15 19084 256
351 15 16068 227
352 15 4764 3
353 15 6287 15
354 15 15249 198
355 15 6785 32
356 15 19532 247
357 15 2015 0
358 15 6229 7
359 15 4998 7
360 15 19713 241
361 15 4212 4
362 15 16531 225
363 15 21932 247
364 15 5147 1
365 15 20665 255
366 15 11593 28
367 15 5070 4
368 15 12196 122
369 15 7191 22
370 15 12988 28
371 15 6057 2
372 15 9662 87
373 15 7545 1
374 15 14693 70
375 15 15964 246
376 15 12934 197
377 15 5541 1
378 15 14667 194
379 15 16235 227
380 15 11625 242
381 15 9598 137
382 15 15550 245
383 15 16747 245
384 15 15594 246
385 15 6808 8
386 15 12707 97
387 15 13834 231
388 15 2414 0
389 15 4018 1
390 15 7644 30
391 15 9344 26
392 15 7729 57
393 15 6666 28
394 15 14135 82
395 15 12562 108
396 15 12360 68
397 15 6637 5
398 15 5443 12
399 15 14938 245
400 15 13318 174
401 15 17099 254
402 15 18128 242
403 15 3941 0
404 15 4466 1
405 15 14818 142
406 15 5261 14
407 15 10357 188
408 15 5748 9
409 15 9641 27
410 15 22314 256
411 15 6607 21
412 15 21921 246
413 15 7324 19
414 15 8761 49
415 15 16696 165
416 15 18436 292
417 15 7555 32
418 15 14531 130
419 15 9366 27
420 15 12810 184
421 15 15432 246
422 15 12136 86
423 15 6968 9
424 15 17004 245
425 15 10751 32
426 15 3127 1
427 15 18486 231
428 15 2445 0
429 15 10393 68
430 15 10762 81
431 15 11984 175
432 15 11525 190
433 15 5954 1
434 15 17656 275
435 15 9233 47
436 15 9386 91
437 15 11264 269
438 15 15066 254
439 15 11083 158
440 15 9234 130
441 15 5887 11
442 15 2482 0
443 15 17975 242
444 15 10068 14
445 15 17344 239
446 15 5271 8
447 15 6909 7
448 15 6691 50
449 15 2481 0
450 15 14830 204
451 15 18274 216
452 15 10868 44
453 15 18760 212
454 15 3021 0
455 15 8219 29
456 15 15161 160
457 15 6914 9
458 15 3601 2
459 15 3086 1
460 15 10354 93
461 15 9622 11
462 15 15243 224
463 15 1802 0
464 15 19630 243
465 15 2321 1
466 15 6184 31
467 15 1274 0
468 15 2171 0
469 15 10706 27
470 15 11482 276
471 15 13239 250
472 15 14418 237
473 15 2166 0
474 15 17402 258
475 15 17495 228
476 15 15190 244
477 15 8263 46
478 15 6855 20
479 15 8339 31
480 15 16250 182
481 15 2770 0
482 15 10348 86
483 15 10536 29
484 15 15328 202
485 15 2478 0
486 15 1396 0
487 15 17348 187
488 15 12194 82
489 15 1148 0
490 15 9824 227
491 15 14308 208
492 15 8895 8
493 15 2492 0
494 15 5658 14
495 15 19692 247
496 15 14010 168
497 15 18358 303
498 15 3225 2
499 15 7301 12
500 15 23252 248
