1 15 13383 72
2 15 16649 77
3 15 16292 102
4 15 7638 21
5 15 18175 149
6 15 4823 14
7 15 19142 114
8 15 20554 130
9 15 19936 145
10 15 18198 150
11 15 7079 30
12 15 11960 67
13 15 17760 105
14 15 14958 94
15 15 633 1
16 15 13365 102
17 15 6084 22
18 15 13735 109
19 15 18478 112
20 15 18705 135
21 15 18689 151
22 15 12365 43
23 15 16774 78
24 15 14864 83
25 15 13565 77
26 15 14756 48
27 15 10468 38
28 15 15738 115
29 15 19972 89
30 15 16148 141
31 15 16020 119
32 15 10617 53
33 15 0 1
34 15 17001 62
35 15 14872 62
36 15 10645 25
37 15 15789 85
38 15 8049 14
39 15 10259 48
40 15 18306 129
41 15 17431 157
42 15 9945 43
43 15 17653 185
44 15 9670 75
45 15 9343 73
46 15 14049 224
47 15 20707 174
48 15 5814 26
49 15 16613 142
50 15 14306 185
51 15 19732 200
52 15 12958 128
53 15 12993 113
54 15 11330 69
55 15 17675 141
56 15 16362 118
57 15 13005 151
58 15 1926 14
59 15 2000 1
60 15 9365 80
61 15 15023 198
62 15 21688 279
63 15 7478 70
64 15 11989 153
65 15 12577 105
66 15 4845 11
67 15 11439 181
68 15 15565 150
69 15 9301 68
70 15 15262 178
71 15 10735 88
72 15 14892 181
73 15 12029 107
74 15 8464 50
75 15 8363 26
76 15 19868 170
77 15 4268 17
78 15 17700 256
79 15 17520 294
80 15 9776 61
81 15 16423 217
82 15 19080 231
83 15 19264 292
84 15 17301 208
85 15 6301 30
86 15 4736 22
87 15 10517 59
88 15 18643 239
89 15 17542 325
90 15 12066 62
91 15 8185 39
92 15 15257 328
93 15 8584 34
94 15 14760 109
95 15 18470 201
96 15 15726 194
97 15 6817 75
98 15 9800 123
99 15 20414 193
100 15 16143 188
101 15 17339 270
102 15 24347 230
103 15 7328 123
104 15 14938 156
105 15 14899 147
106 15 8780 54
107 15 2390 13
108 15 23281 253
109 15 10604 67
110 15 13211 127
111 15 19936 241
112 15 17118 267
113 15 16532 176
114 15 21987 341
115 15 19123 320
116 15 16775 167
117 15 14266 138
118 15 15074 254
119 15 11394 53
120 15 18162 275
121 15 20020 326
122 15 0 1
123 15 3475 21
124 15 21345 329
125 15 16267 249
126 15 15145 138
127 15 17632 428
128 15 13490 250
129 15 11035 181
130 15 18327 209
131 15 7866 54
132 15 13306 116
133 15 16547 193
134 15 4437 6
135 15 13198 198
136 15 16437 343
137 15 3220 15
138 15 17999 346
139 15 12560 139
140 15 3286 27
141 15 7915 36
142 15 15829 109
143 15 4392 24
144 15 13310 112
145 15 16262 166
146 15 18832 226
147 15 16020 218
148 15 17985 344
149 15 9785 111
150 15 13653 310
151 15 1427 7
152 15 13036 124
153 15 14377 115
154 15 13185 134
155 15 4662 18
156 15 16569 209
157 15 17977 267
158 15 10533 76
159 15 11394 69
160 15 15581 302
161 15 14069 152
162 15 11804 113
163 15 8296 88
164 15 9085 121
165 15 13687 264
166 15 12304 81
167 15 20819 385
168 15 2775 9
169 15 19110 297
170 15 13083 154
171 15 6994 34
172 15 16108 256
173 15 19348 260
174 15 18571 240
175 15 16561 259
176 15 15478 231
177 15 8217 51
178 15 15713 190
179 15 7053 87
180 15 12637 228
181 15 9056 74
182 15 14687 151
183 15 6166 49
184 15 13397 207
185 15 9293 110
186 15 15526 226
187 15 13033 94
188 15 21645 255
189 15 20523 338
190 15 15391 378
191 15 12889 188
192 15 10947 84
193 15 17315 164
194 15 17065 242
195 15 15401 136
196 15 14957 136
197 15 9796 49
198 15 7728 19
199 15 16316 201
200 15 22810 228
201 15 7626 39
202 15 11020 48
203 15 17315 190
204 15 16962 183
205 15 12286 132
206 15 15246 198
207 15 9971 84
208 15 17115 152
209 15 9031 53
210 15 5985 14
211 15 12279 148
212 15 13221 127
213 15 11725 150
214 15 21292 241
215 15 17970 103
216 15 15436 144
217 15 11138 45
218 15 8222 24
219 15 18674 66
220 15 21144 91
221 15 18649 162
222 15 17496 101
223 15 13553 42
224 15 4496 5
225 15 19544 154
226 15 14087 198
227 15 14215 135
228 15 11239 62
229 15 16060 230
230 15 2326 7
231 15 12498 52
232 15 18621 111
233 15 11250 134
234 15 16863 115
235 15 12695 50
236 15 18585 99
237 15 2106 1
238 15 16830 130
239 15 507 1
240 15 13378 42
241 15 4909 9
242 15 1630 3
243 15 14213 69
244 15 8541 56
245 15 11642 161
246 15 23596 105
247 15 13556 64
248 15 16789 147
249 15 13345 137
250 15 19272 111
251 15 16040 149
252 15 12367 80
253 15 12367 117
254 15 10550 30
255 15 16652 100
256 15 18125 83
257 15 12065 52
258 15 19787 150
259 15 9993 31
260 15 8533 19
261 15 20102 135
262 15 3735 2
263 15 15911 88
264 15 5347 37
265 15 9338 75
266 15 18933 161
267 15 11595 37
268 15 6500 30
269 15 16025 124
270 15 19454 148
271 15 15354 162
272 15 18458 144
273 15 18824 135
274 15 6352 3
275 15 11143 67
276 15 22233 115
277 15 15858 125
278 15 18149 98
279 15 9986 56
280 15 22469 169
281 15 15534 144
282 15 17136 126
283 15 14404 71
284 15 9120 142
285 15 8336 30
286 15 19612 147
287 15 17244 76
288 15 17499 183
289 15 16460 114
290 15 17688 104
291 15 3542 8
292 15 14234 166
293 15 19570 126
294 15 17331 170
295 15 25129 191
296 15 7077 52
297 15 11848 15
298 15 15974 184
299 15 17606 164
300 15 9819 31
301 15 6634 57
302 15 4742 9
303 15 0 1
304 15 16437 82
305 15 18449 155
306 15 21261 180
307 15 7185 16
308 15 19712 180
309 15 14719 129
310 15 8550 50
311 15 19873 106
312 15 13122 75
313 15 6751 52
314 15 15347 151
315 15 11644 54
316 15 4397 6
317 15 13687 61
318 15 18496 105
319 15 6807 42
320 15 9150 33
321 15 13264 118
322 15 19213 127
323 15 12870 44
324 15 16317 116
325 15 13695 79
326 15 17830 79
327 15 15907 152
328 15 17675 177
329 15 14915 48
330 15 9330 12
331 15 16661 96
332 15 11044 88
333 15 20273 113
334 15 11676 55
335 15 20009 137
336 15 16027 72
337 15 17635 98
338 15 17045 167
339 15 13366 57
340 15 9838 34
341 15 4929 12
342 15 12976 103
343 15 18281 124
344 15 18162 125
345 15 8043 40
346 15 13636 139
347 15 16157 139
348 15 14326 136
349 15 12068 80
350 15 20075 225
351 15 16068 144
352 15 15236 118
353 15 15568 71
354 15 15249 126
355 15 13282 79
356 15 19532 155
357 15 2015 3
358 15 6229 33
359 15 18106 137
360 15 19713 202
361 15 17268 158
362 15 16531 131
363 15 21932 110
364 15 5147 7
365 15 20665 183
366 15 11593 100
367 15 5070 21
368 15 12196 75
369 15 21623 192
370 15 12988 50
371 15 6057 35
372 15 10122 115
373 15 7545 14
374 15 14693 138
375 15 16908 265
376 15 20454 305
377 15 7407 17
378 15 17584 100
379 15 23457 369
380 15 12671 232
381 15 14633 170
382 15 15550 217
383 15 16747 278
384 15 15594 324
385 15 6808 50
386 15 12707 89
387 15 18302 321
388 15 4437 9
389 15 14874 165
390 15 11759 134
391 15 10116 93
392 15 18298 499
393 15 18416 375
394 15 14135 105
395 15 12562 165
396 15 12360 104
397 15 6970 56
398 15 5443 84
399 15 15352 296
400 15 13318 157
401 15 17475 300
402 15 18128 264
403 15 3941 4
404 15 4466 26
405 15 14818 161
406 15 16573 247
407 15 15337 286
408 15 13835 110
409 15 9887 59
410 15 22314 273
411 15 7111 86
412 15 21921 252
413 15 22963 290
414 15 12188 101
415 15 16696 152
416 15 20819 197
417 15 11500 94
418 15 14531 122
419 15 9366 79
420 15 12810 175
421 15 17584 288
422 15 12136 97
423 15 6968 41
424 15 17520 293
425 15 10751 69
426 15 10538 82
427 15 18486 166
428 15 7841 86
429 15 10393 157
430 15 17476 100
431 15 18015 278
432 15 14046 252
433 15 7212 8
434 15 17656 253
435 15 9233 109
436 15 12937 170
437 15 17946 442
438 15 15066 328
439 15 13111 147
440 15 11868 172
441 15 18215 318
442 15 12610 225
443 15 17975 383
444 15 10068 69
445 15 17344 217
446 15 6014 66
447 15 6909 42
448 15 13769 191
449 15 4337 11
450 15 21803 278
451 15 18274 235
452 15 10868 98
453 15 18760 146
454 15 10362 34
455 15 10854 35
456 15 15161 77
457 15 24334 190
458 15 11297 67
459 15 11642 97
460 15 15672 114
461 15 9622 26
462 15 20498 186
463 15 1802 6
464 15 19630 178
465 15 14034 84
466 15 8020 65
467 15 1274 2
468 15 2171 4
469 15 10706 63
470 15 11482 136
471 15 13239 159
472 15 18428 236
473 15 9264 103
474 15 17402 205
475 15 18150 105
476 15 15190 126
477 15 8388 68
478 15 8812 42
479 15 14571 94
480 15 16250 141
481 15 4869 7
482 15 10348 88
483 15 12087 69
484 15 15328 103
485 15 15829 82
486 15 1396 3
487 15 17882 108
488 15 12194 83
489 15 1148 2
490 15 12249 152
491 15 14308 130
492 15 8895 30
493 15 17644 126
494 15 9045 37
495 15 19692 257
496 15 14010 100
497 15 18358 199
498 15 9268 66
499 15 16543 58
500 15 23252 207
