1 15 5612 4
2 15 2130 3
3 15 7011 3
4 15 7638 4
5 15 18175 53
6 15 2331 2
7 15 19142 76
8 15 20554 52
9 15 5065 3
10 15 9947 5
11 15 3599 2
12 15 7162 4
13 15 17760 69
14 15 3966 2
15 15 633 3
16 15 8344 3
17 15 1933 2
18 15 13735 18
19 15 18478 63
20 15 17222 22
21 15 11142 10
22 15 12365 17
23 15 16774 37
24 15 14864 15
25 15 13565 10
26 15 14756 23
27 15 2094 2
28 15 4671 2
29 15 2399 2
30 15 16148 17
31 15 16020 17
32 15 10617 7
33 15 0 2
34 15 17001 15
35 15 14872 21
36 15 6175 3
37 15 15789 15
38 15 8049 5
39 15 2391 3
40 15 15368 19
41 15 17431 65
42 15 2341 3
43 15 17653 58
44 15 9670 8
45 15 9343 12
46 15 8594 14
47 15 20707 108
48 15 2294 3
49 15 16613 33
50 15 14306 11
51 15 19732 94
52 15 9133 8
53 15 4157 4
54 15 1999 4
55 15 17675 40
56 15 16362 19
57 15 5294 4
58 15 1926 5
59 15 2000 4
60 15 8160 5
61 15 6565 5
62 15 21688 60
63 15 7478 5
64 15 11989 11
65 15 12577 19
66 15 3482 3
67 15 11439 11
68 15 2321 3
69 15 9301 11
70 15 15262 28
71 15 3124 4
72 15 11722 9
73 15 8560 6
74 15 8464 7
75 15 8363 7
76 15 6669 4
77 15 4268 5
78 15 17700 81
79 15 8328 10
80 15 4991 4
81 15 16423 39
82 15 13729 23
83 15 11853 9
84 15 17301 121
85 15 6301 9
86 15 4736 6
87 15 10517 12
88 15 18643 67
89 15 17542 52
90 15 6221 6
91 15 8185 9
92 15 15257 42
93 15 8584 11
94 15 14760 60
95 15 7933 6
96 15 8369 12
97 15 6817 20
98 15 9800 12
99 15 20414 103
100 15 2366 6
101 15 13393 40
102 15 4634 7
103 15 4692 8
104 15 14938 121
105 15 14899 45
106 15 8780 14
107 15 2390 7
108 15 11956 17
109 15 2611 6
110 15 13211 52
111 15 19806 158
112 15 17118 58
113 15 16532 105
114 15 20891 68
115 15 19123 57
116 15 16775 50
117 15 14266 22
118 15 10582 18
119 15 11394 11
120 15 18162 49
121 15 1970 6
122 15 0 4
123 15 3475 7
124 15 7930 8
125 15 5830 8
126 15 15145 24
127 15 17632 94
128 15 13490 30
129 15 10662 15
130 15 18327 49
131 15 7866 9
132 15 13306 33
133 15 10990 10
134 15 2181 4
135 15 13198 34
136 15 11927 25
137 15 3220 4
138 15 13392 14
139 15 5791 4
140 15 3286 6
141 15 2122 4
142 15 11819 9
143 15 1217 5
144 15 13310 32
145 15 16262 44
146 15 12497 19
147 15 16020 85
148 15 17985 74
149 15 9785 14
150 15 3110 4
151 15 1427 5
152 15 13036 13
153 15 2465 4
154 15 9186 9
155 15 4662 6
156 15 13798 39
157 15 17977 75
158 15 5324 5
159 15 4457 4
160 15 15581 59
161 15 12302 13
162 15 7114 5
163 15 8296 9
164 15 9085 10
165 15 10727 10
166 15 12304 9
167 15 20819 103
168 15 2775 5
169 15 17424 31
170 15 13083 28
171 15 6994 5
172 15 16108 31
173 15 19348 71
174 15 8760 6
175 15 7378 5
176 15 15478 106
177 15 8217 9
178 15 15713 64
179 15 7053 9
180 15 12637 96
181 15 1630 4
182 15 14687 46
183 15 3605 4
184 15 13397 64
185 15 9293 14
186 15 4571 5
187 15 13033 14
188 15 21645 41
189 15 6627 6
190 15 15391 31
191 15 12889 22
192 15 10947 16
193 15 5701 5
194 15 17065 38
195 15 15401 154
196 15 14113 23
197 15 9796 8
198 15 4157 4
199 15 9074 13
200 15 19781 162
201 15 2987 5
202 15 11020 16
203 15 7271 8
204 15 16962 179
205 15 8092 13
206 15 12894 28
207 15 9971 19
208 15 17115 31
209 15 9031 25
210 15 5985 6
211 15 2483 5
212 15 4296 5
213 15 11371 10
214 15 8000 6
215 15 17970 42
216 15 15436 74
217 15 11138 20
218 15 8222 12
219 15 18674 125
220 15 21130 107
221 15 18649 134
222 15 15017 45
223 15 13553 18
224 15 2103 5
225 15 19544 80
226 15 14087 65
227 15 14215 41
228 15 2558 5
229 15 13073 17
230 15 2326 5
231 15 6887 5
232 15 5946 5
233 15 11250 44
234 15 15906 30
235 15 7765 7
236 15 18585 70
237 15 2106 3
238 15 15500 43
239 15 507 4
240 15 1961 3
241 15 4909 7
242 15 1630 5
243 15 14213 32
244 15 8541 15
245 15 5421 6
246 15 23596 177
247 15 13556 16
248 15 16789 120
249 15 8927 22
250 15 2181 5
251 15 16040 104
252 15 5011 7
253 15 12367 64
254 15 10550 21
255 15 16652 62
256 15 18125 143
257 15 5888 7
258 15 14306 30
259 15 2450 5
260 15 8533 10
261 15 20102 193
262 15 3735 7
263 15 15911 56
264 15 5347 13
265 15 9338 21
266 15 18933 87
267 15 11595 11
268 15 5025 7
269 15 16025 56
270 15 19454 150
271 15 14629 73
272 15 14762 56
273 15 16772 57
274 15 5758 5
275 15 6944 6
276 15 22233 102
277 15 5419 4
278 15 18149 31
279 15 9986 8
280 15 10968 6
281 15 15534 131
282 15 17136 39
283 15 9006 4
284 15 9120 20
285 15 7144 3
286 15 19612 56
287 15 17244 49
288 15 17499 53
289 15 15305 38
290 15 17688 114
291 15 1648 2
292 15 14234 22
293 15 19570 90
294 15 17331 44
295 15 22654 105
296 15 3562 3
297 15 7071 4
298 15 8147 6
299 15 11247 7
300 15 9575 4
301 15 3569 3
302 15 4731 2
303 15 0 2
304 15 7214 4
305 15 18449 53
306 15 18731 31
307 15 3878 3
308 15 19712 113
309 15 3888 2
310 15 8550 16
311 15 13143 16
312 15 13122 15
313 15 6751 25
314 15 15347 27
315 15 3989 2
316 15 2038 2
317 15 9244 4
318 15 14674 16
319 15 6807 5
320 15 1926 2
321 15 5327 3
322 15 19213 37
323 15 12870 14
324 15 11118 6
325 15 13695 12
326 15 14717 15
327 15 15907 22
328 15 17675 36
329 15 14915 13
330 15 9330 4
331 15 16661 36
332 15 8483 4
333 15 2440 2
334 15 1681 2
335 15 20009 64
336 15 3974 2
337 15 17635 32
338 15 11306 10
339 15 10480 5
340 15 9838 6
341 15 3796 2
342 15 12320 11
343 15 18281 34
344 15 5711 3
345 15 5597 3
346 15 13636 14
347 15 8395 4
348 15 14326 15
349 15 7299 3
350 15 19288 40
351 15 16068 17
352 15 4321 3
353 15 4500 2
354 15 15249 13
355 15 5340 5
356 15 19518 155
357 15 2015 4
358 15 6229 8
359 15 3893 3
360 15 19042 51
361 15 1806 3
362 15 16531 32
363 15 21932 55
364 15 4808 3
365 15 19395 58
366 15 11593 9
367 15 5070 6
368 15 12196 30
369 15 5868 4
370 15 12988 19
371 15 6057 6
372 15 9493 8
373 15 7545 6
374 15 14693 20
375 15 16264 38
376 15 11224 9
377 15 5178 3
378 15 13063 10
379 15 15123 52
380 15 10422 26
381 15 7499 5
382 15 15550 61
383 15 16747 41
384 15 15594 47
385 15 6808 6
386 15 12707 29
387 15 11550 7
388 15 2023 3
389 15 3187 4
390 15 7192 4
391 15 7819 3
392 15 6553 3
393 15 6339 4
394 15 14135 18
395 15 12562 19
396 15 12360 11
397 15 4610 3
398 15 5443 3
399 15 13624 29
400 15 13318 38
401 15 16235 30
402 15 18128 54
403 15 3941 3
404 15 4101 3
405 15 14818 19
406 15 3433 2
407 15 9844 10
408 15 4352 2
409 15 9165 5
410 15 22314 47
411 15 6607 3
412 15 21921 35
413 15 5446 3
414 15 6910 3
415 15 16696 26
416 15 17112 32
417 15 6525 4
418 15 14531 16
419 15 7605 3
420 15 12810 21
421 15 14489 19
422 15 12136 11
423 15 6968 5
424 15 16475 43
425 15 10751 9
426 15 3328 2
427 15 18486 42
428 15 1765 2
429 15 10393 10
430 15 9859 5
431 15 10825 6
432 15 11476 12
433 15 5251 4
434 15 17656 72
435 15 9233 10
436 15 9532 9
437 15 10391 15
438 15 15066 66
439 15 8988 10
440 15 8981 9
441 15 3619 5
442 15 2313 4
443 15 17975 64
444 15 10068 10
445 15 17344 58
446 15 4745 4
447 15 6909 7
448 15 5389 5
449 15 1856 4
450 15 13161 16
451 15 18274 56
452 15 10868 19
453 15 18760 70
454 15 2048 4
455 15 7910 5
456 15 15161 24
457 15 6091 4
458 15 2034 3
459 15 1327 3
460 15 8199 5
461 15 9622 6
462 15 12980 14
463 15 1802 3
464 15 19630 72
465 15 2334 4
466 15 5213 5
467 15 1274 4
468 15 2171 6
469 15 10706 10
470 15 11482 46
471 15 13239 70
472 15 12491 38
473 15 1307 6
474 15 17402 237
475 15 16768 93
476 15 15190 83
477 15 7810 11
478 15 6369 10
479 15 7391 8
480 15 16250 49
481 15 2246 6
482 15 10348 35
483 15 9429 9
484 15 15328 74
485 15 2364 4
486 15 1396 5
487 15 16233 39
488 15 12194 31
489 15 1148 4
490 15 8276 12
491 15 14308 69
492 15 8895 14
493 15 1972 6
494 15 3855 7
495 15 19692 67
496 15 14010 26
497 15 18198 65
498 15 1511 6
499 15 5556 7
500 15 23252 118
