ID: 1   ANSWER: 13383   GOT: 5612
ID: 2   ANSWER: 16649   GOT: 2130
ID: 3   ANSWER: 16292   GOT: 7011
ID: 6   ANSWER: 4823   GOT: 2331
ID: 9   ANSWER: 19936   GOT: 5065
ID: 10   ANSWER: 18198   GOT: 9947
ID: 11   ANSWER: 7079   GOT: 3599
ID: 12   ANSWER: 11960   GOT: 7162
ID: 14   ANSWER: 14958   GOT: 3966
ID: 16   ANSWER: 13365   GOT: 8344
ID: 17   ANSWER: 6084   GOT: 1933
ID: 20   ANSWER: 18705   GOT: 17222
ID: 21   ANSWER: 18689   GOT: 11142
ID: 27   ANSWER: 10468   GOT: 2094
ID: 28   ANSWER: 15738   GOT: 4671
ID: 29   ANSWER: 19972   GOT: 2399
ID: 36   ANSWER: 10645   GOT: 6175
ID: 39   ANSWER: 10259   GOT: 2391
ID: 40   ANSWER: 18306   GOT: 15368
ID: 42   ANSWER: 9945   GOT: 2341
ID: 46   ANSWER: 14049   GOT: 8594
ID: 48   ANSWER: 5814   GOT: 2294
ID: 52   ANSWER: 12958   GOT: 9133
ID: 53   ANSWER: 12993   GOT: 4157
ID: 54   ANSWER: 11330   GOT: 1999
ID: 57   ANSWER: 13005   GOT: 5294
ID: 60   ANSWER: 9365   GOT: 8160
ID: 61   ANSWER: 15023   GOT: 6565
ID: 66   ANSWER: 4845   GOT: 3482
ID: 68   ANSWER: 15565   GOT: 2321
ID: 71   ANSWER: 10735   GOT: 3124
ID: 72   ANSWER: 14892   GOT: 11722
ID: 73   ANSWER: 12029   GOT: 8560
ID: 76   ANSWER: 19868   GOT: 6669
ID: 79   ANSWER: 17520   GOT: 8328
ID: 80   ANSWER: 9776   GOT: 4991
ID: 82   ANSWER: 19080   GOT: 13729
ID: 83   ANSWER: 19264   GOT: 11853
ID: 90   ANSWER: 12066   GOT: 6221
ID: 95   ANSWER: 18470   GOT: 7933
ID: 96   ANSWER: 15726   GOT: 8369
ID: 100   ANSWER: 16143   GOT: 2366
ID: 101   ANSWER: 17339   GOT: 13393
ID: 102   ANSWER: 24347   GOT: 4634
ID: 103   ANSWER: 7328   GOT: 4692
ID: 108   ANSWER: 23281   GOT: 11956
ID: 109   ANSWER: 10604   GOT: 2611
ID: 111   ANSWER: 19936   GOT: 19806
ID: 114   ANSWER: 21987   GOT: 20891
ID: 118   ANSWER: 15074   GOT: 10582
ID: 121   ANSWER: 20020   GOT: 1970
ID: 124   ANSWER: 21345   GOT: 7930
ID: 125   ANSWER: 16267   GOT: 5830
ID: 129   ANSWER: 11035   GOT: 10662
ID: 133   ANSWER: 16547   GOT: 10990
ID: 134   ANSWER: 4437   GOT: 2181
ID: 136   ANSWER: 16437   GOT: 11927
ID: 138   ANSWER: 17999   GOT: 13392
ID: 139   ANSWER: 12560   GOT: 5791
ID: 141   ANSWER: 7915   GOT: 2122
ID: 142   ANSWER: 15829   GOT: 11819
ID: 143   ANSWER: 4392   GOT: 1217
ID: 146   ANSWER: 18832   GOT: 12497
ID: 150   ANSWER: 13653   GOT: 3110
ID: 153   ANSWER: 14377   GOT: 2465
ID: 154   ANSWER: 13185   GOT: 9186
ID: 156   ANSWER: 16569   GOT: 13798
ID: 158   ANSWER: 10533   GOT: 5324
ID: 159   ANSWER: 11394   GOT: 4457
ID: 161   ANSWER: 14069   GOT: 12302
ID: 162   ANSWER: 11804   GOT: 7114
ID: 165   ANSWER: 13687   GOT: 10727
ID: 169   ANSWER: 19110   GOT: 17424
ID: 174   ANSWER: 18571   GOT: 8760
ID: 175   ANSWER: 16561   GOT: 7378
ID: 181   ANSWER: 9056   GOT: 1630
ID: 183   ANSWER: 6166   GOT: 3605
ID: 186   ANSWER: 15526   GOT: 4571
ID: 189   ANSWER: 20523   GOT: 6627
ID: 193   ANSWER: 17315   GOT: 5701
ID: 196   ANSWER: 14957   GOT: 14113
ID: 198   ANSWER: 7728   GOT: 4157
ID: 199   ANSWER: 16316   GOT: 9074
ID: 200   ANSWER: 22810   GOT: 19781
ID: 201   ANSWER: 7626   GOT: 2987
ID: 203   ANSWER: 17315   GOT: 7271
ID: 205   ANSWER: 12286   GOT: 8092
ID: 206   ANSWER: 15246   GOT: 12894
ID: 211   ANSWER: 12279   GOT: 2483
ID: 212   ANSWER: 13221   GOT: 4296
ID: 213   ANSWER: 11725   GOT: 11371
ID: 214   ANSWER: 21292   GOT: 8000
ID: 220   ANSWER: 21144   GOT: 21130
ID: 222   ANSWER: 17496   GOT: 15017
ID: 224   ANSWER: 4496   GOT: 2103
ID: 228   ANSWER: 11239   GOT: 2558
ID: 229   ANSWER: 16060   GOT: 13073
ID: 231   ANSWER: 12498   GOT: 6887
ID: 232   ANSWER: 18621   GOT: 5946
ID: 234   ANSWER: 16863   GOT: 15906
ID: 235   ANSWER: 12695   GOT: 7765
ID: 238   ANSWER: 16830   GOT: 15500
ID: 240   ANSWER: 13378   GOT: 1961
ID: 245   ANSWER: 11642   GOT: 5421
ID: 249   ANSWER: 13345   GOT: 8927
ID: 250   ANSWER: 19272   GOT: 2181
ID: 252   ANSWER: 12367   GOT: 5011
ID: 257   ANSWER: 12065   GOT: 5888
ID: 258   ANSWER: 19787   GOT: 14306
ID: 259   ANSWER: 9993   GOT: 2450
ID: 268   ANSWER: 6500   GOT: 5025
ID: 271   ANSWER: 15354   GOT: 14629
ID: 272   ANSWER: 18458   GOT: 14762
ID: 273   ANSWER: 18824   GOT: 16772
ID: 274   ANSWER: 6352   GOT: 5758
ID: 275   ANSWER: 11143   GOT: 6944
ID: 277   ANSWER: 15858   GOT: 5419
ID: 280   ANSWER: 22469   GOT: 10968
ID: 283   ANSWER: 14404   GOT: 9006
ID: 285   ANSWER: 8336   GOT: 7144
ID: 289   ANSWER: 16460   GOT: 15305
ID: 291   ANSWER: 3542   GOT: 1648
ID: 295   ANSWER: 25129   GOT: 22654
ID: 296   ANSWER: 7077   GOT: 3562
ID: 297   ANSWER: 11848   GOT: 7071
ID: 298   ANSWER: 15974   GOT: 8147
ID: 299   ANSWER: 17606   GOT: 11247
ID: 300   ANSWER: 9819   GOT: 9575
ID: 301   ANSWER: 6634   GOT: 3569
ID: 302   ANSWER: 4742   GOT: 4731
ID: 304   ANSWER: 16437   GOT: 7214
ID: 306   ANSWER: 21261   GOT: 18731
ID: 307   ANSWER: 7185   GOT: 3878
ID: 309   ANSWER: 14719   GOT: 3888
ID: 311   ANSWER: 19873   GOT: 13143
ID: 315   ANSWER: 11644   GOT: 3989
ID: 316   ANSWER: 4397   GOT: 2038
ID: 317   ANSWER: 13687   GOT: 9244
ID: 318   ANSWER: 18496   GOT: 14674
ID: 320   ANSWER: 9150   GOT: 1926
ID: 321   ANSWER: 13264   GOT: 5327
ID: 324   ANSWER: 16317   GOT: 11118
ID: 326   ANSWER: 17830   GOT: 14717
ID: 332   ANSWER: 11044   GOT: 8483
ID: 333   ANSWER: 20273   GOT: 2440
ID: 334   ANSWER: 11676   GOT: 1681
ID: 336   ANSWER: 16027   GOT: 3974
ID: 338   ANSWER: 17045   GOT: 11306
ID: 339   ANSWER: 13366   GOT: 10480
ID: 341   ANSWER: 4929   GOT: 3796
ID: 342   ANSWER: 12976   GOT: 12320
ID: 344   ANSWER: 18162   GOT: 5711
ID: 345   ANSWER: 8043   GOT: 5597
ID: 347   ANSWER: 16157   GOT: 8395
ID: 349   ANSWER: 12068   GOT: 7299
ID: 350   ANSWER: 20075   GOT: 19288
ID: 352   ANSWER: 15236   GOT: 4321
ID: 353   ANSWER: 15568   GOT: 4500
ID: 355   ANSWER: 13282   GOT: 5340
ID: 356   ANSWER: 19532   GOT: 19518
ID: 359   ANSWER: 18106   GOT: 3893
ID: 360   ANSWER: 19713   GOT: 19042
ID: 361   ANSWER: 17268   GOT: 1806
ID: 364   ANSWER: 5147   GOT: 4808
ID: 365   ANSWER: 20665   GOT: 19395
ID: 369   ANSWER: 21623   GOT: 5868
ID: 372   ANSWER: 10122   GOT: 9493
ID: 375   ANSWER: 16908   GOT: 16264
ID: 376   ANSWER: 20454   GOT: 11224
ID: 377   ANSWER: 7407   GOT: 5178
ID: 378   ANSWER: 17584   GOT: 13063
ID: 379   ANSWER: 23457   GOT: 15123
ID: 380   ANSWER: 12671   GOT: 10422
ID: 381   ANSWER: 14633   GOT: 7499
ID: 387   ANSWER: 18302   GOT: 11550
ID: 388   ANSWER: 4437   GOT: 2023
ID: 389   ANSWER: 14874   GOT: 3187
ID: 390   ANSWER: 11759   GOT: 7192
ID: 391   ANSWER: 10116   GOT: 7819
ID: 392   ANSWER: 18298   GOT: 6553
ID: 393   ANSWER: 18416   GOT: 6339
ID: 397   ANSWER: 6970   GOT: 4610
ID: 399   ANSWER: 15352   GOT: 13624
ID: 401   ANSWER: 17475   GOT: 16235
ID: 404   ANSWER: 4466   GOT: 4101
ID: 406   ANSWER: 16573   GOT: 3433
ID: 407   ANSWER: 15337   GOT: 9844
ID: 408   ANSWER: 13835   GOT: 4352
ID: 409   ANSWER: 9887   GOT: 9165
ID: 411   ANSWER: 7111   GOT: 6607
ID: 413   ANSWER: 22963   GOT: 5446
ID: 414   ANSWER: 12188   GOT: 6910
ID: 416   ANSWER: 20819   GOT: 17112
ID: 417   ANSWER: 11500   GOT: 6525
ID: 419   ANSWER: 9366   GOT: 7605
ID: 421   ANSWER: 17584   GOT: 14489
ID: 424   ANSWER: 17520   GOT: 16475
ID: 426   ANSWER: 10538   GOT: 3328
ID: 428   ANSWER: 7841   GOT: 1765
ID: 430   ANSWER: 17476   GOT: 9859
ID: 431   ANSWER: 18015   GOT: 10825
ID: 432   ANSWER: 14046   GOT: 11476
ID: 433   ANSWER: 7212   GOT: 5251
ID: 436   ANSWER: 12937   GOT: 9532
ID: 437   ANSWER: 17946   GOT: 10391
ID: 439   ANSWER: 13111   GOT: 8988
ID: 440   ANSWER: 11868   GOT: 8981
ID: 441   ANSWER: 18215   GOT: 3619
ID: 442   ANSWER: 12610   GOT: 2313
ID: 446   ANSWER: 6014   GOT: 4745
ID: 448   ANSWER: 13769   GOT: 5389
ID: 449   ANSWER: 4337   GOT: 1856
ID: 450   ANSWER: 21803   GOT: 13161
ID: 454   ANSWER: 10362   GOT: 2048
ID: 455   ANSWER: 10854   GOT: 7910
ID: 457   ANSWER: 24334   GOT: 6091
ID: 458   ANSWER: 11297   GOT: 2034
ID: 459   ANSWER: 11642   GOT: 1327
ID: 460   ANSWER: 15672   GOT: 8199
ID: 462   ANSWER: 20498   GOT: 12980
ID: 465   ANSWER: 14034   GOT: 2334
ID: 466   ANSWER: 8020   GOT: 5213
ID: 472   ANSWER: 18428   GOT: 12491
ID: 473   ANSWER: 9264   GOT: 1307
ID: 475   ANSWER: 18150   GOT: 16768
ID: 477   ANSWER: 8388   GOT: 7810
ID: 478   ANSWER: 8812   GOT: 6369
ID: 479   ANSWER: 14571   GOT: 7391
ID: 481   ANSWER: 4869   GOT: 2246
ID: 483   ANSWER: 12087   GOT: 9429
ID: 485   ANSWER: 15829   GOT: 2364
ID: 487   ANSWER: 17882   GOT: 16233
ID: 490   ANSWER: 12249   GOT: 8276
ID: 493   ANSWER: 17644   GOT: 1972
ID: 494   ANSWER: 9045   GOT: 3855
ID: 497   ANSWER: 18358   GOT: 18198
ID: 498   ANSWER: 9268   GOT: 1511
ID: 499   ANSWER: 16543   GOT: 5556
