1 15 5612 7
2 15 2130 3
3 15 7011 3
4 15 7638 3
5 15 18175 53
6 15 2331 2
7 15 19142 76
8 15 20554 52
9 15 5065 3
10 15 9947 5
11 15 3599 2
12 15 7162 4
13 15 17760 82
14 15 3966 2
15 15 633 3
16 15 8344 3
17 15 1933 2
18 15 13735 19
19 15 18478 64
20 15 17222 22
21 15 11142 10
22 15 12365 17
23 15 16774 37
24 15 14864 14
25 15 13565 11
26 15 14756 23
27 15 2094 2
28 15 4671 2
29 15 2399 2
30 15 16148 17
31 15 16020 17
32 15 10617 8
33 15 0 2
34 15 17001 15
35 15 14872 21
36 15 6175 3
37 15 15789 11
38 15 8049 4
39 15 2391 2
40 15 15368 15
41 15 17431 48
42 15 2341 3
43 15 17653 43
44 15 9670 7
45 15 9343 9
46 15 8594 10
47 15 20707 87
48 15 2294 2
49 15 16613 27
50 15 14306 10
51 15 19732 77
52 15 9133 6
53 15 4157 3
54 15 1999 2
55 15 17675 23
56 15 16362 16
57 15 5294 3
58 15 1926 4
59 15 2000 3
60 15 8160 4
61 15 6565 5
62 15 21688 55
63 15 7478 4
64 15 11989 9
65 15 12577 17
66 15 3482 3
67 15 11439 11
68 15 2321 3
69 15 9301 9
70 15 15262 25
71 15 3124 3
72 15 11722 7
73 15 8560 5
74 15 8464 5
75 15 8363 5
76 15 6669 3
77 15 4268 4
78 15 17700 58
79 15 8328 7
80 15 4991 3
81 15 16423 31
82 15 13729 18
83 15 11853 7
84 15 17301 75
85 15 6301 5
86 15 4736 4
87 15 10517 7
88 15 18643 40
89 15 17542 32
90 15 6221 3
91 15 8185 4
92 15 15257 22
93 15 8584 6
94 15 14760 33
95 15 7933 3
96 15 8369 6
97 15 6817 9
98 15 9800 8
99 15 20414 67
100 15 2366 3
101 15 13393 19
102 15 4634 4
103 15 4692 3
104 15 14938 53
105 15 14899 19
106 15 8780 6
107 15 2390 3
108 15 11956 7
109 15 2611 2
110 15 13211 29
111 15 19806 93
112 15 17118 24
113 15 16532 61
114 15 20891 50
115 15 19123 42
116 15 16775 43
117 15 14266 17
118 15 10582 11
119 15 11394 9
120 15 18162 36
121 15 1970 2
122 15 0 2
123 15 3475 4
124 15 7930 6
125 15 5830 4
126 15 15145 12
127 15 17632 69
128 15 13490 27
129 15 10662 13
130 15 18327 44
131 15 7866 5
132 15 13306 20
133 15 10990 6
134 15 2181 3
135 15 13198 31
136 15 11927 29
137 15 3220 3
138 15 13392 11
139 15 5791 3
140 15 3286 4
141 15 2122 3
142 15 11819 6
143 15 1217 3
144 15 13310 19
145 15 16262 26
146 15 12497 11
147 15 16020 46
148 15 17985 48
149 15 9785 14
150 15 3110 3
151 15 1427 5
152 15 13036 13
153 15 2465 3
154 15 9186 9
155 15 4662 5
156 15 13798 32
157 15 17977 60
158 15 5324 4
159 15 4457 4
160 15 15581 47
161 15 12302 9
162 15 7114 3
163 15 8296 6
164 15 9085 8
165 15 10727 7
166 15 12304 7
167 15 20819 81
168 15 2775 3
169 15 17424 25
170 15 13083 22
171 15 6994 5
172 15 16108 27
173 15 19348 62
174 15 8760 5
175 15 7378 4
176 15 15478 80
177 15 8217 7
178 15 15713 46
179 15 7053 6
180 15 12637 61
181 15 1630 2
182 15 14687 30
183 15 3605 2
184 15 13397 38
185 15 9293 8
186 15 4571 3
187 15 13033 9
188 15 21645 28
189 15 6627 3
190 15 15391 21
191 15 12889 16
192 15 10947 10
193 15 5701 3
194 15 17065 24
195 15 15401 98
196 15 14113 13
197 15 9796 4
198 15 4157 2
199 15 9074 6
200 15 19781 77
201 15 2987 2
202 15 11020 7
203 15 7271 3
204 15 16962 83
205 15 8092 6
206 15 12894 14
207 15 9971 8
208 15 17115 15
209 15 9031 14
210 15 5985 3
211 15 2483 4
212 15 4296 2
213 15 11371 7
214 15 8000 3
215 15 17970 23
216 15 15436 41
217 15 11138 11
218 15 8222 7
219 15 18674 71
220 15 21130 62
221 15 18649 75
222 15 15017 26
223 15 13553 11
224 15 2103 2
225 15 19544 48
226 15 14087 39
227 15 14215 23
228 15 2558 3
229 15 13073 10
230 15 2326 3
231 15 6887 4
232 15 5946 4
233 15 11250 31
234 15 15906 21
235 15 7765 5
236 15 18585 49
237 15 2106 3
238 15 15500 36
239 15 507 3
240 15 1961 3
241 15 4909 5
242 15 1630 4
243 15 14213 37
244 15 8541 10
245 15 5421 4
246 15 23596 119
247 15 13556 10
248 15 16789 63
249 15 8927 11
250 15 2181 3
251 15 16040 55
252 15 5011 3
253 15 12367 30
254 15 10550 9
255 15 16652 31
256 15 18125 72
257 15 5888 3
258 15 14306 18
259 15 2450 3
260 15 8533 7
261 15 20102 108
262 15 3735 3
263 15 15911 30
264 15 5347 7
265 15 9338 12
266 15 18933 57
267 15 11595 7
268 15 5025 3
269 15 16025 28
270 15 19454 78
271 15 14629 38
272 15 14762 26
273 15 16772 32
274 15 5758 3
275 15 6944 3
276 15 22233 58
277 15 5419 3
278 15 18149 23
279 15 9986 6
280 15 10968 5
281 15 15534 108
282 15 17136 32
283 15 9006 4
284 15 9120 22
285 15 7144 3
286 15 19612 75
287 15 17244 53
288 15 17499 58
289 15 15305 41
290 15 17688 141
291 15 1648 2
292 15 14234 25
293 15 19570 95
294 15 17331 48
295 15 22654 113
296 15 3562 3
297 15 7071 4
298 15 8147 7
299 15 11247 7
300 15 9575 4
301 15 3569 3
302 15 4731 3
303 15 0 2
304 15 7214 5
305 15 18449 59
306 15 18731 33
307 15 3878 3
308 15 19712 126
309 15 3888 3
310 15 8550 13
311 15 13143 18
312 15 13122 17
313 15 6751 7
314 15 15347 31
315 15 3989 3
316 15 2038 2
317 15 9244 5
318 15 14674 17
319 15 6807 5
320 15 1926 2
321 15 5327 3
322 15 19213 39
323 15 12870 15
324 15 11118 6
325 15 13695 13
326 15 14717 16
327 15 15907 23
328 15 17675 36
329 15 14915 13
330 15 9330 4
331 15 16661 37
332 15 8483 4
333 15 2440 2
334 15 1681 2
335 15 20009 64
336 15 3974 2
337 15 17635 40
338 15 11306 14
339 15 10480 5
340 15 9838 6
341 15 3796 2
342 15 12320 11
343 15 18281 35
344 15 5711 3
345 15 5597 3
346 15 13636 14
347 15 8395 4
348 15 14326 15
349 15 7299 3
350 15 19288 40
351 15 16068 17
352 15 4321 3
353 15 4500 2
354 15 15249 13
355 15 5340 4
356 15 19518 158
357 15 2015 4
358 15 6229 6
359 15 3893 2
360 15 19042 43
361 15 1806 2
362 15 16531 28
363 15 21932 49
364 15 4808 3
365 15 19395 57
366 15 11593 7
367 15 5070 5
368 15 12196 23
369 15 5868 3
370 15 12988 10
371 15 6057 5
372 15 9493 6
373 15 7545 4
374 15 14693 15
375 15 16264 30
376 15 11224 7
377 15 5178 3
378 15 13063 9
379 15 15123 20
380 15 10422 18
381 15 7499 3
382 15 15550 52
383 15 16747 35
384 15 15594 43
385 15 6808 5
386 15 12707 33
387 15 11550 7
388 15 2023 3
389 15 3187 4
390 15 7192 7
391 15 7819 5
392 15 6553 4
393 15 6339 4
394 15 14135 29
395 15 12562 32
396 15 12360 15
397 15 4610 3
398 15 5443 4
399 15 13624 32
400 15 13318 40
401 15 16235 44
402 15 18128 56
403 15 3941 3
404 15 4101 2
405 15 14818 19
406 15 3433 2
407 15 9844 15
408 15 4352 3
409 15 9165 5
410 15 22314 48
411 15 6607 4
412 15 21921 45
413 15 5446 3
414 15 6910 4
415 15 16696 35
416 15 17112 27
417 15 6525 4
418 15 14531 16
419 15 7605 3
420 15 12810 22
421 15 14489 24
422 15 12136 11
423 15 6968 5
424 15 16475 49
425 15 10751 9
426 15 3328 2
427 15 18486 48
428 15 1765 2
429 15 10393 10
430 15 9859 4
431 15 10825 7
432 15 11476 14
433 15 5251 3
434 15 17656 58
435 15 9233 8
436 15 9532 5
437 15 10391 10
438 15 15066 45
439 15 8988 6
440 15 8981 5
441 15 3619 3
442 15 2313 2
443 15 17975 39
444 15 10068 7
445 15 17344 38
446 15 4745 3
447 15 6909 4
448 15 5389 3
449 15 1856 3
450 15 13161 12
451 15 18274 42
452 15 10868 14
453 15 18760 31
454 15 2048 2
455 15 7910 3
456 15 15161 19
457 15 6091 3
458 15 2034 2
459 15 1327 2
460 15 8199 4
461 15 9622 5
462 15 12980 11
463 15 1802 3
464 15 19630 89
465 15 2334 3
466 15 5213 3
467 15 1274 2
468 15 2171 4
469 15 10706 6
470 15 11482 23
471 15 13239 31
472 15 12491 18
473 15 1307 2
474 15 17402 99
475 15 16768 42
476 15 15190 44
477 15 7810 4
478 15 6369 4
479 15 7391 3
480 15 16250 21
481 15 2246 3
482 15 10348 16
483 15 9429 4
484 15 15328 32
485 15 2364 2
486 15 1396 2
487 15 16233 22
488 15 12194 16
489 15 1148 2
490 15 8276 6
491 15 14308 31
492 15 8895 6
493 15 1972 2
494 15 3855 3
495 15 19692 30
496 15 14010 11
497 15 18198 29
498 15 1511 3
499 15 5556 4
500 15 23252 77
