1 15 10050 343
2 15 13550 365
3 15 12533 1333
4 15 13451 392
5 15 13049 372
6 15 15668 375
7 15 12945 377
8 15 14258 399
9 15 12322 393
10 15 13667 388
11 15 15228 374
12 15 15451 399
13 15 12342 376
14 15 13968 375
15 15 12761 372
16 15 14890 394
17 15 14942 367
18 15 14762 393
19 15 12897 389
20 15 13270 225
21 15 12964 235
22 15 11948 232
23 15 13558 244
24 15 14210 264
25 15 11634 232
26 15 12226 232
27 15 13152 225
28 15 13100 228
29 15 11559 222
30 15 13196 209
31 15 13147 228
32 15 13052 205
33 15 13719 229
34 15 16230 230
35 15 12515 215
36 15 12223 221
37 15 15567 215
38 15 14342 214
39 15 14722 244
40 15 11905 199
41 15 12549 205
42 15 12378 207
43 15 15336 223
44 15 14422 208
45 15 11804 205
46 15 12938 208
47 15 12726 209
48 15 14642 198
49 15 13334 210
50 15 13127 208
51 15 11176 204
52 15 15326 212
53 15 11463 215
54 15 14541 242
55 15 15847 211
56 15 10539 217
57 15 13154 202
58 15 13929 234
59 15 14096 210
60 15 13850 205
61 15 14904 215
62 15 12448 236
63 15 14445 207
64 15 12756 247
65 15 13726 210
66 15 16321 217
67 15 12870 218
68 15 11726 209
69 15 16061 221
70 15 12452 216
71 15 12309 246
72 15 13655 199
73 15 15558 222
74 15 12611 227
75 15 11678 214
76 15 14926 231
77 15 13532 220
78 15 14282 231
79 15 13401 253
80 15 13904 198
81 15 13412 201
82 15 13482 214
83 15 13154 248
84 15 12220 207
85 15 13227 204
86 15 13015 196
87 15 14236 214
88 15 12907 215
89 15 13063 216
90 15 11883 208
91 15 13209 209
92 15 13364 215
93 15 12461 211
94 15 11855 210
95 15 15565 215
96 15 12866 209
97 15 14375 215
98 15 14032 221
99 15 13357 211
100 15 10793 205
101 15 14400 222
102 15 13094 212
103 15 10174 199
104 15 14660 205
105 15 13308 260
106 15 13346 214
107 15 13887 189
108 15 14062 193
109 15 13032 213
110 15 13067 191
111 15 14967 204
112 15 12691 205
113 15 14191 190
114 15 13014 190
115 15 13710 186
116 15 11640 197
117 15 12508 199
118 15 12319 189
119 15 12517 215
120 15 14847 212
121 15 12833 208
122 15 13202 246
123 15 12945 267
124 15 12878 198
125 15 10846 208
126 15 13386 202
127 15 12475 222
128 15 10920 174
129 15 16005 201
130 15 13629 210
131 15 13627 193
132 15 14720 198
133 15 12653 198
134 15 13709 208
135 15 14676 195
136 15 14436 273
137 15 12563 213
138 15 14906 206
139 15 12662 207
140 15 12410 212
141 15 14045 247
142 15 11813 220
143 15 11022 210
144 15 11635 226
145 15 11486 233
146 15 12034 232
147 15 14182 235
148 15 12978 210
149 15 15870 242
150 15 11164 264
151 15 13938 207
152 15 12851 262
153 15 15000 243
154 15 12843 268
155 15 12831 237
156 15 12635 211
157 15 14928 206
158 15 14320 204
159 15 11178 213
160 15 13390 221
161 15 14895 181
162 15 10457 205
163 15 13246 205
164 15 13398 207
165 15 13972 222
166 15 13844 200
167 15 9768 192
168 15 13187 195
169 15 12020 218
170 15 13642 219
171 15 13655 213
172 15 16124 199
173 15 12358 194
174 15 14319 192
175 15 13664 335
176 15 12961 338
177 15 13379 217
178 15 12884 231
179 15 13921 233
180 15 13189 233
181 15 11650 208
182 15 12928 224
183 15 15414 234
184 15 12744 253
185 15 14793 243
186 15 14505 211
187 15 14044 215
188 15 9938 220
189 15 14145 229
190 15 12813 223
191 15 14558 226
192 15 13415 228
193 15 11699 223
194 15 15147 222
195 15 14740 233
196 15 15495 236
197 15 14024 326
198 15 13976 229
199 15 12930 221
200 15 11565 243
201 15 12441 227
202 15 10996 213
203 15 13229 254
204 15 11900 239
205 15 13556 227
206 15 13000 219
207 15 13276 225
208 15 12992 229
209 15 14413 218
210 15 16024 237
211 15 10880 235
212 15 13748 220
213 15 8436 210
214 15 13986 237
215 15 15256 232
216 15 10892 224
217 15 14634 215
218 15 13617 228
219 15 12808 215
220 15 16675 238
221 15 14419 215
222 15 16322 236
223 15 13662 229
224 15 14191 224
225 15 14756 224
226 15 12984 221
227 15 12329 218
228 15 11898 248
229 15 11283 223
230 15 11096 228
231 15 12148 219
232 15 15074 241
233 15 15831 247
234 15 14390 223
235 15 14305 215
236 15 14600 216
237 15 15542 223
238 15 14839 221
239 15 13536 203
240 15 14225 226
241 15 13664 225
242 15 11525 223
243 15 14750 237
244 15 13159 227
245 15 12382 244
246 15 15697 241
247 15 14922 233
248 15 12943 232
249 15 13513 262
250 15 12722 217
251 15 12347 227
252 15 16993 245
253 15 13496 220
254 15 12542 213
255 15 14992 223
256 15 12651 227
257 15 14712 218
258 15 12022 234
259 15 13429 213
260 15 13259 226
261 15 11090 224
262 15 12842 203
263 15 11585 262
264 15 13429 233
265 15 10633 235
266 15 13026 222
267 15 14471 227
268 15 11650 221
269 15 13943 240
270 15 13627 242
271 15 13425 226
272 15 12425 208
273 15 10673 190
274 15 10207 224
275 15 14637 226
276 15 12918 221
277 15 12569 224
278 15 11693 187
279 15 12867 226
280 15 14626 216
281 15 13348 222
282 15 14328 226
283 15 13930 230
284 15 14268 219
285 15 12678 226
286 15 13675 214
287 15 12803 199
288 15 11841 207
289 15 10545 220
290 15 12529 239
291 15 13484 228
292 15 13709 234
293 15 14189 224
294 15 12845 244
295 15 15215 234
296 15 14433 220
297 15 12642 241
298 15 13844 229
299 15 12367 229
300 15 12861 202
301 15 12902 218
302 15 14194 232
303 15 12054 210
304 15 14733 219
305 15 10977 202
306 15 13318 212
307 15 13956 240
308 15 13410 213
309 15 12654 221
310 15 13786 237
311 15 13127 221
312 15 13271 237
313 15 16151 234
314 15 14153 247
315 15 15119 240
316 15 11313 234
317 15 14601 228
318 15 18019 216
319 15 11896 206
320 15 10468 205
321 15 12088 217
322 15 11014 213
323 15 15611 212
324 15 15206 209
325 15 12576 231
326 15 12012 266
327 15 14210 234
328 15 14673 196
329 15 13306 253
330 15 11779 209
331 15 12350 220
332 15 11335 231
333 15 11934 229
334 15 14723 229
335 15 12468 237
336 15 13565 222
337 15 12266 220
338 15 13197 283
339 15 14293 226
340 15 13895 271
341 15 13451 222
342 15 12778 190
343 15 13461 204
344 15 9870 217
345 15 11833 217
346 15 14756 233
347 15 12505 237
348 15 14371 234
349 15 12476 206
350 15 15044 267
351 15 13723 236
352 15 13557 232
353 15 11569 201
354 15 13592 261
355 15 12343 240
356 15 13202 228
357 15 13824 223
358 15 10472 227
359 15 12348 232
360 15 11568 207
361 15 14876 205
362 15 12033 224
363 15 14595 218
364 15 13361 232
365 15 15969 225
366 15 12651 224
367 15 14898 218
368 15 11561 187
369 15 12506 242
370 15 14061 225
371 15 14165 205
372 15 11854 230
373 15 13256 229
374 15 13276 227
375 15 12099 182
376 15 12327 236
377 15 11450 220
378 15 11425 226
379 15 10522 188
380 15 16002 236
381 15 12814 213
382 15 12483 222
383 15 11047 216
384 15 15147 225
385 15 13075 223
386 15 12536 242
387 15 14831 232
388 15 13598 225
389 15 14203 228
390 15 12426 215
391 15 11418 220
392 15 11876 224
393 15 13151 227
394 15 13992 231
395 15 12907 232
396 15 10542 221
397 15 13131 233
398 15 12719 253
399 15 13977 219
400 15 11447 228
401 15 10647 219
402 15 14550 230
403 15 13245 225
404 15 9900 214
405 15 13549 195
406 15 12058 208
407 15 14220 238
408 15 15349 230
409 15 13993 224
410 15 13736 235
411 15 13821 234
412 15 13106 214
413 15 14535 242
414 15 15651 232
415 15 13681 236
416 15 15680 226
417 15 12967 235
418 15 13053 208
419 15 12004 228
420 15 13485 216
421 15 12951 229
422 15 11927 218
423 15 9471 216
424 15 13274 212
425 15 14853 227
426 15 12339 223
427 15 12758 237
428 15 15543 242
429 15 14229 219
430 15 13839 221
431 15 13672 225
432 15 12326 240
433 15 13401 229
434 15 14541 212
435 15 13622 245
436 15 14168 232
437 15 15243 206
438 15 11595 210
439 15 12037 219
440 15 12904 229
441 15 11799 225
442 15 13346 243
443 15 12029 223
444 15 17069 202
445 15 14031 305
446 15 11067 210
447 15 9711 223
448 15 13583 197
449 15 13158 218
450 15 12745 227
451 15 13589 242
452 15 15261 236
453 15 13452 214
454 15 12321 223
455 15 14637 234
456 15 10496 206
457 15 13390 259
458 15 10765 238
459 15 13142 221
460 15 10166 200
461 15 13435 246
462 15 11478 223
463 15 15112 259
464 15 11063 214
465 15 13471 236
466 15 13812 234
467 15 12608 219
468 15 12641 235
469 15 9641 217
470 15 13616 234
471 15 14724 231
472 15 11822 201
473 15 12082 219
474 15 12293 217
475 15 12115 209
476 15 14581 225
477 15 13339 214
478 15 14380 237
479 15 12550 237
480 15 13975 216
481 15 12961 222
482 15 12801 224
483 15 13041 232
484 15 11698 230
485 15 13564 225
486 15 11453 206
487 15 14857 239
488 15 13775 226
489 15 11991 221
490 15 10099 218
491 15 12793 234
492 15 14740 235
493 15 13385 228
494 15 16561 234
495 15 13217 218
496 15 12661 224
497 15 12043 230
498 15 11058 216
499 15 10832 234
500 15 15375 225
