1 15 10050 81
2 15 13567 118
3 15 12533 98
4 15 13451 110
5 15 13049 124
6 15 15668 161
7 15 12945 136
8 15 14258 159
9 15 12322 134
10 15 13667 149
11 15 15228 174
12 15 15451 173
13 15 12342 130
14 15 13968 171
15 15 12761 151
16 15 14890 226
17 15 14942 231
18 15 14762 552
19 15 12897 134
20 15 13270 127
21 15 12964 113
22 15 11948 105
23 15 13558 123
24 15 14210 121
25 15 11634 93
26 15 12226 104
27 15 13152 102
28 15 13100 100
29 15 11559 94
30 15 13196 101
31 15 13147 133
32 15 13052 103
33 15 13719 115
34 15 16230 137
35 15 12515 98
36 15 12223 95
37 15 15567 130
38 15 14342 117
39 15 14722 119
40 15 11905 76
41 15 12549 96
42 15 12378 92
43 15 15336 135
44 15 14422 113
45 15 11804 94
46 15 12938 103
47 15 12726 98
48 15 14642 105
49 15 13334 95
50 15 13127 102
51 15 11176 88
52 15 15326 114
53 15 11463 74
54 15 14541 127
55 15 15847 139
56 15 10539 114
57 15 13159 132
58 15 13929 144
59 15 14096 173
60 15 13850 167
61 15 14904 206
62 15 12448 154
63 15 14445 204
64 15 12756 171
65 15 13726 182
66 15 16321 218
67 15 12870 147
68 15 11726 146
69 15 16061 212
70 15 12452 134
71 15 12309 129
72 15 13655 155
73 15 15558 185
74 15 12611 141
75 15 11678 129
76 15 14926 183
77 15 13532 136
78 15 14282 155
79 15 13401 131
80 15 13904 143
81 15 13412 133
82 15 13482 132
83 15 13154 123
84 15 12220 115
85 15 13227 139
86 15 13015 132
87 15 14236 159
88 15 12907 133
89 15 13063 134
90 15 11883 105
91 15 13209 125
92 15 13364 128
93 15 12461 132
94 15 11855 114
95 15 15565 169
96 15 12915 127
97 15 14375 153
98 15 14032 136
99 15 13357 141
100 15 10793 91
101 15 14400 144
102 15 13094 118
103 15 10174 78
104 15 14660 133
105 15 13308 117
106 15 13346 130
107 15 13887 131
108 15 14062 131
109 15 13032 123
110 15 13067 171
111 15 14967 151
112 15 12691 125
113 15 14191 143
114 15 13014 121
115 15 13710 129
116 15 11640 104
117 15 12508 123
118 15 12319 105
119 15 12517 105
120 15 14847 137
121 15 12964 121
122 15 13202 121
123 15 12945 120
124 15 12878 120
125 15 10846 105
126 15 13386 103
127 15 12475 108
128 15 10920 83
129 15 16005 134
130 15 13629 123
131 15 13627 128
132 15 14720 135
133 15 12653 99
134 15 13709 110
135 15 14676 127
136 15 14436 117
137 15 12563 94
138 15 14906 129
139 15 12662 100
140 15 12410 99
141 15 14045 113
142 15 11813 88
143 15 11022 87
144 15 11635 86
145 15 11486 92
146 15 12034 98
147 15 14182 120
148 15 12978 103
149 15 15870 132
150 15 11164 85
151 15 13938 114
152 15 12851 108
153 15 15000 140
154 15 12843 108
155 15 12831 110
156 15 12635 96
157 15 14928 131
158 15 14320 136
159 15 11178 87
160 15 13390 112
161 15 14895 136
162 15 10457 86
163 15 13246 120
164 15 13398 118
165 15 13972 128
166 15 13844 134
167 15 9768 74
168 15 13187 126
169 15 12020 109
170 15 13642 130
171 15 13655 167
172 15 16124 224
173 15 12358 144
174 15 14319 177
175 15 13664 171
176 15 12961 155
177 15 13379 162
178 15 12884 157
179 15 13921 181
180 15 13189 169
181 15 11799 146
182 15 12928 165
183 15 15414 219
184 15 12744 156
185 15 14793 208
186 15 14505 192
187 15 14044 199
188 15 9938 122
189 15 14145 205
190 15 12813 147
191 15 14558 183
192 15 13415 201
193 15 11699 167
194 15 15147 250
195 15 14740 251
196 15 15495 293
197 15 14024 278
198 15 13996 241
199 15 12930 206
200 15 11565 190
201 15 12524 234
202 15 10996 200
203 15 13229 243
204 15 11900 193
205 15 13556 224
206 15 13000 255
207 15 13276 251
208 15 12992 261
209 15 14413 273
210 15 16024 326
211 15 10880 196
212 15 13748 263
213 15 8436 129
214 15 13986 281
215 15 15256 308
216 15 10892 199
217 15 14634 294
218 15 13617 215
219 15 12808 197
220 15 16675 307
221 15 14419 283
222 15 16322 302
223 15 13662 223
224 15 14191 257
225 15 14756 298
226 15 12984 235
227 15 12329 210
228 15 12130 189
229 15 11283 176
230 15 11096 166
231 15 12148 218
232 15 15074 324
233 15 15831 307
234 15 14390 287
235 15 14305 209
236 15 14600 197
237 15 15542 228
238 15 14839 207
239 15 13536 152
240 15 14225 176
241 15 13664 155
242 15 11525 115
243 15 14750 209
244 15 13159 170
245 15 12382 183
246 15 15697 271
247 15 14922 280
248 15 12943 253
249 15 13513 264
250 15 12967 243
251 15 12347 219
252 15 16993 371
253 15 13496 253
254 15 12542 238
255 15 14992 302
256 15 12651 239
257 15 14712 290
258 15 12022 225
259 15 13429 232
260 15 13259 259
261 15 11090 204
262 15 12842 236
263 15 11585 201
264 15 13429 254
265 15 10633 215
266 15 13026 232
267 15 14471 287
268 15 11650 214
269 15 13943 300
270 15 13627 261
271 15 13425 272
272 15 12425 216
273 15 10673 181
274 15 10207 161
275 15 14637 297
276 15 12918 234
277 15 12569 269
278 15 11693 215
279 15 12867 251
280 15 14626 289
281 15 13348 255
282 15 14328 265
283 15 13930 295
284 15 14268 270
285 15 12678 225
286 15 13675 255
287 15 12803 235
288 15 11841 208
289 15 10545 183
290 15 12529 234
291 15 13484 228
292 15 13709 192
293 15 14189 199
294 15 12845 170
295 15 15215 225
296 15 14433 204
297 15 12642 160
298 15 13844 193
299 15 12367 165
300 15 12861 163
301 15 12902 166
302 15 14194 190
303 15 12054 152
304 15 14733 208
305 15 10977 172
306 15 13318 208
307 15 13956 196
308 15 13410 201
309 15 12654 193
310 15 13786 228
311 15 13127 194
312 15 13271 199
313 15 16151 253
314 15 14153 209
315 15 15119 228
316 15 11313 161
317 15 14601 250
318 15 18019 264
319 15 11896 151
320 15 10468 168
321 15 12088 186
322 15 11014 210
323 15 15611 336
324 15 15206 320
325 15 12576 245
326 15 12012 216
327 15 14210 272
328 15 14673 301
329 15 13306 255
330 15 11779 203
331 15 12350 205
332 15 11335 186
333 15 11934 190
334 15 14723 234
335 15 12468 186
336 15 13565 224
337 15 12266 230
338 15 13197 262
339 15 14293 283
340 15 13895 218
341 15 13451 214
342 15 12778 341
343 15 13461 189
344 15 9870 133
345 15 11833 126
346 15 14756 171
347 15 12505 117
348 15 14371 149
349 15 12476 114
350 15 15044 131
351 15 13723 117
352 15 13557 110
353 15 11641 91
354 15 13592 111
355 15 12343 104
356 15 13202 107
357 15 13824 126
358 15 10472 95
359 15 12348 107
360 15 11568 95
361 15 14876 138
362 15 12033 91
363 15 14595 117
364 15 13361 106
365 15 15969 134
366 15 12651 102
367 15 14898 129
368 15 11561 83
369 15 12506 95
370 15 14061 114
371 15 14165 115
372 15 11854 79
373 15 13256 100
374 15 13276 106
375 15 12099 93
376 15 12327 83
377 15 11450 83
378 15 11425 83
379 15 10522 72
380 15 16002 161
381 15 12814 102
382 15 12483 112
383 15 11047 78
384 15 15147 143
385 15 13075 105
386 15 12536 99
387 15 14831 113
388 15 13598 109
389 15 14203 124
390 15 12426 92
391 15 11418 73
392 15 11876 80
393 15 13151 105
394 15 13992 111
395 15 12907 103
396 15 10542 77
397 15 13131 114
398 15 12719 111
399 15 13977 139
400 15 11447 114
401 15 10647 112
402 15 14550 122
403 15 13245 101
404 15 9900 69
405 15 13549 106
406 15 12058 91
407 15 14220 128
408 15 15349 123
409 15 13993 126
410 15 13736 108
411 15 13821 100
412 15 13106 107
413 15 14535 128
414 15 15651 140
415 15 13681 127
416 15 15680 158
417 15 12967 109
418 15 13053 131
419 15 12004 95
420 15 13485 118
421 15 12951 105
422 15 11927 91
423 15 9471 65
424 15 13274 102
425 15 14853 119
426 15 12339 97
427 15 12758 98
428 15 15543 128
429 15 14229 108
430 15 13839 115
431 15 13672 116
432 15 12326 113
433 15 13401 110
434 15 14541 142
435 15 13622 155
436 15 14168 119
437 15 15243 131
438 15 11595 126
439 15 12037 91
440 15 12904 105
441 15 11799 87
442 15 13346 102
443 15 12029 92
444 15 17069 151
445 15 14031 118
446 15 11067 83
447 15 9711 75
448 15 13650 148
449 15 13158 126
450 15 12745 116
451 15 13589 126
452 15 15261 141
453 15 13452 174
454 15 12321 93
455 15 14637 121
456 15 10496 75
457 15 13390 101
458 15 10765 75
459 15 13142 85
460 15 10166 70
461 15 13435 102
462 15 11478 83
463 15 15112 120
464 15 11063 87
465 15 13471 127
466 15 13812 116
467 15 12608 94
468 15 12641 104
469 15 9641 74
470 15 13616 107
471 15 14724 123
472 15 11822 88
473 15 12082 92
474 15 12293 80
475 15 12115 77
476 15 14581 118
477 15 13339 122
478 15 14380 129
479 15 12550 120
480 15 13975 137
481 15 12961 134
482 15 12801 122
483 15 13041 131
484 15 11698 99
485 15 13568 118
486 15 11453 85
487 15 14857 123
488 15 13775 114
489 15 11991 88
490 15 10099 67
491 15 12793 102
492 15 14740 125
493 15 13385 108
494 15 16561 127
495 15 13217 93
496 15 12661 93
497 15 12043 103
498 15 11173 93
499 15 10832 98
500 15 15375 153
