1 15 10050 325
2 15 13081 194
3 15 12533 101
4 15 13412 257
5 15 13049 354
6 15 15601 103
7 15 12945 347
8 15 14258 329
9 15 11959 233
10 15 13607 314
11 15 15073 200
12 15 15380 190
13 15 12342 319
14 15 13940 101
15 15 12761 371
16 15 14627 278
17 15 14571 151
18 15 14762 449
19 15 12897 523
20 15 13230 254
21 15 12808 284
22 15 11948 354
23 15 13558 621
24 15 14210 514
25 15 11634 551
26 15 12226 626
27 15 12673 340
28 15 12711 332
29 15 11475 618
30 15 13196 554
31 15 13147 575
32 15 13052 581
33 15 13719 619
34 15 16207 512
35 15 12515 418
36 15 12022 243
37 15 15567 202
38 15 14342 378
39 15 14269 242
40 15 11845 371
41 15 12549 390
42 15 12052 239
43 15 15336 304
44 15 14422 393
45 15 11804 212
46 15 12914 224
47 15 12726 350
48 15 14389 114
49 15 13334 352
50 15 13127 312
51 15 11176 284
52 15 15164 326
53 15 11301 214
54 15 14411 218
55 15 15847 241
56 15 10539 329
57 15 13002 209
58 15 13929 375
59 15 14096 208
60 15 13708 185
61 15 14588 209
62 15 12448 333
63 15 14445 277
64 15 12756 350
65 15 13726 317
66 15 15897 113
67 15 12870 384
68 15 11535 193
69 15 16061 333
70 15 12452 354
71 15 12309 207
72 15 13523 315
73 15 15431 205
74 15 12611 483
75 15 11678 323
76 15 14649 198
77 15 13532 318
78 15 14282 182
79 15 13162 213
80 15 13721 108
81 15 13412 226
82 15 13338 217
83 15 13154 204
84 15 12220 516
85 15 13227 371
86 15 13015 386
87 15 14236 280
88 15 12907 426
89 15 13063 321
90 15 11798 214
91 15 13209 348
92 15 13364 355
93 15 12461 423
94 15 11855 238
95 15 15290 203
96 15 12653 369
97 15 14375 365
98 15 14032 214
99 15 13357 337
100 15 10459 386
101 15 14287 251
102 15 13094 260
103 15 10163 392
104 15 14660 326
105 15 13308 366
106 15 13346 368
107 15 13887 359
108 15 13846 290
109 15 12769 214
110 15 13067 363
111 15 14943 326
112 15 12691 349
113 15 14191 334
114 15 13014 208
115 15 13710 320
116 15 11640 385
117 15 12508 238
118 15 12224 343
119 15 12517 386
120 15 14847 229
121 15 12513 390
122 15 13202 227
123 15 12945 377
124 15 12878 218
125 15 10615 210
126 15 13386 252
127 15 12475 216
128 15 10920 400
129 15 16005 307
130 15 13629 427
131 15 13627 388
132 15 14720 532
133 15 12491 378
134 15 13561 169
135 15 14676 365
136 15 14269 498
137 15 12563 435
138 15 14703 307
139 15 12583 339
140 15 12410 529
141 15 13995 358
142 15 11778 380
143 15 10804 599
144 15 11634 639
145 15 11486 531
146 15 11893 313
147 15 14182 590
148 15 12978 572
149 15 15870 512
150 15 10905 355
151 15 13938 319
152 15 12851 602
153 15 15000 173
154 15 12762 355
155 15 12831 463
156 15 12518 559
157 15 14928 550
158 15 14019 321
159 15 10927 634
160 15 13390 570
161 15 14797 314
162 15 10347 358
163 15 13246 561
164 15 13398 408
165 15 13808 334
166 15 13844 526
167 15 9768 563
168 15 13187 576
169 15 12020 531
170 15 13642 481
171 15 13655 501
172 15 16124 289
173 15 12358 572
174 15 14061 170
175 15 13341 327
176 15 12961 558
177 15 13379 504
178 15 12884 752
179 15 13921 514
180 15 13189 609
181 15 11391 330
182 15 12928 544
183 15 15084 308
184 15 12744 576
185 15 14783 513
186 15 14261 319
187 15 14044 519
188 15 9938 891
189 15 13857 352
190 15 12813 529
191 15 14558 597
192 15 13415 498
193 15 11376 220
194 15 15147 383
195 15 14740 267
196 15 15425 204
197 15 14024 368
198 15 13700 216
199 15 12847 219
200 15 11490 509
201 15 12271 278
202 15 10996 355
203 15 12922 220
204 15 11900 353
205 15 13474 333
206 15 12899 220
207 15 13276 344
208 15 12992 369
209 15 14413 285
210 15 16024 277
211 15 10545 351
212 15 13439 209
213 15 8436 384
214 15 13955 282
215 15 15256 371
216 15 10892 349
217 15 14634 386
218 15 13617 376
219 15 12808 262
220 15 16647 253
221 15 14419 224
222 15 16246 188
223 15 13662 371
224 15 13973 132
225 15 14756 298
226 15 12984 194
227 15 12329 444
228 15 11898 205
229 15 11181 264
230 15 11096 447
231 15 12148 208
232 15 14788 212
233 15 15831 333
234 15 14376 288
235 15 14058 197
236 15 14600 315
237 15 15351 312
238 15 14787 275
239 15 13536 356
240 15 13896 193
241 15 13664 458
242 15 11525 483
243 15 14750 208
244 15 13159 336
245 15 12356 217
246 15 15697 216
247 15 14922 332
248 15 12943 337
249 15 13513 211
250 15 12967 207
251 15 12347 428
252 15 16754 117
253 15 13496 229
254 15 12542 339
255 15 14992 186
256 15 12651 457
257 15 14454 188
258 15 11900 357
259 15 13256 210
260 15 13259 351
261 15 11090 566
262 15 12842 316
263 15 11585 340
264 15 13429 358
265 15 10633 330
266 15 13026 380
267 15 14471 335
268 15 11593 401
269 15 13943 288
270 15 13627 365
271 15 13410 387
272 15 12338 359
273 15 10653 370
274 15 10207 359
275 15 14437 343
276 15 12918 357
277 15 12243 214
278 15 11693 347
279 15 12867 359
280 15 14288 264
281 15 13348 387
282 15 14328 354
283 15 13809 123
284 15 14268 200
285 15 12678 225
286 15 13675 364
287 15 12803 342
288 15 11841 368
289 15 10522 412
290 15 12529 319
291 15 13247 227
292 15 13709 280
293 15 14189 356
294 15 12845 462
295 15 15202 273
296 15 14176 214
297 15 12550 368
298 15 13716 190
299 15 12202 201
300 15 12845 228
301 15 12634 209
302 15 14130 342
303 15 12054 395
304 15 14581 126
305 15 10977 373
306 15 13287 248
307 15 13764 257
308 15 13410 309
309 15 12271 208
310 15 13786 366
311 15 13023 220
312 15 13271 381
313 15 16151 445
314 15 14153 386
315 15 14717 232
316 15 10946 342
317 15 14501 206
318 15 17870 190
319 15 11896 385
320 15 10218 371
321 15 11928 370
322 15 11014 652
323 15 15611 345
324 15 15082 279
325 15 12576 457
326 15 11909 332
327 15 14210 370
328 15 14673 270
329 15 13306 344
330 15 11771 341
331 15 12350 454
332 15 11223 198
333 15 11762 194
334 15 14369 205
335 15 12468 403
336 15 13472 199
337 15 12266 319
338 15 13049 205
339 15 14273 105
340 15 13895 355
341 15 13335 219
342 15 12765 208
343 15 13461 330
344 15 9615 339
345 15 11831 308
346 15 14756 359
347 15 12237 338
348 15 14371 349
349 15 12476 207
350 15 15013 310
351 15 13723 324
352 15 13320 191
353 15 11441 210
354 15 13592 322
355 15 12195 198
356 15 13202 383
357 15 13824 264
358 15 10472 310
359 15 12348 202
360 15 11568 317
361 15 14408 194
362 15 12033 348
363 15 14595 338
364 15 13308 326
365 15 15969 188
366 15 12648 316
367 15 14898 168
368 15 11561 466
369 15 12506 195
370 15 14061 312
371 15 14165 446
372 15 11854 314
373 15 13256 309
374 15 13276 355
375 15 12095 304
376 15 12211 339
377 15 11297 361
378 15 11425 332
379 15 10468 344
380 15 15972 147
381 15 12554 189
382 15 12483 342
383 15 11047 354
384 15 15147 175
385 15 13075 368
386 15 12536 204
387 15 14683 374
388 15 13598 292
389 15 14008 224
390 15 12321 504
391 15 11418 300
392 15 11818 302
393 15 12866 313
394 15 13992 540
395 15 12907 481
396 15 10542 572
397 15 13090 318
398 15 12719 500
399 15 13972 246
400 15 11447 595
401 15 10607 514
402 15 14550 585
403 15 13245 533
404 15 9809 1838
405 15 13549 515
406 15 11684 326
407 15 14092 315
408 15 14930 329
409 15 13985 312
410 15 13736 528
411 15 13709 343
412 15 13106 484
413 15 14102 329
414 15 15527 331
415 15 13681 366
416 15 15584 190
417 15 12743 229
418 15 13053 506
419 15 11984 225
420 15 13485 309
421 15 12951 345
422 15 11927 533
423 15 9471 657
424 15 13247 318
425 15 14853 358
426 15 12017 111
427 15 12758 369
428 15 14988 215
429 15 14229 328
430 15 13607 185
431 15 13590 200
432 15 12169 220
433 15 13329 336
434 15 14541 205
435 15 13622 388
436 15 13939 177
437 15 15065 194
438 15 11595 375
439 15 12011 313
440 15 12734 336
441 15 11453 339
442 15 12967 189
443 15 12029 329
444 15 17069 350
445 15 14031 425
446 15 11067 399
447 15 9711 366
448 15 13336 200
449 15 12861 333
450 15 12560 178
451 15 13589 367
452 15 15261 349
453 15 13452 385
454 15 12281 354
455 15 14631 111
456 15 10496 538
457 15 13032 204
458 15 10562 358
459 15 12880 233
460 15 10024 363
461 15 13435 359
462 15 11426 344
463 15 15068 229
464 15 11063 325
465 15 12978 209
466 15 13652 250
467 15 12344 209
468 15 12641 369
469 15 9641 190
470 15 13616 333
471 15 14724 382
472 15 11674 325
473 15 11687 206
474 15 12293 352
475 15 12055 350
476 15 14581 365
477 15 13281 341
478 15 14210 214
479 15 12550 224
480 15 13975 351
481 15 12614 219
482 15 12801 356
483 15 13041 290
484 15 11698 396
485 15 13332 216
486 15 11427 214
487 15 14845 332
488 15 13775 340
489 15 11989 214
490 15 10043 386
491 15 12793 318
492 15 14740 360
493 15 12942 216
494 15 16241 117
495 15 13217 267
496 15 12661 366
497 15 12043 369
498 15 10860 391
499 15 10832 217
500 15 15375 356
