1 4 1129 2
2 4 1503 1
3 4 0 1
4 4 70 1
5 4 2758 2
6 4 1641 1
7 4 4607 2
8 4 4422 2
9 4 1635 1
10 4 744 1
11 4 2081 1
12 4 1538 1
13 4 5798 2
14 4 1769 1
15 4 4117 2
16 4 2261 1
17 4 0 1
18 4 2453 2
19 4 3999 2
20 4 4919 2
21 4 2098 1
22 4 1382 2
23 4 4485 2
24 4 3611 2
25 4 3102 2
26 4 2551 2
27 4 1990 1
28 4 1649 1
29 4 1496 1
30 4 5798 2
31 4 4506 2
32 4 5893 2
33 4 2277 1
34 4 2689 2
35 4 2356 2
36 4 751 1
37 4 0 1
38 4 3414 2
39 4 2453 1
40 4 2001 1
41 4 2024 1
42 4 2033 1
43 4 3331 2
44 4 3271 2
45 4 4966 2
46 4 1107 1
47 4 4753 2
48 4 2320 1
49 4 0 1
50 4 2717 2
51 4 0 1
52 4 3417 1
53 4 1968 1
54 4 523 1
55 4 4588 2
56 4 2986 2
57 4 1933 1
58 4 2090 2
59 4 4343 2
60 4 4469 1
61 4 0 1
62 4 2537 1
63 4 1235 1
64 4 4289 2
65 4 6226 2
66 4 2126 1
67 4 3162 2
68 4 1876 5
69 4 0 1
70 4 5282 2
71 4 1719 1
72 4 2460 1
73 4 1955 1
74 4 0 1
75 4 2904 2
76 4 1844 1
77 4 5098 2
78 4 3681 2
79 4 2917 1
80 4 1548 1
81 4 3244 2
82 4 4217 1
83 4 0 1
84 4 1872 2
85 4 6606 2
86 4 2533 2
87 4 2283 2
88 4 161 1
89 4 927 2
90 4 3366 1
91 4 3363 2
92 4 3770 2
93 4 1160 2
94 4 1910 2
95 4 3574 1
96 4 1235 1
97 4 3901 2
98 4 1487 1
99 4 4088 2
100 4 1936 1
101 4 4049 1
102 4 1884 1
103 4 1289 1
104 4 2691 2
105 4 2173 1
106 4 3248 2
107 4 3340 2
108 4 3497 1
109 4 2036 1
110 4 1867 1
111 4 5518 2
112 4 2413 2
113 4 3499 2
114 4 3517 1
115 4 5403 2
116 4 3213 2
117 4 2445 2
118 4 0 1
119 4 2993 2
120 4 3018 2
121 4 1587 1
122 4 4162 1
123 4 5875 2
124 4 2120 1
125 4 1644 1
126 4 0 1
127 4 4413 2
128 4 2364 2
129 4 3248 1
130 4 5691 2
131 4 2980 2
132 4 4369 2
133 4 926 1
134 4 3184 1
135 4 4346 2
136 4 1822 2
137 4 2302 1
138 4 1390 1
139 4 1055 1
140 4 5086 2
141 4 683 1
142 4 4173 1
143 4 2365 1
144 4 0 1
145 4 0 1
146 4 4195 1
147 4 4518 2
148 4 3482 2
149 4 2446 2
150 4 1823 1
151 4 3714 2
152 4 2483 2
153 4 381 1
154 4 3621 1
155 4 1777 2
156 4 3272 1
157 4 3232 2
158 4 1989 1
159 4 2444 1
160 4 2201 2
161 4 1118 2
162 4 0 1
163 4 3883 2
164 4 4042 2
165 4 1609 1
166 4 1314 2
167 4 3352 2
168 4 4900 2
169 4 5957 2
170 4 2489 2
171 4 2439 2
172 4 3785 2
173 4 4835 2
174 4 103 2
175 4 2399 1
176 4 2094 2
177 4 0 1
178 4 3683 2
179 4 3624 2
180 4 4842 2
181 4 2332 1
182 4 3798 2
183 4 0 1
184 4 4391 2
185 4 3600 2
186 4 1999 1
187 4 4249 2
188 4 636 2
189 4 1545 1
190 4 5838 2
191 4 3129 2
192 4 4846 2
193 4 921 1
194 4 1181 2
195 4 3584 2
196 4 1991 2
197 4 6201 2
198 4 1540 1
199 4 2098 1
200 4 2965 1
201 4 0 1
202 4 2493 2
203 4 2156 1
204 4 0 1
205 4 2209 1
206 4 2058 1
207 4 0 1
208 4 1992 2
209 4 2582 2
210 4 924 2
211 4 1945 1
212 4 0 1
213 4 2063 2
214 4 2859 1
215 4 0 1
216 4 0 1
217 4 1742 1
218 4 1664 2
219 4 2403 2
220 4 2193 1
221 4 1648 2
222 4 2260 1
223 4 4656 2
224 4 1185 1
225 4 3714 2
226 4 1360 2
227 4 365 1
228 4 2122 1
229 4 184 1
230 4 6260 2
231 4 2546 1
232 4 3049 1
233 4 5007 2
234 4 5406 2
235 4 2043 1
236 4 2013 2
237 4 1598 1
238 4 5384 2
239 4 3796 2
240 4 1410 1
241 4 4660 2
242 4 5359 2
243 4 1462 2
244 4 2500 1
245 4 1772 1
246 4 3293 2
247 4 5771 2
248 4 3079 2
249 4 3429 1
250 4 1821 1
251 4 0 1
252 4 1559 1
253 4 2362 2
254 4 1545 2
255 4 0 1
256 4 1617 2
257 4 1865 1
258 4 2944 1
259 4 850 1
260 4 3824 1
261 4 4733 2
262 4 5503 2
263 4 1874 2
264 4 4072 2
265 4 3958 2
266 4 1140 2
267 4 2722 2
268 4 2627 1
269 4 5977 2
270 4 1924 2
271 4 5039 2
272 4 3962 1
273 4 2307 1
274 4 2521 1
275 4 3216 1
276 4 4054 2
277 4 1610 1
278 4 631 2
279 4 4297 2
280 4 3135 1
281 4 875 2
282 4 2326 1
283 4 3373 1
284 4 0 1
285 4 2847 1
286 4 6263 2
287 4 1167 2
288 4 3583 3
289 4 5250 2
290 4 2664 2
291 4 1379 2
292 4 5836 2
293 4 4091 3
294 4 4659 2
295 4 3682 2
296 4 1745 2
297 4 2079 2
298 4 3620 2
299 4 2125 2
300 4 0 2
301 4 3153 2
302 4 2038 2
303 4 1691 2
304 4 2432 2
305 4 4215 2
306 4 2494 2
307 4 2145 2
308 4 3091 2
309 4 1808 2
310 4 4132 3
311 4 2329 2
312 4 3346 2
313 4 2268 2
314 4 3137 3
315 4 4054 2
316 4 1101 2
317 4 4500 2
318 4 2247 1
319 4 1712 2
320 4 1301 2
321 4 1794 2
322 4 0 1
323 4 4628 2
324 4 4609 2
325 4 4279 2
326 4 2679 2
327 4 3176 2
328 4 3162 2
329 4 2265 2
330 4 5239 2
331 4 2411 2
332 4 6225 2
333 4 1645 1
334 4 602 1
335 4 3649 2
336 4 1012 1
337 4 2488 2
338 4 2430 2
339 4 4575 1
340 4 1570 2
341 4 1970 1
342 4 2637 1
343 4 2560 2
344 4 2366 1
345 4 4388 1
346 4 4346 2
347 4 3512 1
348 4 0 1
349 4 3056 1
350 4 2564 1
351 4 4668 2
352 4 1953 1
353 4 746 1
354 4 3130 2
355 4 1442 1
356 4 4826 2
357 4 3366 2
358 4 2311 2
359 4 492 1
360 4 3260 1
361 4 2184 1
362 4 0 1
363 4 348 2
364 4 2164 2
365 4 5608 2
366 4 3533 2
367 4 3362 2
368 4 3610 1
369 4 988 1
370 4 1499 2
371 4 3491 2
372 4 6805 2
373 4 2637 2
374 4 3842 2
375 4 0 1
376 4 2542 1
377 4 2463 1
378 4 1512 1
379 4 647 1
380 4 3606 1
381 4 0 1
382 4 6366 2
383 4 2024 1
384 4 2882 2
385 4 3214 2
386 4 4021 1
387 4 2385 1
388 4 2095 1
389 4 1892 1
390 4 3088 1
391 4 3640 1
392 4 2004 1
393 4 2279 1
394 4 4939 2
395 4 0 1
396 4 396 2
397 4 4096 1
398 4 3071 2
399 4 3785 1
400 4 2984 2
401 4 1839 1
402 4 3686 2
403 4 2376 1
404 4 3811 1
405 4 1980 2
406 4 1800 1
407 4 1360 1
408 4 1211 1
409 4 2400 2
410 4 1800 2
411 4 5135 2
412 4 4896 2
413 4 2034 1
414 4 2918 1
415 4 0 1
416 4 4611 1
417 4 2120 1
418 4 1425 2
419 4 5241 2
420 4 6565 2
421 4 3941 1
422 4 5362 2
423 4 5562 2
424 4 2445 2
425 4 5897 2
426 4 2381 1
427 4 1797 2
428 4 0 1
429 4 2724 2
430 4 1373 2
431 4 2297 1
432 4 3641 1
433 4 3591 1
434 4 1470 2
435 4 2614 2
436 4 3355 1
437 4 3274 1
438 4 4155 2
439 4 0 1
440 4 4421 2
441 4 1525 1
442 4 2036 1
443 4 4419 2
444 4 5022 2
445 4 2779 2
446 4 2772 1
447 4 2383 2
448 4 1799 1
449 4 2027 1
450 4 2845 1
451 4 4109 2
452 4 2798 2
453 4 3459 2
454 4 2500 1
455 4 3271 1
456 4 4276 2
457 4 1814 1
458 4 935 1
459 4 2300 1
460 4 4437 2
461 4 4672 2
462 4 2464 1
463 4 2476 1
464 4 4205 2
465 4 750 2
466 4 418 1
467 4 2276 1
468 4 3923 2
469 4 4071 2
470 4 2258 2
471 4 802 2
472 4 2623 2
473 4 420 2
474 4 4228 2
475 4 6555 2
476 4 237 2
477 4 0 1
478 4 3124 1
479 4 2413 1
480 4 3262 2
481 4 1378 1
482 4 215 2
483 4 3036 2
484 4 168 1
485 4 2122 1
486 4 2035 1
487 4 1652 1
488 4 4939 2
489 4 0 1
490 4 2490 1
491 4 4254 2
492 4 5318 2
493 4 0 1
494 4 1065 1
495 4 2843 2
496 4 3106 2
497 4 4426 2
498 4 2145 1
499 4 2036 1
500 4 3687 2
