1 4 1129 0
2 4 1503 0
3 4 0 0
4 4 70 0
5 4 2758 0
6 4 1641 0
7 4 4607 0
8 4 4422 0
9 4 2127 0
10 4 744 0
11 4 2693 0
12 4 1538 0
13 4 5798 0
14 4 2203 0
15 4 4117 0
16 4 2698 0
17 4 0 0
18 4 2453 0
19 4 3999 0
20 4 4919 0
21 4 2098 0
22 4 1382 0
23 4 4485 0
24 4 3611 0
25 4 3102 0
26 4 2551 0
27 4 2098 0
28 4 1649 0
29 4 1643 0
30 4 5798 0
31 4 4506 0
32 4 5893 0
33 4 2277 0
34 4 2689 0
35 4 2356 0
36 4 1209 0
37 4 0 0
38 4 3414 0
39 4 2453 0
40 4 2001 0
41 4 2024 0
42 4 2033 0
43 4 3331 0
44 4 3271 0
45 4 4966 0
46 4 1107 0
47 4 4753 0
48 4 2320 0
49 4 0 0
50 4 2717 0
51 4 0 0
52 4 3895 0
53 4 2244 0
54 4 523 0
55 4 4588 0
56 4 2986 0
57 4 2310 0
58 4 2090 0
59 4 4343 0
60 4 4469 0
61 4 0 0
62 4 2537 0
63 4 1235 0
64 4 4289 0
65 4 6226 0
66 4 2376 0
67 4 3162 0
68 4 1993 0
69 4 0 0
70 4 5282 0
71 4 1719 0
72 4 2460 0
73 4 2542 0
74 4 0 0
75 4 2904 0
76 4 1983 0
77 4 5098 0
78 4 3681 0
79 4 4022 0
80 4 1548 0
81 4 3244 0
82 4 5633 0
83 4 0 0
84 4 1872 0
85 4 6606 0
86 4 2533 0
87 4 2283 0
88 4 161 0
89 4 927 0
90 4 3349 0
91 4 3363 0
92 4 3770 0
93 4 1160 0
94 4 1910 0
95 4 3748 0
96 4 1713 0
97 4 3901 0
98 4 1487 0
99 4 4088 0
100 4 1936 0
101 4 5133 0
102 4 1884 0
103 4 1289 0
104 4 2691 0
105 4 2173 0
106 4 3248 0
107 4 3340 0
108 4 3497 0
109 4 2036 0
110 4 1867 0
111 4 5518 0
112 4 2413 0
113 4 3499 0
114 4 3567 0
115 4 5403 0
116 4 3213 0
117 4 2445 0
118 4 0 0
119 4 2993 0
120 4 3018 0
121 4 1799 0
122 4 4162 0
123 4 5875 0
124 4 2120 0
125 4 2786 0
126 4 0 0
127 4 4413 0
128 4 2364 0
129 4 3248 0
130 4 5691 0
131 4 2980 0
132 4 4369 0
133 4 1063 0
134 4 3557 0
135 4 4346 0
136 4 1822 0
137 4 2302 0
138 4 2006 0
139 4 1055 0
140 4 5086 0
141 4 972 0
142 4 5576 0
143 4 1974 0
144 4 0 0
145 4 0 0
146 4 4255 0
147 4 4518 0
148 4 3482 0
149 4 2446 0
150 4 1823 0
151 4 3714 0
152 4 2483 0
153 4 381 0
154 4 3621 0
155 4 1777 0
156 4 4059 0
157 4 3232 0
158 4 2058 0
159 4 2444 0
160 4 2201 0
161 4 1118 0
162 4 0 0
163 4 3883 0
164 4 4042 0
165 4 1609 0
166 4 1314 0
167 4 3352 0
168 4 4900 0
169 4 6731 0
170 4 2489 0
171 4 2439 0
172 4 3785 0
173 4 4835 0
174 4 103 0
175 4 4005 0
176 4 2094 0
177 4 0 0
178 4 3683 0
179 4 3624 0
180 4 4842 0
181 4 2332 0
182 4 3798 0
183 4 0 0
184 4 4391 0
185 4 3600 0
186 4 1999 0
187 4 4249 0
188 4 636 0
189 4 1545 0
190 4 5838 0
191 4 3129 0
192 4 4846 0
193 4 1937 0
194 4 1181 0
195 4 3584 0
196 4 1991 0
197 4 6201 0
198 4 1746 0
199 4 2098 0
200 4 2965 0
201 4 0 0
202 4 2493 0
203 4 3317 0
204 4 0 0
205 4 2209 0
206 4 2058 0
207 4 0 0
208 4 1992 0
209 4 2582 0
210 4 924 0
211 4 2044 0
212 4 0 0
213 4 2063 0
214 4 3013 0
215 4 0 0
216 4 0 0
217 4 1742 0
218 4 1664 0
219 4 2403 0
220 4 2193 0
221 4 1648 0
222 4 2260 0
223 4 4656 0
224 4 1185 0
225 4 3714 0
226 4 1360 0
227 4 365 0
228 4 2122 0
229 4 184 0
230 4 6260 0
231 4 3744 0
232 4 3141 0
233 4 5007 0
234 4 5574 0
235 4 2666 0
236 4 2013 0
237 4 1598 0
238 4 5384 0
239 4 3796 0
240 4 1410 0
241 4 4660 0
242 4 5359 0
243 4 1462 0
244 4 2500 0
245 4 1927 0
246 4 3293 0
247 4 5771 0
248 4 3079 0
249 4 3429 0
250 4 2362 0
251 4 0 0
252 4 1899 0
253 4 2362 0
254 4 1545 0
255 4 0 0
256 4 1617 0
257 4 2096 0
258 4 3779 0
259 4 2381 0
260 4 3824 0
261 4 4733 0
262 4 5503 0
263 4 1874 0
264 4 4072 0
265 4 3958 0
266 4 1140 0
267 4 2722 0
268 4 2627 0
269 4 5977 0
270 4 1924 0
271 4 5039 0
272 4 3962 0
273 4 2307 0
274 4 2521 0
275 4 3216 0
276 4 4054 0
277 4 3178 0
278 4 631 0
279 4 4297 0
280 4 3135 0
281 4 875 0
282 4 2326 0
283 4 4845 0
284 4 0 0
285 4 3425 0
286 4 6263 0
287 4 1167 0
288 4 3583 0
289 4 5250 0
290 4 2664 0
291 4 1379 0
292 4 5836 0
293 4 4091 0
294 4 4659 0
295 4 3682 0
296 4 1745 0
297 4 2656 0
298 4 2130 0
299 4 2370 0
300 4 0 0
301 4 3363 0
302 4 2038 0
303 4 1691 0
304 4 4274 0
305 4 4215 0
306 4 2494 0
307 4 2488 0
308 4 3091 0
309 4 2009 0
310 4 4132 0
311 4 3391 0
312 4 3346 0
313 4 2268 0
314 4 3137 0
315 4 2900 0
316 4 1101 0
317 4 4566 0
318 4 2247 0
319 4 1712 0
320 4 2051 0
321 4 3012 0
322 4 0 0
323 4 4628 0
324 4 4609 0
325 4 4279 0
326 4 2679 0
327 4 3176 0
328 4 3162 0
329 4 2265 0
330 4 5239 0
331 4 2411 0
332 4 5265 0
333 4 2405 0
334 4 602 0
335 4 3649 0
336 4 1884 0
337 4 2488 0
338 4 2430 0
339 4 6125 0
340 4 1570 0
341 4 2305 0
342 4 2637 0
343 4 2560 0
344 4 2366 0
345 4 4388 0
346 4 4346 0
347 4 3711 0
348 4 0 0
349 4 3384 0
350 4 2564 0
351 4 4668 0
352 4 1953 0
353 4 1262 0
354 4 3130 0
355 4 1442 0
356 4 4826 0
357 4 3366 0
358 4 2311 0
359 4 1631 0
360 4 3260 0
361 4 2184 0
362 4 0 0
363 4 348 0
364 4 2164 0
365 4 5608 0
366 4 3533 0
367 4 3362 0
368 4 3610 0
369 4 1599 0
370 4 1499 0
371 4 3491 0
372 4 6871 0
373 4 2637 0
374 4 3842 0
375 4 0 0
376 4 3161 0
377 4 2463 0
378 4 1622 0
379 4 804 0
380 4 3824 0
381 4 0 0
382 4 6366 0
383 4 2024 0
384 4 2882 0
385 4 3214 0
386 4 4021 0
387 4 2385 0
388 4 2628 0
389 4 2059 0
390 4 3088 0
391 4 3640 0
392 4 2511 0
393 4 2644 0
394 4 4939 0
395 4 0 0
396 4 396 0
397 4 4642 0
398 4 3071 0
399 4 3785 0
400 4 2984 0
401 4 1839 0
402 4 3686 0
403 4 2376 0
404 4 3811 0
405 4 1980 0
406 4 1800 0
407 4 1360 0
408 4 1211 0
409 4 2400 0
410 4 1800 0
411 4 5135 0
412 4 4896 0
413 4 2034 0
414 4 3254 0
415 4 0 0
416 4 4611 0
417 4 2173 0
418 4 1425 0
419 4 5241 0
420 4 6565 0
421 4 3941 0
422 4 5362 0
423 4 5562 0
424 4 2503 0
425 4 5897 0
426 4 2381 0
427 4 1797 0
428 4 0 0
429 4 2724 0
430 4 2033 0
431 4 2653 0
432 4 3641 0
433 4 3591 0
434 4 1470 0
435 4 2614 0
436 4 3634 0
437 4 3951 0
438 4 4155 0
439 4 0 0
440 4 4421 0
441 4 2255 0
442 4 2036 0
443 4 4419 0
444 4 5022 0
445 4 2779 0
446 4 2772 0
447 4 2383 0
448 4 2907 0
449 4 2879 0
450 4 2845 0
451 4 4109 0
452 4 2798 0
453 4 3459 0
454 4 2618 0
455 4 3271 0
456 4 4276 0
457 4 1814 0
458 4 1053 0
459 4 2300 0
460 4 4437 0
461 4 4672 0
462 4 2464 0
463 4 2476 0
464 4 4205 0
465 4 922 0
466 4 418 0
467 4 3190 0
468 4 3923 0
469 4 4071 0
470 4 2258 0
471 4 802 0
472 4 2792 0
473 4 420 0
474 4 4228 0
475 4 6555 0
476 4 237 0
477 4 0 0
478 4 3694 0
479 4 3988 0
480 4 3262 0
481 4 2495 0
482 4 215 0
483 4 3036 0
484 4 168 0
485 4 2122 0
486 4 2035 0
487 4 1652 0
488 4 4939 0
489 4 0 0
490 4 2933 0
491 4 4254 0
492 4 5318 0
493 4 0 0
494 4 1113 0
495 4 2843 0
496 4 3106 0
497 4 4426 0
498 4 2145 0
499 4 2036 0
500 4 3687 0
