1 4 1129 38 0100
2 4 1503 44 0010
3 4 0 24 0000
4 4 70 34 1000
5 4 2758 39 0101
6 4 1641 30 100
7 4 4607 39 1101
8 4 4422 31 110
9 4 1816 36 0011
10 4 744 22 1000
11 4 2619 27 0110
12 4 1538 25 1100
13 4 5798 29 1101
14 4 2203 26 0011
15 4 4117 25 1100
16 4 2698 24 1100
17 4 0 16 0000
18 4 2453 22 1000
19 4 3999 25 0101
20 4 4919 29 1110
21 4 2098 22 1000
22 4 1382 15 1
23 4 4485 21 1110
24 4 3611 21 0111
25 4 3102 22 1101
26 4 2551 20 0101
27 4 1990 19 1000
28 4 1649 15 1
29 4 1643 15 0100
30 4 5798 17 1101
31 4 4506 17 1011
32 4 5893 24 1011
33 4 2277 19 100
34 4 2689 22 1001
35 4 2356 20 1000
36 4 1209 28 1010
37 4 0 13 0000
38 4 3414 25 1100
39 4 2453 28 0010
40 4 2001 27 0010
41 4 2024 21 1000
42 4 2033 22 100
43 4 3331 24 1100
44 4 3271 34 0111
45 4 4966 33 1110
46 4 1107 28 0100
47 4 4753 30 0011
48 4 2320 26 010
49 4 0 18 0000
50 4 2717 25 1001
51 4 0 18 0000
52 4 3895 32 1101
53 4 2244 26 0001
54 4 523 25 1000
55 4 4588 31 1011
56 4 2986 32 1010
57 4 2310 31 0011
58 4 2090 22 10
59 4 4343 33 1001
60 4 4469 30 0011
61 4 0 20 0000
62 4 2537 30 1001
63 4 1235 28 1000
64 4 4289 34 1110
65 4 6226 33 1101
66 4 2376 29 0101
67 4 3162 30 1001
68 4 1993 30 0010
69 4 0 24 0000
70 4 5282 31 1101
71 4 1719 26 1000
72 4 2460 31 0011
73 4 2542 25 1010
74 4 0 15 0000
75 4 2904 24 0111
76 4 1983 22 1000
77 4 5098 25 1110
78 4 3681 25 1101
79 4 2917 24 0011
80 4 1548 18 10
81 4 3244 19 1100
82 4 5633 21 1011
83 4 0 11 0000
84 4 1872 14 100
85 4 6606 19 1110
86 4 2533 15 101
87 4 2283 16 0001
88 4 161 14 1000
89 4 927 16 0100
90 4 3349 18 0101
91 4 3363 18 1101
92 4 3770 18 0111
93 4 1160 11 1
94 4 1910 16 1001
95 4 3494 17 0011
96 4 1323 16 0100
97 4 3901 14 1100
98 4 1487 19 0010
99 4 4088 16 111
100 4 1936 13 1
101 4 4049 19 0011
102 4 1884 18 0010
103 4 1289 14 1
104 4 2691 18 0101
105 4 2173 14 0100
106 4 3248 16 0110
107 4 3340 15 1001
108 4 2326 15 1000
109 4 2036 15 0010
110 4 1867 12 10
111 4 5518 15 0111
112 4 2413 12 10
113 4 3499 13 0101
114 4 3567 13 1011
115 4 5403 13 1110
116 4 3213 10 1010
117 4 2445 11 0001
118 4 0 7 0000
119 4 2993 10 101
120 4 3018 11 110
121 4 1799 13 0100
122 4 4162 12 1010
123 4 5875 14 1011
124 4 2120 11 1000
125 4 1975 14 0100
126 4 0 8 0000
127 4 4413 12 1001
128 4 2364 10 10
129 4 3248 12 0101
130 4 5691 14 1011
131 4 2980 13 0110
132 4 4369 14 1011
133 4 1063 12 0010
134 4 2301 13 1000
135 4 4346 14 1101
136 4 1822 11 0011
137 4 2302 13 1110
138 4 2006 11 0100
139 4 1055 9 10
140 4 5086 13 1101
141 4 683 12 1001
142 4 5576 13 0111
143 4 1974 13 0001
144 4 0 7 0000
145 4 0 7 0000
146 4 4195 12 0011
147 4 4518 13 1101
148 4 3482 12 1101
149 4 2446 11 010
150 4 1823 13 0001
151 4 3714 17 1011
152 4 2483 14 1000
153 4 381 14 1000
154 4 3481 19 0101
155 4 1777 13 1100
156 4 4059 16 1101
157 4 3232 15 1001
158 4 1989 16 0001
159 4 2444 15 0100
160 4 2201 14 0110
161 4 1118 11 1000
162 4 0 9 0000
163 4 3883 14 1101
164 4 4042 13 0110
165 4 1609 12 1100
166 4 1314 10 100
167 4 3352 13 0110
168 4 4900 14 1110
169 4 6731 16 1110
170 4 2489 14 0010
171 4 2439 12 0010
172 4 3785 16 1100
173 4 4835 16 1101
174 4 103 12 1
175 4 2672 17 0011
176 4 2094 15 110
177 4 0 10 0000
178 4 3683 17 0101
179 4 3624 13 0101
180 4 4842 14 1011
181 4 2332 14 0001
182 4 3798 14 1110
183 4 0 9 0000
184 4 4391 17 1011
185 4 3600 17 1101
186 4 1999 13 1000
187 4 4249 19 0011
188 4 636 15 10
189 4 1545 19 0001
190 4 5838 18 1101
191 4 3129 17 0101
192 4 4846 17 0011
193 4 1937 18 1000
194 4 1181 13 1
195 4 3584 18 1101
196 4 1991 15 1001
197 4 6201 18 0111
198 4 1746 17 0011
199 4 2098 15 0001
200 4 2965 17 1001
201 4 0 10 0000
202 4 2493 14 100
203 4 2236 19 0011
204 4 0 12 0000
205 4 2209 16 1000
206 4 2058 19 0001
207 4 0 10 0000
208 4 1992 15 0100
209 4 2582 17 1101
210 4 924 11 1
211 4 1945 14 0100
212 4 0 9 0000
213 4 2063 14 0001
214 4 3013 15 1101
215 4 0 9 0000
216 4 0 8 0000
217 4 1742 13 0100
218 4 1664 12 10
219 4 2403 13 10
220 4 2193 16 1100
221 4 1648 13 1001
222 4 2260 13 101
223 4 4656 16 1110
224 4 1185 12 100
225 4 3714 17 0110
226 4 1360 14 1000
227 4 365 60 1000
228 4 2122 21 1000
229 4 184 19 100
230 4 6260 24 1011
231 4 2480 25 0011
232 4 3078 26 0111
233 4 5007 24 1110
234 4 5574 25 1011
235 4 1809 24 0011
236 4 2013 17 100
237 4 1598 17 1000
238 4 5384 23 1101
239 4 3796 22 1010
240 4 1410 18 10
241 4 4660 26 1110
242 4 5359 32 0111
243 4 1462 24 0001
244 4 2500 20 10
245 4 1927 25 0010
246 4 3293 26 0011
247 4 5771 27 1101
248 4 3079 26 0110
249 4 3429 24 1001
250 4 2362 26 0100
251 4 0 16 0000
252 4 1559 21 0010
253 4 2362 18 110
254 4 1545 14 1
255 4 0 11 0000
256 4 1617 17 0111
257 4 1544 17 0011
258 4 3779 17 1110
259 4 2381 17 1000
260 4 3824 16 0101
261 4 4733 20 1011
262 4 5503 20 1110
263 4 1874 20 1110
264 4 4072 19 1010
265 4 3958 21 0101
266 4 1140 24 0100
267 4 2722 30 0101
268 4 2627 33 0101
269 4 5977 31 1011
270 4 1924 28 1100
271 4 5039 30 1110
272 4 3962 24 101
273 4 2307 27 110
274 4 1946 23 0101
275 4 3216 23 0011
276 4 4054 20 110
277 4 2457 27 1000
278 4 631 24 0100
279 4 4297 32 1110
280 4 2145 29 0100
281 4 875 25 0010
282 4 2326 23 100
283 4 4845 29 0110
284 4 0 16 0000
285 4 3425 28 0111
286 4 6263 32 1011
287 4 1167 24 0011
288 4 3583 27 1101
289 4 5250 25 1110
290 4 2664 22 1010
291 4 1379 12 1
292 4 5836 27 1011
293 4 4091 16 1010
294 4 4659 18 1101
295 4 3682 22 1010
296 4 1362 15 1001
297 4 2656 16 0011
298 4 2024 13 0001
299 4 2305 11 011
300 4 0 7 0000
301 4 3363 13 0111
302 4 2038 10 100
303 4 1691 9 01
304 4 2766 12 0011
305 4 4215 12 0101
306 4 2494 10 1000
307 4 2145 11 1000
308 4 3091 11 1010
309 4 2009 12 1000
310 4 4132 11 1100
311 4 3391 11 1101
312 4 3346 11 1101
313 4 2268 10 1000
314 4 3137 11 1101
315 4 2900 12 0011
316 4 1101 9 1000
317 4 4500 13 0011
318 4 2247 9 100
319 4 1712 10 1001
320 4 1562 12 1000
321 4 1906 12 0001
322 4 0 7 0000
323 4 4628 13 1011
324 4 3886 13 0011
325 4 4279 12 1100
326 4 2679 12 1011
327 4 3176 10 1001
328 4 3162 11 0011
329 4 2265 10 001
330 4 5239 12 0111
331 4 2411 11 1000
332 4 4886 13 0110
333 4 2405 12 0001
334 4 602 9 1000
335 4 3649 12 0011
336 4 1884 12 0001
337 4 2488 10 101
338 4 2430 12 0011
339 4 6125 12 1101
340 4 1570 11 0010
341 4 1970 11 0100
342 4 2637 10 101
343 4 2560 13 0111
344 4 2366 12 0001
345 4 3468 10 0101
346 4 4346 11 0011
347 4 2537 13 0011
348 4 0 7 0000
349 4 3384 10 0111
350 4 2564 10 101
351 4 4668 12 1110
352 4 1953 11 1000
353 4 1262 12 0001
354 4 3130 10 101
355 4 1076 11 1000
356 4 4826 13 1101
357 4 3366 11 0101
358 4 2311 11 1001
359 4 1631 12 1000
360 4 3260 11 0101
361 4 2184 10 01
362 4 0 7 0000
363 4 348 9 10
364 4 2164 10 0010
365 4 5608 12 0111
366 4 3533 12 1101
367 4 3362 12 1100
368 4 3610 11 1001
369 4 1599 12 0100
370 4 1499 9 100
371 4 3491 11 0101
372 4 6523 13 0111
373 4 2637 9 0011
374 4 3842 12 0111
375 4 0 7 0000
376 4 3161 12 0011
377 4 2463 10 010
378 4 1622 10 1101
379 4 804 9 1100
380 4 3106 11 0011
381 4 0 7 0000
382 4 6366 13 1101
383 4 2024 8 1000
384 4 2882 10 1100
385 4 3214 12 1011
386 4 4021 12 0110
387 4 2385 9 01
388 4 2628 11 1101
389 4 2059 12 1000
390 4 2987 12 0111
391 4 3006 14 0011
392 4 2511 14 0011
393 4 2644 14 0011
394 4 4939 15 1011
395 4 0 9 0000
396 4 396 12 10
397 4 4302 14 0111
398 4 3071 13 0011
399 4 3785 12 0101
400 4 2984 15 1100
401 4 1839 10 100
402 4 3686 11 0111
403 4 2376 11 1000
404 4 3811 12 1001
405 4 1980 10 1001
406 4 1800 10 1000
407 4 1360 9 1000
408 4 1211 10 010
409 4 2400 9 10
410 4 1800 13 1011
411 4 5135 13 0111
412 4 4896 13 0111
413 4 2034 10 0100
414 4 3254 11 0110
415 4 0 8 0000
416 4 4611 12 0011
417 4 2173 12 0100
418 4 1425 9 1
419 4 5241 14 1110
420 4 6565 13 0111
421 4 3941 12 0011
422 4 5362 13 1011
423 4 5562 11 0111
424 4 2445 10 0001
425 4 5897 12 1110
426 4 2381 9 100
427 4 1797 12 1001
428 4 0 6 0000
429 4 2724 18 0011
430 4 1373 13 0011
431 4 2653 13 0110
432 4 3641 12 0011
433 4 3591 11 1001
434 4 1470 11 1100
435 4 2614 12 1011
436 4 3355 13 0011
437 4 3951 11 1110
438 4 4155 10 0110
439 4 0 7 0000
440 4 4421 13 1011
441 4 2255 12 0010
442 4 2036 12 0001
443 4 4419 13 0111
444 4 5022 12 1110
445 4 2779 12 1100
446 4 2772 11 1001
447 4 2383 10 0001
448 4 1799 12 0001
449 4 2027 11 0001
450 4 2845 10 11
451 4 4109 17 1010
452 4 2798 12 0110
453 4 3459 12 1010
454 4 2500 13 0101
455 4 2877 12 0011
456 4 4276 13 0111
457 4 1814 13 1000
458 4 986 12 0010
459 4 2300 9 10
460 4 4437 12 0011
461 4 4672 13 1101
462 4 2464 12 0110
463 4 2476 9 101
464 4 4205 12 1010
465 4 922 11 1000
466 4 418 9 1
467 4 2276 13 1010
468 4 3923 12 0111
469 4 4071 12 0111
470 4 2258 10 1000
471 4 802 10 0100
472 4 2051 12 0111
473 4 420 9 10
474 4 4228 12 1110
475 4 5942 13 0111
476 4 237 9 10
477 4 0 7 0000
478 4 3124 11 0011
479 4 3988 10 0101
480 4 3262 10 0111
481 4 2216 12 1000
482 4 215 9 100
483 4 3036 13 0011
484 4 168 8 1
485 4 2122 9 10
486 4 2035 8 1
487 4 1652 11 1001
488 4 4939 13 1011
489 4 0 7 0000
490 4 2490 11 0100
491 4 4254 19 1110
492 4 5318 19 1101
493 4 1182 19 0010
494 4 1113 11 1000
495 4 2843 12 0101
496 4 3106 11 111
497 4 4426 12 1110
498 4 2145 9 1
499 4 2036 9 100
500 4 3687 13 1110
