1 40 32413 1066
2 40 35056 1392
3 40 39509 1587
4 40 35180 1408
5 40 37998 1402
6 40 37601 1704
7 40 39324 1415
8 40 36096 1420
9 40 33462 1165
10 40 36213 1231
11 40 33917 977
12 40 35072 1026
13 40 36309 1443
14 40 35439 1225
15 40 41415 1717
16 40 33000 1588
17 40 35952 1897
18 40 37611 1763
19 40 36183 1775
20 40 33630 1453
21 40 36200 1971
22 40 35628 1416
23 40 38229 1254
24 40 37625 1443
25 40 36317 1188
26 40 38841 1457
27 40 37833 1749
28 40 33305 1392
29 40 38317 1993
30 40 34607 1907
31 40 36991 2062
32 40 36725 1644
33 40 35652 1919
34 40 36762 1584
35 40 33164 1112
36 40 36005 1214
37 40 35251 1135
38 40 38657 1206
39 40 32789 858
40 40 35361 1013
41 40 35489 785
42 40 35593 833
43 40 35655 978
44 40 37869 1013
45 40 35845 1046
46 40 32130 1018
47 40 37191 1587
48 40 35477 1311
49 40 33590 920
50 40 32320 1007
51 40 37651 1215
52 40 36290 1109
53 40 38619 1583
54 40 36981 1756
55 40 35374 1471
56 40 33503 1389
57 40 30798 1121
58 40 38498 1330
59 40 37119 1301
60 40 36831 1278
61 40 35484 1230
62 40 35215 1184
63 40 36573 1267
64 40 34157 1137
65 40 34310 1194
66 40 32877 965
67 40 39152 1408
68 40 38912 1391
69 40 33568 1138
70 40 35846 1413
71 40 34388 1322
72 40 38552 1552
73 40 38693 1483
74 40 33354 1220
75 40 34958 1442
76 40 39578 1917
77 40 38877 1809
78 40 32867 1676
79 40 34249 1879
80 40 34880 1788
81 40 35996 1910
82 40 38038 2111
83 40 30097 1471
84 40 36586 1928
85 40 37135 2017
86 40 38253 1906
87 40 38835 2644
88 40 39897 1731
89 40 31938 1664
90 40 32078 1261
91 40 39210 1327
92 40 37815 947
93 40 38551 856
94 40 38553 744
95 40 35228 746
96 40 36937 750
97 40 37536 827
98 40 35426 730
99 40 39149 758
100 40 34655 765
101 40 35196 754
102 40 33976 723
103 40 34649 691
104 40 33760 771
105 40 36400 867
106 40 34538 993
107 40 30865 844
108 40 37628 1445
109 40 30983 1291
110 40 37889 1891
111 40 35855 1463
112 40 36340 1546
113 40 31419 1203
114 40 35913 1544
115 40 36495 1410
116 40 38937 1607
117 40 33504 1219
118 40 34389 1317
119 40 34380 1346
120 40 36584 1743
121 40 35128 1851
122 40 38341 1690
123 40 39463 2165
124 40 37999 1505
125 40 31246 943
126 40 36928 1006
127 40 35745 752
128 40 38295 842
129 40 34138 809
130 40 31687 748
131 40 36964 871
132 40 35528 1106
133 40 37814 1135
134 40 33991 974
135 40 33671 932
136 40 34112 1006
137 40 39957 1382
138 40 35873 1028
139 40 34748 1282
140 40 31801 1069
141 40 33936 1230
142 40 37031 1170
143 40 39673 1055
144 40 32076 635
145 40 37991 798
146 40 34324 884
147 40 31470 767
148 40 31297 659
149 40 37558 831
150 40 33720 700
151 40 37092 794
152 40 35517 779
153 40 32533 596
154 40 37098 845
155 40 33496 612
156 40 33432 606
157 40 34999 714
158 40 32467 1085
159 40 36658 769
160 40 37242 725
161 40 36586 804
162 40 40258 934
163 40 38308 869
164 40 31280 593
165 40 32276 680
166 40 37119 833
167 40 35686 802
168 40 38456 840
169 40 34035 744
170 40 38144 888
171 40 38236 903
172 40 32232 686
173 40 35679 742
174 40 37214 855
175 40 30565 620
176 40 36802 1042
177 40 36275 1172
178 40 33504 1184
179 40 33498 1173
180 40 32668 1012
181 40 34311 1215
182 40 35345 1185
183 40 31460 1154
184 40 35518 1444
185 40 34154 1358
186 40 36802 1654
187 40 34280 1801
188 40 36745 1581
189 40 34641 1814
190 40 34432 1430
191 40 33755 1126
192 40 35061 856
193 40 38539 1124
194 40 33357 914
195 40 33843 825
196 40 34711 895
197 40 36885 972
198 40 36668 1313
199 40 37984 1508
200 40 34263 1238
201 40 33776 1327
202 40 40147 1872
203 40 35024 1337
204 40 34592 1388
205 40 38163 1492
206 40 36160 1749
207 40 39846 2235
208 40 31532 1430
209 40 37600 1792
210 40 33944 1248
211 40 37107 1290
212 40 35305 1159
213 40 38672 1263
214 40 35672 1388
215 40 32164 912
216 40 32801 1091
217 40 35576 1488
218 40 36138 1650
219 40 31542 1307
220 40 39960 1850
221 40 33749 1231
222 40 38165 1709
223 40 39189 2189
224 40 38203 1773
225 40 35408 1736
226 40 32078 1354
227 40 33676 1742
228 40 33397 1650
229 40 37412 1980
230 40 37558 1871
231 40 35094 1880
232 40 38315 1897
233 40 34420 1436
234 40 36340 1352
235 40 35571 1581
236 40 36970 1389
237 40 35020 1406
238 40 36132 1292
239 40 35869 1446
240 40 37185 1447
241 40 36182 1483
242 40 32222 1238
243 40 32109 1248
244 40 33225 1301
245 40 36976 1576
246 40 37013 1454
247 40 39382 1749
248 40 39510 2057
249 40 33745 1592
250 40 35087 1345
251 40 35536 1724
252 40 36653 1411
253 40 37303 1631
254 40 37308 1527
255 40 36625 1644
256 40 37193 1576
257 40 35725 1521
258 40 29831 978
259 40 33301 1063
260 40 38839 1013
261 40 33975 1039
262 40 33013 1046
263 40 36057 1220
264 40 31790 1013
265 40 38484 1956
266 40 37754 1582
267 40 34765 1728
268 40 41485 1855
269 40 33306 1162
270 40 38812 1468
271 40 38592 1930
272 40 38436 1459
273 40 36193 1183
274 40 38386 998
275 40 38364 1045
276 40 36441 847
277 40 38936 908
278 40 33328 751
279 40 38164 907
280 40 35358 856
281 40 35134 924
282 40 33728 882
283 40 36614 912
284 40 35840 888
285 40 36249 913
286 40 31534 663
287 40 38969 864
288 40 33470 771
289 40 31927 739
290 40 40607 979
291 40 33997 751
292 40 31273 675
293 40 39324 1181
294 40 34575 695
295 40 38312 847
296 40 39293 982
297 40 36049 845
298 40 35330 765
299 40 37490 1042
300 40 34452 891
301 40 31845 990
302 40 35578 1436
303 40 35808 1580
304 40 36308 1246
305 40 36370 1014
306 40 39471 1207
307 40 36328 1090
308 40 34654 975
309 40 34805 1028
310 40 34688 870
311 40 36291 822
312 40 37117 770
313 40 34394 765
314 40 33478 698
315 40 36888 730
316 40 35226 743
317 40 34289 657
318 40 36317 774
319 40 34689 710
320 40 34486 719
321 40 35367 731
322 40 34708 737
323 40 36611 802
324 40 35062 674
325 40 36401 781
326 40 37931 809
327 40 35336 755
328 40 36668 1489
329 40 34709 772
330 40 37500 716
331 40 35088 652
332 40 34248 707
333 40 33152 703
334 40 39078 909
335 40 35510 861
336 40 36613 903
337 40 35046 888
338 40 33461 777
339 40 36135 852
340 40 38836 945
341 40 41260 954
342 40 34870 788
343 40 38327 1060
344 40 33128 779
345 40 34533 821
346 40 39685 1354
347 40 35230 1082
348 40 37370 1141
349 40 35471 951
350 40 35556 1125
351 40 34729 1161
352 40 33968 1158
353 40 34328 985
354 40 35844 901
355 40 35164 855
356 40 35071 893
357 40 37282 914
358 40 35757 807
359 40 35934 676
360 40 36200 770
361 40 34669 734
362 40 37088 836
363 40 38693 839
364 40 34343 683
365 40 36422 796
366 40 37880 748
367 40 33260 611
368 40 36563 797
369 40 36332 687
370 40 29941 614
371 40 34959 659
372 40 34633 681
373 40 34610 733
374 40 34385 726
375 40 36710 808
376 40 36946 726
377 40 39054 774
378 40 36255 794
379 40 37924 891
380 40 33641 875
381 40 36309 834
382 40 36574 811
383 40 29966 647
384 40 34760 769
385 40 36604 869
386 40 34081 745
387 40 39939 908
388 40 37368 864
389 40 35481 864
390 40 40689 1185
391 40 34218 840
392 40 39600 965
393 40 39356 883
394 40 40301 926
395 40 37251 773
396 40 34914 691
397 40 38512 832
398 40 31861 644
399 40 33978 649
400 40 35379 780
401 40 36426 711
402 40 36149 937
403 40 34021 856
404 40 43197 1018
405 40 36075 834
406 40 37073 895
407 40 34890 998
408 40 32368 896
409 40 34394 885
410 40 37281 1026
411 40 34433 983
412 40 37092 1101
413 40 35658 1063
414 40 37904 925
415 40 36080 891
416 40 34239 993
417 40 30608 743
418 40 36860 1052
419 40 34793 1040
420 40 42343 1017
421 40 29967 650
422 40 32641 845
423 40 32218 1063
424 40 39683 1187
425 40 31479 806
426 40 32888 873
427 40 34326 875
428 40 36957 938
429 40 35217 921
430 40 38454 1295
431 40 34428 794
432 40 35894 768
433 40 38048 1067
434 40 36719 1132
435 40 30672 1013
436 40 36666 1302
437 40 38025 1296
438 40 34520 1089
439 40 34519 1150
440 40 34474 1458
441 40 35724 1439
442 40 36382 1146
443 40 36283 1422
444 40 33419 1058
445 40 31753 980
446 40 33308 1040
447 40 41429 1596
448 40 38136 1780
449 40 35580 1349
450 40 36396 1711
451 40 33762 1703
452 40 36853 1562
453 40 38209 1618
454 40 36582 1547
455 40 35737 3583
456 40 36705 1371
457 40 34168 1170
458 40 34435 928
459 40 35241 959
460 40 32941 889
461 40 36080 780
462 40 35799 727
463 40 36642 789
464 40 41332 960
465 40 36691 899
466 40 30709 547
467 40 41037 903
468 40 35634 658
469 40 36470 694
470 40 36255 763
471 40 37231 842
472 40 37320 803
473 40 35294 676
474 40 33758 624
475 40 37349 813
476 40 36240 724
477 40 37716 858
478 40 38642 760
479 40 35915 660
480 40 40307 808
481 40 37717 737
482 40 34176 727
483 40 36324 703
484 40 36940 816
485 40 36355 709
486 40 40319 801
487 40 34682 732
488 40 34418 627
489 40 33871 597
490 40 34179 734
491 40 34295 680
492 40 37434 700
493 40 35773 674
494 40 38082 743
495 40 31774 640
496 40 34746 691
497 40 37385 734
498 40 38855 1033
499 40 38533 724
500 40 39174 913
