1 20 14216 6818
2 20 17577 7477
3 20 17732 8334
4 20 17955 8000
5 20 19153 7622
6 20 18639 7385
7 20 17517 8246
8 20 19246 7631
9 20 19337 7242
10 20 19075 7689
11 20 18232 6851
12 20 17604 7113
13 20 19951 7579
14 20 20808 7239
15 20 17069 6769
16 20 16109 6444
17 20 16105 7827
18 20 18565 7392
19 20 16955 7482
20 20 17788 7745
21 20 16942 7244
22 20 16351 7438
23 20 17502 7155
24 20 17746 6923
25 20 18397 7101
26 20 20511 7138
27 20 15783 6836
28 20 19217 6855
29 20 20082 7262
30 20 18708 7639
31 20 17120 7326
32 20 15384 6868
33 20 19894 7948
34 20 18354 7582
35 20 16359 7263
36 20 16032 7029
37 20 19596 7853
38 20 18499 7642
39 20 15114 7480
40 20 18247 9888
41 20 18615 7076
42 20 19768 7440
43 20 15525 7477
44 20 19200 7594
45 20 17643 7175
46 20 19624 7815
47 20 17692 8015
48 20 18581 7400
49 20 18111 7696
50 20 20257 7586
51 20 17120 7613
52 20 17627 8027
53 20 19893 7441
54 20 15322 7167
55 20 19300 7748
56 20 19280 7677
57 20 15743 7404
58 20 20055 7962
59 20 18219 7712
60 20 18544 7870
61 20 16941 7095
62 20 19086 7189
63 20 17580 7141
64 20 16315 8714
65 20 19217 11802
66 20 17210 12386
67 20 16847 8160
68 20 17607 7904
69 20 14952 7063
70 20 19274 7608
71 20 17500 8008
72 20 16034 7514
73 20 18663 7568
74 20 20118 7950
75 20 19147 7779
76 20 14031 7648
77 20 19763 8209
78 20 16363 7644
79 20 16378 7893
80 20 18280 8404
81 20 17292 8753
82 20 18709 7765
83 20 18914 7540
84 20 16351 7043
85 20 20814 12852
86 20 17089 7809
87 20 17501 9911
88 20 17373 12080
89 20 16146 9186
90 20 16123 8194
91 20 18078 8940
92 20 19459 8473
93 20 16488 7188
94 20 17105 7910
95 20 17243 7892
96 20 16188 7142
97 20 15212 7892
98 20 19277 8118
99 20 18137 7876
100 20 18640 8170
101 20 18950 8157
102 20 17638 7912
103 20 18760 7430
104 20 18762 7454
105 20 18306 7400
106 20 18372 7901
107 20 16545 9843
108 20 18053 8734
109 20 14741 7433
110 20 16221 8739
111 20 15863 7431
112 20 18426 7449
113 20 18329 8115
114 20 16671 7601
115 20 19527 7738
116 20 17766 7706
117 20 17900 7475
118 20 17511 7928
119 20 17642 8197
120 20 19730 8252
121 20 15045 7465
122 20 18111 7711
123 20 19040 8872
124 20 16878 7640
125 20 17180 7522
126 20 19067 8000
127 20 14112 7464
128 20 17438 7884
129 20 16212 7262
130 20 17622 8104
131 20 21580 7811
132 20 17126 7693
133 20 19196 8119
134 20 16734 7438
135 20 17896 7712
136 20 18404 6792
137 20 17428 7741
138 20 16080 7339
139 20 18581 7871
140 20 18917 12084
141 20 18796 11406
142 20 19065 12279
143 20 17367 12627
144 20 16426 12750
145 20 17805 12736
146 20 18139 12499
147 20 16843 11010
148 20 19708 7389
149 20 21110 7785
150 20 18316 7531
151 20 18466 7583
152 20 17295 7404
153 20 16173 7441
154 20 15601 7644
155 20 18024 7540
156 20 17278 7519
157 20 17085 7481
158 20 17007 10843
159 20 18284 12763
160 20 21400 18062
161 20 14823 13482
162 20 15507 13976
163 20 16637 12734
164 20 19424 11015
165 20 15437 9726
166 20 20274 8468
167 20 16532 7671
168 20 22195 8756
169 20 20135 8559
170 20 19925 8779
171 20 19811 7583
172 20 17848 7721
173 20 15920 7329
174 20 15812 7724
175 20 16373 7437
176 20 15533 6818
177 20 20886 9862
178 20 19684 12755
179 20 19591 7605
180 20 20081 7648
181 20 18975 7091
182 20 18840 7807
183 20 18233 7514
184 20 18526 7901
185 20 16423 7641
186 20 18284 7770
187 20 18480 7490
188 20 20115 7498
189 20 18340 8372
190 20 16969 7157
191 20 17216 7410
192 20 21368 8270
193 20 18008 8240
194 20 17106 7459
195 20 17592 8762
196 20 19010 7262
197 20 16314 7633
198 20 18439 7622
199 20 16124 9322
200 20 16010 7916
201 20 16996 8731
202 20 15626 8182
203 20 17201 10399
204 20 18588 8313
205 20 18342 7887
206 20 17992 8335
207 20 16914 8843
208 20 15791 8180
209 20 14603 8595
210 20 18680 8455
211 20 17414 7558
212 20 15749 7327
213 20 16851 8668
214 20 19258 10430
215 20 19209 7972
216 20 19535 8669
217 20 15748 8510
218 20 17848 8425
219 20 17758 7958
220 20 15444 7287
221 20 15488 7779
222 20 19793 8711
223 20 16778 7822
224 20 18390 8597
225 20 19193 10441
226 20 21471 8550
227 20 16301 7273
228 20 13924 7821
229 20 20092 8076
230 20 17144 7420
231 20 16791 7588
232 20 18305 7518
233 20 16398 8086
234 20 18938 8258
235 20 17848 13007
236 20 17581 21165
237 20 17997 8245
238 20 19256 8128
239 20 20062 8223
240 20 19193 8529
241 20 16113 8416
242 20 21998 8723
243 20 18533 11167
244 20 13595 12364
245 20 16436 12854
246 20 19804 9986
247 20 19665 8764
248 20 15263 7627
249 20 19640 8588
250 20 19263 8315
251 20 15304 7826
252 20 17895 8367
253 20 16109 8722
254 20 16287 7852
255 20 20382 8152
256 20 16875 8639
257 20 17528 13337
258 20 17704 8423
259 20 18602 8013
260 20 16969 7640
261 20 18876 7439
262 20 14071 7356
263 20 16993 9529
264 20 18647 7741
265 20 18694 8385
266 20 17911 9063
267 20 20259 8198
268 20 16692 7522
269 20 15868 8085
270 20 18511 8283
271 20 15521 8292
272 20 19447 8595
273 20 14621 8912
274 20 15094 8572
275 20 18907 8131
276 20 16606 8102
277 20 20500 8030
278 20 19071 7825
279 20 18064 8590
280 20 16454 8037
281 20 17889 9182
282 20 18715 8453
283 20 18152 8171
284 20 15433 8681
285 20 18627 8021
286 20 15977 7617
287 20 15728 7598
288 20 15486 10544
289 20 15808 8549
290 20 18258 8881
291 20 17687 8834
292 20 15845 8340
293 20 19085 8408
294 20 17122 8899
295 20 19055 8346
296 20 20023 8245
297 20 15926 8013
298 20 15674 10562
299 20 15274 12145
300 20 20374 9039
301 20 16760 8550
302 20 15854 7698
303 20 16162 7954
304 20 18590 8164
305 20 15326 8322
306 20 18514 8420
307 20 16553 7666
308 20 13566 9465
309 20 17367 13148
310 20 18258 13111
311 20 20618 14251
312 20 18404 14280
313 20 17171 13150
314 20 18721 14475
315 20 19293 12610
316 20 20898 9077
317 20 19011 7935
318 20 17646 8954
319 20 16947 12326
320 20 17251 11903
321 20 15843 12591
322 20 14958 13612
323 20 18124 13041
324 20 19279 13947
325 20 15086 13262
326 20 20633 8210
327 20 19271 8457
328 20 18587 7681
329 20 16077 7884
330 20 18685 7901
331 20 20387 7963
332 20 17603 7662
333 20 18947 7713
334 20 16423 7479
335 20 16196 8204
336 20 16833 8228
337 20 17797 8280
338 20 19145 7388
339 20 19213 8002
340 20 16073 7579
341 20 14470 7101
342 20 16580 7497
343 20 19905 8296
344 20 17006 7486
345 20 19084 7452
346 20 17737 7415
347 20 17189 7660
348 20 15501 7639
349 20 16407 7756
350 20 16280 7853
351 20 15403 7990
352 20 17178 8465
353 20 19833 10484
354 20 16588 9832
355 20 16863 8833
356 20 16316 10073
357 20 16482 9125
358 20 16097 11371
359 20 18517 10713
360 20 15455 8159
361 20 18742 8633
362 20 15342 7302
363 20 19579 7701
364 20 17980 7634
365 20 16576 7440
366 20 18389 8375
367 20 17828 9146
368 20 17271 9422
369 20 16518 8929
370 20 15806 9848
371 20 18797 8628
372 20 18066 8419
373 20 15574 8623
374 20 16215 8072
375 20 18820 8761
376 20 19768 7631
377 20 19066 7646
378 20 17241 9764
379 20 14353 8655
380 20 15495 8303
381 20 20004 9056
382 20 16633 9214
383 20 16279 10102
384 20 19007 8524
385 20 18852 8639
386 20 17309 8203
387 20 18775 7946
388 20 18579 8389
389 20 18394 8605
390 20 16618 8176
391 20 17102 8469
392 20 17957 8431
393 20 16996 8150
394 20 22877 8605
395 20 17911 8112
396 20 17380 11427
397 20 17474 13673
398 20 18122 13501
399 20 18625 11542
400 20 18009 8714
401 20 18273 8432
402 20 19037 7345
403 20 19802 7591
404 20 18249 8203
405 20 17036 13387
406 20 15847 14070
407 20 18671 16160
408 20 17386 9346
409 20 16289 11120
410 20 17288 10348
411 20 18779 8682
412 20 17766 13554
413 20 20241 9304
414 20 15480 8747
415 20 16964 9374
416 20 20278 14452
417 20 17929 9737
418 20 17088 9502
419 20 12828 8849
420 20 18842 10481
421 20 14799 13184
422 20 18386 12883
423 20 17972 12208
424 20 15423 9530
425 20 19706 13151
426 20 16518 8091
427 20 16197 9552
428 20 16802 9180
429 20 20402 9820
430 20 18478 10216
431 20 15824 9790
432 20 20205 10320
433 20 16023 14819
434 20 20864 11333
435 20 20115 14242
436 20 20847 12089
437 20 18071 13014
438 20 17446 12890
439 20 16055 12308
440 20 17645 15731
441 20 16225 9819
442 20 17792 8414
443 20 16717 8269
444 20 15035 7835
445 20 16361 8554
446 20 17940 8770
447 20 19186 13752
448 20 17759 22231
449 20 19256 20323
450 20 17634 8843
451 20 18030 8273
452 20 18982 7712
453 20 17879 8014
454 20 15119 7407
455 20 19362 7193
456 20 18519 7625
457 20 17409 8114
458 20 17224 8250
459 20 19340 9341
460 20 18126 9088
461 20 18342 8254
462 20 15474 8321
463 20 19064 8577
464 20 17623 8682
465 20 17843 7728
466 20 16775 8044
467 20 18765 9170
468 20 16516 10213
469 20 18728 28990
470 20 18041 21509
471 20 17053 20299
472 20 16647 8691
473 20 16688 8874
474 20 15729 12174
475 20 17349 13547
476 20 15527 26081
477 20 18664 22175
478 20 17716 12377
479 20 19441 8355
480 20 16421 9211
481 20 19372 12670
482 20 20018 8514
483 20 20199 8091
484 20 17242 8940
485 20 19986 10393
486 20 15070 10915
487 20 18386 12262
488 20 17649 8032
489 20 17324 8043
490 20 18034 9690
491 20 18885 8798
492 20 17692 7108
493 20 17716 7862
494 20 19320 9553
495 20 19155 8119
496 20 18454 7611
497 20 17742 8455
498 20 19442 7984
499 20 18101 7605
500 20 18067 7587
