1 20 14025 6006
2 20 16902 1773
3 20 17483 3503
4 20 17955 3884
5 20 19153 5271
6 20 18403 1731
7 20 17517 5203
8 20 19246 5251
9 20 18789 1815
10 20 18853 3183
11 20 17846 1825
12 20 17504 3131
13 20 19951 3741
14 20 20195 3436
15 20 17069 6106
16 20 15870 3670
17 20 15788 3767
18 20 18565 3615
19 20 16955 6322
20 20 17760 5965
21 20 16942 3546
22 20 16351 6645
23 20 17502 6235
24 20 17746 6062
25 20 18397 5849
26 20 20511 4701
27 20 15522 3653
28 20 18643 1916
29 20 19327 3448
30 20 18708 6015
31 20 17120 6176
32 20 15384 6204
33 20 19894 5077
34 20 18340 5445
35 20 16359 5970
36 20 15652 3630
37 20 19596 3209
38 20 18499 4428
39 20 14761 4481
40 20 18114 5485
41 20 18615 3684
42 20 19315 1953
43 20 15525 5919
44 20 19200 5987
45 20 17643 5995
46 20 19355 3196
47 20 17692 5904
48 20 18016 1938
49 20 18111 5327
50 20 20257 5320
51 20 17120 5698
52 20 17627 3745
53 20 19559 2050
54 20 14908 3543
55 20 19300 3964
56 20 19280 5706
57 20 15527 6234
58 20 20055 5803
59 20 18219 4328
60 20 18521 4847
61 20 16565 3280
62 20 19086 3623
63 20 17580 5912
64 20 16315 9709
65 20 19217 5995
66 20 16965 3809
67 20 16847 5800
68 20 17092 1966
69 20 14952 3327
70 20 19274 5374
71 20 16981 3704
72 20 15916 3886
73 20 18372 3390
74 20 20118 4155
75 20 19147 4851
76 20 13655 5616
77 20 19763 3735
78 20 16363 5624
79 20 16056 3417
80 20 18029 3055
81 20 17292 5431
82 20 18508 3175
83 20 18771 3632
84 20 16351 5518
85 20 20814 3064
86 20 17089 9260
87 20 17501 8650
88 20 17373 8882
89 20 16146 5173
90 20 15817 4797
91 20 18078 6091
92 20 19459 5528
93 20 16488 5773
94 20 17105 6284
95 20 16879 3523
96 20 15823 3229
97 20 15212 3634
98 20 19185 3324
99 20 18137 5765
100 20 18261 1788
101 20 18780 3079
102 20 17176 3355
103 20 18503 1976
104 20 18762 3038
105 20 18306 3094
106 20 18372 2946
107 20 16545 5320
108 20 17861 3199
109 20 14684 6162
110 20 16221 5790
111 20 15846 5132
112 20 18426 5752
113 20 18329 4534
114 20 16616 5732
115 20 19527 3084
116 20 17766 5830
117 20 17900 4438
118 20 17308 3219
119 20 17642 6201
120 20 19730 2962
121 20 14835 6460
122 20 18065 3522
123 20 19040 4192
124 20 16715 3301
125 20 16959 3300
126 20 19067 7347
127 20 14112 5458
128 20 17438 5716
129 20 16194 5868
130 20 17622 7444
131 20 21580 4565
132 20 17126 5515
133 20 18942 1814
134 20 16613 3379
135 20 17896 5732
136 20 18195 3291
137 20 17428 5030
138 20 15871 3116
139 20 18350 3390
140 20 18917 5740
141 20 18355 1862
142 20 18821 5428
143 20 16910 3566
144 20 16426 6842
145 20 17805 5036
146 20 17861 3707
147 20 16843 5486
148 20 19708 3150
149 20 21110 6445
150 20 17839 4770
151 20 18466 3405
152 20 17295 5251
153 20 15994 3585
154 20 15398 2172
155 20 18024 5630
156 20 17120 3301
157 20 17085 4991
158 20 16666 3374
159 20 17734 1794
160 20 21400 3610
161 20 14823 6262
162 20 15396 6603
163 20 16637 8287
164 20 19424 5520
165 20 15213 5364
166 20 20274 5673
167 20 16532 4651
168 20 22195 4716
169 20 20058 4675
170 20 19925 5780
171 20 19811 3385
172 20 17848 4147
173 20 15920 5827
174 20 15471 3475
175 20 15985 3723
176 20 15533 7926
177 20 20886 3279
178 20 19684 3541
179 20 19591 3530
180 20 20081 5727
181 20 18737 3462
182 20 18840 6352
183 20 17930 3497
184 20 18526 5928
185 20 16423 6137
186 20 17704 3509
187 20 18480 5326
188 20 20115 3268
189 20 18128 3623
190 20 16969 4478
191 20 17216 3455
192 20 21368 3517
193 20 17593 3665
194 20 17106 5993
195 20 17592 6550
196 20 19010 1937
197 20 16314 7505
198 20 18679 3645
199 20 16047 6201
200 20 15942 4901
201 20 16770 3626
202 20 15626 5108
203 20 17012 3788
204 20 18588 4249
205 20 18014 3269
206 20 17851 3750
207 20 16914 6119
208 20 15791 5980
209 20 14603 8590
210 20 18680 4329
211 20 17330 1942
212 20 15604 3633
213 20 16844 5885
214 20 18866 3540
215 20 19209 5935
216 20 19535 3151
217 20 15748 7399
218 20 17848 8546
219 20 17758 7673
220 20 15421 9340
221 20 15488 7305
222 20 19664 5348
223 20 16778 4731
224 20 17888 5604
225 20 19193 7648
226 20 21471 8232
227 20 16301 7999
228 20 13626 5230
229 20 19928 5052
230 20 17144 6329
231 20 16494 6091
232 20 17950 1917
233 20 16398 8054
234 20 18938 3179
235 20 17538 3311
236 20 17581 5747
237 20 17883 3622
238 20 19201 3729
239 20 20062 3643
240 20 18897 3633
241 20 16113 4263
242 20 21998 3168
243 20 18533 5899
244 20 13595 10838
245 20 16276 3617
246 20 19804 5698
247 20 19665 4216
248 20 15263 5478
249 20 19366 3462
250 20 18601 1968
251 20 15304 7979
252 20 17463 1936
253 20 16109 6116
254 20 16287 6172
255 20 20382 5583
256 20 16875 6299
257 20 17320 3748
258 20 17488 3493
259 20 18088 1946
260 20 16969 5914
261 20 18876 3297
262 20 14071 6169
263 20 16993 5740
264 20 18647 3463
265 20 18694 5708
266 20 17911 6890
267 20 20259 3117
268 20 16544 5449
269 20 15868 5701
270 20 18511 4995
271 20 15490 5872
272 20 19379 3828
273 20 14621 3629
274 20 15067 3601
275 20 18580 3815
276 20 16606 5980
277 20 19996 3568
278 20 19071 3844
279 20 18064 5726
280 20 16060 3591
281 20 17889 6444
282 20 18715 5961
283 20 17847 3579
284 20 15433 6643
285 20 18562 7516
286 20 15977 5867
287 20 15728 6143
288 20 15486 8784
289 20 15789 6672
290 20 18258 4925
291 20 17240 3671
292 20 15845 6325
293 20 19085 3203
294 20 17122 5883
295 20 18947 5558
296 20 19628 3454
297 20 15714 3676
298 20 15364 3731
299 20 15246 6154
300 20 20354 5464
301 20 16485 3701
302 20 15847 6053
303 20 16162 5746
304 20 18352 1950
305 20 15326 6712
306 20 18514 3604
307 20 16315 5957
308 20 13566 6427
309 20 16925 3619
310 20 18258 3317
311 20 20479 3337
312 20 18404 5334
313 20 17171 4961
314 20 18721 5731
315 20 18985 1829
316 20 20522 1926
317 20 18974 3190
318 20 17591 4095
319 20 16947 5900
320 20 16742 3406
321 20 15487 5990
322 20 14958 9070
323 20 18124 4803
324 20 19089 3293
325 20 15086 5111
326 20 20472 3164
327 20 19271 5793
328 20 18587 5518
329 20 16077 5665
330 20 18659 5633
331 20 20387 3035
332 20 17415 1817
333 20 18950 1799
334 20 16002 3442
335 20 16196 5575
336 20 16563 3455
337 20 17797 5531
338 20 19145 3502
339 20 19019 2937
340 20 16073 6617
341 20 14256 6401
342 20 16572 5533
343 20 19905 4840
344 20 16619 3510
345 20 18809 3331
346 20 17737 5617
347 20 16918 3145
348 20 15501 6339
349 20 16139 3701
350 20 16280 6177
351 20 15403 5665
352 20 16644 3445
353 20 19252 1900
354 20 16588 7389
355 20 16555 3301
356 20 16304 6004
357 20 16482 5715
358 20 16097 6234
359 20 17990 3249
360 20 15431 5751
361 20 18199 3384
362 20 15342 9700
363 20 19579 5524
364 20 17980 5458
365 20 16547 3252
366 20 18389 3053
367 20 17828 5578
368 20 17271 5438
369 20 16047 5696
370 20 15806 5479
371 20 18797 5155
372 20 17945 4186
373 20 15574 6871
374 20 16215 5524
375 20 18794 3503
376 20 19633 1735
377 20 18665 1774
378 20 17078 3358
379 20 14266 5602
380 20 15385 5684
381 20 19612 3131
382 20 16633 5385
383 20 16279 5912
384 20 19007 5635
385 20 18852 3029
386 20 17309 5734
387 20 18775 1782
388 20 18579 1769
389 20 18124 1765
390 20 16273 3376
391 20 17011 3069
392 20 17869 3523
393 20 16996 3543
394 20 22877 3014
395 20 17911 5198
396 20 17380 3368
397 20 17238 3557
398 20 18122 4643
399 20 18574 5690
400 20 18009 5865
401 20 18199 5438
402 20 19037 2977
403 20 19802 5292
404 20 18107 3360
405 20 17036 5619
406 20 15481 3393
407 20 18332 3395
408 20 16860 3556
409 20 16286 5113
410 20 17288 5741
411 20 18672 3585
412 20 17766 8417
413 20 19720 5351
414 20 15231 9951
415 20 16964 9216
416 20 20119 7146
417 20 17762 3066
418 20 17088 5726
419 20 12748 6158
420 20 18842 5042
421 20 14766 5968
422 20 18386 4029
423 20 17972 2914
424 20 15405 5408
425 20 19706 3658
426 20 15912 3237
427 20 16197 4246
428 20 16603 3650
429 20 20402 3522
430 20 18185 3601
431 20 15602 6058
432 20 19981 3486
433 20 15924 3926
434 20 20864 4681
435 20 20115 4634
436 20 20529 3036
437 20 17894 1986
438 20 17446 5386
439 20 15905 3135
440 20 17479 3545
441 20 15798 6293
442 20 17191 3597
443 20 16717 5289
444 20 15035 10012
445 20 16361 5714
446 20 17926 3985
447 20 19186 5861
448 20 17377 3586
449 20 18825 3330
450 20 17399 1834
451 20 18030 3255
452 20 18982 5140
453 20 17879 3589
454 20 14630 6595
455 20 19051 3056
456 20 18519 4133
457 20 17091 1849
458 20 16778 3506
459 20 18682 3406
460 20 18108 3475
461 20 18342 5649
462 20 15246 5767
463 20 18985 3573
464 20 17623 5196
465 20 17606 1862
466 20 16751 3482
467 20 18352 1846
468 20 16516 5839
469 20 18728 3454
470 20 18041 4803
471 20 17053 5909
472 20 16645 5576
473 20 16080 3619
474 20 15729 5599
475 20 17317 5601
476 20 15527 5997
477 20 18543 6038
478 20 17562 3569
479 20 19017 1845
480 20 16421 9315
481 20 18756 1861
482 20 20018 5345
483 20 19991 1624
484 20 17242 3287
485 20 19559 1820
486 20 15026 7741
487 20 18298 5617
488 20 17649 4921
489 20 17145 4184
490 20 17876 3378
491 20 18885 6106
492 20 17692 5213
493 20 17574 1915
494 20 18866 3351
495 20 19155 5691
496 20 18454 3892
497 20 17741 5727
498 20 19027 1900
499 20 17624 2340
500 20 18067 3356
