1 20 14216 193
2 20 17577 198
3 20 17732 225
4 20 17955 194
5 20 19153 219
6 20 18639 207
7 20 17517 211
8 20 19246 218
9 20 19337 187
10 20 19075 254
11 20 18260 233
12 20 17604 243
13 20 19951 311
14 20 20808 293
15 20 17069 222
16 20 16109 210
17 20 16105 194
18 20 18565 234
19 20 16955 237
20 20 17788 204
21 20 16942 201
22 20 16351 154
23 20 17502 225
24 20 17746 185
25 20 18397 212
26 20 20511 210
27 20 15783 177
28 20 19217 223
29 20 20082 239
30 20 18708 189
31 20 17120 175
32 20 15384 145
33 20 19894 302
34 20 18354 227
35 20 16359 166
36 20 16032 168
37 20 19596 213
38 20 18499 187
39 20 15114 152
40 20 18247 203
41 20 18615 212
42 20 19768 225
43 20 15525 161
44 20 19200 211
45 20 17643 187
46 20 19624 398
47 20 17692 224
48 20 18581 210
49 20 18111 194
50 20 20257 231
51 20 17120 216
52 20 17627 217
53 20 19893 247
54 20 15322 179
55 20 19300 240
56 20 19280 240
57 20 15743 182
58 20 20055 273
59 20 18219 233
60 20 18544 252
61 20 16941 287
62 20 19086 279
63 20 17580 264
64 20 16315 229
65 20 19217 335
66 20 17210 291
67 20 16847 289
68 20 17607 309
69 20 14952 275
70 20 19274 405
71 20 17500 406
72 20 16034 326
73 20 18663 427
74 20 20118 409
75 20 19147 385
76 20 14031 246
77 20 19763 410
78 20 16363 333
79 20 16378 355
80 20 18280 387
81 20 17292 449
82 20 18709 404
83 20 18914 396
84 20 16351 254
85 20 20814 354
86 20 17089 266
87 20 17501 274
88 20 17373 260
89 20 16146 258
90 20 16123 250
91 20 18078 343
92 20 19459 332
93 20 16488 264
94 20 17105 267
95 20 17243 283
96 20 16188 289
97 20 15212 262
98 20 19277 336
99 20 18137 318
100 20 18640 311
101 20 18950 330
102 20 17638 273
103 20 18760 308
104 20 18762 313
105 20 18306 307
106 20 18372 305
107 20 16545 262
108 20 18053 242
109 20 14741 173
110 20 16221 178
111 20 15863 164
112 20 18426 198
113 20 18329 200
114 20 16671 193
115 20 19527 244
116 20 17766 215
117 20 17900 209
118 20 17511 201
119 20 17642 198
120 20 19730 228
121 20 15045 148
122 20 18111 199
123 20 19040 210
124 20 16878 181
125 20 17393 188
126 20 19067 187
127 20 14112 142
128 20 17438 189
129 20 16212 139
130 20 17622 194
131 20 21580 259
132 20 17126 178
133 20 19196 236
134 20 16734 196
135 20 17896 215
136 20 18404 250
137 20 17428 220
138 20 16080 229
139 20 18581 266
140 20 18917 244
141 20 18796 254
142 20 19065 264
143 20 17367 260
144 20 16426 232
145 20 17805 300
146 20 18139 310
147 20 16843 345
148 20 19708 411
149 20 21110 477
150 20 18316 374
151 20 18466 393
152 20 17295 366
153 20 16173 342
154 20 15601 300
155 20 18024 345
156 20 17278 327
157 20 17085 336
158 20 17007 315
159 20 18284 325
160 20 21400 424
161 20 14823 246
162 20 15507 271
163 20 16637 306
164 20 19424 364
165 20 15437 250
166 20 20274 362
167 20 16532 270
168 20 22195 392
169 20 20135 346
170 20 19925 343
171 20 19811 338
172 20 17848 293
173 20 15920 256
174 20 15812 264
175 20 16373 325
176 20 15533 321
177 20 20886 533
178 20 19684 497
179 20 19591 527
180 20 20081 477
181 20 19375 455
182 20 18840 426
183 20 18233 367
184 20 18526 381
185 20 16423 335
186 20 18284 459
187 20 18480 501
188 20 20115 568
189 20 18340 515
190 20 16969 416
191 20 17216 348
192 20 21368 562
193 20 18008 426
194 20 17106 402
195 20 17592 355
196 20 19010 453
197 20 16314 368
198 20 18679 479
199 20 16124 399
200 20 16010 391
201 20 16996 421
202 20 15626 351
203 20 17201 432
204 20 18588 487
205 20 18342 380
206 20 17992 439
207 20 16914 388
208 20 15791 334
209 20 14603 259
210 20 18680 373
211 20 17414 351
212 20 15867 328
213 20 16851 402
214 20 19258 449
215 20 19209 428
216 20 19535 468
217 20 15748 368
218 20 17848 452
219 20 17758 380
220 20 15444 367
221 20 15488 383
222 20 19793 603
223 20 16778 377
224 20 18390 489
225 20 19193 487
226 20 21471 542
227 20 16301 384
228 20 14068 335
229 20 20092 445
230 20 17144 376
231 20 16791 350
232 20 18305 371
233 20 16398 302
234 20 18938 401
235 20 17848 410
236 20 17581 367
237 20 17997 381
238 20 19256 404
239 20 20062 471
240 20 19443 414
241 20 16113 297
242 20 21998 452
243 20 18533 408
244 20 13595 303
245 20 16436 390
246 20 19804 398
247 20 19665 312
248 20 15263 217
249 20 19640 220
250 20 19263 220
251 20 15304 158
252 20 17895 194
253 20 16109 176
254 20 16287 169
255 20 20382 232
256 20 16875 179
257 20 17528 222
258 20 17704 189
259 20 18602 202
260 20 16969 176
261 20 18876 216
262 20 14071 143
263 20 16993 172
264 20 18647 207
265 20 18694 210
266 20 17911 191
267 20 20259 246
268 20 16692 202
269 20 15868 202
270 20 18511 267
271 20 15521 203
272 20 19447 286
273 20 14621 151
274 20 15094 161
275 20 18907 260
276 20 16606 173
277 20 20500 241
278 20 19071 232
279 20 18064 218
280 20 16454 183
281 20 17889 218
282 20 18715 225
283 20 18152 233
284 20 15433 229
285 20 18627 270
286 20 15977 232
287 20 15728 204
288 20 15486 169
289 20 15808 178
290 20 18258 217
291 20 17687 206
292 20 15845 167
293 20 19085 229
294 20 17122 216
295 20 19055 260
296 20 20099 271
297 20 15926 216
298 20 15674 295
299 20 15274 213
300 20 20374 294
301 20 16760 185
302 20 15854 169
303 20 16162 184
304 20 18590 234
305 20 15326 183
306 20 18514 221
307 20 16553 185
308 20 13566 150
309 20 17367 235
310 20 18258 267
311 20 20618 320
312 20 18404 271
313 20 17171 261
314 20 18721 255
315 20 19293 241
316 20 20898 249
317 20 19011 217
318 20 17646 195
319 20 16947 231
320 20 17251 232
321 20 15843 183
322 20 14958 178
323 20 18124 234
324 20 19360 287
325 20 15086 192
326 20 20633 307
327 20 19271 270
328 20 18587 199
329 20 16077 170
330 20 18685 221
331 20 20387 231
332 20 17603 196
333 20 19194 230
334 20 16423 187
335 20 16196 180
336 20 16833 175
337 20 17797 195
338 20 19145 218
339 20 19213 224
340 20 16073 169
341 20 14470 206
342 20 16580 194
343 20 19905 259
344 20 17006 205
345 20 19084 230
346 20 17737 206
347 20 17189 185
348 20 15501 148
349 20 16407 152
350 20 16280 171
351 20 15403 156
352 20 17178 180
353 20 19833 229
354 20 16588 190
355 20 16867 227
356 20 16316 223
357 20 16482 214
358 20 16097 194
359 20 18517 260
360 20 15455 200
361 20 18742 257
362 20 15342 177
363 20 19579 255
364 20 17980 226
365 20 16576 203
366 20 18389 235
367 20 17828 231
368 20 17271 281
369 20 16524 238
370 20 15806 234
371 20 18797 309
372 20 18066 316
373 20 15574 241
374 20 16215 259
375 20 18820 322
376 20 19768 364
377 20 19066 372
378 20 17241 306
379 20 14353 270
380 20 15495 294
381 20 20004 506
382 20 16633 346
383 20 16279 315
384 20 19007 416
385 20 18852 368
386 20 17309 291
387 20 18775 390
388 20 18579 377
389 20 18394 499
390 20 16618 349
391 20 17102 452
392 20 17964 469
393 20 16996 445
394 20 22877 676
395 20 17911 447
396 20 17380 479
397 20 17474 409
398 20 18122 418
399 20 18625 441
400 20 18009 366
401 20 18273 378
402 20 19037 465
403 20 19802 515
404 20 18249 417
405 20 17036 532
406 20 15847 350
407 20 18671 432
408 20 17386 323
409 20 16289 291
410 20 17288 327
411 20 18779 455
412 20 17766 429
413 20 20241 536
414 20 15480 330
415 20 16964 439
416 20 20278 529
417 20 17929 480
418 20 17088 447
419 20 12828 281
420 20 18842 486
421 20 14799 344
422 20 18386 454
423 20 17972 465
424 20 15423 321
425 20 19706 573
426 20 16518 417
427 20 16197 408
428 20 16805 446
429 20 20402 587
430 20 18478 430
431 20 15824 385
432 20 20205 605
433 20 16023 425
434 20 20864 594
435 20 20115 549
436 20 20847 583
437 20 18071 526
438 20 17446 449
439 20 16055 402
440 20 17645 450
441 20 16225 371
442 20 17792 459
443 20 16717 450
444 20 15035 339
445 20 16361 402
446 20 17940 489
447 20 19186 526
448 20 17759 457
449 20 19256 536
450 20 17634 440
451 20 18030 334
452 20 18982 339
453 20 17879 328
454 20 15156 241
455 20 19362 350
456 20 18519 340
457 20 17409 334
458 20 17224 378
459 20 19340 453
460 20 18126 425
461 20 18342 471
462 20 15474 372
463 20 19064 509
464 20 17623 462
465 20 18091 448
466 20 16775 308
467 20 18765 384
468 20 16516 263
469 20 18728 322
470 20 18041 304
471 20 17053 317
472 20 16647 456
473 20 16688 273
474 20 15729 242
475 20 17349 271
476 20 15527 234
477 20 18664 303
478 20 17716 302
479 20 19441 344
480 20 16421 254
481 20 19372 325
482 20 20018 356
483 20 20199 357
484 20 17242 282
485 20 19986 429
486 20 15070 266
487 20 18386 345
488 20 17649 321
489 20 17324 320
490 20 18034 256
491 20 18885 303
492 20 17692 246
493 20 17716 267
494 20 19320 329
495 20 19155 314
496 20 18454 326
497 20 17742 294
498 20 19442 363
499 20 18101 352
500 20 18067 335
