ID: 1   ANSWER: 15987   GOT: 5790
ID: 2   ANSWER: 31896   GOT: 2081
ID: 3   ANSWER: 21793   GOT: 7784
ID: 4   ANSWER: 39084   GOT: 35894
ID: 6   ANSWER: 27739   GOT: 3414
ID: 9   ANSWER: 11759   GOT: 4064
ID: 11   ANSWER: 17297   GOT: 7708
ID: 12   ANSWER: 32900   GOT: 21011
ID: 14   ANSWER: 33708   GOT: 8560
ID: 16   ANSWER: 37169   GOT: 19350
ID: 17   ANSWER: 29847   GOT: 5865
ID: 20   ANSWER: 34399   GOT: 31781
ID: 27   ANSWER: 8893   GOT: 1369
ID: 28   ANSWER: 12189   GOT: 4055
ID: 29   ANSWER: 20913   GOT: 1875
ID: 34   ANSWER: 25890   GOT: 25715
ID: 36   ANSWER: 15360   GOT: 7150
ID: 37   ANSWER: 22210   GOT: 22172
ID: 39   ANSWER: 14509   GOT: 3800
ID: 40   ANSWER: 36272   GOT: 29982
ID: 42   ANSWER: 18994   GOT: 4276
ID: 46   ANSWER: 22229   GOT: 14036
ID: 48   ANSWER: 23562   GOT: 1606
ID: 52   ANSWER: 10299   GOT: 8462
ID: 53   ANSWER: 24623   GOT: 6750
ID: 54   ANSWER: 32585   GOT: 3931
ID: 57   ANSWER: 37446   GOT: 12848
ID: 60   ANSWER: 24476   GOT: 17406
ID: 61   ANSWER: 38284   GOT: 15914
ID: 66   ANSWER: 43567   GOT: 14564
ID: 68   ANSWER: 16369   GOT: 2181
ID: 71   ANSWER: 39202   GOT: 6297
ID: 72   ANSWER: 29636   GOT: 21183
ID: 73   ANSWER: 27571   GOT: 17321
ID: 76   ANSWER: 30004   GOT: 11866
ID: 79   ANSWER: 22784   GOT: 10972
ID: 80   ANSWER: 29057   GOT: 11828
ID: 82   ANSWER: 34659   GOT: 25068
ID: 83   ANSWER: 31580   GOT: 20390
ID: 90   ANSWER: 21027   GOT: 9918
ID: 95   ANSWER: 33502   GOT: 13853
ID: 96   ANSWER: 32901   GOT: 16046
ID: 98   ANSWER: 35843   GOT: 31261
ID: 100   ANSWER: 34732   GOT: 6729
ID: 101   ANSWER: 15975   GOT: 12282
ID: 102   ANSWER: 29549   GOT: 5732
ID: 103   ANSWER: 19114   GOT: 11507
ID: 108   ANSWER: 37019   GOT: 18368
ID: 109   ANSWER: 24654   GOT: 4546
ID: 111   ANSWER: 37986   GOT: 36469
ID: 114   ANSWER: 35762   GOT: 32810
ID: 118   ANSWER: 16408   GOT: 11193
ID: 121   ANSWER: 13726   GOT: 1370
ID: 122   ANSWER: 37299   GOT: 34260
ID: 124   ANSWER: 20041   GOT: 8268
ID: 125   ANSWER: 24866   GOT: 6895
ID: 129   ANSWER: 29184   GOT: 27606
ID: 133   ANSWER: 37196   GOT: 25675
ID: 134   ANSWER: 28546   GOT: 12471
ID: 136   ANSWER: 35310   GOT: 26152
ID: 138   ANSWER: 38690   GOT: 26067
ID: 139   ANSWER: 14865   GOT: 5577
ID: 141   ANSWER: 14522   GOT: 3490
ID: 142   ANSWER: 15352   GOT: 10659
ID: 143   ANSWER: 41269   GOT: 11790
ID: 146   ANSWER: 34619   GOT: 22007
ID: 150   ANSWER: 36123   GOT: 8476
ID: 153   ANSWER: 24566   GOT: 3560
ID: 154   ANSWER: 38406   GOT: 26514
ID: 156   ANSWER: 29598   GOT: 24640
ID: 158   ANSWER: 34366   GOT: 16094
ID: 159   ANSWER: 22956   GOT: 5784
ID: 161   ANSWER: 34321   GOT: 27408
ID: 162   ANSWER: 42510   GOT: 22749
ID: 165   ANSWER: 13259   GOT: 8585
ID: 169   ANSWER: 31544   GOT: 28211
ID: 174   ANSWER: 15556   GOT: 6542
ID: 175   ANSWER: 31523   GOT: 14092
ID: 181   ANSWER: 33717   GOT: 5259
ID: 183   ANSWER: 32589   GOT: 16518
ID: 185   ANSWER: 37497   GOT: 37058
ID: 186   ANSWER: 23071   GOT: 5762
ID: 189   ANSWER: 26636   GOT: 8371
ID: 193   ANSWER: 31727   GOT: 7841
ID: 196   ANSWER: 10160   GOT: 9639
ID: 198   ANSWER: 26302   GOT: 11554
ID: 199   ANSWER: 20252   GOT: 11790
ID: 200   ANSWER: 19975   GOT: 18067
ID: 201   ANSWER: 32513   GOT: 10931
ID: 203   ANSWER: 13956   GOT: 5101
ID: 205   ANSWER: 34693   GOT: 18867
ID: 206   ANSWER: 40223   GOT: 31694
ID: 211   ANSWER: 32252   GOT: 4808
ID: 212   ANSWER: 38029   GOT: 8835
ID: 213   ANSWER: 33228   GOT: 32035
ID: 214   ANSWER: 18343   GOT: 7431
ID: 220   ANSWER: 29464   GOT: 28031
ID: 222   ANSWER: 30904   GOT: 25916
ID: 224   ANSWER: 33559   GOT: 10887
ID: 228   ANSWER: 27986   GOT: 5656
ID: 229   ANSWER: 9604   GOT: 7904
ID: 231   ANSWER: 38819   GOT: 22567
ID: 232   ANSWER: 24612   GOT: 7896
ID: 234   ANSWER: 27537   GOT: 26398
ID: 235   ANSWER: 26155   GOT: 16026
ID: 237   ANSWER: 30263   GOT: 18380
ID: 238   ANSWER: 17268   GOT: 17056
ID: 240   ANSWER: 39154   GOT: 3504
ID: 245   ANSWER: 38514   GOT: 19334
ID: 249   ANSWER: 29379   GOT: 19160
ID: 250   ANSWER: 29567   GOT: 3688
ID: 252   ANSWER: 37907   GOT: 15030
ID: 257   ANSWER: 34022   GOT: 17032
ID: 258   ANSWER: 32665   GOT: 22706
ID: 259   ANSWER: 30768   GOT: 7173
ID: 268   ANSWER: 15273   GOT: 9482
ID: 271   ANSWER: 42033   GOT: 40097
ID: 272   ANSWER: 42274   GOT: 32437
ID: 273   ANSWER: 29276   GOT: 25850
ID: 274   ANSWER: 22553   GOT: 16329
ID: 275   ANSWER: 31264   GOT: 18670
ID: 277   ANSWER: 31915   GOT: 11605
ID: 280   ANSWER: 23583   GOT: 9261
ID: 283   ANSWER: 5610   GOT: 3028
ID: 285   ANSWER: 12525   GOT: 12322
ID: 289   ANSWER: 36424   GOT: 33465
ID: 291   ANSWER: 14589   GOT: 7142
ID: 295   ANSWER: 18231   GOT: 17502
ID: 296   ANSWER: 14672   GOT: 7159
ID: 297   ANSWER: 25368   GOT: 13324
ID: 298   ANSWER: 34142   GOT: 16532
ID: 299   ANSWER: 29217   GOT: 18873
ID: 300   ANSWER: 17030   GOT: 15964
ID: 301   ANSWER: 37270   GOT: 16912
ID: 302   ANSWER: 25733   GOT: 23376
ID: 304   ANSWER: 16485   GOT: 8127
ID: 306   ANSWER: 32261   GOT: 27039
ID: 307   ANSWER: 24566   GOT: 13795
ID: 309   ANSWER: 25611   GOT: 4962
ID: 311   ANSWER: 19354   GOT: 13060
ID: 315   ANSWER: 22831   GOT: 8149
ID: 316   ANSWER: 37865   GOT: 7423
ID: 317   ANSWER: 14988   GOT: 9127
ID: 318   ANSWER: 27842   GOT: 22760
ID: 320   ANSWER: 12739   GOT: 3649
ID: 321   ANSWER: 1351   GOT: 1340
ID: 324   ANSWER: 4637   GOT: 4033
ID: 326   ANSWER: 32447   GOT: 24597
ID: 330   ANSWER: 21349   GOT: 21253
ID: 332   ANSWER: 39545   GOT: 29754
ID: 333   ANSWER: 29497   GOT: 1466
ID: 334   ANSWER: 27373   GOT: 4981
ID: 336   ANSWER: 36482   GOT: 8874
ID: 338   ANSWER: 30822   GOT: 21176
ID: 339   ANSWER: 29006   GOT: 22314
ID: 341   ANSWER: 36438   GOT: 16276
ID: 342   ANSWER: 32252   GOT: 30737
ID: 344   ANSWER: 14777   GOT: 5943
ID: 345   ANSWER: 30960   GOT: 19034
ID: 347   ANSWER: 39423   GOT: 16292
ID: 349   ANSWER: 31226   GOT: 18158
ID: 350   ANSWER: 33286   GOT: 30962
ID: 352   ANSWER: 6652   GOT: 2102
ID: 353   ANSWER: 40156   GOT: 10932
ID: 355   ANSWER: 33989   GOT: 12558
ID: 356   ANSWER: 22810   GOT: 22550
ID: 359   ANSWER: 25074   GOT: 3578
ID: 360   ANSWER: 32293   GOT: 31253
ID: 361   ANSWER: 25910   GOT: 3738
ID: 364   ANSWER: 31216   GOT: 25135
ID: 365   ANSWER: 38854   GOT: 36508
ID: 366   ANSWER: 33288   GOT: 30458
ID: 369   ANSWER: 17903   GOT: 6351
ID: 372   ANSWER: 43215   GOT: 35221
ID: 375   ANSWER: 29638   GOT: 26674
ID: 376   ANSWER: 25120   GOT: 12878
ID: 377   ANSWER: 28526   GOT: 13810
ID: 378   ANSWER: 30861   GOT: 22876
ID: 379   ANSWER: 34757   GOT: 21059
ID: 380   ANSWER: 35231   GOT: 29575
ID: 381   ANSWER: 24451   GOT: 12018
ID: 387   ANSWER: 19591   GOT: 13425
ID: 388   ANSWER: 1196   GOT: 1040
ID: 389   ANSWER: 28203   GOT: 4119
ID: 390   ANSWER: 43040   GOT: 19695
ID: 391   ANSWER: 37368   GOT: 29622
ID: 392   ANSWER: 19143   GOT: 6015
ID: 393   ANSWER: 37269   GOT: 9527
ID: 397   ANSWER: 8549   GOT: 7848
ID: 399   ANSWER: 25408   GOT: 21655
ID: 401   ANSWER: 34570   GOT: 31675
ID: 404   ANSWER: 28880   GOT: 22200
ID: 406   ANSWER: 29789   GOT: 6973
ID: 407   ANSWER: 28106   GOT: 16726
ID: 408   ANSWER: 39375   GOT: 9999
ID: 409   ANSWER: 29133   GOT: 25803
ID: 411   ANSWER: 20470   GOT: 12399
ID: 413   ANSWER: 29552   GOT: 7411
ID: 414   ANSWER: 21900   GOT: 13432
ID: 416   ANSWER: 35983   GOT: 29912
ID: 417   ANSWER: 27248   GOT: 12771
ID: 419   ANSWER: 29215   GOT: 22108
ID: 421   ANSWER: 31144   GOT: 24299
ID: 424   ANSWER: 28707   GOT: 27114
ID: 426   ANSWER: 25124   GOT: 2209
ID: 428   ANSWER: 29862   GOT: 1944
ID: 430   ANSWER: 6499   GOT: 3791
ID: 431   ANSWER: 28573   GOT: 16349
ID: 433   ANSWER: 35958   GOT: 25495
ID: 436   ANSWER: 29522   GOT: 18043
ID: 437   ANSWER: 31896   GOT: 16585
ID: 439   ANSWER: 32538   GOT: 23075
ID: 440   ANSWER: 20749   GOT: 13474
ID: 441   ANSWER: 3834   GOT: 1400
ID: 442   ANSWER: 32082   GOT: 2271
ID: 446   ANSWER: 33858   GOT: 22042
ID: 448   ANSWER: 22212   GOT: 8403
ID: 449   ANSWER: 20074   GOT: 6045
ID: 450   ANSWER: 16084   GOT: 10307
ID: 454   ANSWER: 23540   GOT: 3786
ID: 455   ANSWER: 8556   GOT: 5560
ID: 457   ANSWER: 27605   GOT: 5262
ID: 458   ANSWER: 8786   GOT: 2096
ID: 459   ANSWER: 33144   GOT: 4222
ID: 460   ANSWER: 35445   GOT: 19121
ID: 462   ANSWER: 32843   GOT: 20997
ID: 463   ANSWER: 27837   GOT: 22966
ID: 465   ANSWER: 32254   GOT: 1654
ID: 466   ANSWER: 36594   GOT: 20979
ID: 467   ANSWER: 41581   GOT: 17185
ID: 472   ANSWER: 29810   GOT: 19491
ID: 473   ANSWER: 23296   GOT: 2413
ID: 475   ANSWER: 30898   GOT: 27253
ID: 477   ANSWER: 25219   GOT: 20014
ID: 478   ANSWER: 21624   GOT: 11937
ID: 479   ANSWER: 39033   GOT: 17731
ID: 481   ANSWER: 11006   GOT: 2341
ID: 483   ANSWER: 38271   GOT: 28424
ID: 485   ANSWER: 31568   GOT: 2047
ID: 486   ANSWER: 36672   GOT: 25095
ID: 487   ANSWER: 37883   GOT: 32563
ID: 489   ANSWER: 28118   GOT: 17742
ID: 490   ANSWER: 9497   GOT: 7188
ID: 493   ANSWER: 31685   GOT: 822
ID: 494   ANSWER: 19824   GOT: 8384
ID: 497   ANSWER: 13240   GOT: 13122
ID: 498   ANSWER: 39283   GOT: 6018
ID: 499   ANSWER: 14416   GOT: 4304
