1 30 5790 6
2 30 2081 4
3 30 7784 7
4 30 35894 13936
5 30 38715 26632
6 30 3414 5
7 30 35616 10752
8 30 31564 3479
9 30 4064 5
10 30 0 4
11 30 7708 7
12 30 21011 342
13 30 30569 1153
14 30 8560 12
15 30 40768 55419
16 30 19350 207
17 30 5865 5
18 30 33290 1229
19 30 35699 2811
20 30 31781 8420
21 30 0 5
22 30 35829 10841
23 30 27836 9275
24 30 14765 78
25 30 16437 119
26 30 16994 116
27 30 1369 4
28 30 4055 5
29 30 1875 5
30 30 29063 2641
31 30 31486 49466
32 30 37626 16628
33 30 14167 21
34 30 25715 581
35 30 34070 17537
36 30 7150 7
37 30 22172 109
38 30 0 4
39 30 3800 5
40 30 29982 14348
41 30 32121 9169
42 30 4276 5
43 30 12414 27
44 30 29738 15649
45 30 36706 11575
46 30 14036 13
47 30 39869 11219
48 30 1606 6
49 30 9061 10
50 30 30210 5911
51 30 39150 29556
52 30 8462 6
53 30 6750 8
54 30 3931 5
55 30 20769 204
56 30 21246 439
57 30 12848 64
58 30 13635 18
59 30 35799 3316
60 30 17406 271
61 30 15914 35
62 30 0 5
63 30 32013 3608
64 30 39141 23022
65 30 22004 188
66 30 14564 63
67 30 15550 41
68 30 2181 5
69 30 31603 6777
70 30 28603 5132
71 30 6297 6
72 30 21183 2871
73 30 17321 631
74 30 32543 8417
75 30 21305 123
76 30 11866 30
77 30 33938 12468
78 30 30888 2696
79 30 10972 10
80 30 11828 16
81 30 36600 6539
82 30 25068 1237
83 30 20390 301
84 30 21068 168
85 30 29083 1533
86 30 35649 15897
87 30 27208 892
88 30 34313 8981
89 30 28990 2022
90 30 9918 23
91 30 5407 7
92 30 16247 55
93 30 14027 25
94 30 24809 1947
95 30 13853 30
96 30 16046 46
97 30 37650 19310
98 30 31261 12054
99 30 32844 70434
100 30 6729 7
101 30 12282 9
102 30 5732 5
103 30 11507 22
104 30 7489 9
105 30 16915 22
106 30 17294 35
107 30 23638 179
108 30 18368 100
109 30 4546 5
110 30 4589 9
111 30 36469 36288
112 30 37943 13682
113 30 14768 13
114 30 32810 14298
115 30 35795 4999
116 30 25692 2162
117 30 35115 12138
118 30 11193 14
119 30 20222 65
120 30 3282 7
121 30 1370 5
122 30 34260 19504
123 30 17340 145
124 30 8268 10
125 30 6895 6
126 30 23962 1044
127 30 28981 4287
128 30 32501 4642
129 30 27606 6135
130 30 6503 8
131 30 32604 23279
132 30 27988 1471
133 30 25675 5407
134 30 12471 26
135 30 21348 488
136 30 26152 5272
137 30 32396 8117
138 30 26067 767
139 30 5577 5
140 30 41022 47782
141 30 3490 5
142 30 10659 9
143 30 11790 20
144 30 17069 50
145 30 25532 187
146 30 22007 375
147 30 20073 98
148 30 23442 727
149 30 33065 3341
150 30 8476 9
151 30 34342 12047
152 30 33292 14371
153 30 3560 5
154 30 26514 2806
155 30 35326 11566
156 30 24640 721
157 30 31314 1598
158 30 16094 208
159 30 5784 5
160 30 29086 2135
161 30 27408 7906
162 30 22749 772
163 30 29037 8218
164 30 24089 1000
165 30 8585 6
166 30 30807 1799
167 30 4822 5
168 30 26087 711
169 30 28211 1079
170 30 29773 3737
171 30 13003 16
172 30 33168 7293
173 30 16703 39
174 30 6542 6
175 30 14092 24
176 30 31437 3021
177 30 22765 192
178 30 31553 6957
179 30 26914 726
180 30 31328 6460
181 30 5259 6
182 30 30982 3185
183 30 16518 82
184 30 26471 1892
185 30 37058 7714
186 30 5762 5
187 30 13453 27
188 30 15483 26
189 30 8371 10
190 30 25511 374
191 30 17693 50
192 30 25780 476
193 30 7841 6
194 30 33661 15661
195 30 34469 4966
196 30 9639 8
197 30 16441 33
198 30 11554 13
199 30 11790 8
200 30 18067 43
201 30 10931 31
202 30 29823 9062
203 30 5101 5
204 30 25413 665
205 30 18867 179
206 30 31694 10519
207 30 35276 38232
208 30 35292 18859
209 30 18957 269
210 30 28553 528
211 30 4808 6
212 30 8835 12
213 30 32035 6884
214 30 7431 9
215 30 24219 1095
216 30 33991 11562
217 30 36804 10798
218 30 36810 19103
219 30 8796 10
220 30 28031 5119
221 30 31401 19781
222 30 25916 838
223 30 34123 7149
224 30 10887 25
225 30 25690 457
226 30 9179 7
227 30 6285 9
228 30 5656 5
229 30 7904 7
230 30 34301 12313
231 30 22567 363
232 30 7896 7
233 30 35621 34204
234 30 26398 823
235 30 16026 24
236 30 19464 180
237 30 18380 153
238 30 17056 197
239 30 32332 625
240 30 3504 4
241 30 32927 1521
242 30 14498 37
243 30 15793 27
244 30 28856 1103
245 30 19334 211
246 30 38016 17821
247 30 30709 4680
248 30 23510 586
249 30 19160 162
250 30 3688 5
251 30 22952 164
252 30 15030 59
253 30 13474 14
254 30 26360 487
255 30 31690 9079
256 30 9274 10
257 30 17032 185
258 30 22706 9989
259 30 7173 6
260 30 40529 15450
261 30 33617 11882
262 30 39090 8702
263 30 21424 176
264 30 25071 159
265 30 2968 6
266 30 42220 28896
267 30 13809 19
268 30 9482 8
269 30 25055 748
270 30 29374 708
271 30 40097 66533
272 30 32437 8110
273 30 25850 600
274 30 16329 123
275 30 18670 142
276 30 10402 14
277 30 11605 9
278 30 16739 17
279 30 24242 188
280 30 9261 14
281 30 39498 22724
282 30 14601 90
283 30 3028 5
284 30 34665 13378
285 30 12322 11
286 30 33598 20075
287 30 26124 506
288 30 28576 948
289 30 33465 11749
290 30 25813 566
291 30 7142 5
292 30 5347 8
293 30 13141 22
294 30 31898 3379
295 30 17502 51
296 30 7159 6
297 30 13324 14
298 30 16532 224
299 30 18873 82
300 30 15964 33
301 30 16912 48
302 30 23376 180
303 30 34202 7363
304 30 8127 9
305 30 5859 6
306 30 27039 2879
307 30 13795 22
308 30 37188 18418
309 30 4962 5
310 30 32768 4479
311 30 13060 36
312 30 36360 15509
313 30 29510 1951
314 30 36417 5491
315 30 8149 10
316 30 7423 9
317 30 9127 9
318 30 22760 1839
319 30 12649 11
320 30 3649 5
321 30 1340 4
322 30 34464 11122
323 30 32187 9556
324 30 4033 4
325 30 29268 2151
326 30 24597 4276
327 30 21722 101
328 30 30261 3931
329 30 13697 19
330 30 21253 218
331 30 41500 13767
332 30 29754 2670
333 30 1466 5
334 30 4981 5
335 30 24653 385
336 30 8874 8
337 30 28334 1266
338 30 21176 378
339 30 22314 1120
340 30 25762 1495
341 30 16276 120
342 30 30737 2138
343 30 28958 7471
344 30 5943 5
345 30 19034 174
346 30 4357 7
347 30 16292 67
348 30 35062 20454
349 30 18158 673
350 30 30962 19781
351 30 32835 11969
352 30 2102 4
353 30 10932 19
354 30 23732 727
355 30 12558 33
356 30 22550 1021
357 30 15001 36
358 30 38021 30871
359 30 3578 7
360 30 31253 6913
361 30 3738 7
362 30 26216 885
363 30 36638 28771
364 30 25135 3085
365 30 36508 16746
366 30 30458 4873
367 30 32073 4684
368 30 32846 3320
369 30 6351 7
370 30 25640 186
371 30 39745 34318
372 30 35221 19935
373 30 34264 8316
374 30 39048 28044
375 30 26674 2038
376 30 12878 46
377 30 13810 78
378 30 22876 555
379 30 21059 425
380 30 29575 24305
381 30 12018 16
382 30 20670 178
383 30 24453 386
384 30 18847 152
385 30 30987 2600
386 30 10353 8
387 30 13425 16
388 30 1040 4
389 30 4119 4
390 30 19695 209
391 30 29622 4768
392 30 6015 6
393 30 9527 11
394 30 30184 1294
395 30 18305 79
396 30 27032 819
397 30 7848 6
398 30 28535 3624
399 30 21655 425
400 30 8468 7
401 30 31675 8420
402 30 25257 527
403 30 36882 13545
404 30 22200 538
405 30 40105 36659
406 30 6973 6
407 30 16726 189
408 30 9999 12
409 30 25803 2707
410 30 2293 6
411 30 12399 40
412 30 15126 19
413 30 7411 6
414 30 13432 21
415 30 4602 7
416 30 29912 12904
417 30 12771 15
418 30 15028 33
419 30 22108 1001
420 30 27450 886
421 30 24299 4241
422 30 33425 7847
423 30 3449 7
424 30 27114 8966
425 30 21757 496
426 30 2209 4
427 30 18977 115
428 30 1944 4
429 30 32995 5401
430 30 3791 5
431 30 16349 167
432 30 2286 4
433 30 25495 1294
434 30 10731 10
435 30 25691 888
436 30 18043 195
437 30 16585 28
438 30 37990 34254
439 30 23075 1537
440 30 13474 21
441 30 1400 4
442 30 2271 5
443 30 34535 3030
444 30 42656 26207
445 30 24822 765
446 30 22042 2936
447 30 9324 9
448 30 8403 7
449 30 6045 5
450 30 10307 7
451 30 21260 92
452 30 27126 766
453 30 30723 1217
454 30 3786 5
455 30 5560 5
456 30 10700 9
457 30 5262 6
458 30 2096 5
459 30 4222 5
460 30 19121 430
461 30 24690 710
462 30 20997 592
463 30 22966 1516
464 30 29503 3978
465 30 1654 5
466 30 20979 1474
467 30 17185 55
468 30 22478 180
469 30 33438 12498
470 30 28012 606
471 30 20079 64
472 30 19491 1522
473 30 2413 4
474 30 28408 2841
475 30 27253 3538
476 30 37056 32944
477 30 20014 215
478 30 11937 13
479 30 17731 95
480 30 34550 11659
481 30 2341 4
482 30 33185 7453
483 30 28424 2116
484 30 29052 673
485 30 2047 4
486 30 25095 4924
487 30 32563 6322
488 30 41706 19877
489 30 17742 78
490 30 7188 6
491 30 26428 1972
492 30 40342 46410
493 30 822 5
494 30 8384 7
495 30 34650 19531
496 30 14950 23
497 30 13122 17
498 30 6018 7
499 30 4304 5
500 30 14262 23
