1 30 6841 3515
2 30 2444 0
3 30 9746 14408
4 30 37224 11329986
5 30 38715 11382615
6 30 4374 186
7 30 35616 11290013
8 30 31564 11400287
9 30 4929 26
10 30 0 0
11 30 9795 2938
12 30 21542 7766742
13 30 30569 3734529
14 30 10495 99769
15 30 40768 11243819
16 30 20335 5297884
17 30 6010 1607
18 30 33290 5716319
19 30 35699 11292873
20 30 33394 11372087
21 30 0 0
22 30 35829 11392360
23 30 27836 8131347
24 30 14765 34684
25 30 16437 15420
26 30 16994 135470
27 30 2839 2
28 30 4609 32
29 30 3603 13
30 30 29063 11433948
31 30 31486 11514433
32 30 37626 8828600
33 30 14167 227
34 30 25600 631366
35 30 34070 11295111
36 30 8588 1190
37 30 22210 116572
38 30 0 0
39 30 4961 118
40 30 31417 11390243
41 30 32121 11371376
42 30 5713 521
43 30 12414 3259
44 30 29738 11377910
45 30 36706 11304326
46 30 15659 16299
47 30 39869 11698956
48 30 3913 19
49 30 9061 74
50 30 30210 11284430
51 30 39150 11380739
52 30 8728 23
53 30 8577 97126
54 30 4324 140
55 30 20769 470849
56 30 21246 701477
57 30 14697 1122934
58 30 13635 495
59 30 35799 9125474
60 30 19354 1428285
61 30 16846 2144146
62 30 0 0
63 30 32013 5175908
64 30 39141 12131072
65 30 22004 140845
66 30 16928 879917
67 30 15550 1208
68 30 4259 113
69 30 31603 11371097
70 30 28603 7303801
71 30 7871 6191
72 30 23407 11106349
73 30 18316 7135484
74 30 32543 8655575
75 30 21305 94440
76 30 12155 695382
77 30 33938 8608962
78 30 30888 7559450
79 30 12864 394763
80 30 13833 1056462
81 30 36600 11468783
82 30 26069 10147275
83 30 21262 5550724
84 30 21068 212203
85 30 29083 2861774
86 30 35649 11342555
87 30 27208 3066042
88 30 34313 11444693
89 30 28990 7382472
90 30 11429 235527
91 30 5407 10
92 30 16247 33990
93 30 14027 2748
94 30 24809 3256163
95 30 15548 1775126
96 30 16593 1086041
97 30 37650 11390571
98 30 32674 11404129
99 30 32844 11289766
100 30 6995 2846
101 30 13160 4241
102 30 6459 634
103 30 12770 438441
104 30 7489 21
105 30 16915 8863
106 30 17294 2922
107 30 23638 166232
108 30 20775 5682930
109 30 6544 387
110 30 4589 13
111 30 37986 11433850
112 30 37943 11335624
113 30 14768 153
114 30 34000 11494592
115 30 35795 9578916
116 30 25692 3003518
117 30 35115 11762242
118 30 12138 23243
119 30 20222 136765
120 30 3282 2
121 30 3760 24
122 30 35272 11373224
123 30 17340 104832
124 30 8525 30883
125 30 9081 786386
126 30 23962 1966991
127 30 28981 9493448
128 30 32501 10160316
129 30 28403 11680414
130 30 6503 5
131 30 32604 11761984
132 30 27988 5644931
133 30 27112 11482071
134 30 13756 738208
135 30 21348 961207
136 30 27031 11611579
137 30 32396 11882920
138 30 26494 11024383
139 30 7501 376
140 30 41022 11673436
141 30 5457 167
142 30 12307 734
143 30 13757 454693
144 30 16626 10464
145 30 25532 663134
146 30 23322 10268389
147 30 20073 32551
148 30 23442 178605
149 30 33065 3771579
150 30 9794 71536
151 30 34342 10512018
152 30 33292 11359653
153 30 4463 795
154 30 27183 10888687
155 30 35326 11407452
156 30 24767 3042100
157 30 31314 10231418
158 30 17424 4154261
159 30 6980 8714
160 30 29086 10193195
161 30 28747 11475069
162 30 24594 6728276
163 30 29037 11617210
164 30 24089 2028450
165 30 10713 113
166 30 30807 1906966
167 30 4822 2
168 30 26087 663507
169 30 29960 2477556
170 30 29773 5133283
171 30 13003 180
172 30 33168 11737422
173 30 16703 13806
174 30 8652 43982
175 30 15159 728752
176 30 31437 11938708
177 30 22765 147166
178 30 31553 7987205
179 30 26914 3659472
180 30 31328 11477878
181 30 6943 5202
182 30 30982 9885057
183 30 17251 2181283
184 30 26471 2466168
185 30 37497 11533467
186 30 7020 626
187 30 13453 3909
188 30 15483 2471
189 30 9742 59725
190 30 25511 1045953
191 30 17693 31995
192 30 25780 361070
193 30 8574 2539
194 30 33661 11609887
195 30 34469 10785614
196 30 9708 142
197 30 16441 5978
198 30 12135 126043
199 30 12871 60159
200 30 18183 8726
201 30 12554 828540
202 30 29823 10164999
203 30 6593 123
204 30 25413 812012
205 30 20972 5426932
206 30 32974 11380523
207 30 35276 11401920
208 30 35292 11502816
209 30 18957 900650
210 30 28553 4178028
211 30 6542 2044
212 30 9895 56081
213 30 33228 11502825
214 30 9195 10501
215 30 24219 1761094
216 30 33991 11472422
217 30 36804 10461669
218 30 36810 11441927
219 30 8796 246
220 30 29464 9791211
221 30 31401 11356447
222 30 26424 3108121
223 30 34123 10424181
224 30 10774 224291
225 30 25690 408405
226 30 9179 10
227 30 6285 12
228 30 5676 550
229 30 9323 66
230 30 34301 10411809
231 30 22917 8031522
232 30 8604 19262
233 30 35621 11461325
234 30 27176 3179957
235 30 16262 1495045
236 30 19464 208020
237 30 19389 3944449
238 30 17268 112611
239 30 32332 5647794
240 30 5854 310
241 30 32927 10935453
242 30 14498 4521
243 30 15793 7937
244 30 28856 3005816
245 30 20134 5819338
246 30 38016 11370757
247 30 30709 10085876
248 30 23510 2324637
249 30 21099 8578495
250 30 5782 210
251 30 22952 351347
252 30 15325 1526412
253 30 13474 1411
254 30 26360 1477904
255 30 31690 11549646
256 30 9274 84
257 30 18897 5671107
258 30 24146 11362711
259 30 9447 58920
260 30 40529 11645891
261 30 33617 11977388
262 30 39090 11985892
263 30 21424 434350
264 30 25071 215059
265 30 2968 0
266 30 42220 11521586
267 30 13809 2123
268 30 11583 1835
269 30 25055 1356026
270 30 29374 7503268
271 30 41485 11462079
272 30 34161 11540772
273 30 27391 3958247
274 30 17244 662396
275 30 19542 4409588
276 30 10402 130
277 30 13144 120194
278 30 16739 324
279 30 24242 445139
280 30 11576 1437031
281 30 39498 11442448
282 30 14601 16736
283 30 4583 3
284 30 34665 11411543
285 30 11384 220
286 30 33598 11676778
287 30 26124 1123155
288 30 28576 2121844
289 30 35549 11541900
290 30 25813 351565
291 30 7829 154
292 30 5347 2
293 30 13141 364
294 30 31898 6234776
295 30 17808 56913
296 30 7840 910
297 30 14197 132901
298 30 17724 5365402
299 30 19877 5958260
300 30 17030 10801
301 30 18992 1796219
302 30 24389 285183
303 30 34202 11329083
304 30 9580 337
305 30 5859 3
306 30 28644 11545730
307 30 14220 203057
308 30 37188 11420450
309 30 6188 1201
310 30 32768 6647071
311 30 14443 29003
312 30 36360 10567553
313 30 29510 2044504
314 30 36417 9958776
315 30 9870 26626
316 30 8447 12344
317 30 11317 2237
318 30 23600 5141162
319 30 12649 192
320 30 4730 182
321 30 1340 0
322 30 34464 11346037
323 30 32187 11497383
324 30 4637 3
325 30 29268 4568200
326 30 26780 11677417
327 30 21722 7670
328 30 30261 8435097
329 30 13697 1189
330 30 21349 175236
331 30 41500 11324621
332 30 30427 10825208
333 30 3010 5
334 30 6063 1008
335 30 24653 410702
336 30 9940 16565
337 30 28334 4865176
338 30 22403 10889873
339 30 23163 5095527
340 30 25762 642661
341 30 18321 5718571
342 30 31270 8449077
343 30 28958 11299538
344 30 7043 1108
345 30 20455 5898332
346 30 4357 3
347 30 18169 3175649
348 30 35062 11686064
349 30 20305 8191858
350 30 32210 11382853
351 30 32835 11873781
352 30 2472 1
353 30 12328 133252
354 30 23732 2271671
355 30 13597 1575609
356 30 22810 2695045
357 30 15001 6649
358 30 38021 11813661
359 30 5964 218
360 30 32293 11713627
361 30 4988 360
362 30 26216 3969352
363 30 36638 11961162
364 30 27489 11095574
365 30 37739 11907597
366 30 31920 11855257
367 30 32073 11420165
368 30 32846 5240143
369 30 6721 31016
370 30 25640 131205
371 30 39745 11486105
372 30 37115 11253222
373 30 34264 11372122
374 30 39048 11434536
375 30 28010 11538860
376 30 15141 5858781
377 30 15608 2916705
378 30 24993 7041192
379 30 22752 10710349
380 30 30438 11749530
381 30 14350 3182267
382 30 20670 132853
383 30 24453 982576
384 30 18847 265829
385 30 30987 10559500
386 30 10353 209
387 30 14672 16295
388 30 1196 0
389 30 5936 896
390 30 21667 5365086
391 30 30988 12376382
392 30 8211 54906
393 30 11279 86238
394 30 30184 4181294
395 30 18305 51878
396 30 27032 1629398
397 30 7448 109
398 30 28535 7112277
399 30 23736 4457469
400 30 8468 23
401 30 31848 10997897
402 30 25257 1462811
403 30 36882 11399431
404 30 24613 3779894
405 30 40105 11542452
406 30 7666 2023
407 30 17810 8351067
408 30 11753 106821
409 30 27492 9969559
410 30 2293 0
411 30 14621 669748
412 30 15126 308
413 30 8696 42763
414 30 13791 328023
415 30 4602 5
416 30 31183 10835256
417 30 14994 616102
418 30 15028 1601
419 30 24387 6349719
420 30 27450 2369650
421 30 26030 11169406
422 30 33425 10966043
423 30 3449 2
424 30 27776 9085992
425 30 21757 957242
426 30 4441 176
427 30 18977 140486
428 30 2591 2
429 30 32995 10548253
430 30 5490 6
431 30 17783 3726209
432 30 2286 0
433 30 27391 10755699
434 30 10731 37
435 30 25691 1910061
436 30 19910 7337820
437 30 18894 5197279
438 30 37990 11367961
439 30 24234 11243502
440 30 15126 42506
441 30 2434 1
442 30 2480 1
443 30 34535 9721401
444 30 42656 11244754
445 30 24822 5148064
446 30 23584 10582338
447 30 9324 20
448 30 10030 52850
449 30 8179 1969
450 30 11575 3142
451 30 21260 19460
452 30 27126 4881187
453 30 30723 2611714
454 30 4839 239
455 30 7272 71
456 30 10700 23
457 30 7317 8591
458 30 3490 39
459 30 4660 109
460 30 20301 8359540
461 30 24690 451557
462 30 22967 6607541
463 30 24181 5459091
464 30 29503 8984379
465 30 3297 7
466 30 22655 9745583
467 30 18323 1456986
468 30 22478 83559
469 30 33438 11409047
470 30 28012 5827789
471 30 20079 22023
472 30 21223 10645109
473 30 2413 1
474 30 28408 5852810
475 30 28814 9442423
476 30 37056 11334786
477 30 21507 642699
478 30 13507 89157
479 30 18798 2022673
480 30 34550 10405907
481 30 4486 154
482 30 33185 10985702
483 30 29279 10463571
484 30 29052 5365049
485 30 2790 8
486 30 26625 10795458
487 30 34644 11748344
488 30 41706 11295352
489 30 20078 3138897
490 30 8312 269
491 30 26428 5724275
492 30 40342 11743165
493 30 2377 0
494 30 10661 812
495 30 34650 10704789
496 30 14950 6706
497 30 13240 833
498 30 8019 6438
499 30 6662 466
500 30 14262 2010
