1 30 5790 6
2 30 2081 4
3 30 7784 6
4 30 35894 11473
5 30 38715 21236
6 30 3414 6
7 30 35616 8672
8 30 31564 2883
9 30 4064 5
10 30 0 3
11 30 7708 6
12 30 21011 283
13 30 30569 891
14 30 8560 9
15 30 40768 44358
16 30 19350 179
17 30 5865 4
18 30 33290 983
19 30 35699 2220
20 30 31781 6611
21 30 0 3
22 30 35829 8078
23 30 27836 7038
24 30 14765 71
25 30 16437 87
26 30 16994 88
27 30 1369 4
28 30 4055 4
29 30 1875 4
30 30 29063 2003
31 30 31486 39591
32 30 37626 12490
33 30 14167 15
34 30 25715 421
35 30 34070 13404
36 30 7150 6
37 30 22172 94
38 30 0 4
39 30 3800 4
40 30 29982 11028
41 30 32121 7130
42 30 4276 4
43 30 12414 16
44 30 29738 12334
45 30 36706 8767
46 30 14036 12
47 30 39869 10587
48 30 1606 6
49 30 9061 11
50 30 30210 6746
51 30 39150 24644
52 30 8462 6
53 30 6750 6
54 30 3931 4
55 30 20769 162
56 30 21246 310
57 30 12848 54
58 30 13635 14
59 30 35799 2476
60 30 17406 207
61 30 15914 31
62 30 0 4
63 30 32013 2810
64 30 39141 18159
65 30 22004 156
66 30 14564 54
67 30 15550 33
68 30 2181 5
69 30 31603 5550
70 30 28603 4140
71 30 6297 5
72 30 21183 2377
73 30 17321 540
74 30 32543 6600
75 30 21305 104
76 30 11866 24
77 30 33938 10106
78 30 30888 2142
79 30 10972 8
80 30 11828 12
81 30 36600 5081
82 30 25068 1045
83 30 20390 233
84 30 21068 128
85 30 29083 1226
86 30 35649 12671
87 30 27208 672
88 30 34313 6671
89 30 28990 1463
90 30 9918 16
91 30 5407 6
92 30 16247 43
93 30 14027 18
94 30 24809 1460
95 30 13853 31
96 30 16046 34
97 30 37650 14524
98 30 31261 8978
99 30 32844 60705
100 30 6729 6
101 30 12282 7
102 30 5732 5
103 30 11507 19
104 30 7489 6
105 30 16915 18
106 30 17294 29
107 30 23638 154
108 30 18368 79
109 30 4546 4
110 30 4589 7
111 30 36469 29196
112 30 37943 11326
113 30 14768 11
114 30 32810 13169
115 30 35795 3908
116 30 25692 1680
117 30 35115 9547
118 30 11193 13
119 30 20222 49
120 30 3282 6
121 30 1370 4
122 30 34260 18146
123 30 17340 125
124 30 8268 8
125 30 6895 5
126 30 23962 938
127 30 28981 3209
128 30 32501 4515
129 30 27606 4754
130 30 6503 6
131 30 32604 17365
132 30 27988 1115
133 30 25675 4091
134 30 12471 19
135 30 21348 366
136 30 26152 4243
137 30 32396 7052
138 30 26067 577
139 30 5577 4
140 30 41022 38158
141 30 3490 5
142 30 10659 8
143 30 11790 16
144 30 17069 40
145 30 25532 159
146 30 22007 275
147 30 20073 75
148 30 23442 559
149 30 33065 2611
150 30 8476 7
151 30 34342 9399
152 30 33292 11872
153 30 3560 5
154 30 26514 2439
155 30 35326 10124
156 30 24640 428
157 30 31314 1430
158 30 16094 192
159 30 5784 5
160 30 29086 1818
161 30 27408 6712
162 30 22749 679
163 30 29037 6898
164 30 24089 833
165 30 8585 5
166 30 30807 1579
167 30 4822 4
168 30 26087 644
169 30 28211 891
170 30 29773 2881
171 30 13003 13
172 30 33168 5831
173 30 16703 49
174 30 6542 6
175 30 14092 22
176 30 31437 2886
177 30 22765 173
178 30 31553 5608
179 30 26914 662
180 30 31328 5434
181 30 5259 5
182 30 30982 2760
183 30 16518 73
184 30 26471 1488
185 30 37058 6991
186 30 5762 5
187 30 13453 24
188 30 15483 23
189 30 8371 9
190 30 25511 306
191 30 17693 46
192 30 25780 430
193 30 7841 6
194 30 33661 13392
195 30 34469 3896
196 30 9639 6
197 30 16441 29
198 30 11554 12
199 30 11790 7
200 30 18067 35
201 30 10931 28
202 30 29823 7270
203 30 5101 4
204 30 25413 563
205 30 18867 156
206 30 31694 8443
207 30 35276 32553
208 30 35292 16217
209 30 18957 233
210 30 28553 451
211 30 4808 5
212 30 8835 10
213 30 32035 5567
214 30 7431 7
215 30 24219 989
216 30 33991 9471
217 30 36804 8713
218 30 36810 16227
219 30 8796 10
220 30 28031 4306
221 30 31401 17518
222 30 25916 708
223 30 34123 5958
224 30 10887 17
225 30 25690 439
226 30 9179 6
227 30 6285 8
228 30 5656 4
229 30 7904 7
230 30 34301 10078
231 30 22567 305
232 30 7896 6
233 30 35621 26916
234 30 26398 651
235 30 16026 19
236 30 19464 169
237 30 18380 139
238 30 17056 159
239 30 32332 582
240 30 3504 3
241 30 32927 1205
242 30 14498 33
243 30 15793 22
244 30 28856 888
245 30 19334 198
246 30 38016 14604
247 30 30709 3676
248 30 23510 453
249 30 19160 125
250 30 3688 4
251 30 22952 143
252 30 15030 45
253 30 13474 11
254 30 26360 433
255 30 31690 7467
256 30 9274 9
257 30 17032 146
258 30 22706 7862
259 30 7173 5
260 30 40529 12018
261 30 33617 9157
262 30 39090 9248
263 30 21424 165
264 30 25071 154
265 30 2968 6
266 30 42220 18647
267 30 13809 16
268 30 9482 7
269 30 25055 588
270 30 29374 583
271 30 40097 50114
272 30 32437 6591
273 30 25850 490
274 30 16329 106
275 30 18670 119
276 30 10402 14
277 30 11605 8
278 30 16739 14
279 30 24242 182
280 30 9261 13
281 30 39498 18711
282 30 14601 80
283 30 3028 3
284 30 34665 10418
285 30 12322 8
286 30 33598 15468
287 30 26124 439
288 30 28576 733
289 30 33465 9240
290 30 25813 441
291 30 7142 4
292 30 5347 6
293 30 13141 17
294 30 31898 2835
295 30 17502 39
296 30 7159 4
297 30 13324 12
298 30 16532 195
299 30 18873 71
300 30 15964 29
301 30 16912 43
302 30 23376 141
303 30 34202 6098
304 30 8127 4
305 30 5859 5
306 30 27039 2566
307 30 13795 17
308 30 37188 15292
309 30 4962 4
310 30 32768 3507
311 30 13060 31
312 30 36360 13026
313 30 29510 1481
314 30 36417 4253
315 30 8149 8
316 30 7423 8
317 30 9127 7
318 30 22760 1442
319 30 12649 9
320 30 3649 4
321 30 1340 3
322 30 34464 8842
323 30 32187 7880
324 30 4033 4
325 30 29268 1713
326 30 24597 3364
327 30 21722 85
328 30 30261 2998
329 30 13697 17
330 30 21253 158
331 30 41500 10459
332 30 29754 1937
333 30 1466 4
334 30 4981 4
335 30 24653 249
336 30 8874 6
337 30 28334 970
338 30 21176 318
339 30 22314 918
340 30 25762 1113
341 30 16276 103
342 30 30737 1643
343 30 28958 5663
344 30 5943 4
345 30 19034 155
346 30 4357 6
347 30 16292 56
348 30 35062 16063
349 30 18158 560
350 30 30962 16398
351 30 32835 10507
352 30 2102 4
353 30 10932 16
354 30 23732 618
355 30 12558 27
356 30 22550 899
357 30 15001 30
358 30 38021 17384
359 30 3578 4
360 30 31253 3829
361 30 3738 4
362 30 26216 448
363 30 36638 17251
364 30 25135 2508
365 30 36508 15577
366 30 30458 3878
367 30 32073 3995
368 30 32846 2644
369 30 6351 6
370 30 25640 148
371 30 39745 29075
372 30 35221 15329
373 30 34264 6457
374 30 39048 26905
375 30 26674 1599
376 30 12878 42
377 30 13810 63
378 30 22876 445
379 30 21059 330
380 30 29575 12088
381 30 12018 14
382 30 20670 129
383 30 24453 309
384 30 18847 122
385 30 30987 2127
386 30 10353 5
387 30 13425 11
388 30 1040 3
389 30 4119 3
390 30 19695 198
391 30 29622 6336
392 30 6015 6
393 30 9527 10
394 30 30184 1370
395 30 18305 90
396 30 27032 926
397 30 7848 7
398 30 28535 4527
399 30 21655 620
400 30 8468 11
401 30 31675 9642
402 30 25257 397
403 30 36882 11158
404 30 22200 408
405 30 40105 27094
406 30 6973 5
407 30 16726 161
408 30 9999 10
409 30 25803 2078
410 30 2293 6
411 30 12399 35
412 30 15126 15
413 30 7411 5
414 30 13432 19
415 30 4602 6
416 30 29912 10963
417 30 12771 16
418 30 15028 26
419 30 22108 793
420 30 27450 819
421 30 24299 3296
422 30 33425 9893
423 30 3449 9
424 30 27114 7645
425 30 21757 382
426 30 2209 4
427 30 18977 88
428 30 1944 4
429 30 32995 3912
430 30 3791 4
431 30 16349 142
432 30 2286 3
433 30 25495 1061
434 30 10731 10
435 30 25691 934
436 30 18043 203
437 30 16585 34
438 30 37990 28105
439 30 23075 1247
440 30 13474 17
441 30 1400 3
442 30 2271 4
443 30 34535 2412
444 30 42656 20655
445 30 24822 643
446 30 22042 2378
447 30 9324 7
448 30 8403 5
449 30 6045 4
450 30 10307 5
451 30 21260 71
452 30 27126 669
453 30 30723 1066
454 30 3786 4
455 30 5560 5
456 30 10700 9
457 30 5262 7
458 30 2096 5
459 30 4222 6
460 30 19121 491
461 30 24690 874
462 30 20997 809
463 30 22966 2033
464 30 29503 5103
465 30 1654 5
466 30 20979 1359
467 30 17185 50
468 30 22478 232
469 30 33438 10001
470 30 28012 467
471 30 20079 58
472 30 19491 1177
473 30 2413 4
474 30 28408 2236
475 30 27253 2878
476 30 37056 26478
477 30 20014 165
478 30 11937 13
479 30 17731 83
480 30 34550 8958
481 30 2341 3
482 30 33185 5833
483 30 28424 1652
484 30 29052 502
485 30 2047 4
486 30 25095 3720
487 30 32563 5202
488 30 41706 16246
489 30 17742 62
490 30 7188 4
491 30 26428 1513
492 30 40342 37377
493 30 822 5
494 30 8384 6
495 30 34650 14935
496 30 14950 25
497 30 13122 13
498 30 6018 5
499 30 4304 5
500 30 14262 18
