1 30 15987 255
2 30 31896 611
3 30 21793 312
4 30 39084 1318
5 30 38715 956
6 30 27739 394
7 30 35616 511
8 30 31564 477
9 30 11759 50
10 30 0 1
11 30 17297 89
12 30 32900 407
13 30 30569 284
14 30 33708 395
15 30 40768 488
16 30 37169 647
17 30 29847 391
18 30 33290 491
19 30 35699 593
20 30 34399 609
21 30 0 0
22 30 35829 538
23 30 27836 340
24 30 14765 139
25 30 16437 86
26 30 16994 210
27 30 8893 25
28 30 12189 67
29 30 20913 272
30 30 29063 895
31 30 31486 698
32 30 37626 422
33 30 14167 46
34 30 25890 235
35 30 34070 1173
36 30 15360 146
37 30 22210 249
38 30 0 0
39 30 14509 190
40 30 36272 911
41 30 32121 673
42 30 18994 126
43 30 12414 91
44 30 29738 555
45 30 36706 432
46 30 22229 104
47 30 39869 484
48 30 23562 210
49 30 9061 52
50 30 30210 619
51 30 39150 519
52 30 10299 16
53 30 24623 359
54 30 32585 426
55 30 20769 235
56 30 21246 181
57 30 37446 632
58 30 13635 68
59 30 35799 388
60 30 24476 213
61 30 38284 500
62 30 0 1
63 30 32013 310
64 30 39141 612
65 30 22004 192
66 30 43567 501
67 30 15550 86
68 30 16369 128
69 30 31603 662
70 30 28603 454
71 30 39202 681
72 30 29636 691
73 30 27571 395
74 30 32543 362
75 30 21305 142
76 30 30004 452
77 30 33938 405
78 30 30888 454
79 30 22784 301
80 30 29057 420
81 30 36600 562
82 30 34659 482
83 30 31580 373
84 30 21068 152
85 30 29083 295
86 30 35649 619
87 30 27208 324
88 30 34313 779
89 30 28990 510
90 30 21027 300
91 30 5407 29
92 30 16247 177
93 30 14027 93
94 30 24809 280
95 30 33502 382
96 30 32901 371
97 30 37650 581
98 30 35843 501
99 30 32844 407
100 30 34732 489
101 30 15975 150
102 30 29549 368
103 30 19114 196
104 30 7489 15
105 30 16915 100
106 30 17294 68
107 30 23638 167
108 30 37019 476
109 30 24654 234
110 30 4589 16
111 30 37986 557
112 30 37943 629
113 30 14768 43
114 30 35762 491
115 30 35795 310
116 30 25692 250
117 30 35115 495
118 30 16408 106
119 30 20222 159
120 30 3282 3
121 30 13726 51
122 30 37299 485
123 30 17340 124
124 30 20041 187
125 30 24866 441
126 30 23962 207
127 30 28981 375
128 30 32501 375
129 30 29184 483
130 30 6503 13
131 30 32604 501
132 30 27988 306
133 30 37196 485
134 30 28546 265
135 30 21348 220
136 30 35310 500
137 30 32396 546
138 30 38690 523
139 30 14865 74
140 30 41022 490
141 30 14522 91
142 30 15352 58
143 30 41269 710
144 30 17069 120
145 30 25532 170
146 30 34619 435
147 30 20073 134
148 30 23442 177
149 30 33065 265
150 30 36123 773
151 30 34342 319
152 30 33292 553
153 30 24566 364
154 30 38406 536
155 30 35326 682
156 30 29598 312
157 30 31314 482
158 30 34366 717
159 30 22956 288
160 30 29086 602
161 30 34321 731
162 30 42510 612
163 30 29037 779
164 30 24089 296
165 30 13259 58
166 30 30807 301
167 30 4822 7
168 30 26087 239
169 30 31544 212
170 30 29773 305
171 30 13003 42
172 30 33168 505
173 30 16703 109
174 30 15556 131
175 30 31523 304
176 30 31437 541
177 30 22765 138
178 30 31553 357
179 30 26914 241
180 30 31328 474
181 30 33717 466
182 30 30982 441
183 30 32589 383
184 30 26471 276
185 30 37497 485
186 30 23071 217
187 30 13453 83
188 30 15483 90
189 30 26636 334
190 30 25511 250
191 30 17693 161
192 30 25780 147
193 30 31727 278
194 30 33661 727
195 30 34469 571
196 30 10160 38
197 30 16441 112
198 30 26302 258
199 30 20252 206
200 30 19975 114
201 30 32513 629
202 30 29823 405
203 30 13956 43
204 30 25413 230
205 30 34693 448
206 30 40223 825
207 30 35276 570
208 30 35292 499
209 30 18957 271
210 30 28553 327
211 30 32252 453
212 30 38029 604
213 30 33228 429
214 30 18343 127
215 30 24219 191
216 30 33991 735
217 30 36804 390
218 30 36810 575
219 30 8796 82
220 30 29464 571
221 30 31401 708
222 30 30904 368
223 30 34123 408
224 30 33559 558
225 30 25690 199
226 30 9179 14
227 30 6285 23
228 30 27986 397
229 30 9604 48
230 30 34301 464
231 30 38819 509
232 30 24612 284
233 30 35621 598
234 30 27537 336
235 30 26155 309
236 30 19464 216
237 30 30263 330
238 30 17268 193
239 30 32332 384
240 30 39154 640
241 30 32927 561
242 30 14498 128
243 30 15793 130
244 30 28856 518
245 30 38514 970
246 30 38016 781
247 30 30709 693
248 30 23510 475
249 30 29379 546
250 30 29567 487
251 30 22952 334
252 30 37907 943
253 30 13474 167
254 30 26360 572
255 30 31690 1407
256 30 9274 61
257 30 34022 758
258 30 32665 749
259 30 30768 777
260 30 40529 1549
261 30 33617 1187
262 30 39090 1332
263 30 21424 393
264 30 25071 338
265 30 2968 7
266 30 42220 948
267 30 13809 118
268 30 15273 91
269 30 25055 372
270 30 29374 531
271 30 42033 717
272 30 42274 738
273 30 29276 498
274 30 22553 300
275 30 31264 411
276 30 10402 50
277 30 31915 343
278 30 16739 55
279 30 24242 399
280 30 23583 593
281 30 39498 686
282 30 14601 219
283 30 5610 18
284 30 34665 984
285 30 12525 84
286 30 33598 1055
287 30 26124 302
288 30 28576 392
289 30 36424 1145
290 30 25813 314
291 30 14589 81
292 30 5347 19
293 30 13141 82
294 30 31898 611
295 30 18231 234
296 30 14672 123
297 30 25368 312
298 30 34142 978
299 30 29217 529
300 30 17030 156
301 30 37270 714
302 30 25733 222
303 30 34202 528
304 30 16485 70
305 30 5859 13
306 30 32261 813
307 30 24566 232
308 30 37188 828
309 30 25611 320
310 30 32768 492
311 30 19354 164
312 30 36360 1018
313 30 29510 328
314 30 36417 478
315 30 22831 203
316 30 37865 992
317 30 14988 120
318 30 27842 628
319 30 12649 106
320 30 12739 238
321 30 1351 11
322 30 34464 977
323 30 32187 1309
324 30 4637 16
325 30 29268 672
326 30 32447 1241
327 30 21722 216
328 30 30261 811
329 30 13697 149
330 30 21349 321
331 30 41500 1208
332 30 39545 1142
333 30 29497 670
334 30 27373 645
335 30 24653 440
336 30 36482 1022
337 30 28334 818
338 30 30822 954
339 30 29006 729
340 30 25762 465
341 30 36438 1684
342 30 32252 681
343 30 28958 1136
344 30 14777 201
345 30 30960 697
346 30 4357 15
347 30 39423 1587
348 30 35062 1418
349 30 31226 927
350 30 33286 1157
351 30 32835 1126
352 30 6652 28
353 30 40156 1424
354 30 23732 509
355 30 33989 1418
356 30 22810 694
357 30 15001 257
358 30 38021 1459
359 30 25074 437
360 30 32293 1168
361 30 25910 474
362 30 26216 618
363 30 36638 1193
364 30 31216 981
365 30 38854 1090
366 30 33288 1434
367 30 32073 718
368 30 32846 476
369 30 17903 278
370 30 25640 315
371 30 39745 1073
372 30 43215 1007
373 30 34264 756
374 30 39048 806
375 30 29638 990
376 30 25120 651
377 30 28526 450
378 30 30861 428
379 30 34757 842
380 30 35231 555
381 30 24451 315
382 30 20670 112
383 30 24453 286
384 30 18847 186
385 30 30987 513
386 30 10353 71
387 30 19591 160
388 30 1196 2
389 30 28203 266
390 30 43040 707
391 30 37368 826
392 30 19143 187
393 30 37269 450
394 30 30184 312
395 30 18305 145
396 30 27032 1747
397 30 8549 42
398 30 28535 368
399 30 25408 358
400 30 8468 25
401 30 34570 570
402 30 25257 330
403 30 36882 685
404 30 28880 356
405 30 40105 781
406 30 29789 349
407 30 28106 526
408 30 39375 619
409 30 29133 394
410 30 2293 3
411 30 20470 224
412 30 15126 86
413 30 29552 375
414 30 21900 372
415 30 4602 21
416 30 35983 512
417 30 27248 341
418 30 15028 99
419 30 29215 519
420 30 27450 370
421 30 31144 685
422 30 33425 606
423 30 3449 8
424 30 28707 451
425 30 21757 260
426 30 25124 262
427 30 18977 214
428 30 29862 599
429 30 32995 485
430 30 6499 17
431 30 28573 386
432 30 2286 6
433 30 35958 602
434 30 10731 33
435 30 25691 302
436 30 29522 426
437 30 31896 549
438 30 37990 938
439 30 32538 1122
440 30 20749 294
441 30 3834 10
442 30 32082 824
443 30 34535 902
444 30 42656 1015
445 30 24822 779
446 30 33858 1349
447 30 9324 60
448 30 22212 397
449 30 20074 241
450 30 16084 246
451 30 21260 208
452 30 27126 699
453 30 30723 556
454 30 23540 400
455 30 8556 95
456 30 10700 85
457 30 27605 956
458 30 8786 116
459 30 33144 979
460 30 35445 1239
461 30 24690 300
462 30 32843 492
463 30 27837 477
464 30 29503 644
465 30 32254 620
466 30 36594 1145
467 30 41581 696
468 30 22478 222
469 30 33438 673
470 30 28012 497
471 30 20079 164
472 30 29810 769
473 30 23296 287
474 30 28408 408
475 30 30898 557
476 30 37056 790
477 30 25219 287
478 30 21624 183
479 30 39033 647
480 30 34550 615
481 30 11006 196
482 30 33185 829
483 30 38271 828
484 30 29052 690
485 30 31568 1282
486 30 36672 1036
487 30 37883 1488
488 30 41706 1029
489 30 28118 615
490 30 9497 106
491 30 26428 757
492 30 40342 1013
493 30 31685 651
494 30 19824 111
495 30 34650 828
496 30 14950 191
497 30 13240 108
498 30 39283 728
499 30 14416 143
500 30 14262 195
