1 20 5486 77114 00000000000000011111
2 20 2444 20252 00000000001000000000
3 20 10850 162349 00000000000001111111
4 20 19697 57242 00000111011111011011
5 20 19271 12359 10110100110010100011
6 20 4124 114825 00000000000000000111
7 20 27210 203942 10111111111111111111
8 20 19650 89369 00111101110010111111
9 20 4135 1696 00000000000000001001
10 20 12767 187944 00000000111111111111
11 20 9064 91973 00000000000111111111
12 20 12520 194135 00000000111111111111
13 20 10419 5139 10000000101000010101
14 20 4289 52947 00000000000000000111
15 20 30708 190940 11111111111111111011
16 20 6338 983 00000000011100010011
17 20 2560 93950 00000000000000000111
18 20 24589 218102 11111111111111111011
19 20 24440 149585 11111111111111011111
20 20 23100 112962 00011111111111111111
21 20 7276 3994 00000000001110100011
22 20 19371 169241 10111111101000101111
23 20 28320 121899 11101011111111111011
24 20 22767 109348 11110011101111000101
25 20 22575 201912 11011111111101111111
26 20 29168 190436 11111111111111110111
27 20 3915 125343 00000000000000000011
28 20 2507 1580 00000000000000011000
29 20 2413 66844 00000000001000000000
30 20 4627 233 00011100000000000000
31 20 24095 167498 01111111110111111101
32 20 22409 100143 11110111101010100011
33 20 24312 96753 11111001010110111111
34 20 24303 111023 00110111111111011011
35 20 21271 43147 00111111101100010111
36 20 8542 68565 00000000000001111111
37 20 25917 125057 11111111111101111111
38 20 21341 248946 11011111111111011101
39 20 2513 8703 00000000000000000011
40 20 9891 2539 00000000100110010101
41 20 21445 152077 11111111111101110101
42 20 2874 21455 00000000000000000011
43 20 15675 81592 01011010110011110100
44 20 18791 240668 11111011011111100111
45 20 17885 29317 10100000111011101001
46 20 9786 53480 00000000000011111111
47 20 20778 207287 11110111111111111101
48 20 2471 138446 00000000000000000101
49 20 18969 43134 11111110001000011110
50 20 21561 113540 10110111111100110111
51 20 9520 477 10000000001000000111
52 20 10870 15711 00000000011101000111
53 20 8883 168862 00000000000000111111
54 20 2500 41784 00000000010000000000
55 20 20988 125331 11011100110010111111
56 20 17745 195780 11111111111111111110
57 20 4911 20452 00000000000000001111
58 20 27658 118835 11110111110101110111
59 20 25731 164309 11101111110111111111
60 20 17670 143257 00000000111111111111
61 20 9707 154359 00000000000011111111
62 20 26185 143267 11111111111011111111
63 20 18043 48806 10101110100011010010
64 20 18218 58602 11011000110101110011
65 20 15681 19428 00111100011101000101
66 20 5896 32499 00000000000000001111
67 20 25267 227383 11111111111111111011
68 20 4439 141539 00000000000000000011
69 20 21264 64438 01101101111010111111
70 20 4454 60 00001100001000000
71 20 3448 101039 00000000000000000111
72 20 15574 112556 00000001111011111111
73 20 14871 171003 00000000011111111111
74 20 19611 141174 11101111011111111101
75 20 7414 104 10001001010000000000
76 20 10441 160926 00000000000001111111
77 20 20537 227546 01111110111011101101
78 20 12188 893 10010001000101100001
79 20 12108 119109 00000000111111111111
80 20 9828 192522 00000000000011111111
81 20 21600 146247 11011111101011101111
82 20 6477 151 0000000010100100000
83 20 2946 46 00000010000000000011
84 20 12616 12463 01100110001011000000
85 20 23656 166956 11011111011101111111
86 20 21301 115022 00110111110011111001
87 20 8249 202 10001001000000100100
88 20 26574 230843 01111111111111011101
89 20 13537 10343 11001000000110001101
90 20 8364 167786 00000000011111111111
91 20 22733 133706 01110100111110101110
92 20 16487 24067 10101101000000110011
93 20 5152 146 00001000001001100000
94 20 12639 3702 00000101011101000001
95 20 8780 189837 00000000000111111111
96 20 8854 52110 00000000000000011111
97 20 26395 177345 11111111110111111100
98 20 23751 90898 00001111111111101111
99 20 25088 162403 01111110111111011010
100 20 2500 6169 00000000001000000001
101 20 10714 10875 00000000000111111000
102 20 2725 20140 00000000000000000011
103 20 12606 184078 00000000001111111111
104 20 22176 196756 11111111111111110111
105 20 19929 63365 01011011101100111010
106 20 18528 146758 00011111011111101111
107 20 7047 1093 0110001100000000000
108 20 13244 108584 00000000000011111111
109 20 2940 15050 00000000000000000011
110 20 25420 223667 11001110110111111110
111 20 8172 1503 00001010000010100001
112 20 7900 866 10000000100101001001
113 20 17301 95206 01111110100100010110
114 20 13499 35442 00000010100110010111
115 20 19343 51601 01111011101000110101
116 20 24546 348053 10011111111111111111
117 20 7323 4295 00101100010011100000
118 20 3541 72 00000000000010010000
119 20 3493 81 01000010000000000
120 20 25569 216729 11011111111111111111
121 20 2310 1425 00000000000000000100
122 20 22469 140433 00000111110111111110
123 20 22479 119529 11001110101110010111
124 20 4865 26110 00000000000000000011
125 20 5494 19060 00000000000000101111
126 20 23503 165527 10111011101110111111
127 20 22037 134266 01110101111110111011
128 20 16729 40857 10111000110001101001
129 20 20905 160762 00001111111111111111
130 20 14486 4557 01000000001010111101
131 20 26050 179465 10110110111101111111
132 20 13386 11151 11001101100010010000
133 20 16832 270882 00000001111111111111
134 20 9347 87420 00000000000111111111
135 20 17035 222331 11111110111101111111
136 20 10824 56667 00000101100110110110
137 20 24197 202076 10001111110101111011
138 20 15760 234768 00000011111111111111
139 20 8665 170703 00000000000001111111
140 20 10706 3896 00000111000110110000
141 20 2393 431 0000000000000001000
142 20 7717 4223 00000000000000011110
143 20 7658 236969 00000000000000111111
144 20 9458 3518 00001000101010000011
145 20 23048 230616 01111101111101111110
146 20 12486 88116 00000000011111100111
147 20 7412 319 01000100001001000000
148 20 18742 165974 11111111101011011111
149 20 24947 256606 11111010111111111101
150 20 5449 57670 00000000000000001111
151 20 22638 173192 11011111101110110101
152 20 3931 48 100010000000000100
153 20 2463 1813 01000000000000000000
154 20 17346 217838 00000001111111111111
155 20 17636 140915 01101111001100011011
156 20 7193 1094 00000000001110100001
157 20 19955 256375 11011111111111111111
158 20 8523 46844 00000000000000011111
159 20 5854 209256 00000000000000000111
160 20 24950 88813 11110111111111100000
161 20 7642 3101 00001010000100001000
162 20 13973 216007 00000000001111111111
163 20 27575 123008 11111001101111011110
164 20 7332 1756 00010100010011010000
165 20 6333 1871 00000000010010000011
166 20 17769 34773 00100101010011101010
167 20 13261 59176 01001010011110000011
168 20 24594 228760 11011110110111111011
169 20 8908 945 00100010100001100000
170 20 18571 33591 01101111010101100010
171 20 30509 153545 11011111111111111111
172 20 19832 113780 11111111111111001110
173 20 19608 198150 11111111111110111111
174 20 6080 29449 00000000000000111111
175 20 9405 96260 00000000000011111111
176 20 18385 22175 10110000011110011111
177 20 11157 662 00001001101000000100
178 20 1914 36 00000000010000
179 20 14152 14138 01110000100001010010
180 20 5807 675 00001010001000000000
181 20 3298 20754 00000000000000001111
182 20 22347 113451 01111101110111110011
183 20 5284 7228 00000000000010110100
184 20 22078 194406 11111111101111111101
185 20 17905 126555 01100110111110011101
186 20 6697 84570 00000000000000001111
187 20 14787 13047 10011000010011000011
188 20 20431 88487 10110011110100011011
189 20 5659 269583 00000000000001111111
190 20 18041 62194 01101010101101110001
191 20 5950 130 000011001000100000
192 20 24612 99539 11111111111011001011
193 20 3442 67684 00000000000000000111
194 20 18578 73942 10011101111110011000
195 20 17600 93546 01010111111011100001
196 20 17313 286890 00111111111111111111
197 20 23841 242380 01111101111011111111
198 20 6461 40138 00000000000000011111
199 20 9634 57444 00000000000001011111
200 20 12987 38152 00000000000111111101
201 20 5939 76159 00000000000000011111
202 20 7602 997 00001100010100000010
203 20 4677 3903 00000000000000000111
204 20 5646 77 000010000000011000
205 20 6705 1059 00000100001001000001
206 20 19539 201180 00000111111111111111
207 20 24445 340344 11111111111111111110
208 20 15440 7684 11010010100101011100
209 20 21621 276225 01111101110101111101
210 20 23026 164950 11001111101111111101
211 20 4007 107079 00000000000000011111
212 20 5656 135184 00000000000001111111
213 20 27628 204086 11111111111111101111
214 20 7950 93441 00000000000001111111
215 20 23934 70824 11100101111011111111
216 20 20126 37343 11011110100110011011
217 20 23263 88278 01011100101111101111
218 20 10821 9190 11110100000100000001
219 20 16384 72149 11110111010010110010
220 20 27146 188595 01111111111101101101
221 20 10482 1966 00000100001000110100
222 20 21111 291327 00011111111111111111
223 20 19207 24637 10011101000111000101
224 20 4279 56303 00000000000000011111
225 20 26875 147257 11111111111001011011
226 20 9324 5921 10010000111001001000
227 20 6596 976 00100000001100001001
228 20 4264 110898 00000000000000000111
229 20 13129 91874 00000000101111010111
230 20 24368 169729 00111111101101111111
231 20 7176 5088 00000000000010011100
232 20 7321 202449 00000000000000111111
233 20 21952 125971 11111111001101111110
234 20 20523 148120 00011011111111100111
235 20 4795 1301 00000000000000011110
236 20 22164 201821 11111111100100111111
237 20 13072 211897 00000000000011111111
238 20 19249 147924 01110110111110111010
239 20 20138 112613 10101111110110101100
240 20 3573 179522 00000000000000000011
241 20 11406 44351 00101110100000000101
242 20 602 36 100000000000000
243 20 17095 51600 01011011001011010111
244 20 18042 35016 11111101100110001010
245 20 10770 71889 00000000000011111111
246 20 22918 104508 11111110100100101011
247 20 25147 252847 11101111111011011111
248 20 24975 241474 11111110111111111111
249 20 9175 4703 00000110010000001110
250 20 2415 16253 00000000001000000011
251 20 19278 15833 01101011011101101001
252 20 6018 10859 00000000000000000111
253 20 26409 162508 11111111011011111111
254 20 11552 5975 00000100011100001001
255 20 17681 49814 01001111101001001011
256 20 13652 36820 11010000110011000100
257 20 10055 234172 00000000011111111111
258 20 8632 23286 00000000010111111100
259 20 5456 85043 00000000000000001111
260 20 20066 99878 00111110100110111101
261 20 7483 2209 10001000010000011010
262 20 6560 418 00100100100000010010
263 20 14012 3053 00000100100101001011
264 20 18589 162870 11111111111111111101
265 20 11547 4607 11000001100000010101
266 20 11792 5241 11011100001000000000
267 20 25602 142635 11111111110111111111
268 20 7947 12590 00000000000000100111
269 20 20443 141725 10111111111101101011
270 20 22250 163143 01111110111110001101
271 20 14838 20207 01010010100000110110
272 20 16918 109249 00000011111111000010
273 20 1806 42 10
274 20 17643 227075 00000011111111111111
275 20 16156 172885 00000000111111111111
276 20 19147 58251 10111000101111101010
277 20 10730 266077 00000000000111111111
278 20 23796 155688 11111111101111111111
279 20 28066 130096 11111111001111111111
280 20 10509 154710 00000000000001111111
281 20 20490 122163 11011101101110111011
282 20 12018 9005 00100101110000010101
283 20 10336 169600 00000000000111111111
284 20 17617 47026 01100101011011111100
285 20 23296 164190 00001111111111111111
286 20 21006 34544 01011110111010110011
287 20 25238 120199 11000011110011111111
288 20 9282 4282 00100100000101100110
289 20 17047 56785 11001011100010011010
290 20 26696 177353 10111111111101001101
291 20 7867 164073 00000000000001111111
292 20 13462 14662 00111111001011001100
293 20 26552 213794 11111111001111111111
294 20 19081 43640 00101011110001111010
295 20 22321 173534 00111011111111110101
296 20 5433 9788 00000000000000001011
297 20 12127 161688 00000000000011111111
298 20 12634 83075 00000000011111101111
299 20 14868 253118 00000000111111111111
300 20 19581 95089 00000110111111111101
301 20 12130 100215 00000000000111111111
302 20 19966 71936 00111001110011110011
303 20 24277 189494 11111111111100111111
304 20 5924 9140 00000000000001101010
305 20 23668 115251 11110101111101111001
306 20 20276 189067 00110101010111111111
307 20 12218 229852 00000000001111111111
308 20 16978 78146 00110101111100100001
309 20 4722 55211 00000000000000000011
310 20 25823 129431 11111111111111111011
311 20 11814 172154 00000000001111111111
312 20 16784 38289 00100111110000011001
313 20 17175 87492 11111101101100111000
314 20 9079 2168 00100000000000010111
315 20 8477 204797 00000000000000111111
316 20 2453 134 0010000000000000000
317 20 1513 42 00000010000000000000
318 20 17165 178633 00000011111111111011
319 20 20442 195740 00111111111111110111
320 20 3750 37837 00000000000000000011
321 20 8947 134725 00000000000011111111
322 20 8416 1312 00001000110000000101
323 20 25381 115509 11111110111101010111
324 20 12378 54491 00000000000011111111
325 20 19065 218235 10111111001111101101
326 20 20353 211948 00011111111111111111
327 20 25740 139703 10111111111110110111
328 20 22507 226403 11110111111111111111
329 20 17514 144212 01101111101011111100
330 20 19925 112952 01011011011001101111
331 20 21227 195148 11101111010111111111
332 20 14918 198074 00001111111111111111
333 20 2351 45 0000100000000000000
334 20 3585 217265 00000000000000001111
335 20 16380 28231 10110010011001001100
336 20 2502 3190 00000000000000001010
337 20 20678 100020 00100101111111011110
338 20 9664 33500 00000000011111011110
339 20 16781 92377 00000011111110110110
340 20 25798 211550 11111011101110101111
341 20 11528 164116 00000000000111111111
342 20 10365 12226 00101000100011011100
343 20 27066 171917 11011111110111011111
344 20 3937 8033 00000000000000111101
345 20 11281 187693 00000000011111111111
346 20 11955 28554 00010100011100000110
347 20 8528 181395 00000000001111111111
348 20 20514 133792 10001110011111101010
349 20 14283 104556 00000000011111111111
350 20 15305 35364 00011001010110111100
351 20 2409 40 0100000000000000000
352 20 2450 23964 00000000000000000111
353 20 5640 104417 00000000000000111111
354 20 24338 172527 10111111111111101110
355 20 4849 7970 00000000000000000111
356 20 18799 59465 00001101110110011100
357 20 24072 182533 11111000111111111111
358 20 13520 3334 00011011100001000101
359 20 5023 114019 00000000000000011111
360 20 21982 185415 00111110111111111111
361 20 3273 191266 00000000000000000111
362 20 23255 144012 11111011101111011100
363 20 26778 127926 01110010101111110111
364 20 15080 135497 00011110101110111100
365 20 13774 17711 00001011010001010011
366 20 23961 164384 01111111110110111111
367 20 20766 85436 00111111100111101111
368 20 21301 190041 11111111111110010101
369 20 7732 169735 00000000000000001111
370 20 3230 78 01100000000000000000
371 20 21477 71840 11110111011101000101
372 20 9126 3712 00000000000011010110
373 20 17079 19949 10101100101000101010
374 20 22014 67234 00101111011111001111
375 20 22020 166755 01111010111111111110
376 20 11120 99729 00000000000011111111
377 20 14895 195474 00000000000011111111
378 20 8483 1303 00000000000010001011
379 20 13255 210260 00000000111111111111
380 20 5535 432 00001001000000000010
381 20 9031 38889 00000000000001111111
382 20 24566 122215 10111101110110111111
383 20 9746 11249 11011100001100000000
384 20 22664 165124 11101111111111111111
385 20 23081 202384 11111100111111111101
386 20 2206 46 00000000000000001000
387 20 17413 249427 00000000111111111111
388 20 6749 42529 00000000000000001111
389 20 2451 37 00000000000000000001
390 20 12456 246842 00000000000111111111
391 20 13692 69201 00011000101110101001
392 20 9871 148597 00000000000000111111
393 20 4334 7411 00000000000000000011
394 20 24009 173489 01101101100111101111
395 20 25228 153599 11110110110111111011
396 20 27402 136925 11111111111111110111
397 20 19759 163785 00000001111111111111
398 20 17406 21617 00000100011111111110
399 20 18709 128093 00001111111111001111
400 20 23138 140812 11111010111111111100
401 20 24164 132243 00111011111101111111
402 20 10422 1684 01000101001000110000
403 20 18706 14687 10110011110011001011
404 20 26477 217447 00000111111111111111
405 20 22900 64627 01011101101111101110
406 20 5131 76338 00000000000000000111
407 20 13026 154323 00000000111111111111
408 20 3097 9210 00000000000001110110
409 20 19501 152553 00111111111111111111
410 20 23681 202129 11111011111111111111
411 20 9179 7760 00000000000000001111
412 20 20154 109392 10001001101111111101
413 20 3243 32807 00000000000000000111
414 20 13442 156121 00000000001111111111
415 20 23311 195943 11011011111111111111
416 20 15663 101456 00001001011110011111
417 20 10126 58346 00000000000011111111
418 20 20096 234402 11111011111111111111
419 20 15145 42663 00000101111100101110
420 20 26945 244331 11111011111101111111
421 20 13260 35451 00001110110011010101
422 20 15421 27606 00001011010101110011
423 20 14807 15694 11000111101010101000
424 20 21200 167707 01111101111010101100
425 20 18212 117599 11111111111101101101
426 20 2158 1692 00000001000000000000
427 20 19737 26152 10011011010110100011
428 20 2500 89550 00000001000000000000
429 20 21118 146241 11011011100011111111
430 20 14963 154532 00000000000111111111
431 20 3391 363 00000000000000110001
432 20 18726 158003 00000111111111111111
433 20 15244 33795 00000000000111111111
434 20 23948 83910 01101101001111100111
435 20 16183 20120 01011101011100011001
436 20 12743 76216 00000000000011111111
437 20 9949 75454 00000000000011111111
438 20 19173 38676 11010000110011111111
439 20 15862 175177 00000011111111111111
440 20 15029 68740 00000000110101111111
441 20 5678 116123 00000000000000001111
442 20 2492 177155 00000000000000100000
443 20 24123 169145 11111111111111111011
444 20 15074 78974 01100111010111110100
445 20 10367 4424 10000010001110100000
446 20 15006 88149 00000001111101111111
447 20 26145 146103 00111110011111110111
448 20 8073 97424 00000000000000001111
449 20 6492 141635 00000000000001111111
450 20 11288 128716 00000000000111111111
451 20 16061 37483 10011110011000010101
452 20 16494 10481 10100010100110100010
453 20 23017 85785 10111011110001101011
454 20 2813 92023 00000000000000000111
455 20 15969 114705 00000000001111111111
456 20 18681 54657 01010101110010110101
457 20 2151 34 1000000000000000
458 20 2847 24730 00000000000000000111
459 20 2963 180118 00000000000000001111
460 20 9924 55595 00000000000001111111
461 20 21981 207197 01101101111111111111
462 20 14603 175105 00000000011111111111
463 20 22582 144106 00000011111111111111
464 20 24019 116105 10111110000111110111
465 20 2499 4267 00000100000000000000
466 20 11473 47953 00000011110101111101
467 20 10206 216571 00000000000011111111
468 20 22963 121336 11101111100101110111
469 20 25698 210454 11111111111101111111
470 20 10177 3106 11000000110010000110
471 20 16946 60466 00101001111001101011
472 20 14441 123489 00000000011111111111
473 20 2458 61107 00000001000000000000
474 20 14463 18508 01010011101001011100
475 20 13965 6524 00000001010010101110
476 20 18752 126446 10111101011011110010
477 20 11 40 100000000000
478 20 14767 222627 00000011111111111111
479 20 10583 144267 00000000000011111111
480 20 29006 160776 11101011111011111011
481 20 3860 112703 00000000000000000011
482 20 22054 95448 11111101101111111011
483 20 7237 516 00000100001001000110
484 20 25036 166279 11111111111101111111
485 20 2413 115914 00100000000000000001
486 20 14538 270862 00000000111111111111
487 20 10882 10448 00000011000110111000
488 20 18516 105172 10011111010001011111
489 20 9108 18969 00000000010001010101
490 20 9840 13465 00000000000111000111
491 20 20725 122663 11111110101011011101
492 20 23189 206888 11111111111110111111
493 20 2446 61228 00001000000000000000
494 20 0 27 00000000000000000000
495 20 12450 8521 10011001000101100110
496 20 4851 68 000100000001100000
497 20 6256 73 0000001000000001100
498 20 4093 254695 00000000000000000111
499 20 8069 206366 00000000000000001111
500 20 16897 48608 01111000000010111010
