1 20 6615 5
2 20 2130 3
3 20 9640 5
4 20 20015 37
5 20 19271 30
6 20 2224 3
7 20 27210 455
8 20 19650 145
9 20 3223 3
10 20 12821 21
11 20 9433 4
12 20 12163 13
13 20 10419 12
14 20 4488 3
15 20 30708 286
16 20 5377 3
17 20 3123 3
18 20 24589 295
19 20 24440 263
20 20 23161 749
21 20 6567 3
22 20 19371 67
23 20 28320 341
24 20 22767 204
25 20 22575 242
26 20 29168 275
27 20 3256 5
28 20 2120 4
29 20 1681 4
30 20 4627 11
31 20 24095 524
32 20 22409 217
33 20 24312 322
34 20 24113 303
35 20 21271 237
36 20 9638 5
37 20 25586 448
38 20 21341 53
39 20 4024 4
40 20 9135 7
41 20 21445 420
42 20 4271 4
43 20 15675 92
44 20 18791 189
45 20 17885 37
46 20 11139 9
47 20 20778 172
48 20 3854 5
49 20 18969 68
50 20 21561 421
51 20 9520 10
52 20 10435 9
53 20 8081 8
54 20 2500 4
55 20 20988 196
56 20 17745 167
57 20 5271 7
58 20 27658 346
59 20 25731 974
60 20 18944 114
61 20 9202 13
62 20 26185 1336
63 20 18043 53
64 20 18218 126
65 20 15681 49
66 20 5900 7
67 20 25267 261
68 20 4450 6
69 20 21264 131
70 20 4454 7
71 20 3700 5
72 20 15851 103
73 20 14211 32
74 20 19611 286
75 20 7414 8
76 20 10420 13
77 20 20537 145
78 20 12188 13
79 20 11132 38
80 20 10227 15
81 20 21600 813
82 20 6043 6
83 20 2946 6
84 20 12616 22
85 20 23656 656
86 20 21301 192
87 20 8249 8
88 20 26574 779
89 20 13537 26
90 20 8645 30
91 20 22733 309
92 20 16487 65
93 20 5152 13
94 20 12639 23
95 20 8287 21
96 20 9539 12
97 20 26395 558
98 20 23701 653
99 20 25088 645
100 20 2482 8
101 20 9903 12
102 20 2080 8
103 20 13868 52
104 20 22176 731
105 20 19929 138
106 20 18528 2378
107 20 7047 14
108 20 13087 29
109 20 2164 7
110 20 25420 548
111 20 8172 12
112 20 7900 15
113 20 17301 261
114 20 13493 24
115 20 19343 145
116 20 24546 768
117 20 7323 20
118 20 4332 8
119 20 3493 12
120 20 25569 989
121 20 2021 6
122 20 23358 215
123 20 22479 166
124 20 4064 6
125 20 4703 5
126 20 23503 112
127 20 22037 381
128 20 16729 63
129 20 20990 166
130 20 14486 27
131 20 26050 586
132 20 13386 37
133 20 17818 124
134 20 9215 14
135 20 17035 349
136 20 9752 32
137 20 24197 1059
138 20 15342 179
139 20 10476 15
140 20 10706 25
141 20 1571 8
142 20 7887 10
143 20 7514 15
144 20 9458 15
145 20 23048 521
146 20 13620 45
147 20 7412 15
148 20 18742 93
149 20 24947 281
150 20 5861 7
151 20 22638 213
152 20 3931 7
153 20 1716 6
154 20 17683 144
155 20 17636 201
156 20 8196 9
157 20 19955 204
158 20 7417 10
159 20 5918 10
160 20 24950 393
161 20 9697 11
162 20 15970 89
163 20 27575 534
164 20 7332 17
165 20 7446 12
166 20 17769 82
167 20 13261 152
168 20 24594 471
169 20 7998 11
170 20 18571 100
171 20 30509 1260
172 20 19832 733
173 20 19608 186
174 20 7233 8
175 20 9251 10
176 20 18385 169
177 20 11157 14
178 20 1914 8
179 20 14152 28
180 20 5807 15
181 20 3057 7
182 20 22347 444
183 20 6387 10
184 20 22078 897
185 20 17989 363
186 20 7183 7
187 20 14787 35
188 20 20431 218
189 20 7301 8
190 20 18041 70
191 20 5950 5
192 20 24612 445
193 20 5338 4
194 20 18578 73
195 20 17600 100
196 20 16704 167
197 20 23841 529
198 20 6519 8
199 20 9474 11
200 20 12255 26
201 20 6213 9
202 20 7602 12
203 20 3631 6
204 20 5646 11
205 20 6143 8
206 20 19480 466
207 20 24445 281
208 20 15440 44
209 20 21621 181
210 20 23026 286
211 20 3113 8
212 20 6836 10
213 20 26437 895
214 20 7527 8
215 20 23934 248
216 20 20126 272
217 20 23263 676
218 20 10821 22
219 20 16384 90
220 20 27902 969
221 20 10482 17
222 20 21085 330
223 20 19207 61
224 20 4314 6
225 20 26875 619
226 20 9324 18
227 20 6596 17
228 20 5063 7
229 20 12999 60
230 20 24368 826
231 20 7341 9
232 20 7100 11
233 20 21952 310
234 20 20060 644
235 20 5246 7
236 20 22164 497
237 20 13344 22
238 20 18943 110
239 20 20138 300
240 20 2380 6
241 20 11406 22
242 20 602 8
243 20 17095 170
244 20 18042 157
245 20 11585 25
246 20 22918 346
247 20 25147 435
248 20 24975 800
249 20 10517 15
250 20 2378 7
251 20 19278 61
252 20 6570 11
253 20 26409 1296
254 20 11552 27
255 20 17681 138
256 20 13652 24
257 20 10608 16
258 20 9211 31
259 20 5370 10
260 20 20066 276
261 20 7483 26
262 20 6560 14
263 20 14012 25
264 20 18589 578
265 20 11547 36
266 20 11792 25
267 20 25602 1230
268 20 8385 8
269 20 20443 538
270 20 22250 513
271 20 15737 36
272 20 16865 51
273 20 1806 10
274 20 17692 162
275 20 15546 27
276 20 19147 96
277 20 9262 12
278 20 23796 564
279 20 28066 1362
280 20 10845 18
281 20 20490 303
282 20 12018 19
283 20 11157 48
284 20 17617 98
285 20 22585 229
286 20 21006 83
287 20 25238 424
288 20 9282 26
289 20 16459 79
290 20 26696 437
291 20 8176 9
292 20 13462 59
293 20 26552 454
294 20 19081 51
295 20 21541 340
296 20 6569 6
297 20 13360 34
298 20 11867 12
299 20 14912 40
300 20 19980 621
301 20 12384 15
302 20 19747 102
303 20 24277 488
304 20 6785 5
305 20 23668 262
306 20 20292 115
307 20 11997 31
308 20 16978 58
309 20 3969 5
310 20 25823 261
311 20 11999 25
312 20 16784 24
313 20 17175 197
314 20 9079 8
315 20 9137 8
316 20 1368 3
317 20 1513 3
318 20 17646 95
319 20 20442 145
320 20 3136 4
321 20 10617 13
322 20 8416 10
323 20 25381 529
324 20 12026 14
325 20 19065 237
326 20 20031 578
327 20 25740 615
328 20 22507 313
329 20 17514 341
330 20 18353 119
331 20 21227 208
332 20 15183 161
333 20 1296 6
334 20 3793 6
335 20 16380 56
336 20 2487 6
337 20 20678 279
338 20 9330 14
339 20 16867 73
340 20 25798 269
341 20 11274 16
342 20 11291 28
343 20 27066 764
344 20 4025 8
345 20 11952 97
346 20 11955 54
347 20 8432 19
348 20 20514 359
349 20 14021 52
350 20 14948 64
351 20 2409 11
352 20 3070 9
353 20 5285 9
354 20 24338 2052
355 20 6700 8
356 20 18597 60
357 20 24072 277
358 20 13520 29
359 20 4054 9
360 20 21956 663
361 20 2150 8
362 20 23255 268
363 20 26778 566
364 20 15263 75
365 20 14156 28
366 20 23896 730
367 20 20766 228
368 20 21301 311
369 20 7604 7
370 20 3230 6
371 20 21477 177
372 20 10338 9
373 20 17079 86
374 20 22014 761
375 20 22098 630
376 20 12132 44
377 20 14772 33
378 20 8383 10
379 20 12401 49
380 20 5535 8
381 20 8473 9
382 20 24566 463
383 20 9746 19
384 20 22664 668
385 20 23081 297
386 20 2206 5
387 20 18815 222
388 20 7403 6
389 20 2451 5
390 20 14508 18
391 20 12578 22
392 20 9841 8
393 20 4733 5
394 20 24009 321
395 20 25228 469
396 20 27402 810
397 20 18597 537
398 20 17406 88
399 20 17432 680
400 20 23138 1044
401 20 24826 2235
402 20 10422 10
403 20 18706 86
404 20 26558 442
405 20 22900 343
406 20 5533 8
407 20 14476 47
408 20 3928 8
409 20 19809 322
410 20 23681 1439
411 20 10562 13
412 20 20154 267
413 20 4058 8
414 20 13938 89
415 20 23311 723
416 20 15934 168
417 20 10825 27
418 20 20096 226
419 20 14435 45
420 20 26945 1020
421 20 13251 59
422 20 15421 59
423 20 14807 49
424 20 20544 380
425 20 18212 330
426 20 1204 10
427 20 19737 89
428 20 2500 8
429 20 21118 308
430 20 14074 30
431 20 4197 9
432 20 17083 303
433 20 16467 73
434 20 23948 231
435 20 16183 114
436 20 11729 14
437 20 9584 9
438 20 19173 277
439 20 16561 113
440 20 15680 24
441 20 3853 4
442 20 216 4
443 20 24123 265
444 20 15074 72
445 20 10367 8
446 20 14736 45
447 20 26145 346
448 20 9297 7
449 20 6334 9
450 20 12441 14
451 20 16061 46
452 20 16494 18
453 20 23017 76
454 20 2534 4
455 20 17501 79
456 20 18681 170
457 20 2151 4
458 20 2447 4
459 20 1836 4
460 20 9749 6
461 20 21981 101
462 20 14564 15
463 20 24288 537
464 20 24019 233
465 20 2227 4
466 20 11509 42
467 20 10813 7
468 20 22963 118
469 20 25698 478
470 20 10177 17
471 20 16946 175
472 20 13586 25
473 20 1681 4
474 20 14463 49
475 20 14866 15
476 20 18752 152
477 20 11 6
478 20 14783 58
479 20 10799 12
480 20 29006 782
481 20 4769 7
482 20 22054 1279
483 20 8225 9
484 20 25036 933
485 20 2413 7
486 20 15716 79
487 20 11447 13
488 20 18516 213
489 20 8906 15
490 20 10582 14
491 20 20725 343
492 20 23189 305
493 20 2321 5
494 20 0 4
495 20 12450 37
496 20 4851 7
497 20 6256 7
498 20 3735 7
499 20 10108 11
500 20 16897 48
