1 20 7279 334
2 20 2444 0
3 20 11473 1838
4 20 20500 5204
5 20 19271 521
6 20 4218 4
7 20 27210 8157
8 20 19650 6387
9 20 4686 5
10 20 14240 6699
11 20 10715 3165
12 20 13955 7427
13 20 10419 62
14 20 6165 253
15 20 30708 8137
16 20 6509 12
17 20 4905 18
18 20 24589 8279
19 20 24440 7640
20 20 23591 8246
21 20 8723 60
22 20 19371 8728
23 20 28320 8164
24 20 22767 7154
25 20 22575 8136
26 20 29168 8258
27 20 4119 3
28 20 4266 5
29 20 3644 3
30 20 4627 2
31 20 24095 8226
32 20 22409 7396
33 20 24312 7498
34 20 24846 8220
35 20 21271 5271
36 20 9846 1150
37 20 25917 8188
38 20 21341 8142
39 20 4834 41
40 20 10351 54
41 20 21445 8091
42 20 4551 14
43 20 15675 3828
44 20 18791 8400
45 20 17885 1382
46 20 11826 3456
47 20 20778 8333
48 20 3928 8
49 20 18969 3153
50 20 21561 8737
51 20 9520 17
52 20 11998 521
53 20 9730 537
54 20 3416 1
55 20 20988 8549
56 20 17745 9166
57 20 6711 269
58 20 27658 9151
59 20 25731 9088
60 20 19897 8660
61 20 10344 2346
62 20 26185 8975
63 20 18043 2059
64 20 18218 3690
65 20 15681 1625
66 20 7225 417
67 20 25267 8976
68 20 5824 22
69 20 21264 6789
70 20 4454 1
71 20 5607 79
72 20 16837 7198
73 20 16523 7593
74 20 19611 8862
75 20 7414 1
76 20 11363 1439
77 20 20537 8935
78 20 12188 45
79 20 12467 5602
80 20 11055 3896
81 20 21600 8812
82 20 7214 2
83 20 4168 1
84 20 12616 241
85 20 23656 9159
86 20 21301 7478
87 20 8249 5
88 20 26574 9057
89 20 13537 224
90 20 9441 4528
91 20 22733 7574
92 20 16487 707
93 20 5152 4
94 20 12639 61
95 20 10493 3296
96 20 10552 900
97 20 26395 8952
98 20 25014 8902
99 20 25088 8169
100 20 3986 4
101 20 11269 119
102 20 4448 18
103 20 14779 6846
104 20 22176 8944
105 20 19929 2334
106 20 18528 9120
107 20 7047 8
108 20 15279 4276
109 20 4429 26
110 20 25420 8615
111 20 8172 28
112 20 7900 20
113 20 17301 6834
114 20 14603 1101
115 20 19343 2262
116 20 24546 8378
117 20 7323 40
118 20 4705 1
119 20 3493 1
120 20 25569 8611
121 20 2999 2
122 20 24286 12058
123 20 22479 9353
124 20 5939 69
125 20 6004 297
126 20 23503 15287
127 20 22037 8451
128 20 16729 1436
129 20 20905 9153
130 20 14486 182
131 20 26050 9222
132 20 13386 208
133 20 18222 8976
134 20 9627 1708
135 20 17035 8916
136 20 11799 2349
137 20 24197 12783
138 20 16243 22344
139 20 10378 2282
140 20 10706 82
141 20 2393 1
142 20 9644 57
143 20 9189 601
144 20 9458 63
145 20 23048 9203
146 20 13697 4453
147 20 7412 7
148 20 18742 9075
149 20 24947 8805
150 20 6418 151
151 20 22638 8846
152 20 3931 0
153 20 3136 3
154 20 18216 8173
155 20 17636 6792
156 20 7951 18
157 20 19955 8444
158 20 9328 1380
159 20 7582 177
160 20 24950 7216
161 20 9697 32
162 20 16173 6225
163 20 27575 9161
164 20 7332 26
165 20 8228 57
166 20 17769 1139
167 20 13261 2123
168 20 24594 8870
169 20 8908 17
170 20 18571 1323
171 20 30509 8383
172 20 19832 8177
173 20 19608 8527
174 20 8091 619
175 20 10779 2896
176 20 18385 1365
177 20 11157 21
178 20 1914 0
179 20 14152 602
180 20 5807 9
181 20 3917 9
182 20 22347 7699
183 20 6854 198
184 20 22078 8806
185 20 18496 7469
186 20 8820 87
187 20 14787 384
188 20 20431 5760
189 20 7478 654
190 20 18041 3895
191 20 5950 4
192 20 24612 8782
193 20 5546 34
194 20 18578 4823
195 20 17600 6571
196 20 18730 9407
197 20 23841 9186
198 20 8225 346
199 20 11320 1282
200 20 13576 1782
201 20 7473 569
202 20 7602 13
203 20 5417 25
204 20 5646 1
205 20 7295 9
206 20 20376 8573
207 20 24445 8675
208 20 15440 180
209 20 21621 8846
210 20 23026 8844
211 20 4947 30
212 20 7232 317
213 20 27628 8582
214 20 9541 1434
215 20 23934 8866
216 20 20126 2651
217 20 23263 6627
218 20 10821 88
219 20 16384 6237
220 20 28199 8282
221 20 10482 33
222 20 22950 8669
223 20 19207 487
224 20 5798 117
225 20 26875 9069
226 20 9324 59
227 20 6596 24
228 20 5437 33
229 20 14613 3423
230 20 24368 9329
231 20 9297 78
232 20 9576 675
233 20 21952 8999
234 20 21974 9115
235 20 6911 22
236 20 22164 9105
237 20 13728 6970
238 20 19864 8830
239 20 20138 7087
240 20 4659 15
241 20 11406 961
242 20 602 0
243 20 17095 3965
244 20 18042 2272
245 20 12400 2461
246 20 22918 6660
247 20 25147 12835
248 20 24975 9313
249 20 11174 133
250 20 4303 7
251 20 19278 951
252 20 7336 112
253 20 26409 9331
254 20 11552 85
255 20 17681 2564
256 20 13652 811
257 20 12313 6245
258 20 9909 1341
259 20 7425 233
260 20 20066 5452
261 20 7483 46
262 20 6560 6
263 20 14012 88
264 20 18589 8976
265 20 11547 115
266 20 11792 65
267 20 25602 9079
268 20 9083 143
269 20 20443 8928
270 20 22250 12678
271 20 15737 715
272 20 18406 9524
273 20 1806 0
274 20 18873 27126
275 20 17406 20804
276 20 19147 4582
277 20 11111 1791
278 20 23796 9549
279 20 28066 9445
280 20 12389 3252
281 20 20490 11034
282 20 12018 384
283 20 12150 6228
284 20 17617 3228
285 20 24280 15042
286 20 21006 6521
287 20 25238 10123
288 20 9282 133
289 20 17047 5232
290 20 26696 13806
291 20 9937 3904
292 20 13462 1331
293 20 26552 13322
294 20 19081 2291
295 20 23416 8716
296 20 7273 59
297 20 13748 4257
298 20 13384 2567
299 20 16379 7980
300 20 21084 8354
301 20 13542 3597
302 20 20763 5006
303 20 24277 8546
304 20 8170 99
305 20 23668 8193
306 20 20809 8495
307 20 13602 5479
308 20 16978 4609
309 20 4722 19
310 20 25823 8192
311 20 12939 6486
312 20 16784 1175
313 20 17175 5074
314 20 9079 70
315 20 10292 1112
316 20 2604 1
317 20 1513 0
318 20 18153 8265
319 20 20442 8159
320 20 4849 35
321 20 11165 1841
322 20 8416 26
323 20 25381 7941
324 20 13605 2905
325 20 19065 8220
326 20 21700 8250
327 20 25740 8664
328 20 22507 8784
329 20 17514 8352
330 20 19925 6126
331 20 21227 9146
332 20 17004 9145
333 20 2351 0
334 20 5897 71
335 20 16380 993
336 20 4559 8
337 20 20678 8226
338 20 11109 1569
339 20 17688 6411
340 20 25798 9961
341 20 13581 2826
342 20 11291 175
343 20 27066 11440
344 20 5885 91
345 20 12910 9345
346 20 11955 1290
347 20 9676 4056
348 20 20514 9201
349 20 15457 6676
350 20 15549 1597
351 20 2409 0
352 20 4405 23
353 20 7494 255
354 20 24338 8823
355 20 6945 76
356 20 18915 4128
357 20 24072 8722
358 20 13520 86
359 20 6278 50
360 20 22181 9101
361 20 4403 24
362 20 23255 9146
363 20 26778 9487
364 20 16455 9436
365 20 14156 369
366 20 24830 9124
367 20 20766 7936
368 20 21301 8883
369 20 7953 455
370 20 3230 1
371 20 21477 6587
372 20 10425 78
373 20 17079 1054
374 20 22014 6357
375 20 22718 8752
376 20 13138 3269
377 20 15966 4592
378 20 8483 24
379 20 14894 7998
380 20 5535 8
381 20 10431 1039
382 20 24566 8419
383 20 9746 288
384 20 22664 9140
385 20 23081 9978
386 20 2206 1
387 20 18616 10970
388 20 8508 256
389 20 2451 0
390 20 14625 4439
391 20 13692 4839
392 20 11448 955
393 20 5902 19
394 20 24009 8494
395 20 25228 8398
396 20 27402 8748
397 20 19759 8538
398 20 17406 1810
399 20 18709 8943
400 20 23138 8939
401 20 26017 9181
402 20 10422 18
403 20 18706 712
404 20 27741 8770
405 20 22900 5709
406 20 5805 26
407 20 14992 7007
408 20 4809 44
409 20 21287 8634
410 20 23681 14423
411 20 10734 389
412 20 20154 11004
413 20 5205 123
414 20 15334 9656
415 20 23311 12029
416 20 16030 6385
417 20 12006 3578
418 20 20096 8546
419 20 16251 2619
420 20 26945 8379
421 20 14951 2787
422 20 15421 2167
423 20 14807 644
424 20 22249 14437
425 20 18212 14649
426 20 2573 3
427 20 19737 2625
428 20 2759 1
429 20 21118 12448
430 20 15999 5205
431 20 4924 9
432 20 19304 10303
433 20 17306 2887
434 20 23948 8527
435 20 16183 1493
436 20 13684 3929
437 20 11078 2628
438 20 19173 4043
439 20 17056 11015
440 20 16712 7683
441 20 5923 160
442 20 2492 1
443 20 24123 11044
444 20 15074 6499
445 20 10367 71
446 20 16478 11994
447 20 26145 10265
448 20 10192 752
449 20 8632 751
450 20 13297 4981
451 20 16061 2793
452 20 16494 262
453 20 23017 5903
454 20 4303 29
455 20 17564 7911
456 20 18681 3693
457 20 2151 0
458 20 4455 23
459 20 3990 7
460 20 11858 3875
461 20 21981 12013
462 20 16393 14900
463 20 24066 11317
464 20 24019 8412
465 20 2841 1
466 20 12929 4636
467 20 12193 2758
468 20 22963 11191
469 20 25698 15087
470 20 10177 59
471 20 16946 5463
472 20 14921 7655
473 20 2638 1
474 20 14463 1037
475 20 14866 213
476 20 18752 8252
477 20 11 0
478 20 14880 13067
479 20 12303 3900
480 20 29006 11002
481 20 5716 140
482 20 22054 15603
483 20 8670 16
484 20 25036 10233
485 20 2571 1
486 20 16314 12208
487 20 12231 163
488 20 18516 7166
489 20 10620 565
490 20 11807 380
491 20 20725 8841
492 20 23189 17445
493 20 2446 0
494 20 0 0
495 20 12450 401
496 20 4851 1
497 20 6256 2
498 20 5835 66
499 20 10339 1406
500 20 16897 2199
