ID: 1   ANSWER: 17561   GOT: 6615
ID: 2   ANSWER: 20949   GOT: 2130
ID: 3   ANSWER: 26514   GOT: 9640
ID: 4   ANSWER: 20845   GOT: 20015
ID: 6   ANSWER: 26525   GOT: 2224
ID: 9   ANSWER: 10363   GOT: 3223
ID: 10   ANSWER: 23370   GOT: 12821
ID: 11   ANSWER: 19251   GOT: 9433
ID: 12   ANSWER: 19549   GOT: 12163
ID: 14   ANSWER: 16018   GOT: 4488
ID: 16   ANSWER: 8752   GOT: 5377
ID: 17   ANSWER: 20560   GOT: 3123
ID: 20   ANSWER: 24417   GOT: 23161
ID: 21   ANSWER: 12128   GOT: 6567
ID: 27   ANSWER: 28964   GOT: 3256
ID: 28   ANSWER: 11722   GOT: 2120
ID: 29   ANSWER: 22563   GOT: 1681
ID: 34   ANSWER: 25567   GOT: 24113
ID: 36   ANSWER: 18595   GOT: 9638
ID: 37   ANSWER: 25917   GOT: 25586
ID: 39   ANSWER: 13696   GOT: 4024
ID: 40   ANSWER: 10863   GOT: 9135
ID: 42   ANSWER: 13808   GOT: 4271
ID: 46   ANSWER: 16493   GOT: 11139
ID: 48   ANSWER: 25501   GOT: 3854
ID: 52   ANSWER: 14649   GOT: 10435
ID: 53   ANSWER: 28579   GOT: 8081
ID: 54   ANSWER: 18117   GOT: 2500
ID: 57   ANSWER: 13487   GOT: 5271
ID: 60   ANSWER: 24902   GOT: 18944
ID: 61   ANSWER: 21534   GOT: 9202
ID: 66   ANSWER: 15683   GOT: 5900
ID: 68   ANSWER: 28944   GOT: 4450
ID: 71   ANSWER: 24433   GOT: 3700
ID: 72   ANSWER: 20384   GOT: 15851
ID: 73   ANSWER: 24215   GOT: 14211
ID: 76   ANSWER: 27779   GOT: 10420
ID: 79   ANSWER: 21921   GOT: 11132
ID: 80   ANSWER: 22053   GOT: 10227
ID: 82   ANSWER: 8417   GOT: 6043
ID: 83   ANSWER: 4168   GOT: 2946
ID: 90   ANSWER: 18386   GOT: 8645
ID: 95   ANSWER: 20594   GOT: 8287
ID: 96   ANSWER: 18731   GOT: 9539
ID: 98   ANSWER: 26430   GOT: 23701
ID: 100   ANSWER: 11403   GOT: 2482
ID: 101   ANSWER: 12894   GOT: 9903
ID: 102   ANSWER: 14326   GOT: 2080
ID: 103   ANSWER: 23188   GOT: 13868
ID: 108   ANSWER: 25899   GOT: 13087
ID: 109   ANSWER: 12400   GOT: 2164
ID: 114   ANSWER: 14603   GOT: 13493
ID: 118   ANSWER: 5594   GOT: 4332
ID: 121   ANSWER: 10705   GOT: 2021
ID: 122   ANSWER: 24974   GOT: 23358
ID: 124   ANSWER: 12423   GOT: 4064
ID: 125   ANSWER: 13051   GOT: 4703
ID: 129   ANSWER: 21529   GOT: 20990
ID: 133   ANSWER: 24554   GOT: 17818
ID: 134   ANSWER: 18640   GOT: 9215
ID: 136   ANSWER: 13811   GOT: 9752
ID: 138   ANSWER: 22671   GOT: 15342
ID: 139   ANSWER: 23369   GOT: 10476
ID: 141   ANSWER: 4784   GOT: 1571
ID: 142   ANSWER: 11333   GOT: 7887
ID: 143   ANSWER: 25671   GOT: 7514
ID: 146   ANSWER: 18679   GOT: 13620
ID: 150   ANSWER: 20184   GOT: 5861
ID: 153   ANSWER: 8374   GOT: 1716
ID: 154   ANSWER: 24742   GOT: 17683
ID: 156   ANSWER: 8346   GOT: 8196
ID: 158   ANSWER: 15751   GOT: 7417
ID: 159   ANSWER: 26737   GOT: 5918
ID: 162   ANSWER: 26722   GOT: 15970
ID: 165   ANSWER: 9893   GOT: 7446
ID: 169   ANSWER: 8908   GOT: 7998
ID: 174   ANSWER: 14176   GOT: 7233
ID: 175   ANSWER: 21034   GOT: 9251
ID: 181   ANSWER: 12553   GOT: 3057
ID: 183   ANSWER: 10005   GOT: 6387
ID: 185   ANSWER: 18496   GOT: 17989
ID: 186   ANSWER: 31330   GOT: 7183
ID: 189   ANSWER: 18910   GOT: 7301
ID: 193   ANSWER: 17346   GOT: 5338
ID: 196   ANSWER: 20230   GOT: 16704
ID: 198   ANSWER: 16059   GOT: 6519
ID: 199   ANSWER: 17333   GOT: 9474
ID: 200   ANSWER: 14503   GOT: 12255
ID: 201   ANSWER: 17156   GOT: 6213
ID: 203   ANSWER: 10510   GOT: 3631
ID: 205   ANSWER: 9157   GOT: 6143
ID: 206   ANSWER: 24781   GOT: 19480
ID: 211   ANSWER: 19365   GOT: 3113
ID: 212   ANSWER: 24074   GOT: 6836
ID: 213   ANSWER: 27628   GOT: 26437
ID: 214   ANSWER: 19258   GOT: 7527
ID: 220   ANSWER: 28199   GOT: 27902
ID: 222   ANSWER: 26199   GOT: 21085
ID: 224   ANSWER: 13684   GOT: 4314
ID: 228   ANSWER: 24750   GOT: 5063
ID: 229   ANSWER: 16183   GOT: 12999
ID: 231   ANSWER: 13428   GOT: 7341
ID: 232   ANSWER: 28544   GOT: 7100
ID: 234   ANSWER: 21974   GOT: 20060
ID: 235   ANSWER: 8945   GOT: 5246
ID: 237   ANSWER: 21426   GOT: 13344
ID: 238   ANSWER: 20635   GOT: 18943
ID: 240   ANSWER: 25520   GOT: 2380
ID: 245   ANSWER: 21473   GOT: 11585
ID: 249   ANSWER: 13610   GOT: 10517
ID: 250   ANSWER: 17124   GOT: 2378
ID: 252   ANSWER: 14494   GOT: 6570
ID: 257   ANSWER: 20737   GOT: 10608
ID: 258   ANSWER: 11561   GOT: 9211
ID: 259   ANSWER: 22087   GOT: 5370
ID: 268   ANSWER: 10702   GOT: 8385
ID: 272   ANSWER: 21704   GOT: 16865
ID: 274   ANSWER: 25057   GOT: 17692
ID: 275   ANSWER: 26743   GOT: 15546
ID: 277   ANSWER: 26395   GOT: 9262
ID: 280   ANSWER: 25753   GOT: 10845
ID: 283   ANSWER: 19370   GOT: 11157
ID: 285   ANSWER: 28078   GOT: 22585
ID: 289   ANSWER: 17047   GOT: 16459
ID: 291   ANSWER: 20591   GOT: 8176
ID: 295   ANSWER: 25145   GOT: 21541
ID: 296   ANSWER: 13238   GOT: 6569
ID: 297   ANSWER: 24651   GOT: 13360
ID: 298   ANSWER: 24180   GOT: 11867
ID: 299   ANSWER: 23795   GOT: 14912
ID: 300   ANSWER: 21084   GOT: 19980
ID: 301   ANSWER: 25085   GOT: 12384
ID: 302   ANSWER: 21977   GOT: 19747
ID: 304   ANSWER: 13390   GOT: 6785
ID: 306   ANSWER: 22705   GOT: 20292
ID: 307   ANSWER: 23013   GOT: 11997
ID: 309   ANSWER: 16001   GOT: 3969
ID: 311   ANSWER: 16580   GOT: 11999
ID: 315   ANSWER: 24830   GOT: 9137
ID: 316   ANSWER: 5679   GOT: 1368
ID: 318   ANSWER: 21659   GOT: 17646
ID: 320   ANSWER: 13822   GOT: 3136
ID: 321   ANSWER: 24125   GOT: 10617
ID: 324   ANSWER: 19917   GOT: 12026
ID: 326   ANSWER: 25967   GOT: 20031
ID: 330   ANSWER: 19925   GOT: 18353
ID: 332   ANSWER: 20591   GOT: 15183
ID: 333   ANSWER: 3796   GOT: 1296
ID: 334   ANSWER: 25903   GOT: 3793
ID: 336   ANSWER: 10068   GOT: 2487
ID: 338   ANSWER: 13432   GOT: 9330
ID: 339   ANSWER: 21165   GOT: 16867
ID: 341   ANSWER: 24971   GOT: 11274
ID: 344   ANSWER: 11174   GOT: 4025
ID: 345   ANSWER: 18361   GOT: 11952
ID: 347   ANSWER: 18177   GOT: 8432
ID: 349   ANSWER: 22592   GOT: 14021
ID: 350   ANSWER: 16000   GOT: 14948
ID: 352   ANSWER: 12855   GOT: 3070
ID: 353   ANSWER: 20833   GOT: 5285
ID: 355   ANSWER: 13867   GOT: 6700
ID: 356   ANSWER: 18985   GOT: 18597
ID: 359   ANSWER: 27711   GOT: 4054
ID: 360   ANSWER: 22181   GOT: 21956
ID: 361   ANSWER: 20933   GOT: 2150
ID: 364   ANSWER: 18030   GOT: 15263
ID: 366   ANSWER: 24983   GOT: 23896
ID: 369   ANSWER: 23858   GOT: 7604
ID: 372   ANSWER: 11289   GOT: 10338
ID: 375   ANSWER: 23237   GOT: 22098
ID: 376   ANSWER: 21375   GOT: 12132
ID: 377   ANSWER: 29029   GOT: 14772
ID: 378   ANSWER: 8495   GOT: 8383
ID: 379   ANSWER: 20914   GOT: 12401
ID: 381   ANSWER: 16863   GOT: 8473
ID: 387   ANSWER: 26815   GOT: 18815
ID: 388   ANSWER: 18791   GOT: 7403
ID: 390   ANSWER: 27545   GOT: 14508
ID: 391   ANSWER: 15552   GOT: 12578
ID: 392   ANSWER: 30067   GOT: 9841
ID: 393   ANSWER: 14390   GOT: 4733
ID: 397   ANSWER: 27207   GOT: 18597
ID: 399   ANSWER: 20608   GOT: 17432
ID: 401   ANSWER: 27176   GOT: 24826
ID: 404   ANSWER: 33433   GOT: 26558
ID: 406   ANSWER: 20013   GOT: 5533
ID: 407   ANSWER: 23126   GOT: 14476
ID: 408   ANSWER: 11120   GOT: 3928
ID: 409   ANSWER: 21840   GOT: 19809
ID: 411   ANSWER: 13812   GOT: 10562
ID: 413   ANSWER: 12694   GOT: 4058
ID: 414   ANSWER: 25078   GOT: 13938
ID: 416   ANSWER: 18341   GOT: 15934
ID: 417   ANSWER: 21095   GOT: 10825
ID: 419   ANSWER: 18464   GOT: 14435
ID: 421   ANSWER: 17155   GOT: 13251
ID: 424   ANSWER: 22249   GOT: 20544
ID: 426   ANSWER: 8212   GOT: 1204
ID: 428   ANSWER: 21684   GOT: 2500
ID: 430   ANSWER: 28753   GOT: 14074
ID: 431   ANSWER: 6012   GOT: 4197
ID: 432   ANSWER: 25868   GOT: 17083
ID: 433   ANSWER: 21553   GOT: 16467
ID: 436   ANSWER: 19456   GOT: 11729
ID: 437   ANSWER: 17007   GOT: 9584
ID: 439   ANSWER: 22636   GOT: 16561
ID: 440   ANSWER: 23058   GOT: 15680
ID: 441   ANSWER: 19710   GOT: 3853
ID: 442   ANSWER: 20666   GOT: 216
ID: 446   ANSWER: 22166   GOT: 14736
ID: 448   ANSWER: 23116   GOT: 9297
ID: 449   ANSWER: 21632   GOT: 6334
ID: 450   ANSWER: 19223   GOT: 12441
ID: 454   ANSWER: 17648   GOT: 2534
ID: 455   ANSWER: 26894   GOT: 17501
ID: 458   ANSWER: 17230   GOT: 2447
ID: 459   ANSWER: 24281   GOT: 1836
ID: 460   ANSWER: 19002   GOT: 9749
ID: 462   ANSWER: 22899   GOT: 14564
ID: 463   ANSWER: 28197   GOT: 24288
ID: 465   ANSWER: 12124   GOT: 2227
ID: 466   ANSWER: 19744   GOT: 11509
ID: 467   ANSWER: 26098   GOT: 10813
ID: 472   ANSWER: 19900   GOT: 13586
ID: 473   ANSWER: 19917   GOT: 1681
ID: 475   ANSWER: 15259   GOT: 14866
ID: 478   ANSWER: 24526   GOT: 14783
ID: 479   ANSWER: 23921   GOT: 10799
ID: 481   ANSWER: 18695   GOT: 4769
ID: 483   ANSWER: 10151   GOT: 8225
ID: 485   ANSWER: 27918   GOT: 2413
ID: 486   ANSWER: 21635   GOT: 15716
ID: 487   ANSWER: 12231   GOT: 11447
ID: 489   ANSWER: 13496   GOT: 8906
ID: 490   ANSWER: 15100   GOT: 10582
ID: 493   ANSWER: 23587   GOT: 2321
ID: 498   ANSWER: 23883   GOT: 3735
ID: 499   ANSWER: 26504   GOT: 10108
