1 20 17561 220
2 20 20949 131
3 20 26514 405
4 20 20845 216
5 20 19271 119
6 20 26525 254
7 20 27210 546
8 20 19650 315
9 20 10363 51
10 20 23370 534
11 20 19251 358
12 20 19549 562
13 20 10419 112
14 20 16018 279
15 20 30708 753
16 20 8752 36
17 20 20560 319
18 20 24589 560
19 20 24440 529
20 20 24417 392
21 20 12128 80
22 20 19371 434
23 20 28320 496
24 20 22767 384
25 20 22575 613
26 20 29168 813
27 20 28964 438
28 20 11722 64
29 20 22563 323
30 20 4627 35
31 20 24095 571
32 20 22409 404
33 20 24312 348
34 20 25567 428
35 20 21271 243
36 20 18595 316
37 20 25917 501
38 20 21341 646
39 20 13696 127
40 20 10863 87
41 20 21445 531
42 20 13808 171
43 20 15675 292
44 20 18791 636
45 20 17885 162
46 20 16493 213
47 20 20778 573
48 20 25501 518
49 20 18969 220
50 20 21561 557
51 20 9520 64
52 20 14649 187
53 20 28579 567
54 20 18117 247
55 20 20988 367
56 20 17745 558
57 20 13487 117
58 20 27658 275
59 20 25731 274
60 20 24902 248
61 20 21534 212
62 20 26185 984
63 20 18043 108
64 20 18218 159
65 20 15681 78
66 20 15683 98
67 20 25267 318
68 20 28944 206
69 20 21264 130
70 20 4454 4
71 20 24433 213
72 20 20384 157
73 20 24215 231
74 20 19611 202
75 20 7414 5
76 20 27779 212
77 20 20537 282
78 20 12188 19
79 20 21921 225
80 20 22053 235
81 20 21600 221
82 20 8417 12
83 20 4168 3
84 20 12616 66
85 20 23656 244
86 20 21301 200
87 20 8249 19
88 20 26574 246
89 20 13537 45
90 20 18386 225
91 20 22733 184
92 20 16487 84
93 20 5152 18
94 20 12639 54
95 20 20594 361
96 20 18731 160
97 20 26395 298
98 20 26430 150
99 20 25088 323
100 20 11403 40
101 20 12894 48
102 20 14326 71
103 20 23188 228
104 20 22176 218
105 20 19929 104
106 20 18528 172
107 20 7047 13
108 20 25899 153
109 20 12400 51
110 20 25420 283
111 20 8172 36
112 20 7900 28
113 20 17301 145
114 20 14603 110
115 20 19343 178
116 20 24546 384
117 20 7323 37
118 20 5594 8
119 20 3493 4
120 20 25569 255
121 20 10705 25
122 20 24974 179
123 20 22479 162
124 20 12423 79
125 20 13051 61
126 20 23503 215
127 20 22037 195
128 20 16729 132
129 20 21529 232
130 20 14486 50
131 20 26050 292
132 20 13386 57
133 20 24554 307
134 20 18640 146
135 20 17035 248
136 20 13811 96
137 20 24197 178
138 20 22671 244
139 20 23369 203
140 20 10706 39
141 20 4784 18
142 20 11333 48
143 20 25671 289
144 20 9458 41
145 20 23048 350
146 20 18679 137
147 20 7412 10
148 20 18742 237
149 20 24947 259
150 20 20184 108
151 20 22638 205
152 20 3931 2
153 20 8374 29
154 20 24742 210
155 20 17636 150
156 20 8346 24
157 20 19955 283
158 20 15751 99
159 20 26737 286
160 20 24950 134
161 20 9697 49
162 20 26722 258
163 20 27575 171
164 20 7332 26
165 20 9893 29
166 20 17769 96
167 20 13261 112
168 20 24594 233
169 20 8908 19
170 20 18571 89
171 20 30509 217
172 20 19832 169
173 20 19608 291
174 20 14176 113
175 20 21034 184
176 20 18385 74
177 20 11157 25
178 20 1914 3
179 20 14152 60
180 20 5807 21
181 20 12553 79
182 20 22347 157
183 20 10005 48
184 20 22078 258
185 20 18496 158
186 20 31330 117
187 20 14787 58
188 20 20431 130
189 20 18910 250
190 20 18041 107
191 20 5950 11
192 20 24612 146
193 20 17346 134
194 20 18578 114
195 20 17600 187
196 20 20230 267
197 20 23841 223
198 20 16059 94
199 20 17333 112
200 20 14503 85
201 20 17156 128
202 20 7602 33
203 20 10510 42
204 20 5646 6
205 20 9157 19
206 20 24781 237
207 20 24445 316
208 20 15440 37
209 20 21621 224
210 20 23026 185
211 20 19365 162
212 20 24074 175
213 20 27628 276
214 20 19258 151
215 20 23934 131
216 20 20126 108
217 20 23263 134
218 20 10821 60
219 20 16384 126
220 20 28199 234
221 20 10482 25
222 20 26199 289
223 20 19207 77
224 20 13684 144
225 20 26875 235
226 20 9324 40
227 20 6596 31
228 20 24750 155
229 20 16183 166
230 20 24368 243
231 20 13428 51
232 20 28544 307
233 20 21952 246
234 20 21974 284
235 20 8945 41
236 20 22164 302
237 20 21426 295
238 20 20635 247
239 20 20138 197
240 20 25520 323
241 20 11406 135
242 20 602 1
243 20 17095 115
244 20 18042 104
245 20 21473 159
246 20 22918 153
247 20 25147 308
248 20 24975 316
249 20 13610 35
250 20 17124 60
251 20 19278 73
252 20 14494 72
253 20 26409 249
254 20 11552 57
255 20 17681 103
256 20 13652 106
257 20 20737 261
258 20 11561 72
259 20 22087 124
260 20 20066 153
261 20 7483 48
262 20 6560 14
263 20 14012 50
264 20 18589 211
265 20 11547 53
266 20 11792 46
267 20 25602 185
268 20 10702 71
269 20 20443 206
270 20 22250 208
271 20 15737 63
272 20 21704 147
273 20 1806 1
274 20 25057 288
275 20 26743 190
276 20 19147 92
277 20 26395 298
278 20 23796 202
279 20 28066 204
280 20 25753 227
281 20 20490 184
282 20 12018 59
283 20 19370 172
284 20 17617 87
285 20 28078 176
286 20 21006 69
287 20 25238 117
288 20 9282 37
289 20 17047 101
290 20 26696 211
291 20 20591 359
292 20 13462 56
293 20 26552 247
294 20 19081 89
295 20 25145 245
296 20 13238 63
297 20 24651 194
298 20 24180 116
299 20 23795 273
300 20 21084 139
301 20 25085 124
302 20 21977 121
303 20 24277 239
304 20 13390 59
305 20 23668 153
306 20 22705 219
307 20 23013 310
308 20 16978 145
309 20 16001 132
310 20 25823 229
311 20 16580 207
312 20 16784 110
313 20 17175 158
314 20 9079 47
315 20 24830 282
316 20 5679 13
317 20 1513 4
318 20 21659 255
319 20 20442 328
320 20 13822 133
321 20 24125 292
322 20 8416 54
323 20 25381 251
324 20 19917 188
325 20 19065 379
326 20 25967 423
327 20 25740 276
328 20 22507 547
329 20 17514 338
330 20 19925 286
331 20 21227 375
332 20 20591 448
333 20 3796 8
334 20 25903 552
335 20 16380 151
336 20 10068 77
337 20 20678 443
338 20 13432 174
339 20 21165 314
340 20 25798 523
341 20 24971 682
342 20 11291 136
343 20 27066 548
344 20 11174 139
345 20 18361 571
346 20 11955 254
347 20 18177 565
348 20 20514 368
349 20 22592 421
350 20 16000 248
351 20 2409 5
352 20 12855 202
353 20 20833 334
354 20 24338 526
355 20 13867 137
356 20 18985 294
357 20 24072 520
358 20 13520 93
359 20 27711 373
360 20 22181 641
361 20 20933 497
362 20 23255 359
363 20 26778 297
364 20 18030 444
365 20 14156 138
366 20 24983 405
367 20 20766 255
368 20 21301 577
369 20 23858 529
370 20 3230 16
371 20 21477 287
372 20 11289 99
373 20 17079 179
374 20 22014 300
375 20 23237 461
376 20 21375 386
377 20 29029 640
378 20 8495 89
379 20 20914 588
380 20 5535 56
381 20 16863 249
382 20 24566 427
383 20 9746 150
384 20 22664 616
385 20 23081 592
386 20 2206 16
387 20 26815 641
388 20 18791 251
389 20 2451 6
390 20 27545 741
391 20 15552 255
392 20 30067 472
393 20 14390 126
394 20 24009 467
395 20 25228 433
396 20 27402 456
397 20 27207 430
398 20 17406 115
399 20 20608 350
400 20 23138 387
401 20 27176 371
402 20 10422 65
403 20 18706 143
404 20 33433 673
405 20 22900 277
406 20 20013 532
407 20 23126 542
408 20 11120 136
409 20 21840 609
410 20 23681 680
411 20 13812 110
412 20 20154 379
413 20 12694 238
414 20 25078 488
415 20 23311 606
416 20 18341 352
417 20 21095 297
418 20 20096 741
419 20 18464 235
420 20 26945 650
421 20 17155 163
422 20 15421 161
423 20 14807 135
424 20 22249 471
425 20 18212 397
426 20 8212 75
427 20 19737 193
428 20 21684 322
429 20 21118 417
430 20 28753 703
431 20 6012 50
432 20 25868 526
433 20 21553 190
434 20 23948 242
435 20 16183 154
436 20 19456 277
437 20 17007 298
438 20 19173 199
439 20 22636 384
440 20 23058 225
441 20 19710 370
442 20 20666 514
443 20 24123 604
444 20 15074 296
445 20 10367 83
446 20 22166 360
447 20 26145 458
448 20 23116 317
449 20 21632 491
450 20 19223 423
451 20 16061 221
452 20 16494 141
453 20 23017 328
454 20 17648 446
455 20 26894 362
456 20 18681 266
457 20 2151 0
458 20 17230 181
459 20 24281 601
460 20 19002 282
461 20 21981 581
462 20 22899 631
463 20 28197 490
464 20 24019 413
465 20 12124 93
466 20 19744 248
467 20 26098 647
468 20 22963 400
469 20 25698 563
470 20 10177 80
471 20 16946 284
472 20 19900 415
473 20 19917 293
474 20 14463 165
475 20 15259 121
476 20 18752 402
477 20 11 4
478 20 24526 635
479 20 23921 535
480 20 29006 549
481 20 18695 409
482 20 22054 347
483 20 10151 53
484 20 25036 421
485 20 27918 352
486 20 21635 473
487 20 12231 99
488 20 18516 260
489 20 13496 110
490 20 15100 105
491 20 20725 306
492 20 23189 641
493 20 23587 313
494 20 0 4
495 20 12450 135
496 20 4851 19
497 20 6256 28
498 20 23883 766
499 20 26504 627
500 20 16897 280
