1 20 6615 7
2 20 2130 3
3 20 9640 5
4 20 20015 38
5 20 19271 35
6 20 2224 3
7 20 27210 512
8 20 19650 145
9 20 3223 3
10 20 12821 21
11 20 9433 4
12 20 12163 13
13 20 10419 11
14 20 4488 3
15 20 30708 287
16 20 5377 4
17 20 3123 4
18 20 24589 296
19 20 24440 269
20 20 23161 641
21 20 6567 4
22 20 19371 63
23 20 28320 324
24 20 22767 192
25 20 22575 188
26 20 29168 212
27 20 3256 3
28 20 2120 3
29 20 1681 3
30 20 4627 7
31 20 24095 353
32 20 22409 174
33 20 24312 250
34 20 24113 305
35 20 21271 237
36 20 9638 5
37 20 25586 432
38 20 21341 52
39 20 4024 3
40 20 9135 5
41 20 21445 349
42 20 4271 4
43 20 15675 71
44 20 18791 141
45 20 17885 35
46 20 11139 7
47 20 20778 105
48 20 3854 5
49 20 18969 48
50 20 21561 296
51 20 9520 7
52 20 10435 6
53 20 8081 6
54 20 2500 3
55 20 20988 153
56 20 17745 123
57 20 5271 5
58 20 27658 260
59 20 25731 659
60 20 18944 67
61 20 9202 8
62 20 26185 876
63 20 18043 35
64 20 18218 75
65 20 15681 38
66 20 5900 5
67 20 25267 161
68 20 4450 3
69 20 21264 76
70 20 4454 4
71 20 3700 3
72 20 15851 60
73 20 14211 20
74 20 19611 181
75 20 7414 5
76 20 10420 8
77 20 20537 104
78 20 12188 9
79 20 11132 27
80 20 10227 8
81 20 21600 594
82 20 6043 4
83 20 2946 3
84 20 12616 13
85 20 23656 496
86 20 21301 151
87 20 8249 7
88 20 26574 1405
89 20 13537 22
90 20 8645 18
91 20 22733 173
92 20 16487 36
93 20 5152 7
94 20 12639 15
95 20 8287 13
96 20 9539 8
97 20 26395 358
98 20 23701 433
99 20 25088 444
100 20 2482 5
101 20 9903 7
102 20 2080 5
103 20 13868 37
104 20 22176 529
105 20 19929 100
106 20 18528 1709
107 20 7047 10
108 20 13087 20
109 20 2164 4
110 20 25420 326
111 20 8172 6
112 20 7900 8
113 20 17301 143
114 20 13493 14
115 20 19343 90
116 20 24546 367
117 20 7323 10
118 20 4332 3
119 20 3493 6
120 20 25569 466
121 20 2021 3
122 20 23358 128
123 20 22479 112
124 20 4064 4
125 20 4703 3
126 20 23503 75
127 20 22037 237
128 20 16729 39
129 20 20990 104
130 20 14486 16
131 20 26050 334
132 20 13386 21
133 20 17818 68
134 20 9215 8
135 20 17035 190
136 20 9752 17
137 20 24197 565
138 20 15342 76
139 20 10476 6
140 20 10706 9
141 20 1571 3
142 20 7887 4
143 20 7514 6
144 20 9458 6
145 20 23048 238
146 20 13620 18
147 20 7412 6
148 20 18742 54
149 20 24947 166
150 20 5861 4
151 20 22638 135
152 20 3931 3
153 20 1716 3
154 20 17683 75
155 20 17636 99
156 20 8196 5
157 20 19955 91
158 20 7417 4
159 20 5918 4
160 20 24950 167
161 20 9697 4
162 20 15970 40
163 20 27575 243
164 20 7332 7
165 20 7446 5
166 20 17769 35
167 20 13261 74
168 20 24594 231
169 20 7998 5
170 20 18571 52
171 20 30509 666
172 20 19832 425
173 20 19608 112
174 20 7233 4
175 20 9251 5
176 20 18385 88
177 20 11157 7
178 20 1914 4
179 20 14152 15
180 20 5807 8
181 20 3057 4
182 20 22347 263
183 20 6387 5
184 20 22078 540
185 20 17989 263
186 20 7183 5
187 20 14787 22
188 20 20431 138
189 20 7301 5
190 20 18041 66
191 20 5950 5
192 20 24612 402
193 20 5338 4
194 20 18578 67
195 20 17600 91
196 20 16704 157
197 20 23841 371
198 20 6519 6
199 20 9474 8
200 20 12255 18
201 20 6213 6
202 20 7602 8
203 20 3631 5
204 20 5646 6
205 20 6143 4
206 20 19480 240
207 20 24445 141
208 20 15440 25
209 20 21621 101
210 20 23026 152
211 20 3113 3
212 20 6836 5
213 20 26437 420
214 20 7527 4
215 20 23934 133
216 20 20126 143
217 20 23263 330
218 20 10821 13
219 20 16384 53
220 20 27902 536
221 20 10482 9
222 20 21085 181
223 20 19207 36
224 20 4314 3
225 20 26875 357
226 20 9324 10
227 20 6596 8
228 20 5063 5
229 20 12999 50
230 20 24368 690
231 20 7341 6
232 20 7100 7
233 20 21952 182
234 20 20060 473
235 20 5246 5
236 20 22164 358
237 20 13344 20
238 20 18943 99
239 20 20138 266
240 20 2380 5
241 20 11406 19
242 20 602 7
243 20 17095 137
244 20 18042 116
245 20 11585 19
246 20 22918 229
247 20 25147 288
248 20 24975 591
249 20 10517 11
250 20 2378 5
251 20 19278 42
252 20 6570 7
253 20 26409 901
254 20 11552 21
255 20 17681 132
256 20 13652 23
257 20 10608 14
258 20 9211 28
259 20 5370 6
260 20 20066 204
261 20 7483 20
262 20 6560 9
263 20 14012 19
264 20 18589 398
265 20 11547 16
266 20 11792 17
267 20 25602 882
268 20 8385 6
269 20 20443 389
270 20 22250 382
271 20 15737 37
272 20 16865 50
273 20 1806 5
274 20 17692 200
275 20 15546 32
276 20 19147 108
277 20 9262 13
278 20 23796 605
279 20 28066 1561
280 20 10845 21
281 20 20490 350
282 20 12018 23
283 20 11157 56
284 20 17617 129
285 20 22585 308
286 20 21006 85
287 20 25238 430
288 20 9282 28
289 20 16459 87
290 20 26696 488
291 20 8176 9
292 20 13462 65
293 20 26552 612
294 20 19081 70
295 20 21541 376
296 20 6569 6
297 20 13360 34
298 20 11867 11
299 20 14912 38
300 20 19980 441
301 20 12384 13
302 20 19747 92
303 20 24277 401
304 20 6785 4
305 20 23668 203
306 20 20292 89
307 20 11997 24
308 20 16978 39
309 20 3969 4
310 20 25823 211
311 20 11999 21
312 20 16784 19
313 20 17175 164
314 20 9079 7
315 20 9137 9
316 20 1368 3
317 20 1513 3
318 20 17646 100
319 20 20442 136
320 20 3136 3
321 20 10617 9
322 20 8416 7
323 20 25381 402
324 20 12026 11
325 20 19065 194
326 20 20031 381
327 20 25740 448
328 20 22507 185
329 20 17514 196
330 20 18353 68
331 20 21227 112
332 20 15183 65
333 20 1296 3
334 20 3793 3
335 20 16380 30
336 20 2487 3
337 20 20678 135
338 20 9330 7
339 20 16867 32
340 20 25798 123
341 20 11274 8
342 20 11291 14
343 20 27066 333
344 20 4025 3
345 20 11952 40
346 20 11955 21
347 20 8432 8
348 20 20514 159
349 20 14021 21
350 20 14948 27
351 20 2409 4
352 20 3070 3
353 20 5285 3
354 20 24338 894
355 20 6700 4
356 20 18597 25
357 20 24072 599
358 20 13520 13
359 20 4054 4
360 20 21956 288
361 20 2150 4
362 20 23255 122
363 20 26778 259
364 20 15263 30
365 20 14156 12
366 20 23896 401
367 20 20766 145
368 20 21301 223
369 20 7604 5
370 20 3230 4
371 20 21477 98
372 20 10338 5
373 20 17079 38
374 20 22014 353
375 20 22098 298
376 20 12132 23
377 20 14772 14
378 20 8383 4
379 20 12401 22
380 20 5535 3
381 20 8473 4
382 20 24566 233
383 20 9746 11
384 20 22664 386
385 20 23081 173
386 20 2206 3
387 20 18815 143
388 20 7403 4
389 20 2451 3
390 20 14508 14
391 20 12578 16
392 20 9841 6
393 20 4733 3
394 20 24009 220
395 20 25228 333
396 20 27402 456
397 20 18597 281
398 20 17406 50
399 20 17432 375
400 20 23138 609
401 20 24826 1199
402 20 10422 8
403 20 18706 62
404 20 26558 327
405 20 22900 214
406 20 5533 4
407 20 14476 24
408 20 3928 4
409 20 19809 141
410 20 23681 700
411 20 10562 5
412 20 20154 138
413 20 4058 3
414 20 13938 40
415 20 23311 438
416 20 15934 80
417 20 10825 13
418 20 20096 115
419 20 14435 17
420 20 26945 549
421 20 13251 32
422 20 15421 39
423 20 14807 32
424 20 20544 193
425 20 18212 167
426 20 1204 3
427 20 19737 41
428 20 2500 3
429 20 21118 141
430 20 14074 13
431 20 4197 4
432 20 17083 139
433 20 16467 34
434 20 23948 102
435 20 16183 50
436 20 11729 8
437 20 9584 5
438 20 19173 186
439 20 16561 77
440 20 15680 21
441 20 3853 4
442 20 216 3
443 20 24123 328
444 20 15074 69
445 20 10367 7
446 20 14736 51
447 20 26145 351
448 20 9297 6
449 20 6334 9
450 20 12441 19
451 20 16061 36
452 20 16494 15
453 20 23017 74
454 20 2534 3
455 20 17501 67
456 20 18681 145
457 20 2151 4
458 20 2447 5
459 20 1836 4
460 20 9749 5
461 20 21981 94
462 20 14564 14
463 20 24288 508
464 20 24019 184
465 20 2227 3
466 20 11509 33
467 20 10813 6
468 20 22963 98
469 20 25698 390
470 20 10177 14
471 20 16946 147
472 20 13586 18
473 20 1681 3
474 20 14463 29
475 20 14866 8
476 20 18752 91
477 20 11 4
478 20 14783 37
479 20 10799 8
480 20 29006 506
481 20 4769 3
482 20 22054 739
483 20 8225 4
484 20 25036 433
485 20 2413 3
486 20 15716 38
487 20 11447 6
488 20 18516 98
489 20 8906 6
490 20 10582 7
491 20 20725 175
492 20 23189 164
493 20 2321 3
494 20 0 3
495 20 12450 24
496 20 4851 4
497 20 6256 4
498 20 3735 3
499 20 10108 6
500 20 16897 25
