1 4 1129 1
2 4 2966 3
3 4 0 0
4 4 70 2
5 4 2758 6
6 4 1641 0
7 4 4607 14
8 4 4422 4
9 4 3451 12
10 4 744 3
11 4 4774 10
12 4 1538 3
13 4 5798 12
14 4 3972 8
15 4 4117 11
16 4 2698 10
17 4 0 1
18 4 2453 2
19 4 3999 14
20 4 4919 18
21 4 2098 1
22 4 1382 3
23 4 4485 7
24 4 3611 9
25 4 3102 44
26 4 2551 9
27 4 3076 9
28 4 1649 3
29 4 2937 6
30 4 5798 20
31 4 4506 11
32 4 5893 16
33 4 2277 3
34 4 2689 5
35 4 2356 2
36 4 1209 3
37 4 0 0
38 4 3414 4
39 4 4899 11
40 4 2310 9
41 4 2024 2
42 4 2625 7
43 4 3331 5
44 4 3271 7
45 4 4966 11
46 4 1792 3
47 4 4753 7
48 4 3966 2
49 4 0 1
50 4 2717 2
51 4 0 0
52 4 3895 10
53 4 4212 10
54 4 523 7
55 4 4588 19
56 4 2986 11
57 4 3438 14
58 4 2090 3
59 4 4343 13
60 4 4469 10
61 4 0 1
62 4 2537 15
63 4 1235 2
64 4 4289 13
65 4 6226 18
66 4 4371 6
67 4 3162 11
68 4 4275 19
69 4 0 1
70 4 5282 21
71 4 2301 6
72 4 2861 15
73 4 2542 8
74 4 0 0
75 4 2904 10
76 4 3721 8
77 4 5098 18
78 4 3681 18
79 4 5150 6
80 4 1548 4
81 4 3244 10
82 4 5633 24
83 4 0 1
84 4 1872 1
85 4 6606 14
86 4 2533 4
87 4 2283 6
88 4 161 4
89 4 927 7
90 4 4527 4
91 4 3363 11
92 4 3770 16
93 4 1160 4
94 4 1910 9
95 4 5212 39
96 4 2751 21
97 4 3901 7
98 4 1487 10
99 4 4088 4
100 4 1936 0
101 4 5818 23
102 4 3402 5
103 4 1289 2
104 4 2691 13
105 4 2173 13
106 4 3248 13
107 4 3340 11
108 4 3497 12
109 4 5201 7
110 4 1867 1
111 4 5518 20
112 4 2413 4
113 4 3499 14
114 4 3567 21
115 4 5403 18
116 4 3213 5
117 4 2445 20
118 4 0 0
119 4 2993 3
120 4 3018 20
121 4 4255 15
122 4 4162 14
123 4 5875 11
124 4 2120 2
125 4 3619 17
126 4 0 1
127 4 4413 9
128 4 2364 2
129 4 3248 11
130 4 5691 26
131 4 2980 2
132 4 4369 24
133 4 1063 6
134 4 3557 8
135 4 4346 26
136 4 1822 19
137 4 2302 22
138 4 2006 8
139 4 1055 3
140 4 5086 20
141 4 1535 16
142 4 6234 17
143 4 2455 16
144 4 0 0
145 4 0 0
146 4 4255 7
147 4 4518 6
148 4 3482 5
149 4 2446 1
150 4 3000 20
151 4 3714 22
152 4 2483 4
153 4 475 5
154 4 3621 13
155 4 1777 7
156 4 4059 19
157 4 3232 5
158 4 4047 16
159 4 2444 3
160 4 2201 15
161 4 1118 1
162 4 0 4
163 4 3883 16
164 4 4042 11
165 4 1609 4
166 4 1314 5
167 4 3352 7
168 4 4900 14
169 4 6731 23
170 4 2489 11
171 4 2439 2
172 4 3785 21
173 4 4835 14
174 4 103 3
175 4 4005 13
176 4 2094 6
177 4 0 1
178 4 3683 12
179 4 3624 15
180 4 4842 18
181 4 3693 19
182 4 3798 8
183 4 0 1
184 4 4391 26
185 4 3600 36
186 4 3084 5
187 4 4249 12
188 4 636 6
189 4 2577 15
190 4 5838 25
191 4 3129 9
192 4 4846 10
193 4 4084 16
194 4 1181 1
195 4 3584 19
196 4 1991 5
197 4 6201 17
198 4 2525 13
199 4 3098 4
200 4 2965 10
201 4 0 0
202 4 2493 2
203 4 4392 5
204 4 0 1
205 4 2209 7
206 4 2230 10
207 4 0 0
208 4 1992 8
209 4 2582 14
210 4 924 2
211 4 3726 15
212 4 0 1
213 4 2063 11
214 4 3013 11
215 4 0 2
216 4 0 1
217 4 1742 6
218 4 1664 3
219 4 2403 4
220 4 2193 14
221 4 1648 8
222 4 2260 2
223 4 4656 15
224 4 1185 3
225 4 3714 19
226 4 1360 1
227 4 365 1
228 4 4730 12
229 4 184 4
230 4 6260 8
231 4 4385 20
232 4 5391 23
233 4 5007 11
234 4 5574 21
235 4 3265 26
236 4 2013 3
237 4 1598 2
238 4 5384 26
239 4 3796 7
240 4 1410 3
241 4 4660 12
242 4 5359 30
243 4 1462 10
244 4 2500 2
245 4 3195 4
246 4 3293 5
247 4 5771 6
248 4 3079 5
249 4 3429 4
250 4 4183 4
251 4 0 0
252 4 3458 6
253 4 2362 2
254 4 1545 2
255 4 0 0
256 4 1617 11
257 4 2857 9
258 4 3779 3
259 4 3231 3
260 4 3824 2
261 4 4733 7
262 4 5503 6
263 4 1874 4
264 4 4072 8
265 4 3958 5
266 4 1140 1
267 4 2722 7
268 4 2627 10
269 4 5977 12
270 4 1924 2
271 4 5039 8
272 4 3962 2
273 4 2307 2
274 4 2521 7
275 4 3216 5
276 4 4054 2
277 4 4788 8
278 4 631 1
279 4 4297 7
280 4 3661 6
281 4 875 1
282 4 2326 0
283 4 4845 3
284 4 0 0
285 4 3425 5
286 4 6263 9
287 4 1167 4
288 4 3583 2
289 4 5250 10
290 4 2664 4
291 4 1379 1
292 4 5836 7
293 4 4091 3
294 4 4659 9
295 4 3682 3
296 4 1745 3
297 4 3973 2
298 4 3620 5
299 4 2370 3
300 4 0 0
301 4 3488 13
302 4 2038 4
303 4 1691 1
304 4 5361 10
305 4 4215 13
306 4 2494 2
307 4 2488 8
308 4 3091 4
309 4 4642 15
310 4 4132 2
311 4 3391 5
312 4 3346 7
313 4 2268 4
314 4 3137 15
315 4 6542 5
316 4 1101 1
317 4 4756 10
318 4 2247 1
319 4 1712 3
320 4 2863 13
321 4 3700 1
322 4 0 0
323 4 4628 10
324 4 6067 8
325 4 4279 7
326 4 2679 4
327 4 3176 3
328 4 3162 10
329 4 2265 3
330 4 5239 8
331 4 2411 6
332 4 6225 9
333 4 4050 6
334 4 701 2
335 4 3649 9
336 4 2896 10
337 4 2488 4
338 4 2961 18
339 4 6125 7
340 4 1570 6
341 4 2331 10
342 4 2637 4
343 4 2560 14
344 4 3083 8
345 4 4388 8
346 4 4346 8
347 4 4628 11
348 4 0 1
349 4 3575 18
350 4 2564 2
351 4 4668 12
352 4 5103 6
353 4 2215 20
354 4 3130 1
355 4 1442 5
356 4 4826 8
357 4 3366 5
358 4 2311 6
359 4 2207 7
360 4 3260 3
361 4 2384 3
362 4 0 2
363 4 348 1
364 4 2164 5
365 4 5608 7
366 4 3533 9
367 4 3362 12
368 4 3610 4
369 4 3383 15
370 4 1499 4
371 4 3491 11
372 4 6871 18
373 4 2637 10
374 4 3842 16
375 4 0 1
376 4 4059 21
377 4 2463 4
378 4 1622 9
379 4 804 5
380 4 3824 9
381 4 0 2
382 4 6366 20
383 4 2024 2
384 4 2882 3
385 4 3214 18
386 4 4021 10
387 4 2385 6
388 4 2628 8
389 4 5235 16
390 4 4102 17
391 4 3640 25
392 4 3100 28
393 4 4230 17
394 4 4939 20
395 4 0 2
396 4 396 1
397 4 4642 15
398 4 3071 9
399 4 3785 14
400 4 2984 13
401 4 1839 5
402 4 3686 15
403 4 2376 8
404 4 3811 19
405 4 1980 5
406 4 1800 3
407 4 1360 5
408 4 2298 1
409 4 2400 2
410 4 1800 31
411 4 5135 22
412 4 4896 14
413 4 3688 7
414 4 3829 19
415 4 0 3
416 4 4611 8
417 4 2549 10
418 4 1425 3
419 4 5241 18
420 4 6565 24
421 4 3951 25
422 4 5362 29
423 4 5562 12
424 4 2606 9
425 4 5897 18
426 4 2381 3
427 4 1797 13
428 4 0 1
429 4 2724 12
430 4 2693 13
431 4 3457 24
432 4 3641 11
433 4 3591 22
434 4 1470 9
435 4 2614 16
436 4 4497 25
437 4 3951 31
438 4 4155 12
439 4 0 2
440 4 4421 22
441 4 5646 13
442 4 3814 6
443 4 4419 20
444 4 5022 6
445 4 2779 21
446 4 2772 4
447 4 2383 25
448 4 4574 37
449 4 3854 10
450 4 2845 2
451 4 4109 18
452 4 2798 5
453 4 3459 19
454 4 5566 23
455 4 3520 15
456 4 4276 29
457 4 4532 24
458 4 1921 7
459 4 2300 1
460 4 5758 13
461 4 4672 11
462 4 2718 16
463 4 2476 5
464 4 4205 5
465 4 2140 11
466 4 418 4
467 4 3991 17
468 4 3923 19
469 4 4071 8
470 4 2258 6
471 4 802 6
472 4 2792 12
473 4 420 3
474 4 4228 14
475 4 6555 16
476 4 237 2
477 4 0 1
478 4 3694 12
479 4 3988 6
480 4 3262 19
481 4 5488 19
482 4 215 1
483 4 3410 17
484 4 168 3
485 4 2122 1
486 4 2035 1
487 4 1652 6
488 4 4939 25
489 4 0 2
490 4 2933 8
491 4 4254 11
492 4 5318 8
493 4 2422 4
494 4 2178 15
495 4 2843 15
496 4 3106 5
497 4 4426 13
498 4 2145 4
499 4 2036 5
500 4 3687 12
