1 25 20352 163400
2 25 19965 40802
3 25 22043 76482
4 25 22882 90949
5 25 24306 69281
6 25 20929 74066
7 25 25414 81173
8 25 22503 117458
9 25 22518 40457
10 25 22006 72783
11 25 25071 41203
12 25 23260 86698
13 25 20961 120114
14 25 20035 79504
15 25 22603 80664
16 25 20717 77010
17 25 20396 76344
18 25 20345 209413
19 25 22197 113389
20 25 23671 68082
21 25 24674 70694
22 25 19455 113695
23 25 25661 65728
24 25 24950 111758
25 25 20910 131322
26 25 20552 212511
27 25 24557 41201
28 25 20209 40707
29 25 20493 76336
30 25 23751 60020
31 25 20908 129256
32 25 23289 129602
33 25 21941 126740
34 25 24546 85325
35 25 20589 116628
36 25 21553 162495
37 25 24300 77141
38 25 22662 72085
39 25 22632 68935
40 25 21864 73583
41 25 24983 118614
42 25 21630 81663
43 25 23250 66971
44 25 21953 129889
45 25 26284 76610
46 25 18700 132848
47 25 24785 76093
48 25 22504 42133
49 25 22489 115800
50 25 23301 67998
51 25 21741 70134
52 25 21800 78742
53 25 20759 136874
54 25 22858 41493
55 25 20923 128781
56 25 21436 109504
57 25 20811 134955
58 25 21071 116606
59 25 24251 122221
60 25 24694 73212
61 25 20688 76053
62 25 21707 127880
63 25 20938 128267
64 25 21165 116262
65 25 24101 66666
66 25 20272 75463
67 25 23365 83275
68 25 22151 101814
69 25 22960 138781
70 25 22607 78235
71 25 20716 71499
72 25 19963 76941
73 25 20510 79105
74 25 23037 67916
75 25 21430 116402
76 25 22376 78792
77 25 19535 143776
78 25 21392 65392
79 25 21485 126778
80 25 22958 75952
81 25 24122 88465
82 25 21111 83804
83 25 25013 91007
84 25 22346 70220
85 25 22789 55363
86 25 21502 67185
87 25 21348 97599
88 25 20230 129491
89 25 19866 134007
90 25 20019 70380
91 25 22688 65870
92 25 23124 67557
93 25 23417 110161
94 25 23618 126126
95 25 19974 73480
96 25 21242 67701
97 25 24256 62168
98 25 21522 144262
99 25 23485 124887
100 25 18963 40445
101 25 22781 42187
102 25 23265 40957
103 25 16372 76924
104 25 23009 116285
105 25 21595 118274
106 25 26257 66577
107 25 22477 75679
108 25 21454 78564
109 25 20917 75207
110 25 23841 87073
111 25 21287 122933
112 25 20735 101639
113 25 23426 126983
114 25 23314 42537
115 25 25995 67575
116 25 19522 156899
117 25 22265 127014
118 25 22445 72667
119 25 20094 68589
120 25 26770 40735
121 25 24530 39519
122 25 21258 70672
123 25 20809 102235
124 25 20971 69992
125 25 20640 79037
126 25 21910 87162
127 25 21487 67238
128 25 21963 121692
129 25 26951 66586
130 25 18539 126961
131 25 18212 133417
132 25 23789 113204
133 25 21094 71885
134 25 24846 40067
135 25 21793 107078
136 25 25904 35103
137 25 25548 85321
138 25 23603 68107
139 25 22831 37656
140 25 20768 145117
141 25 19373 41551
142 25 18751 131993
143 25 24303 20397
144 25 25046 41815
145 25 23234 67952
146 25 26109 66685
147 25 23576 134347
148 25 23905 109098
149 25 20118 150224
150 25 23065 40991
151 25 23000 131939
152 25 24861 75753
153 25 21288 72433
154 25 21826 69083
155 25 24256 75394
156 25 22855 79913
157 25 23484 68405
158 25 21340 78065
159 25 20503 134139
160 25 23381 118906
161 25 19232 151401
162 25 21596 78348
163 25 19520 124793
164 25 21923 128951
165 25 22013 77061
166 25 23448 66856
167 25 19526 104975
168 25 21329 103603
169 25 20146 80192
170 25 22466 70126
171 25 19621 133625
172 25 21351 107854
173 25 23377 69228
174 25 23462 96602
175 25 21626 69155
176 25 23572 69590
177 25 20377 137174
178 25 18754 222697
179 25 22757 75313
180 25 23054 70659
181 25 21302 80435
182 25 25877 114974
183 25 22410 80778
184 25 21014 69344
185 25 21849 82688
186 25 21578 78541
187 25 23358 71469
188 25 19894 129037
189 25 22701 40226
190 25 21233 121489
191 25 23062 66724
192 25 22063 72671
193 25 26101 39999
194 25 23842 93955
195 25 21867 69272
196 25 24279 70818
197 25 19587 216739
198 25 18529 138626
199 25 26212 40638
200 25 22513 80138
201 25 19977 76849
202 25 24566 57869
203 25 20296 69553
204 25 22641 126120
205 25 17677 133437
206 25 24546 67499
207 25 20898 90306
208 25 21964 114453
209 25 25091 74603
210 25 20225 123681
211 25 21916 40269
212 25 17531 132094
213 25 23920 68841
214 25 22562 78246
215 25 22952 121709
216 25 23004 78089
217 25 20903 122883
218 25 23652 95682
219 25 20037 122146
220 25 22922 81827
221 25 17652 110448
222 25 21044 69073
223 25 22105 108077
224 25 23929 40118
225 25 24808 66532
226 25 22869 124473
227 25 20174 126415
228 25 22483 70529
229 25 20878 82645
230 25 22650 84718
231 25 19954 70044
232 25 19311 128476
233 25 18714 123662
234 25 22464 44729
235 25 21803 40053
236 25 21194 136162
237 25 21279 71579
238 25 22799 66816
239 25 25248 67668
240 25 21538 77512
241 25 20215 120985
242 25 20748 127981
243 25 22503 131553
244 25 19833 100556
245 25 21785 77919
246 25 21323 94840
247 25 20647 131928
248 25 22084 125148
249 25 19257 132237
250 25 20629 81556
251 25 24753 70727
252 25 22881 77652
253 25 22668 90975
254 25 22189 94264
255 25 24886 52123
256 25 25494 59609
257 25 22710 69595
258 25 19401 69772
259 25 20389 76794
260 25 19171 137410
261 25 21540 127711
262 25 23702 73082
263 25 22548 96278
264 25 24238 125711
265 25 23751 108563
266 25 20495 139961
267 25 24120 68567
268 25 23289 70473
269 25 23569 72256
270 25 20316 129511
271 25 21705 131464
272 25 20801 98332
273 25 23942 80355
274 25 23474 47839
275 25 17534 129030
276 25 19633 134394
277 25 24330 41493
278 25 22619 83061
279 25 23340 123405
280 25 22560 40922
281 25 18903 218475
282 25 20379 121786
283 25 19253 127419
284 25 21509 126360
285 25 22195 67722
286 25 21253 76088
287 25 22057 93357
288 25 21634 127435
289 25 18436 79042
290 25 22589 80557
291 25 20379 134238
292 25 19596 132779
293 25 23875 67698
294 25 23661 122830
295 25 21075 126836
296 25 23192 40411
297 25 21107 68993
298 25 20352 72743
299 25 21864 78418
300 25 23732 111519
301 25 19913 68849
302 25 18596 133069
303 25 23796 38079
304 25 25443 40805
305 25 20957 67642
306 25 19837 88504
307 25 18669 129423
308 25 24978 50033
309 25 18689 137657
310 25 21883 109756
311 25 24389 38458
312 25 22898 115009
313 25 22523 70033
314 25 22896 89220
315 25 20958 68355
316 25 20410 76620
317 25 21326 40897
318 25 25952 73763
319 25 24057 89980
320 25 21821 71095
321 25 22628 40428
322 25 21172 99491
323 25 22824 70351
324 25 23392 74418
325 25 22784 69897
326 25 23769 39774
327 25 23059 111723
328 25 19034 136268
329 25 23204 66823
330 25 21079 70055
331 25 21501 96559
332 25 24004 78504
333 25 20872 75132
334 25 23979 43139
335 25 18699 142554
336 25 25162 42971
337 25 22126 68820
338 25 19619 77706
339 25 19908 133648
340 25 19927 113448
341 25 23164 74514
342 25 19825 131215
343 25 23225 125219
344 25 21130 38990
345 25 20014 79635
346 25 22766 123552
347 25 22717 41604
348 25 21191 133501
349 25 24651 78501
350 25 20986 91437
351 25 25923 63948
352 25 24689 40184
353 25 23274 41280
354 25 22304 112110
355 25 21981 77020
356 25 17887 215930
357 25 23521 118783
358 25 19381 80691
359 25 19260 75848
360 25 22629 130521
361 25 23104 80846
362 25 23189 114754
363 25 22527 64935
364 25 23001 69045
365 25 24148 67437
366 25 20627 132298
367 25 20555 157317
368 25 23694 52723
369 25 22498 43178
370 25 22598 109601
371 25 23165 71998
372 25 21318 80416
373 25 22136 73024
374 25 23628 127981
375 25 19553 77502
376 25 22224 69594
377 25 22831 41483
378 25 21728 71780
379 25 23290 130683
380 25 23541 70750
381 25 17870 136338
382 25 22170 107995
383 25 19723 132086
384 25 22822 119778
385 25 20464 179059
386 25 22335 72546
387 25 23683 49874
388 25 20966 80736
389 25 25269 71849
390 25 25357 50583
391 25 21584 76656
392 25 23590 77877
393 25 18819 141549
394 25 23677 119008
395 25 21883 154898
396 25 22083 125035
397 25 21676 127945
398 25 23635 118204
399 25 23824 67903
400 25 23289 66462
401 25 22480 121567
402 25 25411 65657
403 25 23071 94349
404 25 23478 79099
405 25 20497 189932
406 25 19039 77601
407 25 19191 75667
408 25 18361 148256
409 25 23874 73249
410 25 24706 46654
411 25 22074 67766
412 25 19175 128836
413 25 21294 82798
414 25 23774 70000
415 25 19978 107906
416 25 20346 133492
417 25 22189 39798
418 25 23151 62946
419 25 23212 71529
420 25 25056 85888
421 25 19783 76367
422 25 26556 65965
423 25 21838 85674
424 25 22386 59479
425 25 24214 40390
426 25 23498 40751
427 25 24676 66427
428 25 22327 76344
429 25 25065 68797
430 25 22379 66867
431 25 22423 38196
432 25 23366 68684
433 25 24060 76387
434 25 20557 103375
435 25 23591 65967
436 25 26523 20592
437 25 20524 72041
438 25 21153 91110
439 25 20226 78350
440 25 24535 40921
441 25 20920 134953
442 25 21571 78636
443 25 21514 115327
444 25 23486 93711
445 25 18906 145282
446 25 24063 69478
447 25 21203 135475
448 25 23312 73072
449 25 21728 40563
450 25 16887 132432
451 25 22868 104806
452 25 24804 95392
453 25 21210 114175
454 25 22697 39737
455 25 17535 69329
456 25 21625 145787
457 25 25217 40426
458 25 22708 80257
459 25 20935 80498
460 25 20305 88320
461 25 21347 124970
462 25 23036 72526
463 25 19281 237857
464 25 24362 69999
465 25 23275 40090
466 25 24472 36717
467 25 23783 72356
468 25 22449 129349
469 25 23408 95824
470 25 21091 138828
471 25 21445 67472
472 25 20284 130732
473 25 24304 40315
474 25 20881 133504
475 25 19222 77103
476 25 22126 121777
477 25 21012 130300
478 25 23362 41904
479 25 22697 38531
480 25 22905 125616
481 25 21340 74366
482 25 24797 118668
483 25 23699 78452
484 25 21129 126174
485 25 21195 80557
486 25 22845 68329
487 25 20091 79095
488 25 21261 151215
489 25 22544 76945
490 25 21963 77886
491 25 20723 68646
492 25 25271 66399
493 25 22272 40908
494 25 20967 77448
495 25 20002 55174
496 25 22915 105566
497 25 23540 65756
498 25 20029 78095
499 25 21159 129116
500 25 22513 73171
