1 25 20685 340665
2 25 20159 344745
3 25 22303 345870
4 25 22947 354244
5 25 24306 367205
6 25 21661 355374
7 25 25414 365365
8 25 22503 359120
9 25 22883 353214
10 25 22318 369790
11 25 25125 373732
12 25 23594 385704
13 25 20961 356896
14 25 20630 359894
15 25 22603 359590
16 25 21031 351055
17 25 21032 341623
18 25 20345 379502
19 25 22197 348472
20 25 23722 358595
21 25 25104 360275
22 25 19455 355829
23 25 25661 373983
24 25 24950 361381
25 25 20910 362283
26 25 20552 370468
27 25 25006 375867
28 25 20451 349070
29 25 21102 344032
30 25 23751 338266
31 25 20908 359486
32 25 23289 443426
33 25 21941 352361
34 25 24606 362807
35 25 20589 329207
36 25 21685 344745
37 25 24325 380930
38 25 22662 360752
39 25 23334 367601
40 25 22014 353940
41 25 24983 395021
42 25 21888 374875
43 25 23250 356707
44 25 21953 373012
45 25 26284 396007
46 25 18800 333149
47 25 24785 371943
48 25 22591 382134
49 25 22489 353996
50 25 23301 376588
51 25 21741 351625
52 25 21978 354346
53 25 21370 357637
54 25 23694 377819
55 25 20923 393488
56 25 21436 375323
57 25 21334 382286
58 25 21071 371005
59 25 24251 377979
60 25 24901 369105
61 25 21208 342091
62 25 21707 351056
63 25 20938 372849
64 25 21165 358084
65 25 24101 380214
66 25 20810 334541
67 25 23365 350650
68 25 22860 360918
69 25 22960 374981
70 25 22607 335098
71 25 21143 338451
72 25 20191 340590
73 25 20651 369278
74 25 23037 340035
75 25 21430 366181
76 25 22376 369310
77 25 19535 357964
78 25 21392 382171
79 25 21866 383612
80 25 23442 363134
81 25 24122 378734
82 25 21313 366079
83 25 25367 379543
84 25 22346 343301
85 25 22789 348291
86 25 21502 348624
87 25 21348 356458
88 25 20230 355862
89 25 19866 351687
90 25 20468 362481
91 25 22688 390942
92 25 23124 358806
93 25 23417 405746
94 25 23618 375368
95 25 20439 340397
96 25 21625 350068
97 25 24256 358974
98 25 21641 372165
99 25 23485 369298
100 25 18987 378651
101 25 22965 398255
102 25 24085 367428
103 25 16372 379001
104 25 23009 399477
105 25 21595 353047
106 25 26257 369534
107 25 22477 400445
108 25 21856 357855
109 25 21530 345638
110 25 23841 349055
111 25 21287 365218
112 25 20735 344176
113 25 23426 368206
114 25 23314 348557
115 25 25995 356591
116 25 19522 357642
117 25 22265 354062
118 25 22531 375639
119 25 20094 371188
120 25 26770 368807
121 25 25446 362633
122 25 21321 342101
123 25 20809 363645
124 25 21471 375674
125 25 21118 366285
126 25 21910 357140
127 25 21487 351773
128 25 21963 365808
129 25 27009 366936
130 25 18539 333230
131 25 18212 363124
132 25 23789 380286
133 25 21239 382080
134 25 24977 344404
135 25 21793 372011
136 25 26199 365807
137 25 25548 381417
138 25 23934 357822
139 25 23291 359648
140 25 20768 335868
141 25 19589 346599
142 25 18989 337223
143 25 24824 345975
144 25 25060 354647
145 25 23234 355022
146 25 26485 366683
147 25 23576 364469
148 25 23905 375678
149 25 20118 405175
150 25 23668 375901
151 25 23000 361123
152 25 24861 365446
153 25 22000 366436
154 25 22038 355532
155 25 24256 365564
156 25 23066 379968
157 25 23484 357145
158 25 21813 355605
159 25 21091 382336
160 25 23381 354335
161 25 19376 359701
162 25 21596 412320
163 25 19520 373781
164 25 21923 357510
165 25 22294 362072
166 25 23448 363376
167 25 19526 354051
168 25 21329 349145
169 25 20146 354210
170 25 22466 357982
171 25 19621 385375
172 25 21351 377111
173 25 23377 386023
174 25 23982 378061
175 25 22111 362183
176 25 23572 393653
177 25 20377 361375
178 25 18754 354839
179 25 22757 393367
180 25 23054 378069
181 25 21422 350610
182 25 25877 408490
183 25 22696 361989
184 25 21014 387389
185 25 21864 607048
186 25 21847 366163
187 25 23358 388768
188 25 19894 374081
189 25 23061 335848
190 25 21233 349184
191 25 23062 357092
192 25 22063 336784
193 25 26890 373423
194 25 23842 346014
195 25 21867 359531
196 25 24383 351967
197 25 19587 364690
198 25 18869 338017
199 25 26716 364389
200 25 22554 379103
201 25 20508 338067
202 25 24566 357647
203 25 20768 334681
204 25 22641 357359
205 25 17988 327668
206 25 24691 368993
207 25 20898 325919
208 25 21964 361313
209 25 25091 374974
210 25 20225 341396
211 25 22552 341775
212 25 18024 333969
213 25 23948 355709
214 25 22713 389476
215 25 22952 371389
216 25 23004 353907
217 25 20903 356257
218 25 23652 364669
219 25 20037 344249
220 25 22969 364717
221 25 17652 329986
222 25 21214 340817
223 25 22105 383832
224 25 24366 362996
225 25 24808 349751
226 25 22869 367077
227 25 20174 328092
228 25 23267 345974
229 25 21023 394881
230 25 22650 345232
231 25 20315 343255
232 25 19786 342774
233 25 18714 347580
234 25 22546 335798
235 25 21903 345463
236 25 21194 358833
237 25 21634 345366
238 25 22874 345402
239 25 25248 375232
240 25 21598 375115
241 25 20215 392219
242 25 20748 348987
243 25 22503 374566
244 25 19833 343458
245 25 21785 362884
246 25 21323 346460
247 25 20647 348607
248 25 22084 365903
249 25 19455 334820
250 25 21020 384441
251 25 24753 353352
252 25 23397 369254
253 25 22668 352756
254 25 22189 356190
255 25 24886 355171
256 25 25494 366420
257 25 23149 356720
258 25 19551 327229
259 25 20960 375145
260 25 19171 344959
261 25 21540 343091
262 25 23702 350784
263 25 22548 342674
264 25 24238 356166
265 25 23751 361764
266 25 20495 372423
267 25 24120 343732
268 25 23607 441401
269 25 23569 349999
270 25 20316 323600
271 25 21705 358688
272 25 20868 336276
273 25 23942 360894
274 25 23591 363906
275 25 17755 337357
276 25 19633 327172
277 25 24891 405433
278 25 22619 355918
279 25 23340 368448
280 25 22706 339192
281 25 18903 359105
282 25 20379 355585
283 25 19576 330119
284 25 21509 350588
285 25 22230 353210
286 25 21253 358538
287 25 22057 356018
288 25 21634 401911
289 25 18448 342598
290 25 22589 351262
291 25 20507 354961
292 25 19596 362705
293 25 23875 332700
294 25 23661 365465
295 25 21085 391168
296 25 23192 405003
297 25 21499 351446
298 25 20711 353919
299 25 21864 397207
300 25 23803 356506
301 25 20364 358939
302 25 18672 344259
303 25 23796 381897
304 25 25794 364695
305 25 20957 352503
306 25 19915 358272
307 25 18936 347555
308 25 24978 357587
309 25 19341 369041
310 25 21883 359500
311 25 24651 379695
312 25 22898 375501
313 25 22523 361143
314 25 22896 374271
315 25 21471 351534
316 25 21076 393929
317 25 21646 357899
318 25 26170 393456
319 25 24057 393107
320 25 22534 390623
321 25 22900 374337
322 25 21172 334567
323 25 22824 355043
324 25 23762 381842
325 25 22784 341724
326 25 24004 367219
327 25 23059 371987
328 25 19034 338220
329 25 23204 346141
330 25 21079 374429
331 25 21501 343573
332 25 24183 374659
333 25 21573 359269
334 25 24740 368799
335 25 18699 351475
336 25 25438 371239
337 25 22126 371994
338 25 19767 359412
339 25 19970 338095
340 25 19927 351227
341 25 23568 362694
342 25 19880 374201
343 25 23225 366974
344 25 21720 364005
345 25 20070 350483
346 25 22766 362447
347 25 23237 365034
348 25 21191 360407
349 25 24692 368463
350 25 21027 370411
351 25 25923 365474
352 25 24661 343263
353 25 23987 394494
354 25 22304 355046
355 25 21779 348129
356 25 17887 349872
357 25 23521 391281
358 25 19381 363482
359 25 19897 327181
360 25 22645 357226
361 25 22869 366036
362 25 23189 376814
363 25 22527 347295
364 25 23084 368902
365 25 24179 354672
366 25 20645 346119
367 25 20555 339982
368 25 23694 359944
369 25 22734 371669
370 25 22598 363322
371 25 23165 351256
372 25 21332 343290
373 25 22136 365784
374 25 23628 386087
375 25 19635 359332
376 25 22556 372255
377 25 22855 335415
378 25 21901 414679
379 25 23528 363256
380 25 23705 381082
381 25 18197 359841
382 25 22170 386045
383 25 19723 352038
384 25 22822 359530
385 25 20464 358173
386 25 22335 349374
387 25 23744 355670
388 25 20983 357235
389 25 26065 375674
390 25 25634 360704
391 25 21768 382643
392 25 23808 374718
393 25 19405 349961
394 25 23677 363411
395 25 21883 358989
396 25 22083 350675
397 25 21973 369110
398 25 23638 381438
399 25 23890 399983
400 25 23289 372885
401 25 22487 371422
402 25 25411 372732
403 25 23071 359300
404 25 23478 360517
405 25 20497 373485
406 25 19052 350665
407 25 19543 383450
408 25 18918 350552
409 25 23886 383168
410 25 24706 372670
411 25 22391 360239
412 25 19175 357741
413 25 21582 346563
414 25 24188 364728
415 25 19978 343468
416 25 20508 376918
417 25 22544 336799
418 25 23151 358813
419 25 23424 359524
420 25 25056 403972
421 25 19783 369630
422 25 26556 372984
423 25 21838 351252
424 25 22433 361040
425 25 24214 361526
426 25 24064 369593
427 25 24676 378134
428 25 23222 366403
429 25 25065 378173
430 25 22776 337156
431 25 22839 360170
432 25 23667 369367
433 25 24321 363082
434 25 20557 351031
435 25 23591 394117
436 25 26698 361801
437 25 20899 352982
438 25 21153 361620
439 25 20344 358989
440 25 24867 356022
441 25 21194 363979
442 25 22140 365981
443 25 21514 357908
444 25 23486 397277
445 25 18906 365770
446 25 24278 348177
447 25 21203 363927
448 25 23806 368829
449 25 22167 352761
450 25 17183 347781
451 25 22868 341570
452 25 24804 379394
453 25 21210 375074
454 25 23463 366029
455 25 17834 333365
456 25 21625 361015
457 25 25391 371864
458 25 22708 372631
459 25 21384 345847
460 25 20530 346889
461 25 21347 357431
462 25 23387 378840
463 25 19281 350938
464 25 24362 382127
465 25 24117 365764
466 25 24896 349724
467 25 24322 369623
468 25 22449 355801
469 25 23408 396985
470 25 21091 379005
471 25 21445 356477
472 25 20284 347008
473 25 24304 350843
474 25 20881 357872
475 25 19256 348379
476 25 22126 359830
477 25 21218 358967
478 25 23589 347152
479 25 23127 396409
480 25 22905 405195
481 25 22048 356535
482 25 24797 384903
483 25 23776 391947
484 25 21129 356638
485 25 21119 352475
486 25 22963 347085
487 25 20091 380313
488 25 21261 371223
489 25 22813 354549
490 25 22111 342899
491 25 20723 349850
492 25 25271 462067
493 25 22430 387016
494 25 21386 369484
495 25 20002 355199
496 25 22915 357471
497 25 23555 351455
498 25 20484 348141
499 25 21492 357863
500 25 22513 364807
