1 25 20711 510
2 25 20535 505
3 25 22350 658
4 25 22947 680
5 25 24306 882
6 25 21661 706
7 25 25414 997
8 25 22503 752
9 25 22883 868
10 25 22318 773
11 25 25125 928
12 25 23594 652
13 25 20961 623
14 25 20630 605
15 25 22603 754
16 25 21031 564
17 25 21032 477
18 25 20345 452
19 25 22197 669
20 25 23722 674
21 25 25104 894
22 25 19455 585
23 25 25661 779
24 25 24950 918
25 25 20910 658
26 25 20552 654
27 25 25006 886
28 25 20451 711
29 25 21108 695
30 25 23751 909
31 25 20908 667
32 25 23289 744
33 25 21941 703
34 25 24606 850
35 25 20589 690
36 25 21761 689
37 25 24325 825
38 25 22662 763
39 25 23334 777
40 25 22014 738
41 25 24983 765
42 25 21888 710
43 25 23250 753
44 25 21953 648
45 25 26284 849
46 25 18800 560
47 25 24785 896
48 25 22591 797
49 25 22489 597
50 25 23301 571
51 25 21741 514
52 25 21978 491
53 25 21370 523
54 25 23694 625
55 25 20923 492
56 25 21436 476
57 25 21334 458
58 25 21071 344
59 25 24251 400
60 25 24901 542
61 25 21208 488
62 25 21707 542
63 25 20938 503
64 25 21165 493
65 25 24101 723
66 25 20810 461
67 25 23365 535
68 25 22864 389
69 25 22960 413
70 25 22607 1825
71 25 21395 286
72 25 20191 326
73 25 20651 334
74 25 23037 319
75 25 21430 342
76 25 22376 338
77 25 19535 275
78 25 21392 315
79 25 21866 285
80 25 23443 327
81 25 24122 352
82 25 21313 286
83 25 25367 396
84 25 22346 331
85 25 22789 384
86 25 21502 422
87 25 21348 434
88 25 20230 399
89 25 19866 326
90 25 20468 342
91 25 22688 540
92 25 23124 543
93 25 23417 532
94 25 23618 597
95 25 20439 502
96 25 21625 520
97 25 24256 694
98 25 21641 535
99 25 23485 542
100 25 18987 522
101 25 22965 723
102 25 24085 806
103 25 16372 425
104 25 23009 746
105 25 21595 623
106 25 26257 836
107 25 22477 660
108 25 21858 635
109 25 21530 699
110 25 23841 775
111 25 21287 679
112 25 20735 663
113 25 23426 755
114 25 23314 812
115 25 25995 897
116 25 19522 593
117 25 22265 678
118 25 22531 773
119 25 20094 654
120 25 26770 995
121 25 25446 882
122 25 21321 716
123 25 20809 676
124 25 21487 686
125 25 21118 703
126 25 21910 698
127 25 21487 704
128 25 21963 670
129 25 27009 762
130 25 18539 348
131 25 18212 346
132 25 23789 627
133 25 21239 545
134 25 24977 659
135 25 21793 715
136 25 26199 883
137 25 25548 1116
138 25 23934 820
139 25 23291 860
140 25 20768 667
141 25 19589 612
142 25 18989 576
143 25 24824 866
144 25 25060 866
145 25 23234 793
146 25 26485 962
147 25 23576 795
148 25 23905 788
149 25 20118 681
150 25 23668 799
151 25 23000 749
152 25 24861 843
153 25 22000 714
154 25 22038 712
155 25 24256 858
156 25 23066 697
157 25 23484 784
158 25 21813 675
159 25 21091 678
160 25 23381 797
161 25 19376 608
162 25 21596 681
163 25 19520 478
164 25 21923 628
165 25 22294 564
166 25 23448 641
167 25 19526 472
168 25 21329 619
169 25 20146 652
170 25 22466 758
171 25 19621 610
172 25 21351 725
173 25 23377 797
174 25 23982 792
175 25 22111 758
176 25 23572 795
177 25 20377 636
178 25 18754 605
179 25 22757 763
180 25 23054 790
181 25 21652 663
182 25 25877 846
183 25 22696 720
184 25 21014 692
185 25 21864 702
186 25 21847 693
187 25 23358 813
188 25 19894 538
189 25 23061 1010
190 25 21233 703
191 25 23062 807
192 25 22063 730
193 25 26890 1070
194 25 23842 810
195 25 21867 761
196 25 24383 838
197 25 19587 585
198 25 18869 689
199 25 26716 826
200 25 22554 586
201 25 20508 489
202 25 24566 679
203 25 20768 471
204 25 22641 502
205 25 17988 376
206 25 24691 651
207 25 20898 605
208 25 21964 609
209 25 25091 881
210 25 20225 674
211 25 22552 800
212 25 18024 460
213 25 23948 703
214 25 22713 715
215 25 22952 620
216 25 23004 736
217 25 20903 624
218 25 23652 742
219 25 20037 593
220 25 22969 705
221 25 17652 700
222 25 21214 587
223 25 22105 566
224 25 24366 600
225 25 24808 611
226 25 22869 660
227 25 20174 562
228 25 23269 753
229 25 21023 708
230 25 22650 596
231 25 20325 621
232 25 19786 511
233 25 18714 461
234 25 22546 748
235 25 21903 734
236 25 21194 593
237 25 21634 707
238 25 22874 746
239 25 25248 861
240 25 21598 682
241 25 20215 681
242 25 20748 509
243 25 22503 549
244 25 19833 404
245 25 21785 418
246 25 21323 431
247 25 20647 554
248 25 22084 686
249 25 19455 584
250 25 21020 633
251 25 24753 663
252 25 23397 797
253 25 22668 670
254 25 22189 648
255 25 24886 774
256 25 25494 879
257 25 23149 614
258 25 19551 473
259 25 20961 510
260 25 19171 418
261 25 21540 481
262 25 23702 611
263 25 22548 585
264 25 24238 597
265 25 23751 502
266 25 20495 323
267 25 24120 419
268 25 23607 434
269 25 23569 423
270 25 20316 435
271 25 21705 491
272 25 20868 483
273 25 23942 642
274 25 23591 678
275 25 17755 486
276 25 19633 565
277 25 24891 851
278 25 22619 652
279 25 23340 593
280 25 22785 526
281 25 18903 433
282 25 20379 509
283 25 19576 480
284 25 21509 638
285 25 22230 549
286 25 21253 522
287 25 22057 730
288 25 21634 722
289 25 18448 587
290 25 22589 749
291 25 20655 595
292 25 19596 536
293 25 23875 787
294 25 23661 777
295 25 21085 687
296 25 23192 798
297 25 21499 736
298 25 20711 698
299 25 21864 763
300 25 23803 1135
301 25 20364 650
302 25 18672 561
303 25 23796 875
304 25 25794 933
305 25 20957 800
306 25 19915 687
307 25 19026 577
308 25 24978 770
309 25 19341 447
310 25 21883 572
311 25 24651 867
312 25 22898 682
313 25 22523 729
314 25 22896 657
315 25 21471 697
316 25 21076 751
317 25 21646 723
318 25 26170 908
319 25 24057 826
320 25 22534 729
321 25 22900 773
322 25 21172 671
323 25 22824 742
324 25 23762 820
325 25 22784 741
326 25 24004 833
327 25 23059 786
328 25 19034 587
329 25 23204 758
330 25 21079 730
331 25 21501 735
332 25 24205 826
333 25 21573 734
334 25 24746 927
335 25 18699 559
336 25 25438 881
337 25 22126 766
338 25 19767 630
339 25 19970 600
340 25 19927 672
341 25 23601 822
342 25 19880 618
343 25 23225 776
344 25 21720 772
345 25 20070 647
346 25 22766 755
347 25 23237 862
348 25 21191 679
349 25 24692 839
350 25 21027 732
351 25 25923 904
352 25 24878 790
353 25 23987 627
354 25 22304 614
355 25 21981 570
356 25 17887 332
357 25 23521 551
358 25 19381 422
359 25 19897 442
360 25 22645 505
361 25 23104 492
362 25 23189 689
363 25 22527 749
364 25 23084 721
365 25 24179 770
366 25 20645 610
367 25 20555 517
368 25 23694 704
369 25 22734 757
370 25 22598 636
371 25 23165 631
372 25 21332 620
373 25 22136 697
374 25 23628 784
375 25 19635 644
376 25 22556 761
377 25 22855 740
378 25 21901 691
379 25 23528 694
380 25 23705 532
381 25 18197 397
382 25 22170 558
383 25 19723 543
384 25 22822 752
385 25 20464 616
386 25 22335 698
387 25 23744 714
388 25 21038 619
389 25 26065 712
390 25 25634 837
391 25 21768 530
392 25 23808 535
393 25 19405 438
394 25 23677 566
395 25 21883 515
396 25 22083 456
397 25 21973 496
398 25 23638 680
399 25 23890 616
400 25 23289 523
401 25 22487 508
402 25 25411 768
403 25 23071 697
404 25 23478 738
405 25 20497 599
406 25 19052 569
407 25 19543 473
408 25 18918 498
409 25 23886 653
410 25 24706 707
411 25 22391 584
412 25 19175 544
413 25 21582 740
414 25 24188 785
415 25 19978 573
416 25 20508 698
417 25 22544 498
418 25 23151 541
419 25 23424 417
420 25 25056 423
421 25 19783 319
422 25 26556 460
423 25 21838 354
424 25 22433 384
425 25 24214 488
426 25 24064 498
427 25 24676 532
428 25 23222 419
429 25 25065 484
430 25 22776 401
431 25 22839 430
432 25 23667 447
433 25 24344 466
434 25 20557 338
435 25 23591 448
436 25 26698 499
437 25 20899 343
438 25 21153 426
439 25 20344 400
440 25 24867 704
441 25 21194 515
442 25 22153 685
443 25 21514 530
444 25 23486 751
445 25 18906 559
446 25 24278 757
447 25 21203 661
448 25 23806 1057
449 25 22167 706
450 25 17186 510
451 25 22868 761
452 25 24804 674
453 25 21210 650
454 25 23463 619
455 25 17834 389
456 25 21625 394
457 25 25391 496
458 25 22708 436
459 25 21384 413
460 25 20530 481
461 25 21347 496
462 25 23387 803
463 25 19281 385
464 25 24362 654
465 25 24118 725
466 25 24896 757
467 25 24322 770
468 25 22449 721
469 25 23408 766
470 25 21091 682
471 25 21445 573
472 25 20284 523
473 25 24304 696
474 25 20881 471
475 25 19256 405
476 25 22126 398
477 25 21218 390
478 25 23589 453
479 25 23127 435
480 25 22905 396
481 25 22048 383
482 25 24797 542
483 25 23776 654
484 25 21129 571
485 25 21324 666
486 25 22963 761
487 25 20091 644
488 25 21261 650
489 25 22813 668
490 25 22111 758
491 25 20723 657
492 25 25271 930
493 25 22430 761
494 25 21386 715
495 25 20002 643
496 25 22915 781
497 25 23555 848
498 25 20484 805
499 25 21492 671
500 25 22513 835
