1 4 1519 2
2 4 2621 2
3 4 2169 2
4 4 2709 2
5 4 4026 2
6 4 1078 2
7 4 3214 2
8 4 2493 2
9 4 3301 2
10 4 3041 2
11 4 1961 2
12 4 3018 2
13 4 3968 2
14 4 3363 2
15 4 2361 2
16 4 2834 2
17 4 3705 2
18 4 4795 2
19 4 4313 2
20 4 3527 2
21 4 2294 2
22 4 3095 2
23 4 3536 2
24 4 3781 2
25 4 2276 2
26 4 3813 2
27 4 3154 1
28 4 2928 2
29 4 2041 2
30 4 3875 2
31 4 3360 2
32 4 2514 2
33 4 3348 2
34 4 3748 2
35 4 4108 2
36 4 3973 2
37 4 2900 2
38 4 3034 2
39 4 4187 2
40 4 2669 3
41 4 2888 2
42 4 4286 2
43 4 1541 2
44 4 3820 2
45 4 3674 2
46 4 3071 2
47 4 2648 2
48 4 3268 2
49 4 4569 3
50 4 3381 2
51 4 3281 2
52 4 2323 2
53 4 4646 2
54 4 3989 3
55 4 2527 2
56 4 3901 2
57 4 4095 2
58 4 3836 2
59 4 3794 2
60 4 1695 2
61 4 3113 2
62 4 2787 3
63 4 4055 2
64 4 2476 2
65 4 2942 2
66 4 3812 2
67 4 1720 2
68 4 2540 2
69 4 2613 2
70 4 3163 2
71 4 2981 2
72 4 3453 2
73 4 3591 2
74 4 3965 2
75 4 3928 2
76 4 1989 3
77 4 4716 3
78 4 1981 2
79 4 2219 2
80 4 3552 2
81 4 3292 2
82 4 1832 2
83 4 2262 2
84 4 3028 2
85 4 4056 2
86 4 2950 2
87 4 2877 2
88 4 2759 3
89 4 2635 3
90 4 2348 2
91 4 3721 3
92 4 1165 2
93 4 3683 2
94 4 3602 2
95 4 3263 2
96 4 2657 2
97 4 3256 2
98 4 3171 2
99 4 3424 2
100 4 2453 2
101 4 4144 2
102 4 2936 2
103 4 3764 2
104 4 3304 2
105 4 3096 2
106 4 2953 2
107 4 3804 2
108 4 3957 2
109 4 4424 2
110 4 3063 2
111 4 3552 2
112 4 2208 2
113 4 3104 2
114 4 2626 2
115 4 3053 2
116 4 3665 2
117 4 4587 2
118 4 3262 2
119 4 2349 3
120 4 3507 2
121 4 4332 2
122 4 2916 2
123 4 4240 2
124 4 2308 2
125 4 3916 2
126 4 2038 2
127 4 3435 2
128 4 1950 2
129 4 3591 2
130 4 2583 2
131 4 2537 2
132 4 1757 2
133 4 3081 2
134 4 3618 2
135 4 1984 2
136 4 4501 2
137 4 2994 2
138 4 2986 2
139 4 3738 2
140 4 3223 2
141 4 4468 2
142 4 1658 2
143 4 3434 2
144 4 2599 2
145 4 3935 2
146 4 2364 2
147 4 3874 2
148 4 4260 2
149 4 2471 2
150 4 2024 2
151 4 2674 2
152 4 2541 3
153 4 4425 3
154 4 4316 2
155 4 2574 2
156 4 3693 2
157 4 3271 2
158 4 4456 2
159 4 2162 2
160 4 3351 2
161 4 1915 2
162 4 2684 2
163 4 3259 2
164 4 3128 2
165 4 1718 2
166 4 4114 2
167 4 3687 2
168 4 2804 2
169 4 2143 3
170 4 4110 2
171 4 4690 2
172 4 3039 2
173 4 3175 2
174 4 4167 2
175 4 3512 2
176 4 4009 2
177 4 2820 2
178 4 2402 2
179 4 2348 2
180 4 3301 2
181 4 3934 2
182 4 2696 2
183 4 1829 2
184 4 3052 2
185 4 3728 2
186 4 2783 2
187 4 2332 2
188 4 4124 2
189 4 3510 2
190 4 3040 2
191 4 3700 2
192 4 3850 2
193 4 3323 2
194 4 3625 2
195 4 3318 2
196 4 4067 2
197 4 2523 2
198 4 3354 2
199 4 3355 2
200 4 4440 2
201 4 2974 2
202 4 2924 2
203 4 3356 2
204 4 3941 2
205 4 1757 2
206 4 3375 2
207 4 4201 2
208 4 2735 2
209 4 3696 2
210 4 4723 2
211 4 3713 2
212 4 3170 2
213 4 2329 2
214 4 4182 2
215 4 2650 3
216 4 3427 2
217 4 2988 2
218 4 2907 2
219 4 4423 2
220 4 3522 2
221 4 4157 2
222 4 2549 2
223 4 3699 2
224 4 2659 2
225 4 2850 2
226 4 1925 2
227 4 2401 18
228 4 3941 2
229 4 3577 2
230 4 4145 2
231 4 3930 2
232 4 2762 2
233 4 4298 2
234 4 4086 2
235 4 2218 2
236 4 2989 2
237 4 3768 2
238 4 3660 2
239 4 2082 3
240 4 3066 2
241 4 3467 2
242 4 3150 2
243 4 3651 2
244 4 4091 2
245 4 3168 2
246 4 3414 2
247 4 3982 2
248 4 3960 2
249 4 2992 2
250 4 3717 2
251 4 2120 2
252 4 3265 2
253 4 2191 2
254 4 3070 2
255 4 4427 2
256 4 3560 2
257 4 1184 2
258 4 4135 3
259 4 4120 2
260 4 3309 2
261 4 2372 2
262 4 3516 2
263 4 4275 3
264 4 4041 2
265 4 2683 2
266 4 2474 3
267 4 3376 2
268 4 3019 2
269 4 3449 2
270 4 3495 2
271 4 3719 2
272 4 3244 2
273 4 4748 2
274 4 2746 2
275 4 3270 2
276 4 3289 2
277 4 3662 2
278 4 1842 2
279 4 4338 3
280 4 3557 2
281 4 3287 2
282 4 2879 2
283 4 2768 2
284 4 4000 3
285 4 3198 2
286 4 3119 2
287 4 2465 2
288 4 2948 2
289 4 2349 2
290 4 2446 2
291 4 3626 2
292 4 4881 2
293 4 2356 2
294 4 3081 2
295 4 3932 2
296 4 1924 2
297 4 4051 2
298 4 2904 2
299 4 2995 2
300 4 2593 2
301 4 2524 2
302 4 3947 2
303 4 3235 2
304 4 4722 2
305 4 2836 2
306 4 4325 2
307 4 1800 2
308 4 4675 2
309 4 3427 2
310 4 3885 2
311 4 3433 2
312 4 4374 2
313 4 3674 2
314 4 3323 2
315 4 3760 2
316 4 1787 2
317 4 3502 2
318 4 1995 2
319 4 2203 3
320 4 2985 2
321 4 3525 2
322 4 3556 3
323 4 3607 3
324 4 3148 2
325 4 2139 2
326 4 3381 2
327 4 2690 2
328 4 3366 2
329 4 2657 2
330 4 1879 2
331 4 3164 2
332 4 4140 2
333 4 3765 2
334 4 2892 2
335 4 2929 2
336 4 3186 2
337 4 4523 2
338 4 3929 3
339 4 1848 2
340 4 2079 3
341 4 4467 2
342 4 3200 2
343 4 2903 2
344 4 2998 2
345 4 2695 2
346 4 4907 2
347 4 2539 2
348 4 3507 2
349 4 1884 2
350 4 2207 2
351 4 3629 2
352 4 3156 2
353 4 2995 2
354 4 3883 2
355 4 3654 2
356 4 4228 2
357 4 2810 2
358 4 1899 2
359 4 3593 2
360 4 2964 2
361 4 4067 2
362 4 3395 2
363 4 3320 2
364 4 3794 2
365 4 2538 2
366 4 3172 2
367 4 4393 2
368 4 3537 2
369 4 3440 2
370 4 1477 2
371 4 3584 2
372 4 2424 2
373 4 3200 2
374 4 3580 2
375 4 2803 1
376 4 1972 2
377 4 3649 3
378 4 3041 2
379 4 4024 2
380 4 2568 1
381 4 2908 2
382 4 2973 2
383 4 4233 2
384 4 3315 2
385 4 3070 2
386 4 3801 2
387 4 3238 2
388 4 3634 2
389 4 2768 2
390 4 3976 2
391 4 3643 2
392 4 3184 2
393 4 3060 2
394 4 2952 2
395 4 2149 2
396 4 3458 2
397 4 2977 2
398 4 2665 2
399 4 1845 2
400 4 1524 2
401 4 3530 2
402 4 3804 2
403 4 3179 2
404 4 2327 2
405 4 3767 2
406 4 2359 2
407 4 2908 2
408 4 2771 2
409 4 1719 2
410 4 2235 2
411 4 4714 2
412 4 3842 2
413 4 3216 2
414 4 3171 1
415 4 3132 2
416 4 3874 2
417 4 4268 2
418 4 2928 2
419 4 3453 2
420 4 3352 2
421 4 3909 2
422 4 3474 2
423 4 3329 2
424 4 3029 2
425 4 1944 2
426 4 3588 3
427 4 2536 2
428 4 3855 2
429 4 3504 2
430 4 3546 2
431 4 3607 2
432 4 2905 2
433 4 3033 2
434 4 3492 3
435 4 3695 3
436 4 4434 3
437 4 2242 2
438 4 2773 3
439 4 4137 3
440 4 1892 2
441 4 4103 3
442 4 3680 4
443 4 3561 3
444 4 3967 6
445 4 3142 3
446 4 3583 3
447 4 3462 4
448 4 1245 3
449 4 3089 3
450 4 2718 3
451 4 4256 3
452 4 2633 3
453 4 2292 4
454 4 3992 4
455 4 2039 4
456 4 2630 4
457 4 1877 3
458 4 1491 3
459 4 3980 2
460 4 1355 3
461 4 3527 2
462 4 3067 2
463 4 2820 3
464 4 2145 3
465 4 3962 2
466 4 2714 3
467 4 2422 3
468 4 3923 2
469 4 4030 2
470 4 3623 2
471 4 4115 3
472 4 3670 2
473 4 1773 2
474 4 4017 2
475 4 2977 2
476 4 3971 2
477 4 4712 2
478 4 1743 2
479 4 2072 2
480 4 3508 2
481 4 3909 2
482 4 3715 2
483 4 3623 2
484 4 3986 2
485 4 2781 2
486 4 2082 3
487 4 3563 2
488 4 4110 2
489 4 3645 2
490 4 3610 2
491 4 2515 2
492 4 3141 3
493 4 2109 2
494 4 3577 2
495 4 2939 3
496 4 3404 3
497 4 3438 2
498 4 3559 2
499 4 2827 2
500 4 3727 2
