1 4 1519 0
2 4 2621 0
3 4 2169 0
4 4 2709 0
5 4 4026 0
6 4 1078 0
7 4 3214 0
8 4 2493 0
9 4 3301 0
10 4 3041 0
11 4 1961 0
12 4 3018 0
13 4 3968 0
14 4 3363 0
15 4 2361 0
16 4 2838 0
17 4 3705 0
18 4 4795 0
19 4 4313 0
20 4 3527 0
21 4 2294 0
22 4 3095 0
23 4 3536 0
24 4 3781 0
25 4 2276 0
26 4 3813 0
27 4 3154 0
28 4 2928 0
29 4 2041 0
30 4 3875 0
31 4 3360 0
32 4 2514 0
33 4 3348 0
34 4 3748 0
35 4 4108 0
36 4 4043 0
37 4 2900 0
38 4 3034 0
39 4 4187 0
40 4 2669 0
41 4 2888 0
42 4 4286 0
43 4 1541 0
44 4 3820 0
45 4 3674 0
46 4 3094 0
47 4 2648 0
48 4 3268 0
49 4 4569 0
50 4 3381 0
51 4 3281 0
52 4 2323 0
53 4 4646 0
54 4 3989 0
55 4 2527 0
56 4 3901 0
57 4 4095 0
58 4 3836 0
59 4 3794 0
60 4 1695 0
61 4 3113 0
62 4 2787 0
63 4 4055 0
64 4 2476 0
65 4 2942 0
66 4 3812 0
67 4 1720 0
68 4 2540 0
69 4 2613 0
70 4 3163 0
71 4 2991 0
72 4 3453 0
73 4 3617 0
74 4 3965 0
75 4 3928 0
76 4 1989 0
77 4 4716 0
78 4 1981 0
79 4 2219 0
80 4 3552 1
81 4 3292 0
82 4 1832 0
83 4 2262 0
84 4 3028 0
85 4 4056 0
86 4 2950 0
87 4 2877 0
88 4 2759 0
89 4 2635 0
90 4 2348 0
91 4 3721 0
92 4 1165 0
93 4 3683 0
94 4 3602 0
95 4 3263 0
96 4 2657 0
97 4 3256 0
98 4 3171 0
99 4 3424 0
100 4 2453 0
101 4 4144 0
102 4 2936 0
103 4 3764 0
104 4 3304 0
105 4 3096 0
106 4 2953 0
107 4 3804 0
108 4 4003 0
109 4 4424 0
110 4 3063 0
111 4 3552 0
112 4 2208 0
113 4 3104 0
114 4 2626 0
115 4 3053 0
116 4 3665 0
117 4 4587 0
118 4 3262 0
119 4 2349 0
120 4 3507 0
121 4 4332 0
122 4 2916 0
123 4 4240 0
124 4 2308 0
125 4 3916 0
126 4 2038 0
127 4 3435 0
128 4 1950 0
129 4 3591 0
130 4 2583 0
131 4 2537 0
132 4 1757 0
133 4 3081 0
134 4 3618 0
135 4 1984 0
136 4 4501 0
137 4 2994 0
138 4 2986 0
139 4 3738 0
140 4 3223 0
141 4 4468 0
142 4 1658 0
143 4 3434 0
144 4 2599 0
145 4 3935 0
146 4 2364 0
147 4 3874 0
148 4 4260 0
149 4 2471 0
150 4 2024 0
151 4 2674 0
152 4 2541 0
153 4 4425 0
154 4 4316 0
155 4 2574 0
156 4 3693 0
157 4 3271 0
158 4 4456 0
159 4 2162 0
160 4 3351 0
161 4 1915 0
162 4 2684 0
163 4 3259 0
164 4 3128 0
165 4 1718 0
166 4 4114 0
167 4 3687 0
168 4 2804 0
169 4 2143 0
170 4 4110 0
171 4 4690 0
172 4 3039 0
173 4 3175 0
174 4 4167 0
175 4 3512 0
176 4 4009 0
177 4 2820 0
178 4 2402 0
179 4 2348 0
180 4 3301 0
181 4 3934 0
182 4 2696 0
183 4 1829 0
184 4 3052 0
185 4 3728 0
186 4 2783 0
187 4 2332 0
188 4 4124 0
189 4 3510 0
190 4 3040 0
191 4 3700 0
192 4 3850 0
193 4 3339 0
194 4 3625 0
195 4 3318 0
196 4 4067 0
197 4 2523 0
198 4 3354 0
199 4 3355 0
200 4 4440 0
201 4 2974 0
202 4 2924 0
203 4 3356 0
204 4 3941 0
205 4 1759 0
206 4 3375 0
207 4 4201 0
208 4 2735 0
209 4 3696 1
210 4 4723 0
211 4 3713 0
212 4 3170 0
213 4 2329 0
214 4 4182 0
215 4 2650 0
216 4 3427 0
217 4 2988 0
218 4 2907 0
219 4 4423 0
220 4 3522 0
221 4 4157 0
222 4 2549 0
223 4 3699 0
224 4 2678 0
225 4 2850 0
226 4 1925 0
227 4 2401 0
228 4 3941 0
229 4 3577 0
230 4 4145 0
231 4 3930 0
232 4 2810 0
233 4 4298 0
234 4 4086 0
235 4 2218 0
236 4 2989 0
237 4 3768 0
238 4 3660 0
239 4 2082 0
240 4 3066 0
241 4 3467 0
242 4 3150 0
243 4 3651 0
244 4 4091 0
245 4 3168 0
246 4 3414 0
247 4 3982 0
248 4 3960 0
249 4 2992 0
250 4 3717 0
251 4 2120 0
252 4 3265 0
253 4 2191 0
254 4 3070 0
255 4 4427 0
256 4 3560 0
257 4 1184 0
258 4 4135 0
259 4 4120 0
260 4 3309 0
261 4 2372 0
262 4 3516 0
263 4 4275 0
264 4 4041 0
265 4 2683 0
266 4 2474 0
267 4 3376 0
268 4 3019 0
269 4 3449 0
270 4 3495 0
271 4 3719 0
272 4 3249 0
273 4 4748 0
274 4 2746 0
275 4 3270 0
276 4 3289 0
277 4 3662 1
278 4 1842 1
279 4 4338 1
280 4 3557 0
281 4 3287 0
282 4 2879 0
283 4 2768 0
284 4 4000 1
285 4 3198 1
286 4 3119 1
287 4 2465 1
288 4 2948 1
289 4 2349 0
290 4 2446 1
291 4 3626 1
292 4 4881 1
293 4 2356 1
294 4 3081 1
295 4 3932 1
296 4 1943 1
297 4 4051 1
298 4 2904 1
299 4 2995 1
300 4 2593 1
301 4 2524 1
302 4 3947 1
303 4 3235 1
304 4 4722 1
305 4 2836 1
306 4 4325 1
307 4 1800 0
308 4 4675 1
309 4 3427 1
310 4 3885 1
311 4 3433 1
312 4 4374 1
313 4 3674 1
314 4 3323 0
315 4 3760 1
316 4 1787 1
317 4 3502 1
318 4 1995 1
319 4 2203 1
320 4 2985 1
321 4 3525 1
322 4 3556 1
323 4 3607 0
324 4 3148 1
325 4 2139 0
326 4 3381 1
327 4 2690 1
328 4 3366 1
329 4 2657 1
330 4 1879 0
331 4 3164 1
332 4 4140 1
333 4 3765 1
334 4 2892 1
335 4 2929 1
336 4 3186 1
337 4 4523 1
338 4 3929 1
339 4 1848 1
340 4 2079 1
341 4 4467 1
342 4 3200 1
343 4 2903 1
344 4 3078 1
345 4 2695 1
346 4 4907 1
347 4 2539 1
348 4 3507 1
349 4 1884 0
350 4 2207 1
351 4 3629 1
352 4 3156 0
353 4 2995 1
354 4 3883 1
355 4 3654 0
356 4 4228 1
357 4 2810 1
358 4 1899 1
359 4 3593 0
360 4 2964 1
361 4 4067 1
362 4 3395 1
363 4 3320 0
364 4 3794 1
365 4 2538 0
366 4 3172 0
367 4 4393 1
368 4 3537 0
369 4 3440 1
370 4 1477 0
371 4 3584 1
372 4 2424 1
373 4 3200 1
374 4 3580 1
375 4 2803 1
376 4 1972 0
377 4 3719 1
378 4 3041 1
379 4 4024 1
380 4 2568 0
381 4 2908 1
382 4 2973 1
383 4 4233 1
384 4 3315 1
385 4 3070 1
386 4 3801 1
387 4 3238 1
388 4 3634 1
389 4 2768 1
390 4 3976 1
391 4 3650 1
392 4 3184 1
393 4 3082 1
394 4 2952 1
395 4 2149 0
396 4 3458 1
397 4 2977 1
398 4 2665 1
399 4 1845 1
400 4 1524 0
401 4 3530 0
402 4 3804 1
403 4 3179 1
404 4 2327 1
405 4 3767 1
406 4 2359 1
407 4 2908 1
408 4 2771 1
409 4 1719 1
410 4 2235 1
411 4 4714 1
412 4 3842 0
413 4 3216 0
414 4 3221 0
415 4 3132 1
416 4 3874 0
417 4 4268 1
418 4 2928 1
419 4 3453 0
420 4 3352 0
421 4 3909 0
422 4 3474 1
423 4 3329 1
424 4 3029 1
425 4 1944 0
426 4 3588 1
427 4 2536 1
428 4 3900 1
429 4 3504 1
430 4 3546 1
431 4 3665 1
432 4 2905 0
433 4 3033 1
434 4 3492 1
435 4 3695 0
436 4 4492 1
437 4 2242 1
438 4 2773 1
439 4 4137 1
440 4 1892 1
441 4 4103 1
442 4 3701 1
443 4 3561 1
444 4 3967 1
445 4 3142 1
446 4 3583 0
447 4 3462 0
448 4 1245 0
449 4 3089 1
450 4 2718 1
451 4 4256 1
452 4 2633 1
453 4 2292 1
454 4 3992 1
455 4 2039 1
456 4 2630 1
457 4 1877 1
458 4 1491 1
459 4 3980 1
460 4 1355 1
461 4 3527 1
462 4 3067 0
463 4 2820 1
464 4 2145 1
465 4 3962 1
466 4 2714 1
467 4 2422 1
468 4 3923 1
469 4 4030 1
470 4 3623 1
471 4 4115 1
472 4 3670 1
473 4 1773 1
474 4 4017 1
475 4 2977 1
476 4 3971 1
477 4 4712 0
478 4 1743 0
479 4 2072 1
480 4 3508 1
481 4 4006 1
482 4 3715 1
483 4 3623 1
484 4 3986 0
485 4 2781 1
486 4 2082 1
487 4 3563 0
488 4 4110 1
489 4 3645 1
490 4 3610 0
491 4 2515 1
492 4 3141 1
493 4 2109 1
494 4 3577 1
495 4 2939 1
496 4 3404 1
497 4 3438 1
498 4 3559 1
499 4 2888 1
500 4 3727 0
