1 35 5587 164
2 35 2388 0
3 35 15285 4966623
4 35 38577 240522923
5 35 21486 156240
6 35 2440 2
7 35 35434 201793173
8 35 32644 211076610
9 35 9025 80158
10 35 22700 197883463
11 35 17463 55402979
12 35 25207 313481928
13 35 47442 359838183
14 35 11956 555891
15 35 7254 16
16 35 22885 195952131
17 35 7272 14489
18 35 45241 365289915
19 35 42040 400369368
20 35 19524 180710
21 35 24513 212947641
22 35 34309 370439339
23 35 28251 23104149
24 35 19987 414283
25 35 6270 17
26 35 21327 4883124
27 35 3555 92
28 35 6907 6220
29 35 4261 477
30 35 33448 64836589
31 35 27041 13201934
32 35 40447 366952040
33 35 37068 371113055
34 35 34948 212237936
35 35 40493 369800950
36 35 7197 643
37 35 40635 367307251
38 35 23746 108953504
39 35 9689 365137
40 35 33853 349354619
41 35 42886 363691586
42 35 10250 161337
43 35 11406 115
44 35 41469 361240054
45 35 23881 125910500
46 35 6790 10
47 35 15581 7000
48 35 4867 2149
49 35 19408 329137
50 35 45495 370118001
51 35 27000 3323682
52 35 13640 39897
53 35 8030 12565
54 35 3595 59
55 35 29689 102588530
56 35 15815 7099
57 35 17419 30003402
58 35 29599 17143709
59 35 40133 326149809
60 35 21295 37088222
61 35 20025 58091574
62 35 30253 48132773
63 35 36923 364635286
64 35 22118 598184
65 35 30232 31554181
66 35 14759 24616645
67 35 31813 16888446
68 35 3999 49
69 35 41199 352554830
70 35 34894 349718693
71 35 7423 8365
72 35 9395 158
73 35 14472 51729
74 35 29663 11438880
75 35 38181 346421089
76 35 13218 3583640
77 35 41172 345725683
78 35 38416 244327196
79 35 8117 374
80 35 14176 8686401
81 35 26871 20080427
82 35 16221 55519
83 35 14858 214190
84 35 41428 332707854
85 35 25925 2958687
86 35 10946 90
87 35 41585 338484788
88 35 15077 819
89 35 39501 339785631
90 35 15818 7333373
91 35 15418 2543
92 35 40316 195552165
93 35 30414 78820828
94 35 25734 3342212
95 35 12377 828237
96 35 9283 4786
97 35 35877 141788156
98 35 11738 196
99 35 41821 246777194
100 35 7715 11910
101 35 19109 686339
102 35 2109 1
103 35 24064 239204628
104 35 27765 188160414
105 35 6638 54
106 35 32672 304864295
107 35 31237 197561047
108 35 17109 2159263
109 35 7992 112977
110 35 21912 714669
111 35 33539 321506314
112 35 23674 1896313
113 35 35108 221206673
114 35 39275 330889113
115 35 36784 243552757
116 35 31241 83178114
117 35 43563 316636972
118 35 25466 181837487
119 35 36596 317616715
120 35 18020 223
121 35 5341 2050
122 35 18446 5390
123 35 48284 375682308
124 35 11589 10010965
125 35 8985 148632
126 35 26871 104501948
127 35 7843 76
128 35 30669 157746458
129 35 50448 334198960
130 35 36082 319736598
131 35 35909 289058465
132 35 40410 329100121
133 35 21927 13811667
134 35 17866 34473652
135 35 30337 75094060
136 35 31946 351119114
137 35 20480 43771
138 35 11638 8700
139 35 14349 14512368
140 35 21167 91631
141 35 1674 0
142 35 30311 342777664
143 35 12703 987600
144 35 9026 64
145 35 41237 339799649
146 35 26517 311901506
147 35 47606 330925407
148 35 26032 5092697
149 35 24900 33070147
150 35 7222 16384
151 35 19765 531464
152 35 36795 288862076
153 35 3209 9
154 35 21165 18655559
155 35 33677 138833462
156 35 29350 289365940
157 35 17075 13744
158 35 19382 49969045
159 35 8279 19330
160 35 35986 104735336
161 35 31661 333329495
162 35 17861 9712122
163 35 22360 2246530
164 35 33479 37241146
165 35 24829 310844277
166 35 42179 334340310
167 35 32119 317684806
168 35 9976 696
169 35 19124 265960
170 35 40773 341904727
171 35 33914 154632459
172 35 34174 43245606
173 35 38293 352888208
174 35 14523 27575358
175 35 20105 90813549
176 35 38588 340147740
177 35 41622 293830257
178 35 24531 1100274
179 35 35460 327664252
180 35 44633 346626523
181 35 5385 336
182 35 37911 265637546
183 35 19975 129677035
184 35 41419 355660566
185 35 41686 338382480
186 35 7217 38274
187 35 20783 227018
188 35 48433 339722586
189 35 11367 311771
190 35 35905 236633365
191 35 23370 829128
192 35 9013 25
193 35 9914 115386
194 35 46222 342332085
195 35 22458 811892
