1 35 11633 124
2 35 28067 674
3 35 37706 957
4 35 40229 1110
5 35 21486 320
6 35 4650 73
7 35 35434 869
8 35 32644 1334
9 35 30530 601
10 35 39334 1501
11 35 34785 1083
12 35 38940 1456
13 35 47442 1260
14 35 39755 1028
15 35 7254 56
16 35 42668 1389
17 35 40271 1138
18 35 45241 1119
19 35 42040 1005
20 35 19714 240
21 35 41070 727
22 35 34309 961
23 35 28251 525
24 35 19987 277
25 35 6270 36
26 35 21327 357
27 35 26234 474
28 35 25119 220
29 35 35899 746
30 35 33448 521
31 35 27041 379
32 35 40447 948
33 35 37068 569
34 35 35084 460
35 35 40493 901
36 35 12126 59
37 35 40635 1188
38 35 23746 621
39 35 41208 1623
40 35 39127 1231
41 35 42886 1761
42 35 44249 1782
43 35 11406 48
44 35 41469 1234
45 35 23881 1053
46 35 7756 24
47 35 15581 176
48 35 37474 946
49 35 19408 310
50 35 45495 1633
51 35 27000 422
52 35 17362 136
53 35 22342 301
54 35 20690 183
55 35 29689 515
56 35 15815 149
57 35 44284 1155
58 35 29599 321
59 35 40133 614
60 35 27164 343
61 35 46591 1016
62 35 30253 325
63 35 36923 654
64 35 22118 211
65 35 30232 402
66 35 37787 1271
67 35 31813 465
68 35 14549 111
69 35 41199 1220
70 35 34894 1284
71 35 36147 869
72 35 10668 56
73 35 20631 203
74 35 29663 449
75 35 38181 1081
76 35 33323 498
77 35 41172 910
78 35 38416 535
79 35 12551 97
80 35 30681 521
81 35 26871 591
82 35 20168 270
83 35 21336 299
84 35 41428 1048
85 35 25925 297
86 35 10946 51
87 35 41585 1244
88 35 15077 81
89 35 39501 824
90 35 31282 422
91 35 15418 74
92 35 40316 620
93 35 30414 546
94 35 25734 335
95 35 24958 209
96 35 15856 119
97 35 35877 575
98 35 12426 61
99 35 41821 567
100 35 40309 676
101 35 24086 205
102 35 2589 7
103 35 40004 1248
104 35 27765 783
105 35 6638 59
106 35 32672 968
107 35 31237 729
108 35 29575 352
109 35 33308 984
110 35 21912 286
111 35 33867 1031
112 35 23674 325
113 35 35108 693
114 35 41314 996
115 35 36784 740
116 35 31241 477
117 35 43563 897
118 35 37635 911
119 35 36596 906
120 35 18020 38
121 35 32592 654
122 35 18947 109
123 35 48284 1237
124 35 30527 892
125 35 23929 424
126 35 26871 766
127 35 7843 145
128 35 30669 813
129 35 51627 1080
130 35 36082 1152
131 35 35909 557
132 35 40410 471
133 35 29908 333
134 35 38905 464
135 35 30337 378
136 35 42232 816
137 35 20480 134
138 35 14589 110
139 35 33992 562
140 35 21167 101
141 35 1674 0
142 35 42678 679
143 35 37368 572
144 35 9026 33
145 35 41237 760
146 35 39600 764
147 35 47606 794
148 35 26032 310
149 35 24900 266
150 35 24453 304
151 35 19765 159
152 35 36795 582
153 35 9191 40
154 35 29298 342
155 35 33677 546
156 35 35926 774
157 35 17075 153
158 35 38769 728
159 35 29014 292
160 35 35986 570
161 35 37639 729
162 35 29674 471
163 35 22360 315
164 35 33479 449
165 35 36091 1079
166 35 42179 1549
167 35 32119 702
168 35 9976 83
169 35 20015 233
170 35 40773 893
171 35 33914 640
172 35 34174 384
173 35 38293 1168
174 35 29034 543
175 35 43893 1485
176 35 38588 1060
177 35 41622 825
178 35 24531 274
179 35 35460 915
180 35 44633 1036
181 35 21659 270
182 35 37911 676
183 35 38672 627
184 35 41419 879
185 35 42161 738
186 35 23573 261
187 35 20783 137
188 35 48433 2402
189 35 32355 243
190 35 35905 400
191 35 23370 198
192 35 9013 15
193 35 38872 389
194 35 46222 796
195 35 22458 180
196 35 37187 600
197 35 48202 1048
198 35 37684 809
199 35 34211 853
200 35 39270 865
201 35 23266 239
202 35 42086 884
203 35 16623 116
204 35 39302 857
205 35 24878 198
206 35 43350 830
207 35 44844 920
208 35 28020 351
209 35 21093 230
210 35 20691 246
211 35 43155 837
212 35 27549 341
213 35 35369 410
214 35 30382 520
215 35 16766 184
216 35 44491 858
217 35 42708 1142
218 35 35280 812
219 35 35711 945
220 35 43536 876
221 35 17920 161
222 35 41730 525
223 35 40393 752
224 35 18179 112
225 35 18483 118
226 35 29473 211
227 35 41985 611
228 35 32303 409
229 35 11054 55
230 35 39753 470
231 35 21680 190
232 35 7882 33
233 35 51158 794
234 35 44113 942
235 35 30172 366
236 35 10099 36
237 35 36071 408
238 35 11059 68
239 35 31776 468
240 35 39387 632
241 35 30932 257
242 35 29829 621
243 35 41298 618
244 35 39267 957
245 35 42125 1183
246 35 17584 165
247 35 41543 1045
248 35 42743 1671
249 35 30771 984
250 35 42966 1947
251 35 37238 1333
252 35 41861 1338
253 35 16928 248
254 35 0 1
255 35 22495 336
256 35 34758 932
257 35 39834 1010
258 35 43005 1430
259 35 3458 12
260 35 34435 547
261 35 19224 325
262 35 43648 1134
263 35 32319 333
264 35 41269 1300
265 35 36170 857
266 35 39628 696
267 35 11695 56
268 35 46936 1045
269 35 18418 130
270 35 19193 153
271 35 31917 342
272 35 11723 64
273 35 8044 15
274 35 43735 1132
275 35 45551 940
276 35 44484 747
277 35 42384 1161
278 35 26970 241
279 35 39849 849
280 35 37453 1115
281 35 29884 224
282 35 37443 902
283 35 41703 1057
284 35 37867 755
285 35 46258 1301
286 35 14736 142
287 35 10079 68
288 35 11910 112
289 35 47086 1267
290 35 41400 1222
291 35 35628 652
292 35 33941 494
293 35 22269 350
294 35 42066 598
295 35 5717 4
296 35 35098 589
297 35 30635 469
298 35 49406 821
299 35 40045 458
300 35 27912 298
301 35 24920 274
302 35 26463 305
303 35 8161 45
304 35 28007 405
305 35 36246 816
306 35 24439 286
307 35 44109 957
308 35 31683 730
309 35 41217 956
310 35 15005 138
311 35 22928 260
312 35 18037 104
313 35 44893 649
314 35 37264 750
315 35 30944 447
316 35 42243 885
317 35 7440 31
318 35 53780 971
319 35 41589 891
320 35 18027 155
321 35 29876 875
322 35 14026 150
323 35 32875 639
324 35 40099 1299
325 35 44580 1459
326 35 13221 115
327 35 36090 1195
328 35 23316 198
329 35 31534 883
330 35 16656 224
331 35 35178 975
332 35 24605 416
333 35 32867 405
334 35 14781 158
335 35 34197 702
336 35 53207 1352
337 35 32334 460
338 35 43635 811
339 35 29199 392
340 35 41563 738
341 35 39149 456
342 35 27574 346
343 35 31294 736
344 35 31214 513
345 35 26774 356
346 35 31225 563
347 35 45749 1350
348 35 31637 547
349 35 37712 1071
350 35 26545 228
351 35 25164 416
352 35 33190 634
353 35 23643 361
354 35 29030 480
355 35 23387 377
356 35 45522 1517
357 35 32775 959
358 35 42133 977
359 35 26200 326
360 35 43961 1059
361 35 20079 190
362 35 50384 1554
363 35 41199 1572
364 35 30569 728
365 35 34280 1044
366 35 30552 590
367 35 4037 10
368 35 39171 1516
369 35 41883 1188
370 35 36404 600
371 35 36220 564
372 35 23050 202
373 35 38609 812
374 35 14614 98
375 35 33889 770
376 35 22738 278
377 35 39775 1411
378 35 27139 677
379 35 29542 987
380 35 39527 1431
381 35 38812 1359
382 35 44274 1485
383 35 25428 458
384 35 30705 668
385 35 43360 1383
386 35 3394 7
387 35 29709 351
388 35 21201 273
389 35 35824 817
390 35 37540 983
391 35 38600 1721
392 35 44226 1538
393 35 42783 1228
394 35 34301 550
395 35 10855 37
396 35 20017 265
397 35 33761 551
398 35 5706 18
399 35 23181 241
400 35 33946 434
401 35 17013 76
402 35 41125 533
403 35 42122 958
404 35 27399 490
405 35 2738 4
406 35 30426 515
407 35 11406 65
408 35 36719 502
409 35 37627 573
410 35 42560 791
411 35 37267 738
412 35 38202 853
413 35 36734 796
414 35 38182 619
415 35 48301 927
416 35 13503 133
417 35 37341 831
418 35 32758 418
419 35 45644 1139
420 35 47780 1147
421 35 38680 722
422 35 45970 995
423 35 4518 16
424 35 42976 916
425 35 26977 512
426 35 30152 588
427 35 15370 149
428 35 44874 1023
429 35 38954 751
430 35 16238 233
431 35 31643 496
432 35 21069 355
433 35 46217 1280
434 35 19508 335
435 35 33927 487
436 35 45088 1204
437 35 23557 352
438 35 35040 626
439 35 44068 631
440 35 39236 777
441 35 33026 523
442 35 42979 1086
443 35 24469 219
444 35 20651 221
445 35 33671 477
446 35 46273 1257
447 35 49517 1201
448 35 45302 961
449 35 36249 616
450 35 29112 555
451 35 37822 779
452 35 20645 337
453 35 35186 713
454 35 22592 226
455 35 35428 696
456 35 39273 617
457 35 44472 899
458 35 39273 560
459 35 23794 260
460 35 39770 972
461 35 25378 386
462 35 18813 186
463 35 24154 180
464 35 47269 1379
465 35 28488 680
466 35 42930 970
467 35 12823 79
468 35 35930 679
469 35 41414 1250
470 35 34483 734
471 35 41952 938
472 35 35720 1317
473 35 21788 267
474 35 32961 665
475 35 34867 562
476 35 39426 1741
477 35 36015 662
478 35 40135 841
479 35 30353 272
480 35 37254 473
481 35 21636 134
482 35 17869 116
483 35 38772 642
484 35 37047 732
485 35 38710 719
486 35 33310 470
487 35 40088 904
488 35 35463 710
489 35 43275 595
490 35 47816 744
491 35 16574 74
492 35 41636 795
493 35 27735 385
494 35 43646 1236
495 35 16180 131
496 35 14969 113
497 35 28500 611
498 35 33338 1027
499 35 26091 472
500 35 24605 322
