1 35 3359 10
2 35 2193 8
3 35 13521 38
4 35 36743 21566
5 35 21486 146
6 35 1107 6
7 35 35434 29268
8 35 32644 7356
9 35 7723 9
10 35 20917 1037
11 35 15157 39
12 35 24097 3899
13 35 47442 456798
14 35 10098 16
15 35 7254 10
16 35 21044 610
17 35 6357 8
18 35 45241 50156
19 35 42040 86401
20 35 18797 85
21 35 22202 7133
22 35 34309 5764
23 35 28251 3852
24 35 19987 358
25 35 6270 16
26 35 21327 425
27 35 1633 7
28 35 4552 7
29 35 3001 8
30 35 33448 8578
31 35 27041 1655
32 35 40447 68554
33 35 37068 103088
34 35 34228 12435
35 35 40493 149616
36 35 5034 11
37 35 39602 151004
38 35 23746 6048
39 35 8726 13
40 35 31568 15547
41 35 42886 62182
42 35 8590 38
43 35 11406 20
44 35 41469 38121
45 35 23881 1304
46 35 5380 7
47 35 15581 38
48 35 3333 7
49 35 19408 207
50 35 45495 95055
51 35 27000 662
52 35 12605 49
53 35 6521 9
54 35 2346 7
55 35 29689 2560
56 35 15815 440
57 35 16471 177
58 35 29599 5388
59 35 40133 23359
60 35 19671 1420
61 35 18389 92
62 35 30253 11481
63 35 36923 139076
64 35 22118 320
65 35 30232 4344
66 35 14507 92
67 35 31813 1421
68 35 2286 8
69 35 41199 171243
70 35 34894 51639
71 35 6310 8
72 35 8888 12
73 35 12776 18
74 35 29663 2425
75 35 38181 82045
76 35 11919 22
77 35 41172 65038
78 35 38416 63758
79 35 7309 8
80 35 12648 37
81 35 26871 1687
82 35 14861 26
83 35 13258 31
84 35 41428 71886
85 35 25925 1011
86 35 10946 18
87 35 41585 60571
88 35 15077 51
89 35 39501 24906
90 35 14938 59
91 35 15418 30
92 35 40316 23708
93 35 30414 2775
94 35 25734 799
95 35 11340 32
96 35 7811 10
97 35 35877 12185
98 35 11491 15
99 35 41821 21247
100 35 6400 9
101 35 18404 102
102 35 2109 7
103 35 22310 1186
104 35 27765 22627
105 35 6638 20
106 35 32672 76412
107 35 31237 13227
108 35 15224 31
109 35 6647 9
110 35 21912 449
111 35 32401 56294
112 35 23674 713
113 35 35108 28110
114 35 38046 134039
115 35 36784 71787
116 35 31241 7270
117 35 43563 114456
118 35 23997 1692
119 35 36596 96273
120 35 18020 60
121 35 3490 10
122 35 18938 68
123 35 48284 501646
124 35 10172 25
125 35 8438 9
126 35 26871 8832
127 35 7843 16
128 35 30669 2125
129 35 49467 427989
130 35 36082 46276
131 35 35909 36546
132 35 40410 88525
133 35 20713 186
134 35 16482 68
135 35 30337 3531
136 35 30090 99251
137 35 20480 80
138 35 10120 12
139 35 12405 24
140 35 21167 463
141 35 1674 7
142 35 28419 15809
143 35 11661 41
144 35 8742 11
145 35 41237 64983
146 35 25671 17643
147 35 47606 145208
148 35 26032 321
149 35 24900 2424
150 35 6220 8
151 35 19765 987
152 35 36795 18833
153 35 2079 6
154 35 20408 722
155 35 33677 54654
156 35 28491 48024
157 35 17075 54
158 35 17106 258
159 35 6374 8
160 35 35986 25423
161 35 29473 10697
162 35 16446 107
163 35 22360 1756
164 35 33479 3078
165 35 24107 2336
166 35 42179 105565
167 35 32119 24210
168 35 9976 24
169 35 18066 75
170 35 40773 156818
171 35 33914 4960
172 35 34174 10328
173 35 38293 90595
174 35 13309 62
175 35 18669 333
176 35 38588 90792
177 35 41622 36459
178 35 24531 323
179 35 35460 143277
180 35 44633 56032
181 35 4256 8
182 35 37911 19787
183 35 18138 540
184 35 41419 70773
185 35 41105 142267
186 35 5763 8
187 35 20783 178
188 35 48433 1125824
189 35 9200 12
190 35 35905 40688
191 35 23370 559
192 35 9013 12
193 35 9083 15
194 35 46222 47466
195 35 22458 640
196 35 31882 48054
197 35 48202 322260
198 35 14105 146
199 35 18149 137
200 35 33890 48389
201 35 8878 10
202 35 42086 216724
203 35 5639 8
204 35 39302 173813
205 35 14987 29
206 35 33304 44102
207 35 44844 32467
208 35 28020 2138
209 35 21093 300
210 35 20691 146
211 35 7208 9
212 35 7766 9
213 35 33923 6791
214 35 12969 37
215 35 16766 73
216 35 44491 486320
217 35 42708 143474
218 35 35280 12655
219 35 35711 107412
220 35 42087 135589
221 35 17920 173
222 35 34515 211198
223 35 40393 105663
224 35 5895 8
225 35 18483 109
226 35 29473 834
227 35 41985 122787
228 35 4171 8
229 35 9030 8
230 35 39753 76649
231 35 12393 31
232 35 2050 8
233 35 51158 1016000
234 35 40439 82642
235 35 16099 61
236 35 10099 16
237 35 21066 448
238 35 10518 14
239 35 31776 6264
240 35 4921 8
241 35 30932 7331
242 35 29829 8883
243 35 41298 242592
244 35 39267 130206
245 35 20154 633
246 35 17584 72
247 35 41543 66363
248 35 42743 52514
249 35 20692 759
250 35 5708 10
251 35 37238 193801
252 35 14769 45
253 35 16928 60
254 35 0 7
255 35 22495 339
256 35 34758 24042
257 35 19662 138
258 35 29533 54583
259 35 1740 7
260 35 34435 2925
261 35 19224 222
262 35 43648 70492
263 35 32319 4293
264 35 41269 73385
265 35 36170 19606
266 35 39628 32120
267 35 11695 34
268 35 30374 8172
269 35 18418 114
270 35 19193 68
271 35 30105 5046
272 35 8815 10
273 35 7551 8
274 35 31127 93403
275 35 26759 2306
276 35 44484 195535
277 35 14929 91
278 35 26970 227
279 35 39849 46892
280 35 16930 162
281 35 29884 678
282 35 37443 68518
283 35 23435 2401
284 35 37867 31666
285 35 37745 82582
286 35 14736 57
287 35 10079 19
288 35 11910 21
289 35 44942 581284
290 35 41400 68576
291 35 13695 25
292 35 33941 8724
293 35 22269 432
294 35 42066 34228
295 35 5607 7
296 35 13227 74
297 35 14270 21
298 35 24024 2360
299 35 25466 1768
300 35 26563 2056
301 35 11707 20
302 35 23672 1904
303 35 8161 15
304 35 12384 19
305 35 36246 192206
306 35 21327 1124
307 35 23182 1053
308 35 31683 3337
309 35 6876 9
310 35 15005 46
311 35 14599 53
312 35 18037 39
313 35 44893 138387
314 35 37264 71493
315 35 10580 35
316 35 7035 10
317 35 4899 7
318 35 42138 268554
319 35 41589 215756
320 35 4334 8
321 35 12206 37
322 35 14026 127
323 35 32875 3324
324 35 23843 2244
325 35 44580 187185
326 35 11005 12
327 35 36090 27882
328 35 23316 258
329 35 31534 7687
330 35 15498 31
331 35 35178 20169
332 35 18489 51
333 35 2275 7
334 35 2484 7
335 35 34197 16147
336 35 11265 28
337 35 32334 30577
338 35 29665 15360
339 35 22240 378
340 35 41563 185713
341 35 18522 315
342 35 26937 7999
343 35 31294 8313
344 35 11093 14
345 35 17469 187
346 35 31225 9071
347 35 20542 658
348 35 31637 2129
349 35 22464 920
350 35 25419 458
351 35 25164 891
352 35 7059 9
353 35 6386 8
354 35 29030 2272
355 35 9855 10
356 35 45046 147406
357 35 32775 34623
358 35 42133 78624
359 35 3701 9
360 35 42411 186990
361 35 3996 7
362 35 50384 318227
363 35 41199 73979
364 35 24672 1248
365 35 32961 55771
366 35 28838 4810
367 35 4037 8
368 35 39171 184221
369 35 10883 18
370 35 36404 224578
371 35 36220 87534
372 35 20054 110
373 35 38609 32879
374 35 14614 20
375 35 30793 19451
376 35 11629 18
377 35 19967 633
378 35 20862 583
379 35 17617 1478
380 35 33430 97710
381 35 19666 132
382 35 44274 296770
383 35 25428 288
384 35 30705 36923
385 35 43360 146700
386 35 3394 9
387 35 18787 181
388 35 8537 19
389 35 5117 9
390 35 17737 252
391 35 31249 20313
392 35 14231 27
393 35 11759 29
394 35 34301 503998
395 35 10855 16
396 35 20017 1165
397 35 23437 6346
398 35 5706 8
399 35 21869 1061
400 35 33946 11545
401 35 15946 37
402 35 41125 70559
403 35 42122 156195
404 35 21217 345
405 35 2738 9
406 35 6532 8
407 35 6323 8
408 35 8823 11
409 35 34461 32701
410 35 42560 160172
411 35 22467 1807
412 35 38202 47685
413 35 9564 12
414 35 21498 880
415 35 48301 85434
416 35 12642 26
417 35 17585 266
418 35 32758 5199
419 35 35026 42994
420 35 47780 180005
421 35 31003 16140
422 35 45970 255425
423 35 4518 11
424 35 40775 198663
425 35 26977 2402
426 35 4090 7
427 35 15370 46
428 35 1321 7
429 35 38954 112999
430 35 9614 12
431 35 18990 107
432 35 14748 161
433 35 32759 114191
434 35 19508 165
435 35 33927 17864
436 35 26626 4770
437 35 13244 30
438 35 35040 31989
439 35 30953 7197
440 35 26118 15867
441 35 7306 15
442 35 1382 7
443 35 24469 1516
444 35 20651 728
445 35 33671 13615
446 35 29567 31975
447 35 49517 750454
448 35 15497 90
449 35 12178 16
450 35 16680 55
451 35 37822 15087
452 35 20645 729
453 35 35186 17191
454 35 3588 7
455 35 21853 874
456 35 39273 11844
457 35 9184 12
458 35 5315 8
459 35 2456 7
460 35 20365 1052
461 35 25378 1195
462 35 12086 27
463 35 19976 454
464 35 47269 343989
465 35 1112 7
466 35 24768 1104
467 35 5740 8
468 35 35930 35641
469 35 41414 93181
470 35 34483 45298
471 35 41952 160896
472 35 23226 8321
473 35 2494 7
474 35 32961 8575
475 35 30171 8152
476 35 39426 36728
477 35 28246 11473
478 35 21628 497
479 35 13239 32
480 35 37254 34742
481 35 4658 7
482 35 17869 91
483 35 29224 13061
484 35 37047 14761
485 35 510 7
486 35 23024 1497
487 35 34534 48654
488 35 35463 120272
489 35 28948 7175
490 35 31753 32652
491 35 16574 51
492 35 41636 50862
493 35 915 7
494 35 18648 147
495 35 16180 77
496 35 14969 85
497 35 28162 2328
498 35 6639 11
499 35 8279 13
500 35 24605 516
