1 22 16960 57285
2 22 18418 34361
3 22 19904 49701
4 22 21510 78677
5 22 19742 36382
6 22 20359 84518
7 22 18586 40647
8 22 22781 36455
9 22 19614 34140
10 22 21153 36343
11 22 19174 34282
12 22 21691 33228
13 22 21151 32051
14 22 18973 34402
15 22 18023 34253
16 22 20030 36860
17 22 18848 35616
18 22 18559 35868
19 22 19500 34752
20 22 17490 33624
21 22 19782 34366
22 22 18913 33315
23 22 20900 37281
24 22 22760 35893
25 22 16851 31656
26 22 22429 33195
27 22 20911 46924
28 22 19049 38152
29 22 17815 33598
30 22 20767 33299
31 22 20577 33559
32 22 18479 33743
33 22 17720 34824
34 22 22539 38610
35 22 17727 34593
36 22 18656 34791
37 22 19132 37808
38 22 22959 37302
39 22 17788 37144
40 22 20224 34641
41 22 20941 36766
42 22 20461 35163
43 22 19546 36693
44 22 20596 35422
45 22 20315 35952
46 22 22506 35574
47 22 17320 48601
48 22 22139 59484
49 22 19140 36732
50 22 18782 33541
51 22 21831 34640
52 22 17185 32826
53 22 21114 34236
54 22 20210 35435
55 22 19533 36711
56 22 20088 35481
57 22 20171 35880
58 22 19796 36085
59 22 18056 33586
60 22 20164 36843
61 22 20039 39229
62 22 19151 34799
63 22 16206 31956
64 22 21501 33785
65 22 18341 32138
66 22 20566 33171
67 22 20865 33685
68 22 20896 33142
69 22 17772 32670
70 22 19564 35170
71 22 18916 33269
72 22 17383 34094
73 22 19601 33679
74 22 20001 36219
75 22 19898 35904
76 22 18837 36321
77 22 21497 37210
78 22 20448 50706
79 22 21022 32974
80 22 18257 31117
81 22 17032 33184
82 22 18156 35971
83 22 18908 34638
84 22 21831 33685
85 22 18354 31454
86 22 19428 35108
87 22 16476 32683
88 22 20093 35368
89 22 16353 33624
90 22 21917 35125
91 22 20659 33310
92 22 21291 53974
93 22 18831 38728
94 22 21868 37347
95 22 20057 35261
96 22 20359 35462
97 22 18548 37977
98 22 19305 60956
99 22 18028 41032
100 22 16811 30775
101 22 17831 34604
102 22 19827 37144
103 22 19666 35503
104 22 19693 34720
105 22 20630 33485
106 22 19322 34554
107 22 20756 37011
108 22 18497 35026
109 22 19749 37655
110 22 20261 35850
111 22 20249 35873
112 22 19856 35814
113 22 16920 62718
114 22 20039 49303
115 22 20114 39454
116 22 16751 39374
117 22 17877 34420
118 22 21477 35898
119 22 18895 35508
120 22 21083 38066
121 22 20885 36805
122 22 19351 40001
123 22 18756 38742
124 22 20411 36304
125 22 19591 36309
126 22 17485 34594
127 22 21771 36036
128 22 19008 36564
129 22 19781 38082
130 22 23470 37360
131 22 15940 37871
132 22 19724 35137
133 22 20958 33685
134 22 18395 35089
135 22 20963 35136
136 22 22370 36965
137 22 20734 35688
138 22 19814 34342
139 22 18218 44197
140 22 18218 46779
141 22 18580 35393
142 22 18109 36576
143 22 19427 38791
144 22 19512 37034
145 22 19855 37361
146 22 22941 34735
147 22 16548 33813
148 22 16518 36033
149 22 20467 39150
150 22 18636 30571
151 22 20381 34265
152 22 20076 36234
153 22 22153 39111
154 22 21813 37177
155 22 22266 39186
156 22 21253 37044
157 22 20556 35350
158 22 18168 38760
159 22 17434 52408
160 22 16783 57218
161 22 19955 37082
162 22 21478 36444
163 22 21573 35830
164 22 20466 36544
165 22 23142 37180
166 22 20488 37126
167 22 20652 37247
168 22 20304 36243
169 22 18806 36304
170 22 19322 35214
171 22 20541 36357
172 22 22126 37878
173 22 19809 37405
174 22 19089 35031
175 22 20885 37537
176 22 20679 36133
177 22 19052 36064
178 22 19387 36444
179 22 20903 36421
180 22 18613 35529
181 22 20609 37965
182 22 16260 35032
183 22 18387 37121
184 22 17807 36828
185 22 18252 35872
186 22 21591 36277
187 22 18993 33824
188 22 19799 35375
189 22 18403 37253
190 22 17118 37440
191 22 17918 34814
192 22 19232 34776
193 22 17612 35087
194 22 18177 32454
195 22 20220 32496
196 22 20532 33517
197 22 22141 35309
198 22 17576 35807
199 22 20322 35186
200 22 18723 32715
201 22 16290 37196
202 22 19074 35054
203 22 20169 35429
204 22 20080 34404
205 22 20241 34439
206 22 21416 34462
207 22 20234 42197
208 22 17986 34927
209 22 18908 31272
210 22 19909 33367
211 22 18742 34984
212 22 19185 34153
213 22 19743 35139
214 22 20305 33802
215 22 18762 34946
216 22 19455 36697
217 22 20544 35570
218 22 23281 35429
219 22 20954 56715
220 22 18576 37561
221 22 24361 35634
222 22 18517 33723
223 22 16754 31448
224 22 17327 38705
225 22 23697 34361
226 22 19589 34869
227 22 18389 33049
228 22 21368 34116
229 22 19597 55987
230 22 18404 33748
231 22 16962 33497
232 22 18808 35241
233 22 19934 33738
234 22 19512 33622
235 22 19071 35355
236 22 20838 36044
237 22 19008 36320
238 22 19985 39297
239 22 18567 79826
240 22 16036 50006
241 22 21591 38672
242 22 19398 36854
243 22 20542 35279
244 22 20291 32326
245 22 18082 33571
246 22 20972 35903
247 22 17728 32291
248 22 20138 34917
249 22 17389 34863
250 22 16174 33252
251 22 19581 36375
252 22 19398 38244
253 22 22861 36588
254 22 20678 35626
255 22 20424 35989
256 22 17697 38990
257 22 17959 38101
258 22 21220 36743
259 22 19378 62632
260 22 19246 54708
261 22 18854 37718
262 22 16805 33175
263 22 16585 35226
264 22 19159 36422
265 22 19578 38690
266 22 18022 35579
267 22 19499 36522
268 22 18390 34948
269 22 20855 37870
270 22 21567 37433
271 22 18347 36729
272 22 18736 36789
273 22 16524 36743
274 22 21906 35832
275 22 18160 35468
276 22 16845 36066
277 22 19651 37125
278 22 19755 35973
279 22 15158 33746
280 22 22038 39796
281 22 15379 35784
282 22 19244 35674
283 22 19708 35032
284 22 21931 35492
285 22 19786 36852
286 22 20425 36954
287 22 20201 34775
288 22 22089 36787
289 22 21473 36802
290 22 20481 52430
291 22 18337 35126
292 22 18881 36615
293 22 18296 33952
294 22 16259 34227
295 22 19179 35552
296 22 21420 34489
297 22 17495 37478
298 22 22892 41533
299 22 22258 40994
300 22 18684 38314
301 22 18393 41475
302 22 22529 44608
303 22 19600 45299
304 22 21441 45364
305 22 17946 42998
306 22 18088 41226
307 22 20133 44873
308 22 17101 43028
309 22 22298 43523
310 22 19787 43883
311 22 14004 46249
312 22 18556 44386
313 22 20991 46886
314 22 20445 46181
315 22 20926 45169
316 22 19308 43192
317 22 19477 45897
318 22 17817 40422
319 22 16464 43329
320 22 17399 46230
321 22 19132 46186
322 22 20286 44441
323 22 16989 45935
324 22 20199 45232
325 22 18267 44857
326 22 18262 46983
327 22 18276 43929
328 22 19071 72982
329 22 18741 49037
330 22 16513 44658
331 22 21984 48709
332 22 19989 45252
333 22 19328 56704
334 22 19806 43739
335 22 18922 44987
336 22 19513 45608
337 22 18968 45026
338 22 17903 48990
339 22 20260 43212
340 22 19786 48872
341 22 15542 45004
342 22 19152 44685
343 22 20820 46025
344 22 22284 45064
345 22 18762 44335
346 22 16249 46158
347 22 17716 47483
348 22 21871 44703
349 22 17725 63953
350 22 18985 61122
351 22 20986 42190
352 22 19168 43252
353 22 20847 48926
354 22 20181 42620
355 22 19978 48335
356 22 18874 43356
357 22 18849 46327
358 22 20086 44653
359 22 20955 78517
360 22 22390 50573
361 22 19512 44345
362 22 19353 44243
363 22 20810 48419
364 22 18451 42104
365 22 19896 49192
366 22 22242 46097
367 22 20449 46600
368 22 20630 40692
369 22 20705 49130
370 22 18800 41556
371 22 16665 45367
372 22 21044 47306
373 22 18653 46384
374 22 18790 39067
375 22 19207 42577
376 22 21337 43963
377 22 20452 41248
378 22 18213 46760
379 22 19788 43010
380 22 22211 44469
381 22 18522 48992
382 22 17570 45818
383 22 17546 41409
384 22 18105 44817
385 22 18009 44937
386 22 20722 45815
387 22 17314 43477
388 22 20481 46353
389 22 18780 47155
390 22 17456 44050
391 22 19772 49355
392 22 21401 44576
393 22 18274 42293
394 22 19646 45139
395 22 20694 45447
396 22 20693 43601
397 22 21941 46291
398 22 23164 45770
399 22 20451 45389
400 22 19089 44691
401 22 18117 49520
402 22 17497 43869
403 22 19854 47766
404 22 20552 43661
405 22 13909 48674
406 22 19413 42668
407 22 20222 47364
408 22 19155 60804
409 22 20224 49644
410 22 21832 59573
411 22 18401 48971
412 22 19707 44135
413 22 22580 44279
414 22 15940 41826
415 22 19752 45377
416 22 21079 44883
417 22 20300 45427
418 22 18929 48306
419 22 20461 45430
420 22 20566 45907
421 22 19889 42620
422 22 18438 47851
423 22 20448 42768
424 22 17818 47474
425 22 18979 65654
426 22 20496 41538
427 22 20120 49952
428 22 19084 48333
429 22 20388 83309
430 22 18016 72812
431 22 18499 44977
432 22 17722 45276
433 22 17888 44570
434 22 20071 46444
435 22 16781 43578
436 22 20897 45238
437 22 19866 45764
438 22 19714 44586
439 22 19917 44398
440 22 21727 45811
441 22 22333 43295
442 22 19970 45083
443 22 20396 46606
444 22 17024 42476
445 22 20832 46581
446 22 20448 42867
447 22 18658 42764
448 22 20091 43459
449 22 19117 44390
450 22 19936 42420
451 22 21177 46821
452 22 20779 43455
453 22 20481 43721
454 22 19866 42389
455 22 21775 44912
456 22 20311 45333
457 22 19603 42851
458 22 17994 45116
459 22 16816 44091
460 22 16477 50603
461 22 17736 41482
462 22 18912 42384
463 22 22025 43928
464 22 20697 45446
465 22 19398 46793
466 22 15635 40566
467 22 20508 44357
468 22 20741 42779
469 22 18107 41453
470 22 16490 43552
471 22 21090 46257
472 22 21662 49612
473 22 19457 45107
474 22 20498 48320
475 22 21296 48189
476 22 17518 45318
477 22 23399 44387
478 22 19793 45293
479 22 19748 44955
480 22 19438 45978
481 22 21918 47059
482 22 21442 43479
483 22 21900 44360
484 22 21211 44104
485 22 20892 47327
486 22 20102 43880
487 22 20829 46539
488 22 20658 43911
489 22 20005 44589
490 22 20034 42836
491 22 18692 47185
492 22 22373 50580
493 22 22595 45562
494 22 18208 43309
495 22 18754 45332
496 22 17237 80126
497 22 20898 44261
498 22 19120 46110
499 22 21983 50715
500 22 19400 41910
