1 22 16960 305
2 22 18418 420
3 22 19905 502
4 22 21510 563
5 22 19742 508
6 22 20359 497
7 22 18586 464
8 22 22781 584
9 22 19614 475
10 22 21153 539
11 22 19174 416
12 22 21691 508
13 22 21151 469
14 22 18973 372
15 22 18023 370
16 22 20030 414
17 22 19003 387
18 22 18559 376
19 22 19500 420
20 22 17490 352
21 22 19782 422
22 22 18913 369
23 22 20900 448
24 22 22760 617
25 22 16851 371
26 22 22429 551
27 22 20911 512
28 22 19049 396
29 22 17821 364
30 22 20767 574
31 22 20577 608
32 22 18479 542
33 22 17720 500
34 22 22539 683
35 22 17727 476
36 22 18656 541
37 22 19132 562
38 22 22959 765
39 22 17788 493
40 22 20224 578
41 22 20941 617
42 22 20660 582
43 22 19546 562
44 22 20596 637
45 22 20315 586
46 22 22506 715
47 22 17320 519
48 22 22139 651
49 22 19140 404
50 22 18782 343
51 22 21831 359
52 22 17185 215
53 22 21114 261
54 22 20210 264
55 22 19533 255
56 22 20088 278
57 22 20171 266
58 22 19796 258
59 22 18056 226
60 22 20164 279
61 22 20039 294
62 22 19151 227
63 22 16206 202
64 22 21501 286
65 22 18341 212
66 22 20566 240
67 22 20865 244
68 22 20896 233
69 22 17772 246
70 22 19564 356
71 22 18916 269
72 22 17383 235
73 22 19601 278
74 22 20001 287
75 22 19898 290
76 22 18837 271
77 22 21497 335
78 22 20448 314
79 22 21087 317
80 22 18257 249
81 22 17032 262
82 22 18156 288
83 22 18908 306
84 22 21831 344
85 22 18354 257
86 22 19428 276
87 22 16476 222
88 22 20093 378
89 22 16353 275
90 22 21917 437
91 22 20659 452
92 22 21291 488
93 22 18831 404
94 22 21868 441
95 22 20296 438
96 22 20359 412
97 22 18548 387
98 22 19305 362
99 22 18028 312
100 22 16811 277
101 22 17831 331
102 22 19834 468
103 22 19742 397
104 22 19693 422
105 22 20630 452
106 22 19322 356
107 22 20756 553
108 22 18497 336
109 22 19749 340
110 22 20261 370
111 22 20249 336
112 22 19856 362
113 22 16920 311
114 22 20039 388
115 22 20114 386
116 22 16751 311
117 22 17877 392
118 22 21477 523
119 22 18895 399
120 22 21083 559
121 22 20885 411
122 22 19351 368
123 22 18756 364
124 22 20411 405
125 22 19591 314
126 22 17485 277
127 22 21771 285
128 22 19008 236
129 22 19781 301
130 22 23470 401
131 22 15940 228
132 22 19724 307
133 22 20958 329
134 22 18395 303
135 22 20963 363
136 22 22370 384
137 22 20734 332
138 22 19814 383
139 22 18218 432
140 22 18218 448
141 22 18580 514
142 22 18109 487
143 22 19569 594
144 22 19512 581
145 22 19855 592
146 22 22941 711
147 22 16548 429
148 22 16518 401
149 22 20467 588
150 22 18883 476
151 22 20381 479
152 22 20076 459
153 22 22153 699
154 22 21813 640
155 22 22266 656
156 22 21253 624
157 22 20556 622
158 22 18168 493
159 22 17434 522
160 22 16783 441
161 22 19955 476
162 22 21478 638
163 22 21573 518
164 22 20466 469
165 22 23142 631
166 22 20488 525
167 22 20652 528
168 22 20304 591
169 22 18806 718
170 22 19322 542
171 22 20541 623
172 22 22126 677
173 22 19809 540
174 22 19089 482
175 22 20885 593
176 22 20679 502
177 22 19052 445
178 22 19387 349
179 22 20903 393
180 22 18613 327
181 22 20678 406
182 22 16260 294
183 22 18387 335
184 22 17807 313
185 22 18252 312
186 22 21591 361
187 22 18993 318
188 22 19799 337
189 22 18403 301
190 22 17118 265
191 22 17918 282
192 22 19232 326
193 22 17612 281
194 22 18177 294
195 22 20220 344
196 22 20532 455
197 22 22141 529
198 22 17576 357
199 22 20322 419
200 22 18723 391
201 22 16290 292
202 22 19074 366
203 22 20169 398
204 22 20080 376
205 22 20241 373
206 22 21416 391
207 22 20234 353
208 22 17986 409
209 22 18908 464
210 22 19909 485
211 22 18742 404
212 22 19185 409
213 22 19743 535
214 22 20305 581
215 22 18762 546
216 22 19455 578
217 22 20544 523
218 22 23281 547
219 22 20954 457
220 22 18576 432
221 22 24361 701
222 22 18517 470
223 22 16754 397
224 22 17327 402
225 22 23697 663
226 22 19589 438
227 22 18389 390
228 22 21368 474
229 22 19597 401
230 22 18404 373
231 22 16962 393
232 22 18808 458
233 22 19934 486
234 22 19512 433
235 22 19071 605
236 22 20838 619
237 22 19008 551
238 22 19985 636
239 22 18567 513
240 22 16288 421
241 22 21591 643
242 22 19398 573
243 22 20542 573
244 22 20291 614
245 22 18082 434
246 22 20972 507
247 22 17728 475
248 22 20138 452
249 22 17389 443
250 22 16419 409
251 22 19581 531
252 22 19398 469
253 22 22861 661
254 22 20678 569
255 22 20424 434
256 22 17697 385
257 22 17959 400
258 22 21220 503
259 22 19378 404
260 22 19246 404
261 22 18854 466
262 22 16805 367
263 22 16585 345
264 22 19159 423
265 22 19578 495
266 22 18022 484
267 22 19499 467
268 22 18390 423
269 22 20855 361
270 22 21567 386
271 22 18347 345
272 22 18736 340
273 22 16524 307
274 22 21906 478
275 22 18160 370
276 22 16845 322
277 22 19809 436
278 22 19755 419
279 22 15158 298
280 22 22038 469
281 22 15379 473
282 22 19244 438
283 22 19708 512
284 22 21931 576
285 22 19786 503
286 22 20425 584
287 22 20201 505
288 22 22089 653
289 22 21473 630
290 22 20481 624
291 22 18337 532
292 22 18881 548
293 22 18296 498
294 22 16259 436
295 22 19179 569
296 22 21420 612
297 22 17495 502
298 22 22892 646
299 22 22258 694
300 22 18684 515
301 22 18419 481
302 22 22529 681
303 22 19600 615
304 22 21441 628
305 22 17946 521
306 22 18088 498
307 22 20133 574
308 22 17101 437
309 22 22298 1075
310 22 19787 574
311 22 14004 400
312 22 18556 547
313 22 20991 659
314 22 20445 492
315 22 20926 617
316 22 19308 475
317 22 19477 529
318 22 17817 472
319 22 16464 391
320 22 17399 364
321 22 19132 404
322 22 20286 335
323 22 16989 264
324 22 20199 347
325 22 18267 298
326 22 18262 257
327 22 18276 237
328 22 19071 264
329 22 18741 272
330 22 16513 225
331 22 21984 330
332 22 19989 304
333 22 19328 289
334 22 19806 273
335 22 18922 256
336 22 19513 274
337 22 18968 247
338 22 17903 235
339 22 20260 272
340 22 19786 252
341 22 15542 167
342 22 19152 235
343 22 20820 292
344 22 22284 321
345 22 18762 264
346 22 16249 230
347 22 17716 239
348 22 21871 327
349 22 17725 211
350 22 18985 220
351 22 20986 266
352 22 19168 250
353 22 20847 282
354 22 20181 271
355 22 20159 251
356 22 18874 227
357 22 18849 198
358 22 20086 207
359 22 20955 254
360 22 22390 260
361 22 19512 238
362 22 19353 237
363 22 20810 252
364 22 18451 181
365 22 19896 207
366 22 22242 274
367 22 20449 241
368 22 20630 250
369 22 20705 248
370 22 18800 219
371 22 16665 165
372 22 21044 235
373 22 18653 219
374 22 18790 223
375 22 19207 210
376 22 21337 273
377 22 20452 240
378 22 18213 213
379 22 19788 229
380 22 22211 271
381 22 18522 240
382 22 17570 178
383 22 17546 194
384 22 18105 215
385 22 18009 201
386 22 20722 305
387 22 17314 230
388 22 20731 375
389 22 18780 328
390 22 17506 333
391 22 19772 655
392 22 21401 695
393 22 18451 542
394 22 19646 623
395 22 20694 653
396 22 20693 580
397 22 21941 720
398 22 23164 617
399 22 20451 681
400 22 19089 469
401 22 18117 428
402 22 17497 294
403 22 19854 371
404 22 20552 385
405 22 13909 199
406 22 19427 295
407 22 20222 314
408 22 19380 328
409 22 20224 257
410 22 21832 275
411 22 18401 236
412 22 19707 256
413 22 22580 313
414 22 15940 232
415 22 19752 332
416 22 21079 354
417 22 20300 342
418 22 18929 316
419 22 20461 333
420 22 20566 344
421 22 19889 314
422 22 18438 321
423 22 20448 431
424 22 17818 374
425 22 18979 414
426 22 20496 451
427 22 20120 406
428 22 19330 361
429 22 20388 421
430 22 18016 360
431 22 18502 420
432 22 17722 368
433 22 17888 476
434 22 20071 578
435 22 16781 628
436 22 20897 653
437 22 19866 631
438 22 19714 611
439 22 19917 583
440 22 21727 696
441 22 22333 643
442 22 19970 610
443 22 20396 619
444 22 17024 430
445 22 20832 726
446 22 20448 576
447 22 18658 527
448 22 20091 615
449 22 19117 539
450 22 19936 781
451 22 21177 483
452 22 20779 544
453 22 20481 534
454 22 20055 389
455 22 21775 472
456 22 20311 427
457 22 19853 426
458 22 17994 378
459 22 16816 366
460 22 16477 282
461 22 17736 297
462 22 18912 337
463 22 22025 404
464 22 20697 372
465 22 19398 349
466 22 15635 259
467 22 20508 404
468 22 20741 354
469 22 18107 291
470 22 16490 366
471 22 21090 494
472 22 21662 495
473 22 19457 507
474 22 20498 472
475 22 21296 483
476 22 17518 288
477 22 23399 451
478 22 19793 376
479 22 19813 378
480 22 19438 373
481 22 21918 454
482 22 21442 476
483 22 21900 463
484 22 21211 490
485 22 20892 514
486 22 20112 598
487 22 20829 593
488 22 20658 570
489 22 20005 511
490 22 20034 549
491 22 18692 493
492 22 22373 632
493 22 22595 621
494 22 18208 468
495 22 18754 471
496 22 17237 438
497 22 20898 480
498 22 19120 392
499 22 21983 403
500 22 19400 416
