1 22 16623 25288
2 22 18039 8647
3 22 19539 15449
4 22 21484 14503
5 22 19742 15776
6 22 19638 4197
7 22 18586 16188
8 22 22781 13203
9 22 19156 17958
10 22 20766 7847
11 22 18738 12447
12 22 21548 10358
13 22 21151 12723
14 22 18409 14915
15 22 18023 13135
16 22 19800 13304
17 22 18531 14078
18 22 18559 15328
19 22 19500 13865
20 22 17458 23679
21 22 19441 13481
22 22 18913 12783
23 22 20900 13374
24 22 22760 12960
25 22 16851 20397
26 22 22429 12866
27 22 20152 7339
28 22 18427 15265
29 22 17815 15238
30 22 20767 13152
31 22 20577 13427
32 22 18479 16104
33 22 17720 23976
34 22 22489 12521
35 22 17727 24183
36 22 18268 15228
37 22 19126 22378
38 22 22959 11345
39 22 17226 7217
40 22 20167 13907
41 22 20941 14580
42 22 20518 7835
43 22 19546 20785
44 22 20596 33293
45 22 20315 26585
46 22 22295 7697
47 22 17320 21748
48 22 21520 7798
49 22 19140 17985
50 22 18782 23350
51 22 21831 10043
52 22 17006 13638
53 22 20631 6965
54 22 19454 7607
55 22 19533 13011
56 22 20088 13227
57 22 19719 13723
58 22 19796 18165
59 22 18056 15158
60 22 20038 13128
61 22 19680 7968
62 22 19151 20564
63 22 16206 12652
64 22 21501 12918
65 22 18341 12775
66 22 20086 13371
67 22 20865 22899
68 22 20164 7064
69 22 17772 15998
70 22 19564 14723
71 22 18270 7549
72 22 17351 15313
73 22 19355 7420
74 22 20001 17119
75 22 19898 19308
76 22 18481 14331
77 22 21497 10159
78 22 20448 13094
79 22 20790 13694
80 22 17879 12983
81 22 17032 13193
82 22 17993 9108
83 22 18703 13675
84 22 21831 12877
85 22 18354 18796
86 22 19428 22062
87 22 16476 13422
88 22 20093 13409
89 22 16353 23429
90 22 21917 7877
91 22 20659 13984
92 22 21291 18675
93 22 18831 19127
94 22 21868 19138
95 22 19856 19524
96 22 19993 12882
97 22 18548 15670
98 22 19208 13204
99 22 18028 12824
100 22 16530 24784
101 22 17624 7881
102 22 19346 16648
103 22 19513 7642
104 22 19693 12968
105 22 20630 8018
106 22 19322 18130
107 22 20756 12977
108 22 18315 8167
109 22 19749 17777
110 22 20261 7747
111 22 20212 14897
112 22 19856 13343
113 22 16920 13130
114 22 19971 7798
115 22 20114 14022
116 22 16751 23538
117 22 17877 17485
118 22 21245 12795
119 22 18895 23996
120 22 21083 12771
121 22 20225 13911
122 22 19336 15109
123 22 18756 17726
124 22 19894 14800
125 22 19188 12925
126 22 17485 12641
127 22 21771 16414
128 22 19008 23201
129 22 19734 19726
130 22 23470 12917
131 22 15940 30099
132 22 19724 13372
133 22 20798 7667
134 22 18080 12838
135 22 20963 12575
136 22 22318 7257
137 22 20734 12949
138 22 19787 13148
139 22 17965 14576
140 22 18218 12915
141 22 18034 7875
142 22 17993 13324
143 22 19394 7758
144 22 19467 10829
145 22 19855 13319
146 22 22787 8117
147 22 16548 25244
148 22 16518 24236
149 22 20467 12692
150 22 18653 7583
151 22 20381 12459
152 22 20076 12599
153 22 21556 7298
154 22 21518 13165
155 22 22266 13363
156 22 21093 12613
157 22 20556 6808
158 22 17791 14680
159 22 16913 13115
160 22 16783 23344
161 22 19877 14703
162 22 21136 8181
163 22 21573 12986
164 22 20466 12955
165 22 22868 8361
166 22 20488 22653
167 22 20652 13092
168 22 20304 16434
169 22 18790 14510
170 22 19322 12675
171 22 20541 16897
172 22 22126 12002
173 22 19809 17740
174 22 18697 7694
175 22 20614 12820
176 22 20679 9117
177 22 19052 15631
178 22 19387 22518
179 22 20903 12026
180 22 18613 22500
181 22 19984 13752
182 22 16260 23003
183 22 18093 15941
184 22 17807 16007
185 22 18230 21863
186 22 21178 7508
187 22 18993 19060
188 22 19799 10185
189 22 18403 13920
190 22 17118 21586
191 22 17918 22504
192 22 19232 19561
193 22 17058 13121
194 22 18177 14340
195 22 20220 11909
196 22 20485 8655
197 22 22141 13137
198 22 17175 13902
199 22 19949 7442
200 22 18633 16203
201 22 15871 23271
202 22 19074 14591
203 22 19735 7246
204 22 20080 19928
205 22 19939 12484
206 22 21327 7673
207 22 20234 14966
208 22 17986 19788
209 22 18908 18306
210 22 19909 12410
211 22 18132 13444
212 22 19185 7557
213 22 19718 18748
214 22 20012 21310
215 22 18762 12113
216 22 19455 12693
217 22 20544 12593
218 22 23281 12491
219 22 20954 12744
220 22 18541 15587
221 22 24361 12742
222 22 18424 20298
223 22 16754 25539
224 22 16973 26351
225 22 23697 12505
226 22 19589 13560
227 22 18389 15114
228 22 21206 10384
229 22 19515 14288
230 22 18404 21725
231 22 16690 14703
232 22 18636 14331
233 22 19934 11993
234 22 19449 16205
235 22 19037 11864
236 22 20838 17858
237 22 18901 19686
238 22 19920 13322
239 22 18567 20526
240 22 15758 14338
241 22 21591 13927
242 22 19398 12940
243 22 20542 12742
244 22 20291 11973
245 22 17714 12859
246 22 20972 15193
247 22 17728 14142
248 22 20138 26604
249 22 17241 7704
250 22 15842 12631
251 22 19581 13273
252 22 18970 14120
253 22 22861 12416
254 22 20678 13278
255 22 20424 11907
256 22 17697 22393
257 22 17898 14438
258 22 21172 8429
259 22 18852 13983
260 22 19246 13288
261 22 18854 15458
262 22 16805 22636
263 22 16585 23803
264 22 19159 21997
265 22 19578 11765
266 22 18022 12397
267 22 19499 22527
268 22 18161 12774
269 22 20855 16011
270 22 21567 13797
271 22 18347 12417
272 22 18690 13203
273 22 16466 14080
274 22 21828 6853
275 22 18160 7483
276 22 16845 22411
277 22 19617 7528
278 22 19755 12972
279 22 15158 21967
280 22 21683 12701
281 22 15379 41524
282 22 19244 48067
283 22 19427 12732
284 22 21931 29109
285 22 19627 9232
286 22 20425 13209
287 22 20201 12603
288 22 22089 16709
289 22 21441 11667
290 22 20481 13014
291 22 17914 14979
292 22 18881 17654
293 22 18296 19005
294 22 16259 23905
295 22 19061 12819
296 22 21006 7357
297 22 17130 13354
298 22 22397 12833
299 22 22087 7604
300 22 18633 14309
301 22 18050 15040
302 22 22415 12045
303 22 19600 6492
304 22 20973 8053
305 22 17946 28555
306 22 17965 12481
307 22 19868 7492
308 22 17101 23901
309 22 22298 3944
310 22 19787 12686
311 22 13831 13356
312 22 18556 16031
313 22 20991 13023
314 22 20445 20741
315 22 20771 8011
316 22 19113 14145
317 22 19228 13417
318 22 17659 14537
319 22 16464 24950
320 22 17291 15216
321 22 18660 14998
322 22 20286 12872
323 22 16989 25356
324 22 20005 8206
325 22 18267 14063
326 22 18127 13283
327 22 18276 26090
328 22 19071 34807
329 22 18741 39775
330 22 16513 31310
331 22 21984 17202
332 22 19865 16401
333 22 18636 7781
334 22 19371 7177
335 22 18922 19319
336 22 18977 15992
337 22 18968 19502
338 22 17761 14838
339 22 20045 13235
340 22 19786 14527
341 22 15222 25583
342 22 19083 15173
343 22 20820 12233
344 22 21781 4204
345 22 18514 15615
346 22 16249 18121
347 22 17716 15496
348 22 21871 12175
349 22 17424 13366
350 22 18955 13079
351 22 20986 11921
352 22 19168 7918
353 22 20255 8358
354 22 20181 13094
355 22 20159 8030
356 22 18874 13215
357 22 18849 13153
358 22 20086 12919
359 22 20360 14885
360 22 22390 12914
361 22 18827 7662
362 22 19353 11379
363 22 20810 17719
364 22 18362 13359
365 22 19866 20447
366 22 22242 12942
367 22 20449 19535
368 22 20630 13062
369 22 20283 13769
370 22 18800 13092
371 22 16665 24991
372 22 20906 14328
373 22 18653 14732
374 22 18790 13082
375 22 19182 15206
376 22 20993 7357
377 22 20163 7904
378 22 18073 24713
379 22 19491 14501
380 22 22069 13006
381 22 18458 8262
382 22 17570 23459
383 22 17546 24188
384 22 18105 22546
385 22 18009 24849
386 22 20722 12884
387 22 17314 14984
388 22 20348 8396
389 22 18271 8006
390 22 17152 13982
391 22 19636 13787
392 22 20841 7239
393 22 17941 14841
394 22 19646 21989
395 22 20694 13581
396 22 20693 13058
397 22 21767 7798
398 22 23164 12797
399 22 20346 6827
400 22 19089 21703
401 22 18060 13029
402 22 17497 19932
403 22 19854 20432
404 22 20468 7479
405 22 13909 15758
406 22 19217 7621
407 22 19862 14465
408 22 18947 7832
409 22 20162 14141
410 22 21832 12858
411 22 18201 7948
412 22 19707 12743
413 22 22084 3920
414 22 15651 25289
415 22 19752 17230
416 22 20989 6639
417 22 19871 6929
418 22 18929 18078
419 22 20324 12751
420 22 20566 13310
421 22 19752 12755
422 22 18438 23259
423 22 20448 14912
424 22 17775 20063
425 22 18979 11787
426 22 19801 8310
427 22 20120 15798
428 22 18718 14871
429 22 20388 21622
430 22 17753 16480
431 22 18247 9398
432 22 17529 16295
433 22 17676 17016
434 22 20071 25911
435 22 16781 28457
436 22 20563 15891
437 22 19648 10522
438 22 19714 15977
439 22 19753 28646
440 22 21591 16188
441 22 21629 4970
442 22 19778 9708
443 22 20396 27370
444 22 17024 29806
445 22 20832 16459
446 22 20286 9694
447 22 18658 23528
448 22 19770 16090
449 22 18638 17850
450 22 19879 9610
451 22 21177 16184
452 22 20779 13762
453 22 20481 15844
454 22 19560 9576
455 22 21489 8904
456 22 20311 16724
457 22 19522 9826
458 22 17421 18524
459 22 16809 18467
460 22 16317 9675
461 22 17736 28552
462 22 18725 10481
463 22 21963 15028
464 22 20697 15817
465 22 18889 5021
466 22 15359 30265
467 22 20376 9493
468 22 20741 16062
469 22 18107 16374
470 22 16490 18515
471 22 21090 22709
472 22 21380 11612
473 22 18695 23650
474 22 20498 16529
475 22 21260 16831
476 22 17518 25945
477 22 23174 8435
478 22 19459 9494
479 22 19680 10802
480 22 19438 18668
481 22 21615 9705
482 22 21442 10777
483 22 21681 10130
484 22 21211 18304
485 22 20750 9599
486 22 19853 18222
487 22 20818 9467
488 22 20658 15924
489 22 19787 25261
490 22 19777 9790
491 22 18692 30869
492 22 22373 8690
493 22 22227 4880
494 22 18076 9502
495 22 18754 16315
496 22 17237 22161
497 22 20888 16338
498 22 18900 9550
499 22 21402 16141
500 22 19400 18914
